18-09-2025 08:54 Waiting for J0837+0610 observation...
18-09-2025 08:54 Observation started...
18-09-2025 08:54 Pulsar: J0837+0610 , parfile: /home/dsp/parfiles/J0837+0610.par , DM: 13.0209436694702
18-09-2025 08:54 Trigger sent to obs. PC [VELA].
18-09-2025 09:29 Acquired 80.
18-09-2025 09:29 ACQ over.
18-09-2025 09:29 Removing Trigger file from remote machine 
18-09-2025 09:29 Observation stoped.
-rw------- 1 dsp dsp 2.0G Sep 18 08:50 /data/TRANSIENT_BUFFER/PDR_GULP_data001.pcap_18_09_2025_08_50_1758165649.PCAP_PDR
-rw------- 1 dsp dsp 2.0G Sep 18 08:51 /data/TRANSIENT_BUFFER/PDR_GULP_data002.pcap_18_09_2025_08_51_1758165679.PCAP_PDR
-rw------- 1 dsp dsp 2.0G Sep 18 08:51 /data/TRANSIENT_BUFFER/PDR_GULP_data000.pcap_18_09_2025_08_51_1758165708.PCAP_PDR
-rw------- 1 dsp dsp 2.0G Sep 18 08:52 /data/TRANSIENT_BUFFER/PDR_GULP_data001.pcap_18_09_2025_08_52_1758165737.PCAP_PDR
-rw------- 1 dsp dsp 2.0G Sep 18 08:52 /data/TRANSIENT_BUFFER/PDR_GULP_data002.pcap_18_09_2025_08_52_1758165766.PCAP_PDR
-rw------- 1 dsp dsp 2.0G Sep 18 08:53 /data/TRANSIENT_BUFFER/PDR_GULP_data000.pcap_18_09_2025_08_53_1758165795.PCAP_PDR
-rw------- 1 dsp dsp 2.0G Sep 18 08:53 /data/TRANSIENT_BUFFER/PDR_GULP_data001.pcap_18_09_2025_08_53_1758165825.PCAP_PDR
-rw------- 1 dsp dsp 2.0G Sep 18 08:54 /data/TRANSIENT_BUFFER/PDR_GULP_data002.pcap_18_09_2025_08_54_1758165854.PCAP_PDR
-rw------- 1 dsp dsp 2.0G Sep 18 08:54 /data/TRANSIENT_BUFFER/PDR_GULP_data000.pcap_18_09_2025_08_54_1758165883.PCAP_PDR
-rw------- 1 dsp dsp 2.0G Sep 18 08:55 /data/TRANSIENT_BUFFER/PDR_GULP_data001.pcap_18_09_2025_08_55_1758165912.PCAP_PDR
-rw------- 1 dsp dsp 2.0G Sep 18 08:55 /data/TRANSIENT_BUFFER/PDR_GULP_data002.pcap_18_09_2025_08_55_1758165941.PCAP_PDR
-rw------- 1 dsp dsp 2.0G Sep 18 08:56 /data/TRANSIENT_BUFFER/PDR_GULP_data000.pcap_18_09_2025_08_56_1758165971.PCAP_PDR
-rw------- 1 dsp dsp 2.0G Sep 18 08:56 /data/TRANSIENT_BUFFER/PDR_GULP_data001.pcap_18_09_2025_08_56_1758166000.PCAP_PDR
-rw------- 1 dsp dsp 2.0G Sep 18 08:57 /data/TRANSIENT_BUFFER/PDR_GULP_data002.pcap_18_09_2025_08_57_1758166029.PCAP_PDR
-rw------- 1 dsp dsp 2.0G Sep 18 08:57 /data/TRANSIENT_BUFFER/PDR_GULP_data000.pcap_18_09_2025_08_57_1758166058.PCAP_PDR
-rw------- 1 dsp dsp 2.0G Sep 18 08:58 /data/TRANSIENT_BUFFER/PDR_GULP_data001.pcap_18_09_2025_08_58_1758166087.PCAP_PDR
-rw------- 1 dsp dsp 2.0G Sep 18 08:58 /data/TRANSIENT_BUFFER/PDR_GULP_data002.pcap_18_09_2025_08_58_1758166117.PCAP_PDR
-rw------- 1 dsp dsp 2.0G Sep 18 08:59 /data/TRANSIENT_BUFFER/PDR_GULP_data000.pcap_18_09_2025_08_59_1758166146.PCAP_PDR
-rw------- 1 dsp dsp 2.0G Sep 18 08:59 /data/TRANSIENT_BUFFER/PDR_GULP_data001.pcap_18_09_2025_08_59_1758166175.PCAP_PDR
-rw------- 1 dsp dsp 2.0G Sep 18 09:00 /data/TRANSIENT_BUFFER/PDR_GULP_data002.pcap_18_09_2025_09_00_1758166204.PCAP_PDR
-rw------- 1 dsp dsp 2.0G Sep 18 09:00 /data/TRANSIENT_BUFFER/PDR_GULP_data000.pcap_18_09_2025_09_00_1758166234.PCAP_PDR
-rw------- 1 dsp dsp 2.0G Sep 18 09:01 /data/TRANSIENT_BUFFER/PDR_GULP_data001.pcap_18_09_2025_09_01_1758166263.PCAP_PDR
-rw------- 1 dsp dsp 2.0G Sep 18 09:01 /data/TRANSIENT_BUFFER/PDR_GULP_data002.pcap_18_09_2025_09_01_1758166292.PCAP_PDR
-rw------- 1 dsp dsp 2.0G Sep 18 09:01 /data/TRANSIENT_BUFFER/PDR_GULP_data000.pcap_18_09_2025_09_02_1758166321.PCAP_PDR
-rw------- 1 dsp dsp 2.0G Sep 18 09:02 /data/TRANSIENT_BUFFER/PDR_GULP_data001.pcap_18_09_2025_09_02_1758166350.PCAP_PDR
-rw------- 1 dsp dsp 2.0G Sep 18 09:02 /data/TRANSIENT_BUFFER/PDR_GULP_data002.pcap_18_09_2025_09_03_1758166380.PCAP_PDR
-rw------- 1 dsp dsp 2.0G Sep 18 09:03 /data/TRANSIENT_BUFFER/PDR_GULP_data000.pcap_18_09_2025_09_03_1758166409.PCAP_PDR
-rw------- 1 dsp dsp 2.0G Sep 18 09:03 /data/TRANSIENT_BUFFER/PDR_GULP_data001.pcap_18_09_2025_09_03_1758166438.PCAP_PDR
-rw------- 1 dsp dsp 2.0G Sep 18 09:04 /data/TRANSIENT_BUFFER/PDR_GULP_data002.pcap_18_09_2025_09_04_1758166467.PCAP_PDR
-rw------- 1 dsp dsp 2.0G Sep 18 09:04 /data/TRANSIENT_BUFFER/PDR_GULP_data000.pcap_18_09_2025_09_04_1758166496.PCAP_PDR
-rw------- 1 dsp dsp 2.0G Sep 18 09:05 /data/TRANSIENT_BUFFER/PDR_GULP_data001.pcap_18_09_2025_09_05_1758166526.PCAP_PDR
-rw------- 1 dsp dsp 2.0G Sep 18 09:05 /data/TRANSIENT_BUFFER/PDR_GULP_data002.pcap_18_09_2025_09_05_1758166555.PCAP_PDR
-rw------- 1 dsp dsp 2.0G Sep 18 09:06 /data/TRANSIENT_BUFFER/PDR_GULP_data000.pcap_18_09_2025_09_06_1758166584.PCAP_PDR
-rw------- 1 dsp dsp 2.0G Sep 18 09:06 /data/TRANSIENT_BUFFER/PDR_GULP_data001.pcap_18_09_2025_09_06_1758166613.PCAP_PDR
-rw------- 1 dsp dsp 2.0G Sep 18 09:07 /data/TRANSIENT_BUFFER/PDR_GULP_data002.pcap_18_09_2025_09_07_1758166642.PCAP_PDR
-rw------- 1 dsp dsp 2.0G Sep 18 09:07 /data/TRANSIENT_BUFFER/PDR_GULP_data000.pcap_18_09_2025_09_07_1758166672.PCAP_PDR
-rw------- 1 dsp dsp 2.0G Sep 18 09:08 /data/TRANSIENT_BUFFER/PDR_GULP_data001.pcap_18_09_2025_09_08_1758166701.PCAP_PDR
-rw------- 1 dsp dsp 2.0G Sep 18 09:08 /data/TRANSIENT_BUFFER/PDR_GULP_data002.pcap_18_09_2025_09_08_1758166730.PCAP_PDR
-rw------- 1 dsp dsp 2.0G Sep 18 09:09 /data/TRANSIENT_BUFFER/PDR_GULP_data000.pcap_18_09_2025_09_09_1758166759.PCAP_PDR
-rw------- 1 dsp dsp 2.0G Sep 18 09:09 /data/TRANSIENT_BUFFER/PDR_GULP_data001.pcap_18_09_2025_09_09_1758166788.PCAP_PDR
-rw------- 1 dsp dsp 2.0G Sep 18 09:10 /data/TRANSIENT_BUFFER/PDR_GULP_data002.pcap_18_09_2025_09_10_1758166818.PCAP_PDR
-rw------- 1 dsp dsp 2.0G Sep 18 09:10 /data/TRANSIENT_BUFFER/PDR_GULP_data000.pcap_18_09_2025_09_10_1758166847.PCAP_PDR
-rw------- 1 dsp dsp 2.0G Sep 18 09:11 /data/TRANSIENT_BUFFER/PDR_GULP_data001.pcap_18_09_2025_09_11_1758166876.PCAP_PDR
-rw------- 1 dsp dsp 2.0G Sep 18 09:11 /data/TRANSIENT_BUFFER/PDR_GULP_data002.pcap_18_09_2025_09_11_1758166905.PCAP_PDR
-rw------- 1 dsp dsp 2.0G Sep 18 09:12 /data/TRANSIENT_BUFFER/PDR_GULP_data000.pcap_18_09_2025_09_12_1758166934.PCAP_PDR
-rw------- 1 dsp dsp 2.0G Sep 18 09:12 /data/TRANSIENT_BUFFER/PDR_GULP_data001.pcap_18_09_2025_09_12_1758166964.PCAP_PDR
-rw------- 1 dsp dsp 2.0G Sep 18 09:13 /data/TRANSIENT_BUFFER/PDR_GULP_data002.pcap_18_09_2025_09_13_1758166993.PCAP_PDR
-rw------- 1 dsp dsp 2.0G Sep 18 09:13 /data/TRANSIENT_BUFFER/PDR_GULP_data000.pcap_18_09_2025_09_13_1758167022.PCAP_PDR
-rw------- 1 dsp dsp 2.0G Sep 18 09:14 /data/TRANSIENT_BUFFER/PDR_GULP_data001.pcap_18_09_2025_09_14_1758167051.PCAP_PDR
-rw------- 1 dsp dsp 2.0G Sep 18 09:14 /data/TRANSIENT_BUFFER/PDR_GULP_data002.pcap_18_09_2025_09_14_1758167081.PCAP_PDR
-rw------- 1 dsp dsp 2.0G Sep 18 09:15 /data/TRANSIENT_BUFFER/PDR_GULP_data000.pcap_18_09_2025_09_15_1758167110.PCAP_PDR
-rw------- 1 dsp dsp 2.0G Sep 18 09:15 /data/TRANSIENT_BUFFER/PDR_GULP_data001.pcap_18_09_2025_09_15_1758167139.PCAP_PDR
-rw------- 1 dsp dsp 2.0G Sep 18 09:16 /data/TRANSIENT_BUFFER/PDR_GULP_data002.pcap_18_09_2025_09_16_1758167168.PCAP_PDR
-rw------- 1 dsp dsp 2.0G Sep 18 09:16 /data/TRANSIENT_BUFFER/PDR_GULP_data000.pcap_18_09_2025_09_16_1758167197.PCAP_PDR
-rw------- 1 dsp dsp 2.0G Sep 18 09:17 /data/TRANSIENT_BUFFER/PDR_GULP_data001.pcap_18_09_2025_09_17_1758167227.PCAP_PDR
-rw------- 1 dsp dsp 2.0G Sep 18 09:17 /data/TRANSIENT_BUFFER/PDR_GULP_data002.pcap_18_09_2025_09_17_1758167256.PCAP_PDR
-rw------- 1 dsp dsp 2.0G Sep 18 09:18 /data/TRANSIENT_BUFFER/PDR_GULP_data000.pcap_18_09_2025_09_18_1758167285.PCAP_PDR
-rw------- 1 dsp dsp 2.0G Sep 18 09:18 /data/TRANSIENT_BUFFER/PDR_GULP_data001.pcap_18_09_2025_09_18_1758167314.PCAP_PDR
-rw------- 1 dsp dsp 2.0G Sep 18 09:19 /data/TRANSIENT_BUFFER/PDR_GULP_data002.pcap_18_09_2025_09_19_1758167343.PCAP_PDR
-rw------- 1 dsp dsp 2.0G Sep 18 09:19 /data/TRANSIENT_BUFFER/PDR_GULP_data000.pcap_18_09_2025_09_19_1758167373.PCAP_PDR
-rw------- 1 dsp dsp 2.0G Sep 18 09:19 /data/TRANSIENT_BUFFER/PDR_GULP_data001.pcap_18_09_2025_09_20_1758167402.PCAP_PDR
-rw------- 1 dsp dsp 2.0G Sep 18 09:20 /data/TRANSIENT_BUFFER/PDR_GULP_data002.pcap_18_09_2025_09_20_1758167431.PCAP_PDR
-rw------- 1 dsp dsp 2.0G Sep 18 09:20 /data/TRANSIENT_BUFFER/PDR_GULP_data000.pcap_18_09_2025_09_21_1758167460.PCAP_PDR
-rw------- 1 dsp dsp 2.0G Sep 18 09:21 /data/TRANSIENT_BUFFER/PDR_GULP_data001.pcap_18_09_2025_09_21_1758167489.PCAP_PDR
-rw------- 1 dsp dsp 2.0G Sep 18 09:21 /data/TRANSIENT_BUFFER/PDR_GULP_data002.pcap_18_09_2025_09_21_1758167519.PCAP_PDR
-rw------- 1 dsp dsp 2.0G Sep 18 09:22 /data/TRANSIENT_BUFFER/PDR_GULP_data000.pcap_18_09_2025_09_22_1758167548.PCAP_PDR
-rw------- 1 dsp dsp 2.0G Sep 18 09:22 /data/TRANSIENT_BUFFER/PDR_GULP_data001.pcap_18_09_2025_09_22_1758167577.PCAP_PDR
-rw------- 1 dsp dsp 2.0G Sep 18 09:23 /data/TRANSIENT_BUFFER/PDR_GULP_data002.pcap_18_09_2025_09_23_1758167606.PCAP_PDR
-rw------- 1 dsp dsp 2.0G Sep 18 09:23 /data/TRANSIENT_BUFFER/PDR_GULP_data000.pcap_18_09_2025_09_23_1758167635.PCAP_PDR
-rw------- 1 dsp dsp 2.0G Sep 18 09:24 /data/TRANSIENT_BUFFER/PDR_GULP_data001.pcap_18_09_2025_09_24_1758167665.PCAP_PDR
-rw------- 1 dsp dsp 2.0G Sep 18 09:24 /data/TRANSIENT_BUFFER/PDR_GULP_data002.pcap_18_09_2025_09_24_1758167694.PCAP_PDR
-rw------- 1 dsp dsp 2.0G Sep 18 09:25 /data/TRANSIENT_BUFFER/PDR_GULP_data000.pcap_18_09_2025_09_25_1758167723.PCAP_PDR
-rw------- 1 dsp dsp 2.0G Sep 18 09:25 /data/TRANSIENT_BUFFER/PDR_GULP_data001.pcap_18_09_2025_09_25_1758167752.PCAP_PDR
-rw------- 1 dsp dsp 2.0G Sep 18 09:26 /data/TRANSIENT_BUFFER/PDR_GULP_data002.pcap_18_09_2025_09_26_1758167782.PCAP_PDR
-rw------- 1 dsp dsp 2.0G Sep 18 09:26 /data/TRANSIENT_BUFFER/PDR_GULP_data000.pcap_18_09_2025_09_26_1758167811.PCAP_PDR
-rw------- 1 dsp dsp 2.0G Sep 18 09:27 /data/TRANSIENT_BUFFER/PDR_GULP_data001.pcap_18_09_2025_09_27_1758167840.PCAP_PDR
-rw------- 1 dsp dsp 2.0G Sep 18 09:27 /data/TRANSIENT_BUFFER/PDR_GULP_data002.pcap_18_09_2025_09_27_1758167869.PCAP_PDR
-rw------- 1 dsp dsp 2.0G Sep 18 09:28 /data/TRANSIENT_BUFFER/PDR_GULP_data000.pcap_18_09_2025_09_28_1758167898.PCAP_PDR
-rw------- 1 dsp dsp 2.0G Sep 18 09:28 /data/TRANSIENT_BUFFER/PDR_GULP_data001.pcap_18_09_2025_09_28_1758167928.PCAP_PDR
-rw------- 1 dsp dsp 2.0G Sep 18 09:29 /data/TRANSIENT_BUFFER/PDR_GULP_data002.pcap_18_09_2025_09_29_1758167957.PCAP_PDR
18-09-2025 09:29 RAW PCAP data moved from Transient Buffer.
18-09-2025 09:29 SLIP check Started ...
18-09-2025 09:29 - WARNING - Data Directory: /data/dsp/GBD_TRANSIENT_BUFFER/J0837+0610/18_09_2025
18-09-2025 09:29 - WARNING - Number of Files: 80
18-09-2025 09:29 - WARNING - No packet loss: /data/dsp/GBD_TRANSIENT_BUFFER/J0837+0610/18_09_2025/PDR_GULP_data001.pcap_18_09_2025_08_50_1758165649.PCAP_PDR
18-09-2025 09:29 - WARNING - first_pkt_count, first_gps_count, first_pkt_Tstamp
18-09-2025 09:29 - WARNING - 4050943844 47944 2025-09-18T03:20:17.634299
18-09-2025 09:29 - WARNING - last_pkt_count, last_gps_count, last_pkt_Tstamp
18-09-2025 09:29 - WARNING - 4052826385 47980 2025-09-18T03:20:46.842175
18-09-2025 09:29 - WARNING - diff_pkt_count  , diff_gps_count ,  diff_pkt_timstamp
18-09-2025 09:29 - WARNING - 1882541 36 29207876 microseconds
18-09-2025 09:29 - WARNING - No packet loss: /data/dsp/GBD_TRANSIENT_BUFFER/J0837+0610/18_09_2025/PDR_GULP_data002.pcap_18_09_2025_08_51_1758165679.PCAP_PDR
18-09-2025 09:29 - WARNING - first_pkt_count, first_gps_count, first_pkt_Tstamp
18-09-2025 09:29 - WARNING - 4052826386 47980 2025-09-18T03:20:46.842175
18-09-2025 09:29 - WARNING - last_pkt_count, last_gps_count, last_pkt_Tstamp
18-09-2025 09:29 - WARNING - 4054708927 48013 2025-09-18T03:21:16.050184
18-09-2025 09:29 - WARNING - diff_pkt_count  , diff_gps_count ,  diff_pkt_timstamp
18-09-2025 09:29 - WARNING - 1882541 33 29208009 microseconds
18-09-2025 09:29 - WARNING - No packet loss: /data/dsp/GBD_TRANSIENT_BUFFER/J0837+0610/18_09_2025/PDR_GULP_data000.pcap_18_09_2025_08_51_1758165708.PCAP_PDR
18-09-2025 09:29 - WARNING - first_pkt_count, first_gps_count, first_pkt_Tstamp
18-09-2025 09:29 - WARNING - 4054708928 48013 2025-09-18T03:21:16.050184
18-09-2025 09:29 - WARNING - last_pkt_count, last_gps_count, last_pkt_Tstamp
18-09-2025 09:29 - WARNING - 4056591469 48051 2025-09-18T03:21:45.258095
18-09-2025 09:29 - WARNING - diff_pkt_count  , diff_gps_count ,  diff_pkt_timstamp
18-09-2025 09:29 - WARNING - 1882541 38 29207911 microseconds
18-09-2025 09:29 - WARNING - No packet loss: /data/dsp/GBD_TRANSIENT_BUFFER/J0837+0610/18_09_2025/PDR_GULP_data001.pcap_18_09_2025_08_52_1758165737.PCAP_PDR
18-09-2025 09:29 - WARNING - first_pkt_count, first_gps_count, first_pkt_Tstamp
18-09-2025 09:29 - WARNING - 4056591470 48051 2025-09-18T03:21:45.258096
18-09-2025 09:29 - WARNING - last_pkt_count, last_gps_count, last_pkt_Tstamp
18-09-2025 09:29 - WARNING - 4058474011 48080 2025-09-18T03:22:14.465964
18-09-2025 09:29 - WARNING - diff_pkt_count  , diff_gps_count ,  diff_pkt_timstamp
18-09-2025 09:29 - WARNING - 1882541 29 29207868 microseconds
18-09-2025 09:29 - WARNING - No packet loss: /data/dsp/GBD_TRANSIENT_BUFFER/J0837+0610/18_09_2025/PDR_GULP_data002.pcap_18_09_2025_08_52_1758165766.PCAP_PDR
18-09-2025 09:29 - WARNING - first_pkt_count, first_gps_count, first_pkt_Tstamp
18-09-2025 09:29 - WARNING - 4058474012 48080 2025-09-18T03:22:14.465964
18-09-2025 09:29 - WARNING - last_pkt_count, last_gps_count, last_pkt_Tstamp
18-09-2025 09:29 - WARNING - 4060356554 48110 2025-09-18T03:22:43.673927
18-09-2025 09:29 - WARNING - diff_pkt_count  , diff_gps_count ,  diff_pkt_timstamp
18-09-2025 09:29 - WARNING - 1882542 30 29207963 microseconds
18-09-2025 09:29 - WARNING - No packet loss: /data/dsp/GBD_TRANSIENT_BUFFER/J0837+0610/18_09_2025/PDR_GULP_data000.pcap_18_09_2025_08_53_1758165795.PCAP_PDR
18-09-2025 09:29 - WARNING - first_pkt_count, first_gps_count, first_pkt_Tstamp
18-09-2025 09:29 - WARNING - 4060356555 48110 2025-09-18T03:22:43.673928
18-09-2025 09:29 - WARNING - last_pkt_count, last_gps_count, last_pkt_Tstamp
18-09-2025 09:29 - WARNING - 4062239096 48145 2025-09-18T03:23:12.881851
18-09-2025 09:29 - WARNING - diff_pkt_count  , diff_gps_count ,  diff_pkt_timstamp
18-09-2025 09:29 - WARNING - 1882541 35 29207923 microseconds
18-09-2025 09:29 - WARNING - No packet loss: /data/dsp/GBD_TRANSIENT_BUFFER/J0837+0610/18_09_2025/PDR_GULP_data001.pcap_18_09_2025_08_53_1758165825.PCAP_PDR
18-09-2025 09:29 - WARNING - first_pkt_count, first_gps_count, first_pkt_Tstamp
18-09-2025 09:29 - WARNING - 4062239097 48145 2025-09-18T03:23:12.881852
18-09-2025 09:29 - WARNING - last_pkt_count, last_gps_count, last_pkt_Tstamp
18-09-2025 09:29 - WARNING - 4064121638 48175 2025-09-18T03:23:42.089761
18-09-2025 09:29 - WARNING - diff_pkt_count  , diff_gps_count ,  diff_pkt_timstamp
18-09-2025 09:29 - WARNING - 1882541 30 29207909 microseconds
18-09-2025 09:29 - WARNING - No packet loss: /data/dsp/GBD_TRANSIENT_BUFFER/J0837+0610/18_09_2025/PDR_GULP_data002.pcap_18_09_2025_08_54_1758165854.PCAP_PDR
18-09-2025 09:29 - WARNING - first_pkt_count, first_gps_count, first_pkt_Tstamp
18-09-2025 09:29 - WARNING - 4064121639 48175 2025-09-18T03:23:42.089842
18-09-2025 09:29 - WARNING - last_pkt_count, last_gps_count, last_pkt_Tstamp
18-09-2025 09:29 - WARNING - 4066004180 48209 2025-09-18T03:24:11.297736
18-09-2025 09:29 - WARNING - diff_pkt_count  , diff_gps_count ,  diff_pkt_timstamp
18-09-2025 09:29 - WARNING - 1882541 34 29207894 microseconds
18-09-2025 09:29 - WARNING - No packet loss: /data/dsp/GBD_TRANSIENT_BUFFER/J0837+0610/18_09_2025/PDR_GULP_data000.pcap_18_09_2025_08_54_1758165883.PCAP_PDR
18-09-2025 09:29 - WARNING - first_pkt_count, first_gps_count, first_pkt_Tstamp
18-09-2025 09:29 - WARNING - 4066004181 48209 2025-09-18T03:24:11.297737
18-09-2025 09:29 - WARNING - last_pkt_count, last_gps_count, last_pkt_Tstamp
18-09-2025 09:29 - WARNING - 4067886722 48239 2025-09-18T03:24:40.505638
18-09-2025 09:29 - WARNING - diff_pkt_count  , diff_gps_count ,  diff_pkt_timstamp
18-09-2025 09:29 - WARNING - 1882541 30 29207901 microseconds
18-09-2025 09:29 - WARNING - No packet loss: /data/dsp/GBD_TRANSIENT_BUFFER/J0837+0610/18_09_2025/PDR_GULP_data001.pcap_18_09_2025_08_55_1758165912.PCAP_PDR
18-09-2025 09:29 - WARNING - first_pkt_count, first_gps_count, first_pkt_Tstamp
18-09-2025 09:29 - WARNING - 4067886723 48239 2025-09-18T03:24:40.505638
18-09-2025 09:29 - WARNING - last_pkt_count, last_gps_count, last_pkt_Tstamp
18-09-2025 09:29 - WARNING - 4069769264 48271 2025-09-18T03:25:09.713534
18-09-2025 09:29 - WARNING - diff_pkt_count  , diff_gps_count ,  diff_pkt_timstamp
18-09-2025 09:29 - WARNING - 1882541 32 29207896 microseconds
18-09-2025 09:29 - WARNING - No packet loss: /data/dsp/GBD_TRANSIENT_BUFFER/J0837+0610/18_09_2025/PDR_GULP_data002.pcap_18_09_2025_08_55_1758165941.PCAP_PDR
18-09-2025 09:29 - WARNING - first_pkt_count, first_gps_count, first_pkt_Tstamp
18-09-2025 09:29 - WARNING - 4069769265 48271 2025-09-18T03:25:09.713535
18-09-2025 09:29 - WARNING - last_pkt_count, last_gps_count, last_pkt_Tstamp
18-09-2025 09:29 - WARNING - 4071651807 48303 2025-09-18T03:25:38.921477
18-09-2025 09:29 - WARNING - diff_pkt_count  , diff_gps_count ,  diff_pkt_timstamp
18-09-2025 09:29 - WARNING - 1882542 32 29207942 microseconds
18-09-2025 09:29 - WARNING - No packet loss: /data/dsp/GBD_TRANSIENT_BUFFER/J0837+0610/18_09_2025/PDR_GULP_data000.pcap_18_09_2025_08_56_1758165971.PCAP_PDR
18-09-2025 09:29 - WARNING - first_pkt_count, first_gps_count, first_pkt_Tstamp
18-09-2025 09:29 - WARNING - 4071651808 48303 2025-09-18T03:25:38.921477
18-09-2025 09:29 - WARNING - last_pkt_count, last_gps_count, last_pkt_Tstamp
18-09-2025 09:29 - WARNING - 4073534349 48338 2025-09-18T03:26:08.129407
18-09-2025 09:29 - WARNING - diff_pkt_count  , diff_gps_count ,  diff_pkt_timstamp
18-09-2025 09:29 - WARNING - 1882541 35 29207930 microseconds
18-09-2025 09:29 - WARNING - No packet loss: /data/dsp/GBD_TRANSIENT_BUFFER/J0837+0610/18_09_2025/PDR_GULP_data001.pcap_18_09_2025_08_56_1758166000.PCAP_PDR
18-09-2025 09:29 - WARNING - first_pkt_count, first_gps_count, first_pkt_Tstamp
18-09-2025 09:29 - WARNING - 4073534350 48338 2025-09-18T03:26:08.129408
18-09-2025 09:29 - WARNING - last_pkt_count, last_gps_count, last_pkt_Tstamp
18-09-2025 09:29 - WARNING - 4075416891 48369 2025-09-18T03:26:37.337324
18-09-2025 09:29 - WARNING - diff_pkt_count  , diff_gps_count ,  diff_pkt_timstamp
18-09-2025 09:29 - WARNING - 1882541 31 29207916 microseconds
18-09-2025 09:29 - WARNING - No packet loss: /data/dsp/GBD_TRANSIENT_BUFFER/J0837+0610/18_09_2025/PDR_GULP_data002.pcap_18_09_2025_08_57_1758166029.PCAP_PDR
18-09-2025 09:29 - WARNING - first_pkt_count, first_gps_count, first_pkt_Tstamp
18-09-2025 09:29 - WARNING - 4075416892 48369 2025-09-18T03:26:37.337325
18-09-2025 09:29 - WARNING - last_pkt_count, last_gps_count, last_pkt_Tstamp
18-09-2025 09:29 - WARNING - 4077299433 48400 2025-09-18T03:27:06.545189
18-09-2025 09:29 - WARNING - diff_pkt_count  , diff_gps_count ,  diff_pkt_timstamp
18-09-2025 09:29 - WARNING - 1882541 31 29207864 microseconds
18-09-2025 09:29 - WARNING - No packet loss: /data/dsp/GBD_TRANSIENT_BUFFER/J0837+0610/18_09_2025/PDR_GULP_data000.pcap_18_09_2025_08_57_1758166058.PCAP_PDR
18-09-2025 09:29 - WARNING - first_pkt_count, first_gps_count, first_pkt_Tstamp
18-09-2025 09:29 - WARNING - 4077299434 48400 2025-09-18T03:27:06.545242
18-09-2025 09:29 - WARNING - last_pkt_count, last_gps_count, last_pkt_Tstamp
18-09-2025 09:29 - WARNING - 4079181975 48431 2025-09-18T03:27:35.753130
18-09-2025 09:29 - WARNING - diff_pkt_count  , diff_gps_count ,  diff_pkt_timstamp
18-09-2025 09:29 - WARNING - 1882541 31 29207888 microseconds
18-09-2025 09:29 - WARNING - No packet loss: /data/dsp/GBD_TRANSIENT_BUFFER/J0837+0610/18_09_2025/PDR_GULP_data001.pcap_18_09_2025_08_58_1758166087.PCAP_PDR
18-09-2025 09:29 - WARNING - first_pkt_count, first_gps_count, first_pkt_Tstamp
18-09-2025 09:29 - WARNING - 4079181976 48431 2025-09-18T03:27:35.753130
18-09-2025 09:29 - WARNING - last_pkt_count, last_gps_count, last_pkt_Tstamp
18-09-2025 09:29 - WARNING - 4081064517 48464 2025-09-18T03:28:04.961028
18-09-2025 09:29 - WARNING - diff_pkt_count  , diff_gps_count ,  diff_pkt_timstamp
18-09-2025 09:29 - WARNING - 1882541 33 29207898 microseconds
18-09-2025 09:29 - WARNING - No packet loss: /data/dsp/GBD_TRANSIENT_BUFFER/J0837+0610/18_09_2025/PDR_GULP_data002.pcap_18_09_2025_08_58_1758166117.PCAP_PDR
18-09-2025 09:29 - WARNING - first_pkt_count, first_gps_count, first_pkt_Tstamp
18-09-2025 09:29 - WARNING - 4081064518 48464 2025-09-18T03:28:04.961028
18-09-2025 09:29 - WARNING - last_pkt_count, last_gps_count, last_pkt_Tstamp
18-09-2025 09:29 - WARNING - 4082947060 48497 2025-09-18T03:28:34.168949
18-09-2025 09:29 - WARNING - diff_pkt_count  , diff_gps_count ,  diff_pkt_timstamp
18-09-2025 09:29 - WARNING - 1882542 33 29207921 microseconds
18-09-2025 09:29 - WARNING - Packet loss: /data/dsp/GBD_TRANSIENT_BUFFER/J0837+0610/18_09_2025/PDR_GULP_data000.pcap_18_09_2025_08_59_1758166146.PCAP_PDR
18-09-2025 09:29 - WARNING - Packet loss found .... Being fixed ... Please wait ...
18-09-2025 09:29 - WARNING - PCAP filtering ... tcpdump -r /data/dsp/GBD_TRANSIENT_BUFFER/J0837+0610/18_09_2025/PDR_GULP_data000.pcap_18_09_2025_08_59_1758166146.PCAP_PDR.pcap -w PDR_GULP_data000.pcap_18_09_2025_08_59_1758166146_filtered.PCAP_PDR.pcap  host 172.10.10.1 and port 55000 
18-09-2025 09:29 - WARNING - Patched /data/dsp/GBD_TRANSIENT_BUFFER/J0837+0610/18_09_2025/PDR_GULP_data000.pcap_18_09_2025_08_59_1758166146.PCAP_PDR as PDR_GULP_data000.pcap_18_09_2025_08_59_1758166146_filtered.PCAP_PDR
18-09-2025 09:29 - WARNING - Gulped file moved to /data/dsp/GBD_TRANSIENT_BUFFER/J0837+0610/18_09_2025/GULPED
18-09-2025 09:29 - WARNING - first_pkt_count, first_gps_count, first_pkt_Tstamp
18-09-2025 09:29 - WARNING - 4082947061 48497 2025-09-18T03:28:34.168949
18-09-2025 09:29 - WARNING - last_pkt_count, last_gps_count, last_pkt_Tstamp
18-09-2025 09:29 - WARNING - 4084829602 48527 2025-09-18T03:29:03.376868
18-09-2025 09:29 - WARNING - diff_pkt_count  , diff_gps_count ,  diff_pkt_timstamp
18-09-2025 09:29 - WARNING - 1882541 30 29207919 microseconds
18-09-2025 09:29 - WARNING - No packet loss: /data/dsp/GBD_TRANSIENT_BUFFER/J0837+0610/18_09_2025/PDR_GULP_data001.pcap_18_09_2025_08_59_1758166175.PCAP_PDR
18-09-2025 09:29 - WARNING - first_pkt_count, first_gps_count, first_pkt_Tstamp
18-09-2025 09:29 - WARNING - 4084829603 48527 2025-09-18T03:29:03.376868
18-09-2025 09:29 - WARNING - last_pkt_count, last_gps_count, last_pkt_Tstamp
18-09-2025 09:29 - WARNING - 4086712144 48559 2025-09-18T03:29:32.584763
18-09-2025 09:29 - WARNING - diff_pkt_count  , diff_gps_count ,  diff_pkt_timstamp
18-09-2025 09:29 - WARNING - 1882541 32 29207895 microseconds
18-09-2025 09:29 - WARNING - No packet loss: /data/dsp/GBD_TRANSIENT_BUFFER/J0837+0610/18_09_2025/PDR_GULP_data002.pcap_18_09_2025_09_00_1758166204.PCAP_PDR
18-09-2025 09:29 - WARNING - first_pkt_count, first_gps_count, first_pkt_Tstamp
18-09-2025 09:29 - WARNING - 4086712145 48559 2025-09-18T03:29:32.584763
18-09-2025 09:29 - WARNING - last_pkt_count, last_gps_count, last_pkt_Tstamp
18-09-2025 09:29 - WARNING - 4088594686 48591 2025-09-18T03:30:01.792659
18-09-2025 09:29 - WARNING - diff_pkt_count  , diff_gps_count ,  diff_pkt_timstamp
18-09-2025 09:29 - WARNING - 1882541 32 29207896 microseconds
18-09-2025 09:29 - WARNING - No packet loss: /data/dsp/GBD_TRANSIENT_BUFFER/J0837+0610/18_09_2025/PDR_GULP_data000.pcap_18_09_2025_09_00_1758166234.PCAP_PDR
18-09-2025 09:29 - WARNING - first_pkt_count, first_gps_count, first_pkt_Tstamp
18-09-2025 09:29 - WARNING - 4088594687 48591 2025-09-18T03:30:01.792659
18-09-2025 09:29 - WARNING - last_pkt_count, last_gps_count, last_pkt_Tstamp
18-09-2025 09:29 - WARNING - 4090477228 48624 2025-09-18T03:30:31.000555
18-09-2025 09:29 - WARNING - diff_pkt_count  , diff_gps_count ,  diff_pkt_timstamp
18-09-2025 09:29 - WARNING - 1882541 33 29207896 microseconds
18-09-2025 09:29 - WARNING - No packet loss: /data/dsp/GBD_TRANSIENT_BUFFER/J0837+0610/18_09_2025/PDR_GULP_data001.pcap_18_09_2025_09_01_1758166263.PCAP_PDR
18-09-2025 09:29 - WARNING - first_pkt_count, first_gps_count, first_pkt_Tstamp
18-09-2025 09:29 - WARNING - 4090477229 48624 2025-09-18T03:30:31.000556
18-09-2025 09:29 - WARNING - last_pkt_count, last_gps_count, last_pkt_Tstamp
18-09-2025 09:29 - WARNING - 4092359770 48655 2025-09-18T03:31:00.208449
18-09-2025 09:29 - WARNING - diff_pkt_count  , diff_gps_count ,  diff_pkt_timstamp
18-09-2025 09:29 - WARNING - 1882541 31 29207893 microseconds
18-09-2025 09:29 - WARNING - No packet loss: /data/dsp/GBD_TRANSIENT_BUFFER/J0837+0610/18_09_2025/PDR_GULP_data002.pcap_18_09_2025_09_01_1758166292.PCAP_PDR
18-09-2025 09:29 - WARNING - first_pkt_count, first_gps_count, first_pkt_Tstamp
18-09-2025 09:29 - WARNING - 4092359771 48655 2025-09-18T03:31:00.208502
18-09-2025 09:29 - WARNING - last_pkt_count, last_gps_count, last_pkt_Tstamp
18-09-2025 09:29 - WARNING - 4094242313 48690 2025-09-18T03:31:29.416387
18-09-2025 09:29 - WARNING - diff_pkt_count  , diff_gps_count ,  diff_pkt_timstamp
18-09-2025 09:29 - WARNING - 1882542 35 29207885 microseconds
18-09-2025 09:29 - WARNING - No packet loss: /data/dsp/GBD_TRANSIENT_BUFFER/J0837+0610/18_09_2025/PDR_GULP_data000.pcap_18_09_2025_09_02_1758166321.PCAP_PDR
18-09-2025 09:29 - WARNING - first_pkt_count, first_gps_count, first_pkt_Tstamp
18-09-2025 09:29 - WARNING - 4094242314 48690 2025-09-18T03:31:29.416387
18-09-2025 09:29 - WARNING - last_pkt_count, last_gps_count, last_pkt_Tstamp
18-09-2025 09:29 - WARNING - 4096124855 48720 2025-09-18T03:31:58.624283
18-09-2025 09:29 - WARNING - diff_pkt_count  , diff_gps_count ,  diff_pkt_timstamp
18-09-2025 09:29 - WARNING - 1882541 30 29207896 microseconds
18-09-2025 09:29 - WARNING - No packet loss: /data/dsp/GBD_TRANSIENT_BUFFER/J0837+0610/18_09_2025/PDR_GULP_data001.pcap_18_09_2025_09_02_1758166350.PCAP_PDR
18-09-2025 09:29 - WARNING - first_pkt_count, first_gps_count, first_pkt_Tstamp
18-09-2025 09:29 - WARNING - 4096124856 48720 2025-09-18T03:31:58.624283
18-09-2025 09:29 - WARNING - last_pkt_count, last_gps_count, last_pkt_Tstamp
18-09-2025 09:29 - WARNING - 4098007397 48752 2025-09-18T03:32:27.832160
18-09-2025 09:29 - WARNING - diff_pkt_count  , diff_gps_count ,  diff_pkt_timstamp
18-09-2025 09:29 - WARNING - 1882541 32 29207877 microseconds
18-09-2025 09:29 - WARNING - No packet loss: /data/dsp/GBD_TRANSIENT_BUFFER/J0837+0610/18_09_2025/PDR_GULP_data002.pcap_18_09_2025_09_03_1758166380.PCAP_PDR
18-09-2025 09:29 - WARNING - first_pkt_count, first_gps_count, first_pkt_Tstamp
18-09-2025 09:29 - WARNING - 4098007398 48752 2025-09-18T03:32:27.832250
18-09-2025 09:29 - WARNING - last_pkt_count, last_gps_count, last_pkt_Tstamp
18-09-2025 09:29 - WARNING - 4099889939 48785 2025-09-18T03:32:57.040078
18-09-2025 09:29 - WARNING - diff_pkt_count  , diff_gps_count ,  diff_pkt_timstamp
18-09-2025 09:29 - WARNING - 1882541 33 29207828 microseconds
18-09-2025 09:29 - WARNING - No packet loss: /data/dsp/GBD_TRANSIENT_BUFFER/J0837+0610/18_09_2025/PDR_GULP_data000.pcap_18_09_2025_09_03_1758166409.PCAP_PDR
18-09-2025 09:29 - WARNING - first_pkt_count, first_gps_count, first_pkt_Tstamp
18-09-2025 09:29 - WARNING - 4099889940 48785 2025-09-18T03:32:57.040078
18-09-2025 09:29 - WARNING - last_pkt_count, last_gps_count, last_pkt_Tstamp
18-09-2025 09:29 - WARNING - 4101772481 48817 2025-09-18T03:33:26.247971
18-09-2025 09:29 - WARNING - diff_pkt_count  , diff_gps_count ,  diff_pkt_timstamp
18-09-2025 09:29 - WARNING - 1882541 32 29207893 microseconds
18-09-2025 09:29 - WARNING - No packet loss: /data/dsp/GBD_TRANSIENT_BUFFER/J0837+0610/18_09_2025/PDR_GULP_data001.pcap_18_09_2025_09_03_1758166438.PCAP_PDR
18-09-2025 09:29 - WARNING - first_pkt_count, first_gps_count, first_pkt_Tstamp
18-09-2025 09:29 - WARNING - 4101772482 48817 2025-09-18T03:33:26.247971
18-09-2025 09:29 - WARNING - last_pkt_count, last_gps_count, last_pkt_Tstamp
18-09-2025 09:29 - WARNING - 4103655023 48850 2025-09-18T03:33:55.455916
18-09-2025 09:29 - WARNING - diff_pkt_count  , diff_gps_count ,  diff_pkt_timstamp
18-09-2025 09:29 - WARNING - 1882541 33 29207945 microseconds
18-09-2025 09:29 - WARNING - No packet loss: /data/dsp/GBD_TRANSIENT_BUFFER/J0837+0610/18_09_2025/PDR_GULP_data002.pcap_18_09_2025_09_04_1758166467.PCAP_PDR
18-09-2025 09:29 - WARNING - first_pkt_count, first_gps_count, first_pkt_Tstamp
18-09-2025 09:29 - WARNING - 4103655024 48850 2025-09-18T03:33:55.455916
18-09-2025 09:29 - WARNING - last_pkt_count, last_gps_count, last_pkt_Tstamp
18-09-2025 09:29 - WARNING - 4105537566 48885 2025-09-18T03:34:24.663833
18-09-2025 09:29 - WARNING - diff_pkt_count  , diff_gps_count ,  diff_pkt_timstamp
18-09-2025 09:29 - WARNING - 1882542 35 29207917 microseconds
18-09-2025 09:29 - WARNING - No packet loss: /data/dsp/GBD_TRANSIENT_BUFFER/J0837+0610/18_09_2025/PDR_GULP_data000.pcap_18_09_2025_09_04_1758166496.PCAP_PDR
18-09-2025 09:29 - WARNING - first_pkt_count, first_gps_count, first_pkt_Tstamp
18-09-2025 09:29 - WARNING - 4105537567 48885 2025-09-18T03:34:24.663833
18-09-2025 09:29 - WARNING - last_pkt_count, last_gps_count, last_pkt_Tstamp
18-09-2025 09:29 - WARNING - 4107420108 48918 2025-09-18T03:34:53.871708
18-09-2025 09:29 - WARNING - diff_pkt_count  , diff_gps_count ,  diff_pkt_timstamp
18-09-2025 09:29 - WARNING - 1882541 33 29207875 microseconds
18-09-2025 09:29 - WARNING - No packet loss: /data/dsp/GBD_TRANSIENT_BUFFER/J0837+0610/18_09_2025/PDR_GULP_data001.pcap_18_09_2025_09_05_1758166526.PCAP_PDR
18-09-2025 09:29 - WARNING - first_pkt_count, first_gps_count, first_pkt_Tstamp
18-09-2025 09:29 - WARNING - 4107420109 48918 2025-09-18T03:34:53.871708
18-09-2025 09:29 - WARNING - last_pkt_count, last_gps_count, last_pkt_Tstamp
18-09-2025 09:29 - WARNING - 4109302650 48949 2025-09-18T03:35:23.079586
18-09-2025 09:29 - WARNING - diff_pkt_count  , diff_gps_count ,  diff_pkt_timstamp
18-09-2025 09:29 - WARNING - 1882541 31 29207878 microseconds
18-09-2025 09:29 - WARNING - No packet loss: /data/dsp/GBD_TRANSIENT_BUFFER/J0837+0610/18_09_2025/PDR_GULP_data002.pcap_18_09_2025_09_05_1758166555.PCAP_PDR
18-09-2025 09:29 - WARNING - first_pkt_count, first_gps_count, first_pkt_Tstamp
18-09-2025 09:29 - WARNING - 4109302651 48949 2025-09-18T03:35:23.079586
18-09-2025 09:29 - WARNING - last_pkt_count, last_gps_count, last_pkt_Tstamp
18-09-2025 09:29 - WARNING - 4111185192 48980 2025-09-18T03:35:52.287484
18-09-2025 09:29 - WARNING - diff_pkt_count  , diff_gps_count ,  diff_pkt_timstamp
18-09-2025 09:29 - WARNING - 1882541 31 29207898 microseconds
18-09-2025 09:29 - WARNING - No packet loss: /data/dsp/GBD_TRANSIENT_BUFFER/J0837+0610/18_09_2025/PDR_GULP_data000.pcap_18_09_2025_09_06_1758166584.PCAP_PDR
18-09-2025 09:29 - WARNING - first_pkt_count, first_gps_count, first_pkt_Tstamp
18-09-2025 09:29 - WARNING - 4111185193 48980 2025-09-18T03:35:52.287484
18-09-2025 09:29 - WARNING - last_pkt_count, last_gps_count, last_pkt_Tstamp
18-09-2025 09:29 - WARNING - 4113067734 49013 2025-09-18T03:36:21.495400
18-09-2025 09:29 - WARNING - diff_pkt_count  , diff_gps_count ,  diff_pkt_timstamp
18-09-2025 09:29 - WARNING - 1882541 33 29207916 microseconds
18-09-2025 09:29 - WARNING - No packet loss: /data/dsp/GBD_TRANSIENT_BUFFER/J0837+0610/18_09_2025/PDR_GULP_data001.pcap_18_09_2025_09_06_1758166613.PCAP_PDR
18-09-2025 09:29 - WARNING - first_pkt_count, first_gps_count, first_pkt_Tstamp
18-09-2025 09:29 - WARNING - 4113067735 49013 2025-09-18T03:36:21.495400
18-09-2025 09:29 - WARNING - last_pkt_count, last_gps_count, last_pkt_Tstamp
18-09-2025 09:29 - WARNING - 4114950276 49045 2025-09-18T03:36:50.703272
18-09-2025 09:29 - WARNING - diff_pkt_count  , diff_gps_count ,  diff_pkt_timstamp
18-09-2025 09:29 - WARNING - 1882541 32 29207872 microseconds
18-09-2025 09:29 - WARNING - No packet loss: /data/dsp/GBD_TRANSIENT_BUFFER/J0837+0610/18_09_2025/PDR_GULP_data002.pcap_18_09_2025_09_07_1758166642.PCAP_PDR
18-09-2025 09:29 - WARNING - first_pkt_count, first_gps_count, first_pkt_Tstamp
18-09-2025 09:29 - WARNING - 4114950277 49045 2025-09-18T03:36:50.703273
18-09-2025 09:29 - WARNING - last_pkt_count, last_gps_count, last_pkt_Tstamp
18-09-2025 09:29 - WARNING - 4116832819 49080 2025-09-18T03:37:19.911211
18-09-2025 09:29 - WARNING - diff_pkt_count  , diff_gps_count ,  diff_pkt_timstamp
18-09-2025 09:29 - WARNING - 1882542 35 29207938 microseconds
18-09-2025 09:29 - WARNING - No packet loss: /data/dsp/GBD_TRANSIENT_BUFFER/J0837+0610/18_09_2025/PDR_GULP_data000.pcap_18_09_2025_09_07_1758166672.PCAP_PDR
18-09-2025 09:29 - WARNING - first_pkt_count, first_gps_count, first_pkt_Tstamp
18-09-2025 09:29 - WARNING - 4116832820 49080 2025-09-18T03:37:19.911211
18-09-2025 09:29 - WARNING - last_pkt_count, last_gps_count, last_pkt_Tstamp
18-09-2025 09:29 - WARNING - 4118715361 49112 2025-09-18T03:37:49.119126
18-09-2025 09:29 - WARNING - diff_pkt_count  , diff_gps_count ,  diff_pkt_timstamp
18-09-2025 09:29 - WARNING - 1882541 32 29207915 microseconds
18-09-2025 09:29 - WARNING - No packet loss: /data/dsp/GBD_TRANSIENT_BUFFER/J0837+0610/18_09_2025/PDR_GULP_data001.pcap_18_09_2025_09_08_1758166701.PCAP_PDR
18-09-2025 09:29 - WARNING - first_pkt_count, first_gps_count, first_pkt_Tstamp
18-09-2025 09:29 - WARNING - 4118715362 49112 2025-09-18T03:37:49.119126
18-09-2025 09:29 - WARNING - last_pkt_count, last_gps_count, last_pkt_Tstamp
18-09-2025 09:29 - WARNING - 4120597903 49141 2025-09-18T03:38:18.327007
18-09-2025 09:29 - WARNING - diff_pkt_count  , diff_gps_count ,  diff_pkt_timstamp
18-09-2025 09:29 - WARNING - 1882541 29 29207881 microseconds
18-09-2025 09:29 - WARNING - No packet loss: /data/dsp/GBD_TRANSIENT_BUFFER/J0837+0610/18_09_2025/PDR_GULP_data002.pcap_18_09_2025_09_08_1758166730.PCAP_PDR
18-09-2025 09:29 - WARNING - first_pkt_count, first_gps_count, first_pkt_Tstamp
18-09-2025 09:29 - WARNING - 4120597904 49141 2025-09-18T03:38:18.327008
18-09-2025 09:29 - WARNING - last_pkt_count, last_gps_count, last_pkt_Tstamp
18-09-2025 09:29 - WARNING - 4122480445 49175 2025-09-18T03:38:47.534893
18-09-2025 09:29 - WARNING - diff_pkt_count  , diff_gps_count ,  diff_pkt_timstamp
18-09-2025 09:29 - WARNING - 1882541 34 29207885 microseconds
18-09-2025 09:29 - WARNING - No packet loss: /data/dsp/GBD_TRANSIENT_BUFFER/J0837+0610/18_09_2025/PDR_GULP_data000.pcap_18_09_2025_09_09_1758166759.PCAP_PDR
18-09-2025 09:29 - WARNING - first_pkt_count, first_gps_count, first_pkt_Tstamp
18-09-2025 09:29 - WARNING - 4122480446 49175 2025-09-18T03:38:47.534893
18-09-2025 09:29 - WARNING - last_pkt_count, last_gps_count, last_pkt_Tstamp
18-09-2025 09:29 - WARNING - 4124362987 49204 2025-09-18T03:39:16.742789
18-09-2025 09:29 - WARNING - diff_pkt_count  , diff_gps_count ,  diff_pkt_timstamp
18-09-2025 09:29 - WARNING - 1882541 29 29207896 microseconds
18-09-2025 09:29 - WARNING - No packet loss: /data/dsp/GBD_TRANSIENT_BUFFER/J0837+0610/18_09_2025/PDR_GULP_data001.pcap_18_09_2025_09_09_1758166788.PCAP_PDR
18-09-2025 09:29 - WARNING - first_pkt_count, first_gps_count, first_pkt_Tstamp
18-09-2025 09:29 - WARNING - 4124362988 49204 2025-09-18T03:39:16.742790
18-09-2025 09:29 - WARNING - last_pkt_count, last_gps_count, last_pkt_Tstamp
18-09-2025 09:29 - WARNING - 4126245529 49236 2025-09-18T03:39:45.950699
18-09-2025 09:29 - WARNING - diff_pkt_count  , diff_gps_count ,  diff_pkt_timstamp
18-09-2025 09:29 - WARNING - 1882541 32 29207909 microseconds
18-09-2025 09:29 - WARNING - No packet loss: /data/dsp/GBD_TRANSIENT_BUFFER/J0837+0610/18_09_2025/PDR_GULP_data002.pcap_18_09_2025_09_10_1758166818.PCAP_PDR
18-09-2025 09:29 - WARNING - first_pkt_count, first_gps_count, first_pkt_Tstamp
18-09-2025 09:29 - WARNING - 4126245530 49236 2025-09-18T03:39:45.950699
18-09-2025 09:29 - WARNING - last_pkt_count, last_gps_count, last_pkt_Tstamp
18-09-2025 09:29 - WARNING - 4128128072 49272 2025-09-18T03:40:15.158612
18-09-2025 09:29 - WARNING - diff_pkt_count  , diff_gps_count ,  diff_pkt_timstamp
18-09-2025 09:29 - WARNING - 1882542 36 29207913 microseconds
18-09-2025 09:29 - WARNING - No packet loss: /data/dsp/GBD_TRANSIENT_BUFFER/J0837+0610/18_09_2025/PDR_GULP_data000.pcap_18_09_2025_09_10_1758166847.PCAP_PDR
18-09-2025 09:29 - WARNING - first_pkt_count, first_gps_count, first_pkt_Tstamp
18-09-2025 09:29 - WARNING - 4128128073 49272 2025-09-18T03:40:15.158612
18-09-2025 09:29 - WARNING - last_pkt_count, last_gps_count, last_pkt_Tstamp
18-09-2025 09:29 - WARNING - 4130010614 49304 2025-09-18T03:40:44.366549
18-09-2025 09:29 - WARNING - diff_pkt_count  , diff_gps_count ,  diff_pkt_timstamp
18-09-2025 09:29 - WARNING - 1882541 32 29207937 microseconds
18-09-2025 09:29 - WARNING - No packet loss: /data/dsp/GBD_TRANSIENT_BUFFER/J0837+0610/18_09_2025/PDR_GULP_data001.pcap_18_09_2025_09_11_1758166876.PCAP_PDR
18-09-2025 09:29 - WARNING - first_pkt_count, first_gps_count, first_pkt_Tstamp
18-09-2025 09:29 - WARNING - 4130010615 49304 2025-09-18T03:40:44.366549
18-09-2025 09:29 - WARNING - last_pkt_count, last_gps_count, last_pkt_Tstamp
18-09-2025 09:29 - WARNING - 4131893156 49334 2025-09-18T03:41:13.574148
18-09-2025 09:29 - WARNING - diff_pkt_count  , diff_gps_count ,  diff_pkt_timstamp
18-09-2025 09:29 - WARNING - 1882541 30 29207599 microseconds
18-09-2025 09:29 - WARNING - No packet loss: /data/dsp/GBD_TRANSIENT_BUFFER/J0837+0610/18_09_2025/PDR_GULP_data002.pcap_18_09_2025_09_11_1758166905.PCAP_PDR
18-09-2025 09:29 - WARNING - first_pkt_count, first_gps_count, first_pkt_Tstamp
18-09-2025 09:29 - WARNING - 4131893157 49334 2025-09-18T03:41:13.574201
18-09-2025 09:29 - WARNING - last_pkt_count, last_gps_count, last_pkt_Tstamp
18-09-2025 09:29 - WARNING - 4133775698 49369 2025-09-18T03:41:42.781854
18-09-2025 09:29 - WARNING - diff_pkt_count  , diff_gps_count ,  diff_pkt_timstamp
18-09-2025 09:29 - WARNING - 1882541 35 29207653 microseconds
18-09-2025 09:29 - WARNING - No packet loss: /data/dsp/GBD_TRANSIENT_BUFFER/J0837+0610/18_09_2025/PDR_GULP_data000.pcap_18_09_2025_09_12_1758166934.PCAP_PDR
18-09-2025 09:29 - WARNING - first_pkt_count, first_gps_count, first_pkt_Tstamp
18-09-2025 09:29 - WARNING - 4133775699 49369 2025-09-18T03:41:42.781854
18-09-2025 09:29 - WARNING - last_pkt_count, last_gps_count, last_pkt_Tstamp
18-09-2025 09:29 - WARNING - 4135658240 49400 2025-09-18T03:42:11.989534
18-09-2025 09:29 - WARNING - diff_pkt_count  , diff_gps_count ,  diff_pkt_timstamp
18-09-2025 09:29 - WARNING - 1882541 31 29207680 microseconds
18-09-2025 09:29 - WARNING - No packet loss: /data/dsp/GBD_TRANSIENT_BUFFER/J0837+0610/18_09_2025/PDR_GULP_data001.pcap_18_09_2025_09_12_1758166964.PCAP_PDR
18-09-2025 09:29 - WARNING - first_pkt_count, first_gps_count, first_pkt_Tstamp
18-09-2025 09:29 - WARNING - 4135658241 49400 2025-09-18T03:42:11.989534
18-09-2025 09:29 - WARNING - last_pkt_count, last_gps_count, last_pkt_Tstamp
18-09-2025 09:29 - WARNING - 4137540782 49432 2025-09-18T03:42:41.197213
18-09-2025 09:29 - WARNING - diff_pkt_count  , diff_gps_count ,  diff_pkt_timstamp
18-09-2025 09:29 - WARNING - 1882541 32 29207679 microseconds
18-09-2025 09:29 - WARNING - No packet loss: /data/dsp/GBD_TRANSIENT_BUFFER/J0837+0610/18_09_2025/PDR_GULP_data002.pcap_18_09_2025_09_13_1758166993.PCAP_PDR
18-09-2025 09:29 - WARNING - first_pkt_count, first_gps_count, first_pkt_Tstamp
18-09-2025 09:29 - WARNING - 4137540783 49432 2025-09-18T03:42:41.197292
18-09-2025 09:29 - WARNING - last_pkt_count, last_gps_count, last_pkt_Tstamp
18-09-2025 09:29 - WARNING - 4139423325 49466 2025-09-18T03:43:10.404938
18-09-2025 09:29 - WARNING - diff_pkt_count  , diff_gps_count ,  diff_pkt_timstamp
18-09-2025 09:29 - WARNING - 1882542 34 29207646 microseconds
18-09-2025 09:29 - WARNING - No packet loss: /data/dsp/GBD_TRANSIENT_BUFFER/J0837+0610/18_09_2025/PDR_GULP_data000.pcap_18_09_2025_09_13_1758167022.PCAP_PDR
18-09-2025 09:29 - WARNING - first_pkt_count, first_gps_count, first_pkt_Tstamp
18-09-2025 09:29 - WARNING - 4139423326 49466 2025-09-18T03:43:10.404938
18-09-2025 09:29 - WARNING - last_pkt_count, last_gps_count, last_pkt_Tstamp
18-09-2025 09:29 - WARNING - 4141305867 49496 2025-09-18T03:43:39.612641
18-09-2025 09:29 - WARNING - diff_pkt_count  , diff_gps_count ,  diff_pkt_timstamp
18-09-2025 09:29 - WARNING - 1882541 30 29207703 microseconds
18-09-2025 09:29 - WARNING - No packet loss: /data/dsp/GBD_TRANSIENT_BUFFER/J0837+0610/18_09_2025/PDR_GULP_data001.pcap_18_09_2025_09_14_1758167051.PCAP_PDR
18-09-2025 09:29 - WARNING - first_pkt_count, first_gps_count, first_pkt_Tstamp
18-09-2025 09:29 - WARNING - 4141305868 49496 2025-09-18T03:43:39.612642
18-09-2025 09:29 - WARNING - last_pkt_count, last_gps_count, last_pkt_Tstamp
18-09-2025 09:29 - WARNING - 4143188409 49525 2025-09-18T03:44:08.820338
18-09-2025 09:29 - WARNING - diff_pkt_count  , diff_gps_count ,  diff_pkt_timstamp
18-09-2025 09:29 - WARNING - 1882541 29 29207696 microseconds
18-09-2025 09:29 - WARNING - No packet loss: /data/dsp/GBD_TRANSIENT_BUFFER/J0837+0610/18_09_2025/PDR_GULP_data002.pcap_18_09_2025_09_14_1758167081.PCAP_PDR
18-09-2025 09:29 - WARNING - first_pkt_count, first_gps_count, first_pkt_Tstamp
18-09-2025 09:29 - WARNING - 4143188410 49525 2025-09-18T03:44:08.820390
18-09-2025 09:29 - WARNING - last_pkt_count, last_gps_count, last_pkt_Tstamp
18-09-2025 09:29 - WARNING - 4145070951 49555 2025-09-18T03:44:38.028064
18-09-2025 09:29 - WARNING - diff_pkt_count  , diff_gps_count ,  diff_pkt_timstamp
18-09-2025 09:29 - WARNING - 1882541 30 29207674 microseconds
18-09-2025 09:29 - WARNING - No packet loss: /data/dsp/GBD_TRANSIENT_BUFFER/J0837+0610/18_09_2025/PDR_GULP_data000.pcap_18_09_2025_09_15_1758167110.PCAP_PDR
18-09-2025 09:29 - WARNING - first_pkt_count, first_gps_count, first_pkt_Tstamp
18-09-2025 09:29 - WARNING - 4145070952 49555 2025-09-18T03:44:38.028116
18-09-2025 09:29 - WARNING - last_pkt_count, last_gps_count, last_pkt_Tstamp
18-09-2025 09:29 - WARNING - 4146953493 49589 2025-09-18T03:45:07.235828
18-09-2025 09:29 - WARNING - diff_pkt_count  , diff_gps_count ,  diff_pkt_timstamp
18-09-2025 09:29 - WARNING - 1882541 34 29207712 microseconds
18-09-2025 09:29 - WARNING - No packet loss: /data/dsp/GBD_TRANSIENT_BUFFER/J0837+0610/18_09_2025/PDR_GULP_data001.pcap_18_09_2025_09_15_1758167139.PCAP_PDR
18-09-2025 09:29 - WARNING - first_pkt_count, first_gps_count, first_pkt_Tstamp
18-09-2025 09:29 - WARNING - 4146953494 49589 2025-09-18T03:45:07.235829
18-09-2025 09:29 - WARNING - last_pkt_count, last_gps_count, last_pkt_Tstamp
18-09-2025 09:29 - WARNING - 4148836035 49619 2025-09-18T03:45:36.443566
18-09-2025 09:29 - WARNING - diff_pkt_count  , diff_gps_count ,  diff_pkt_timstamp
18-09-2025 09:29 - WARNING - 1882541 30 29207737 microseconds
18-09-2025 09:29 - WARNING - No packet loss: /data/dsp/GBD_TRANSIENT_BUFFER/J0837+0610/18_09_2025/PDR_GULP_data002.pcap_18_09_2025_09_16_1758167168.PCAP_PDR
18-09-2025 09:29 - WARNING - first_pkt_count, first_gps_count, first_pkt_Tstamp
18-09-2025 09:29 - WARNING - 4148836036 49619 2025-09-18T03:45:36.443567
18-09-2025 09:29 - WARNING - last_pkt_count, last_gps_count, last_pkt_Tstamp
18-09-2025 09:29 - WARNING - 4150718578 49653 2025-09-18T03:46:05.651352
18-09-2025 09:29 - WARNING - diff_pkt_count  , diff_gps_count ,  diff_pkt_timstamp
18-09-2025 09:29 - WARNING - 1882542 34 29207785 microseconds
18-09-2025 09:29 - WARNING - No packet loss: /data/dsp/GBD_TRANSIENT_BUFFER/J0837+0610/18_09_2025/PDR_GULP_data000.pcap_18_09_2025_09_16_1758167197.PCAP_PDR
18-09-2025 09:29 - WARNING - first_pkt_count, first_gps_count, first_pkt_Tstamp
18-09-2025 09:29 - WARNING - 4150718579 49653 2025-09-18T03:46:05.651352
18-09-2025 09:29 - WARNING - last_pkt_count, last_gps_count, last_pkt_Tstamp
18-09-2025 09:29 - WARNING - 4152601120 49683 2025-09-18T03:46:34.859136
18-09-2025 09:29 - WARNING - diff_pkt_count  , diff_gps_count ,  diff_pkt_timstamp
18-09-2025 09:29 - WARNING - 1882541 30 29207784 microseconds
18-09-2025 09:29 - WARNING - No packet loss: /data/dsp/GBD_TRANSIENT_BUFFER/J0837+0610/18_09_2025/PDR_GULP_data001.pcap_18_09_2025_09_17_1758167227.PCAP_PDR
18-09-2025 09:29 - WARNING - first_pkt_count, first_gps_count, first_pkt_Tstamp
18-09-2025 09:29 - WARNING - 4152601121 49683 2025-09-18T03:46:34.859136
18-09-2025 09:29 - WARNING - last_pkt_count, last_gps_count, last_pkt_Tstamp
18-09-2025 09:29 - WARNING - 4154483662 49715 2025-09-18T03:47:04.066882
18-09-2025 09:29 - WARNING - diff_pkt_count  , diff_gps_count ,  diff_pkt_timstamp
18-09-2025 09:29 - WARNING - 1882541 32 29207746 microseconds
18-09-2025 09:29 - WARNING - No packet loss: /data/dsp/GBD_TRANSIENT_BUFFER/J0837+0610/18_09_2025/PDR_GULP_data002.pcap_18_09_2025_09_17_1758167256.PCAP_PDR
18-09-2025 09:29 - WARNING - first_pkt_count, first_gps_count, first_pkt_Tstamp
18-09-2025 09:29 - WARNING - 4154483663 49715 2025-09-18T03:47:04.066882
18-09-2025 09:29 - WARNING - last_pkt_count, last_gps_count, last_pkt_Tstamp
18-09-2025 09:29 - WARNING - 4156366204 49747 2025-09-18T03:47:33.274599
18-09-2025 09:29 - WARNING - diff_pkt_count  , diff_gps_count ,  diff_pkt_timstamp
18-09-2025 09:29 - WARNING - 1882541 32 29207717 microseconds
18-09-2025 09:29 - WARNING - No packet loss: /data/dsp/GBD_TRANSIENT_BUFFER/J0837+0610/18_09_2025/PDR_GULP_data000.pcap_18_09_2025_09_18_1758167285.PCAP_PDR
18-09-2025 09:29 - WARNING - first_pkt_count, first_gps_count, first_pkt_Tstamp
18-09-2025 09:29 - WARNING - 4156366205 49747 2025-09-18T03:47:33.274599
18-09-2025 09:29 - WARNING - last_pkt_count, last_gps_count, last_pkt_Tstamp
18-09-2025 09:29 - WARNING - 4158248746 49776 2025-09-18T03:48:02.482384
18-09-2025 09:29 - WARNING - diff_pkt_count  , diff_gps_count ,  diff_pkt_timstamp
18-09-2025 09:29 - WARNING - 1882541 29 29207785 microseconds
18-09-2025 09:29 - WARNING - No packet loss: /data/dsp/GBD_TRANSIENT_BUFFER/J0837+0610/18_09_2025/PDR_GULP_data001.pcap_18_09_2025_09_18_1758167314.PCAP_PDR
18-09-2025 09:29 - WARNING - first_pkt_count, first_gps_count, first_pkt_Tstamp
18-09-2025 09:29 - WARNING - 4158248747 49776 2025-09-18T03:48:02.482384
18-09-2025 09:29 - WARNING - last_pkt_count, last_gps_count, last_pkt_Tstamp
18-09-2025 09:29 - WARNING - 4160131288 49807 2025-09-18T03:48:31.690146
18-09-2025 09:29 - WARNING - diff_pkt_count  , diff_gps_count ,  diff_pkt_timstamp
18-09-2025 09:29 - WARNING - 1882541 31 29207762 microseconds
18-09-2025 09:29 - WARNING - No packet loss: /data/dsp/GBD_TRANSIENT_BUFFER/J0837+0610/18_09_2025/PDR_GULP_data002.pcap_18_09_2025_09_19_1758167343.PCAP_PDR
18-09-2025 09:29 - WARNING - first_pkt_count, first_gps_count, first_pkt_Tstamp
18-09-2025 09:29 - WARNING - 4160131289 49807 2025-09-18T03:48:31.690147
18-09-2025 09:29 - WARNING - last_pkt_count, last_gps_count, last_pkt_Tstamp
18-09-2025 09:29 - WARNING - 4162013831 49845 2025-09-18T03:49:00.897936
18-09-2025 09:29 - WARNING - diff_pkt_count  , diff_gps_count ,  diff_pkt_timstamp
18-09-2025 09:29 - WARNING - 1882542 38 29207789 microseconds
18-09-2025 09:29 - WARNING - No packet loss: /data/dsp/GBD_TRANSIENT_BUFFER/J0837+0610/18_09_2025/PDR_GULP_data000.pcap_18_09_2025_09_19_1758167373.PCAP_PDR
18-09-2025 09:29 - WARNING - first_pkt_count, first_gps_count, first_pkt_Tstamp
18-09-2025 09:29 - WARNING - 4162013832 49845 2025-09-18T03:49:00.897936
18-09-2025 09:29 - WARNING - last_pkt_count, last_gps_count, last_pkt_Tstamp
18-09-2025 09:29 - WARNING - 4163896373 49882 2025-09-18T03:49:30.105702
18-09-2025 09:29 - WARNING - diff_pkt_count  , diff_gps_count ,  diff_pkt_timstamp
18-09-2025 09:29 - WARNING - 1882541 37 29207766 microseconds
18-09-2025 09:29 - WARNING - No packet loss: /data/dsp/GBD_TRANSIENT_BUFFER/J0837+0610/18_09_2025/PDR_GULP_data001.pcap_18_09_2025_09_20_1758167402.PCAP_PDR
18-09-2025 09:29 - WARNING - first_pkt_count, first_gps_count, first_pkt_Tstamp
18-09-2025 09:29 - WARNING - 4163896374 49882 2025-09-18T03:49:30.105757
18-09-2025 09:29 - WARNING - last_pkt_count, last_gps_count, last_pkt_Tstamp
18-09-2025 09:29 - WARNING - 4165778915 49916 2025-09-18T03:49:59.313557
18-09-2025 09:29 - WARNING - diff_pkt_count  , diff_gps_count ,  diff_pkt_timstamp
18-09-2025 09:29 - WARNING - 1882541 34 29207800 microseconds
18-09-2025 09:29 - WARNING - No packet loss: /data/dsp/GBD_TRANSIENT_BUFFER/J0837+0610/18_09_2025/PDR_GULP_data002.pcap_18_09_2025_09_20_1758167431.PCAP_PDR
18-09-2025 09:29 - WARNING - first_pkt_count, first_gps_count, first_pkt_Tstamp
18-09-2025 09:29 - WARNING - 4165778916 49916 2025-09-18T03:49:59.313557
18-09-2025 09:29 - WARNING - last_pkt_count, last_gps_count, last_pkt_Tstamp
18-09-2025 09:29 - WARNING - 4167661457 49953 2025-09-18T03:50:28.521307
18-09-2025 09:29 - WARNING - diff_pkt_count  , diff_gps_count ,  diff_pkt_timstamp
18-09-2025 09:29 - WARNING - 1882541 37 29207750 microseconds
18-09-2025 09:29 - WARNING - No packet loss: /data/dsp/GBD_TRANSIENT_BUFFER/J0837+0610/18_09_2025/PDR_GULP_data000.pcap_18_09_2025_09_21_1758167460.PCAP_PDR
18-09-2025 09:29 - WARNING - first_pkt_count, first_gps_count, first_pkt_Tstamp
18-09-2025 09:29 - WARNING - 4167661458 49953 2025-09-18T03:50:28.521307
18-09-2025 09:29 - WARNING - last_pkt_count, last_gps_count, last_pkt_Tstamp
18-09-2025 09:29 - WARNING - 4169543999 49987 2025-09-18T03:50:57.729103
18-09-2025 09:29 - WARNING - diff_pkt_count  , diff_gps_count ,  diff_pkt_timstamp
18-09-2025 09:29 - WARNING - 1882541 34 29207796 microseconds
18-09-2025 09:29 - WARNING - No packet loss: /data/dsp/GBD_TRANSIENT_BUFFER/J0837+0610/18_09_2025/PDR_GULP_data001.pcap_18_09_2025_09_21_1758167489.PCAP_PDR
18-09-2025 09:29 - WARNING - first_pkt_count, first_gps_count, first_pkt_Tstamp
18-09-2025 09:29 - WARNING - 4169544000 49987 2025-09-18T03:50:57.729103
18-09-2025 09:29 - WARNING - last_pkt_count, last_gps_count, last_pkt_Tstamp
18-09-2025 09:29 - WARNING - 4171426541 50022 2025-09-18T03:51:26.936906
18-09-2025 09:29 - WARNING - diff_pkt_count  , diff_gps_count ,  diff_pkt_timstamp
18-09-2025 09:29 - WARNING - 1882541 35 29207803 microseconds
18-09-2025 09:29 - WARNING - No packet loss: /data/dsp/GBD_TRANSIENT_BUFFER/J0837+0610/18_09_2025/PDR_GULP_data002.pcap_18_09_2025_09_21_1758167519.PCAP_PDR
18-09-2025 09:29 - WARNING - first_pkt_count, first_gps_count, first_pkt_Tstamp
18-09-2025 09:29 - WARNING - 4171426542 50022 2025-09-18T03:51:26.936906
18-09-2025 09:29 - WARNING - last_pkt_count, last_gps_count, last_pkt_Tstamp
18-09-2025 09:29 - WARNING - 4173309084 50053 2025-09-18T03:51:56.144741
18-09-2025 09:29 - WARNING - diff_pkt_count  , diff_gps_count ,  diff_pkt_timstamp
18-09-2025 09:29 - WARNING - 1882542 31 29207835 microseconds
18-09-2025 09:29 - WARNING - No packet loss: /data/dsp/GBD_TRANSIENT_BUFFER/J0837+0610/18_09_2025/PDR_GULP_data000.pcap_18_09_2025_09_22_1758167548.PCAP_PDR
18-09-2025 09:29 - WARNING - first_pkt_count, first_gps_count, first_pkt_Tstamp
18-09-2025 09:29 - WARNING - 4173309085 50053 2025-09-18T03:51:56.144741
18-09-2025 09:29 - WARNING - last_pkt_count, last_gps_count, last_pkt_Tstamp
18-09-2025 09:29 - WARNING - 4175191626 50086 2025-09-18T03:52:25.352486
18-09-2025 09:29 - WARNING - diff_pkt_count  , diff_gps_count ,  diff_pkt_timstamp
18-09-2025 09:29 - WARNING - 1882541 33 29207745 microseconds
18-09-2025 09:29 - WARNING - No packet loss: /data/dsp/GBD_TRANSIENT_BUFFER/J0837+0610/18_09_2025/PDR_GULP_data001.pcap_18_09_2025_09_22_1758167577.PCAP_PDR
18-09-2025 09:29 - WARNING - first_pkt_count, first_gps_count, first_pkt_Tstamp
18-09-2025 09:29 - WARNING - 4175191627 50086 2025-09-18T03:52:25.352551
18-09-2025 09:29 - WARNING - last_pkt_count, last_gps_count, last_pkt_Tstamp
18-09-2025 09:29 - WARNING - 4177074168 50120 2025-09-18T03:52:54.560388
18-09-2025 09:29 - WARNING - diff_pkt_count  , diff_gps_count ,  diff_pkt_timstamp
18-09-2025 09:29 - WARNING - 1882541 34 29207837 microseconds
18-09-2025 09:29 - WARNING - No packet loss: /data/dsp/GBD_TRANSIENT_BUFFER/J0837+0610/18_09_2025/PDR_GULP_data002.pcap_18_09_2025_09_23_1758167606.PCAP_PDR
18-09-2025 09:29 - WARNING - first_pkt_count, first_gps_count, first_pkt_Tstamp
18-09-2025 09:29 - WARNING - 4177074169 50120 2025-09-18T03:52:54.560388
18-09-2025 09:29 - WARNING - last_pkt_count, last_gps_count, last_pkt_Tstamp
18-09-2025 09:29 - WARNING - 4178956710 50152 2025-09-18T03:53:23.768139
18-09-2025 09:29 - WARNING - diff_pkt_count  , diff_gps_count ,  diff_pkt_timstamp
18-09-2025 09:29 - WARNING - 1882541 32 29207751 microseconds
18-09-2025 09:29 - WARNING - No packet loss: /data/dsp/GBD_TRANSIENT_BUFFER/J0837+0610/18_09_2025/PDR_GULP_data000.pcap_18_09_2025_09_23_1758167635.PCAP_PDR
18-09-2025 09:29 - WARNING - first_pkt_count, first_gps_count, first_pkt_Tstamp
18-09-2025 09:29 - WARNING - 4178956711 50152 2025-09-18T03:53:23.768140
18-09-2025 09:29 - WARNING - last_pkt_count, last_gps_count, last_pkt_Tstamp
18-09-2025 09:29 - WARNING - 4180839252 50184 2025-09-18T03:53:52.975945
18-09-2025 09:29 - WARNING - diff_pkt_count  , diff_gps_count ,  diff_pkt_timstamp
18-09-2025 09:29 - WARNING - 1882541 32 29207805 microseconds
18-09-2025 09:29 - WARNING - No packet loss: /data/dsp/GBD_TRANSIENT_BUFFER/J0837+0610/18_09_2025/PDR_GULP_data001.pcap_18_09_2025_09_24_1758167665.PCAP_PDR
18-09-2025 09:29 - WARNING - first_pkt_count, first_gps_count, first_pkt_Tstamp
18-09-2025 09:29 - WARNING - 4180839253 50184 2025-09-18T03:53:52.975945
18-09-2025 09:29 - WARNING - last_pkt_count, last_gps_count, last_pkt_Tstamp
18-09-2025 09:29 - WARNING - 4182721794 50217 2025-09-18T03:54:22.183736
18-09-2025 09:29 - WARNING - diff_pkt_count  , diff_gps_count ,  diff_pkt_timstamp
18-09-2025 09:29 - WARNING - 1882541 33 29207791 microseconds
18-09-2025 09:29 - WARNING - No packet loss: /data/dsp/GBD_TRANSIENT_BUFFER/J0837+0610/18_09_2025/PDR_GULP_data002.pcap_18_09_2025_09_24_1758167694.PCAP_PDR
18-09-2025 09:29 - WARNING - first_pkt_count, first_gps_count, first_pkt_Tstamp
18-09-2025 09:29 - WARNING - 4182721795 50217 2025-09-18T03:54:22.183789
18-09-2025 09:29 - WARNING - last_pkt_count, last_gps_count, last_pkt_Tstamp
18-09-2025 09:29 - WARNING - 4184604337 50248 2025-09-18T03:54:51.391600
18-09-2025 09:29 - WARNING - diff_pkt_count  , diff_gps_count ,  diff_pkt_timstamp
18-09-2025 09:29 - WARNING - 1882542 31 29207811 microseconds
18-09-2025 09:29 - WARNING - No packet loss: /data/dsp/GBD_TRANSIENT_BUFFER/J0837+0610/18_09_2025/PDR_GULP_data000.pcap_18_09_2025_09_25_1758167723.PCAP_PDR
18-09-2025 09:29 - WARNING - first_pkt_count, first_gps_count, first_pkt_Tstamp
18-09-2025 09:29 - WARNING - 4184604338 50248 2025-09-18T03:54:51.391600
18-09-2025 09:29 - WARNING - last_pkt_count, last_gps_count, last_pkt_Tstamp
18-09-2025 09:29 - WARNING - 4186486879 50278 2025-09-18T03:55:20.599493
18-09-2025 09:29 - WARNING - diff_pkt_count  , diff_gps_count ,  diff_pkt_timstamp
18-09-2025 09:29 - WARNING - 1882541 30 29207893 microseconds
18-09-2025 09:29 - WARNING - No packet loss: /data/dsp/GBD_TRANSIENT_BUFFER/J0837+0610/18_09_2025/PDR_GULP_data001.pcap_18_09_2025_09_25_1758167752.PCAP_PDR
18-09-2025 09:29 - WARNING - first_pkt_count, first_gps_count, first_pkt_Tstamp
18-09-2025 09:29 - WARNING - 4186486880 50278 2025-09-18T03:55:20.599493
18-09-2025 09:29 - WARNING - last_pkt_count, last_gps_count, last_pkt_Tstamp
18-09-2025 09:29 - WARNING - 4188369421 50310 2025-09-18T03:55:49.807285
18-09-2025 09:29 - WARNING - diff_pkt_count  , diff_gps_count ,  diff_pkt_timstamp
18-09-2025 09:29 - WARNING - 1882541 32 29207792 microseconds
18-09-2025 09:29 - WARNING - No packet loss: /data/dsp/GBD_TRANSIENT_BUFFER/J0837+0610/18_09_2025/PDR_GULP_data002.pcap_18_09_2025_09_26_1758167782.PCAP_PDR
18-09-2025 09:29 - WARNING - first_pkt_count, first_gps_count, first_pkt_Tstamp
18-09-2025 09:29 - WARNING - 4188369422 50310 2025-09-18T03:55:49.807285
18-09-2025 09:29 - WARNING - last_pkt_count, last_gps_count, last_pkt_Tstamp
18-09-2025 09:29 - WARNING - 4190251963 50342 2025-09-18T03:56:19.015060
18-09-2025 09:29 - WARNING - diff_pkt_count  , diff_gps_count ,  diff_pkt_timstamp
18-09-2025 09:29 - WARNING - 1882541 32 29207775 microseconds
18-09-2025 09:29 - WARNING - No packet loss: /data/dsp/GBD_TRANSIENT_BUFFER/J0837+0610/18_09_2025/PDR_GULP_data000.pcap_18_09_2025_09_26_1758167811.PCAP_PDR
18-09-2025 09:29 - WARNING - first_pkt_count, first_gps_count, first_pkt_Tstamp
18-09-2025 09:29 - WARNING - 4190251964 50342 2025-09-18T03:56:19.015060
18-09-2025 09:29 - WARNING - last_pkt_count, last_gps_count, last_pkt_Tstamp
18-09-2025 09:29 - WARNING - 4192134505 50374 2025-09-18T03:56:48.222874
18-09-2025 09:29 - WARNING - diff_pkt_count  , diff_gps_count ,  diff_pkt_timstamp
18-09-2025 09:29 - WARNING - 1882541 32 29207814 microseconds
18-09-2025 09:29 - WARNING - No packet loss: /data/dsp/GBD_TRANSIENT_BUFFER/J0837+0610/18_09_2025/PDR_GULP_data001.pcap_18_09_2025_09_27_1758167840.PCAP_PDR
18-09-2025 09:29 - WARNING - first_pkt_count, first_gps_count, first_pkt_Tstamp
18-09-2025 09:29 - WARNING - 4192134506 50374 2025-09-18T03:56:48.222874
18-09-2025 09:29 - WARNING - last_pkt_count, last_gps_count, last_pkt_Tstamp
18-09-2025 09:29 - WARNING - 4194017048 50405 2025-09-18T03:57:17.430728
18-09-2025 09:29 - WARNING - diff_pkt_count  , diff_gps_count ,  diff_pkt_timstamp
18-09-2025 09:29 - WARNING - 1882542 31 29207854 microseconds
18-09-2025 09:29 - WARNING - No packet loss: /data/dsp/GBD_TRANSIENT_BUFFER/J0837+0610/18_09_2025/PDR_GULP_data002.pcap_18_09_2025_09_27_1758167869.PCAP_PDR
18-09-2025 09:29 - WARNING - first_pkt_count, first_gps_count, first_pkt_Tstamp
18-09-2025 09:29 - WARNING - 4194017049 50405 2025-09-18T03:57:17.430729
18-09-2025 09:29 - WARNING - last_pkt_count, last_gps_count, last_pkt_Tstamp
18-09-2025 09:29 - WARNING - 4195899590 50438 2025-09-18T03:57:46.638551
18-09-2025 09:29 - WARNING - diff_pkt_count  , diff_gps_count ,  diff_pkt_timstamp
18-09-2025 09:29 - WARNING - 1882541 33 29207822 microseconds
18-09-2025 09:29 - WARNING - No packet loss: /data/dsp/GBD_TRANSIENT_BUFFER/J0837+0610/18_09_2025/PDR_GULP_data000.pcap_18_09_2025_09_28_1758167898.PCAP_PDR
18-09-2025 09:29 - WARNING - first_pkt_count, first_gps_count, first_pkt_Tstamp
18-09-2025 09:29 - WARNING - 4195899591 50438 2025-09-18T03:57:46.638618
18-09-2025 09:29 - WARNING - last_pkt_count, last_gps_count, last_pkt_Tstamp
18-09-2025 09:29 - WARNING - 4197782132 50472 2025-09-18T03:58:15.846416
18-09-2025 09:29 - WARNING - diff_pkt_count  , diff_gps_count ,  diff_pkt_timstamp
18-09-2025 09:29 - WARNING - 1882541 34 29207798 microseconds
18-09-2025 09:29 - WARNING - No packet loss: /data/dsp/GBD_TRANSIENT_BUFFER/J0837+0610/18_09_2025/PDR_GULP_data001.pcap_18_09_2025_09_28_1758167928.PCAP_PDR
18-09-2025 09:29 - WARNING - first_pkt_count, first_gps_count, first_pkt_Tstamp
18-09-2025 09:29 - WARNING - 4197782133 50472 2025-09-18T03:58:15.846416
18-09-2025 09:29 - WARNING - last_pkt_count, last_gps_count, last_pkt_Tstamp
18-09-2025 09:29 - WARNING - 4199664674 50505 2025-09-18T03:58:45.054279
18-09-2025 09:29 - WARNING - diff_pkt_count  , diff_gps_count ,  diff_pkt_timstamp
18-09-2025 09:29 - WARNING - 1882541 33 29207863 microseconds
18-09-2025 09:29 - WARNING - No packet loss: /data/dsp/GBD_TRANSIENT_BUFFER/J0837+0610/18_09_2025/PDR_GULP_data002.pcap_18_09_2025_09_29_1758167957.PCAP_PDR
18-09-2025 09:29 - WARNING - first_pkt_count, first_gps_count, first_pkt_Tstamp
18-09-2025 09:29 - WARNING - 4199664675 50505 2025-09-18T03:58:45.054280
18-09-2025 09:29 - WARNING - last_pkt_count, last_gps_count, last_pkt_Tstamp
18-09-2025 09:29 - WARNING - 4201547216 50535 2025-09-18T03:59:14.262067
18-09-2025 09:29 - WARNING - diff_pkt_count  , diff_gps_count ,  diff_pkt_timstamp
18-09-2025 09:29 - WARNING - 1882541 30 29207787 microseconds
18-09-2025 09:29 SLIP check Finished...
18-09-2025 09:29 Pulsar data reduction pipeline started ...
18-09-2025 09:29 - WARNING - Data Directory: /data/dsp/GBD_TRANSIENT_BUFFER/J0837+0610/18_09_2025
18-09-2025 09:29 - WARNING - Pulsar: J0837+0610
18-09-2025 09:29 - WARNING - CH selelction: 0
18-09-2025 09:29 - WARNING - Phase file: /home/dsp/PDR_acquire_setup/dada_scripts/phase/rf_path_phase.dat
18-09-2025 09:29 - WARNING - Obs. logfile: /home/dsp/PDR_acquire_setup/master_obs_log/J0837+0610_18_09_2025_observation.log
18-09-2025 09:29 - WARNING - Observation start time: 2025_09_18_08_50_46
18-09-2025 09:29 - WARNING - parfile: /home/dsp/parfiles/J0837+0610.par
18-09-2025 09:29 - WARNING - DM: 13.0209436694702
18-09-2025 09:29 - WARNING - Period: 1.2737745847060131
18-09-2025 09:29 - WARNING - RA_DEC: 08:37:05.6485930+06:10:16.06361
18-09-2025 09:29 - WARNING - out_dada_file: J0837+0610_2025_09_18_08_50_46_type_0.dada
18-09-2025 09:29 - WARNING - Number of files to process: 80
18-09-2025 09:29 - WARNING - Files per batch:  17
18-09-2025 09:51 - WARNING - Time taken for PDR2DADA convertion: 0:21:30.519726
18-09-2025 09:51 - WARNING - Center_freq: 175
18-09-2025 09:51 - WARNING - int_time: 3.0
18-09-2025 09:51 - WARNING - nbins: 256
18-09-2025 09:51 - WARNING - fil_chan: 256
18-09-2025 09:51 - WARNING - cpu: 2,3,4,5,6,7,8,9,10,11,12,13,14,15,16
18-09-2025 09:51 - WARNING - thread: 32
18-09-2025 09:51 - WARNING - nbit: 8
18-09-2025 09:51 - WARNING - time_avg: 0.000256
18-09-2025 09:51 - WARNING - MJD_START: 60936.13943099353
18-09-2025 09:51 - WARNING - output: J0837+0610_60936.14_175MHz_type_0_GBD_DART
18-09-2025 09:51 - WARNING - singularity_container: singularity exec /home/dsp/singularity_imag/pschive_py3.sif  
18-09-2025 09:51 - WARNING - ------ DIGIFITS ------
18-09-2025 09:51 - WARNING - ---- Search Mode FITS -------
18-09-2025 09:51 - WARNING - digifits_ful_stokes_cmd: singularity exec /home/dsp/singularity_imag/pschive_py3.sif  digifits  -F 256 -x 256 -b 8 -p 4 -t 0.000256 J0837+0610_2025_09_18_08_50_46_type_0.dada -o J0837+0610_2025_09_18_08_50_46_type_0.dada_stokes.fits
18-09-2025 10:21 - WARNING - ------ Total intensity FITS -------
18-09-2025 10:21 - WARNING - digifits_total_intensity_cmd: singularity exec /home/dsp/singularity_imag/pschive_py3.sif  digifits  -F 256 -x 256 -b 8 -p 1 -t 0.000256 J0837+0610_2025_09_18_08_50_46_type_0.dada -o J0837+0610_2025_09_18_08_50_46_type_0.dada_intensity.fits
18-09-2025 10:47 - WARNING - Nchan: 256
18-09-2025 10:47 - WARNING - Nbin: 256
18-09-2025 10:47 - WARNING - Tavg: 0.000256
18-09-2025 10:47 - WARNING - Time taken for DIGIFITS run: 0:56:01.572833
18-09-2025 10:47 - WARNING - ------ DSPSR ------
18-09-2025 10:47 - WARNING - ------- Coherent Dedispersion Folded archive -------
18-09-2025 10:47 - WARNING - dspsr_cmd: singularity exec /home/dsp/singularity_imag/pschive_py3.sif  dspsr J0837+0610_2025_09_18_08_50_46_type_0.dada -cpu 2,3,4,5,6,7,8,9,10,11,12,13,14,15,16 -t 32 -E /home/dsp/parfiles/J0837+0610.par -L 3.0 -b 256 -F 256:D -N J0837+0610 -a PSRFITS -A -e .fits -O J0837+0610_60936.14_175MHz_type_0_GBD_DART
18-09-2025 11:03 - WARNING - ------- Incoherent Dedispersion Folded archive -------
18-09-2025 11:03 - WARNING - Incoherent_DD_dspsr_cmd: singularity exec /home/dsp/singularity_imag/pschive_py3.sif  dspsr J0837+0610_2025_09_18_08_50_46_type_0.dada_stokes.fits -cpu 2,3,4,5,6,7,8,9,10,11,12,13,14,15,16 -t 32 -E /home/dsp/parfiles/J0837+0610.par -L 3.0 -b 256 -N J0837+0610 -A -e .fits -O J0837+0610_60936.14_175MHz_type_0_GBD_DART_stokes_Incoherent_DD
18-09-2025 11:04 - WARNING - Time taken for DSPSR run: 0:16:50.959561
18-09-2025 11:04 - WARNING - ------ PSREDIT ------
18-09-2025 11:04 - WARNING - psredit_cmd: singularity exec /home/dsp/singularity_imag/pschive_py3.sif  psredit -c name=J0837+0610,be:name=GSB,coord=08:37:05.6485930+06:10:16.06361 -m *_GBD_DART*fits
18-09-2025 11:04 - WARNING - Time taken for PSREDIT run: 0:00:09.207848
18-09-2025 11:04 - WARNING - ------ Iterative RFI Cleaner ------
18-09-2025 11:04 - WARNING - Iterative_cleaner_cmd: singularity exec /home/dsp/singularity_imag/pschive_py3.sif   python3 /home/dsp/PDR_acquire_setup/iterative_cleaner.py -s 3 -c 3 -m 10 *_GBD_DART*fits
18-09-2025 11:10 - WARNING - Time taken for Iterative_cleaner run: 0:05:35.478918
18-09-2025 11:10 - WARNING - ------ PDMP ------
18-09-2025 11:10 - WARNING - pdmp_cmd1: singularity exec /home/dsp/singularity_imag/pschive_py3.sif  pdmp -dr 2 -ds 0.05 -g J0837+0610_60936.14_175MHz_type_0_GBD_DART.fits_cleaned.ar.ps/cps J0837+0610_60936.14_175MHz_type_0_GBD_DART.fits_cleaned.ar
18-09-2025 11:21 - WARNING - pdmp_cmd2: singularity exec /home/dsp/singularity_imag/pschive_py3.sif  pdmp -dr 2 -ds 0.05 -g J0837+0610_60936.14_175MHz_type_0_GBD_DART_stokes_Incoherent_DD.fits_cleaned.ar.ps/cps J0837+0610_60936.14_175MHz_type_0_GBD_DART_stokes_Incoherent_DD.fits_cleaned.ar
18-09-2025 11:31 - WARNING - Time taken for PDMP run: 0:20:54.221453
18-09-2025 11:31 - WARNING - ------ PS2PDF ------
18-09-2025 11:31 - WARNING - ps2pdf_cmd1: singularity exec /home/dsp/singularity_imag/pschive_py3.sif  ps2pdf J0837+0610_60936.14_175MHz_type_0_GBD_DART.fits_cleaned.ar.ps J0837+0610_60936.14_175MHz_type_0_GBD_DART.fits_cleaned.ar.ps.pdf
18-09-2025 11:31 - WARNING - ps2pdf_cmd2: singularity exec /home/dsp/singularity_imag/pschive_py3.sif  ps2pdf J0837+0610_60936.14_175MHz_type_0_GBD_DART_stokes_Incoherent_DD.fits_cleaned.ar.ps J0837+0610_60936.14_175MHz_type_0_GBD_DART_stokes_Incoherent_DD.fits_cleaned.ar.ps.pdf
18-09-2025 11:31 - WARNING - Time taken for PDMP run: 0:00:01.227612
18-09-2025 11:31 - WARNING - Overall time taken for data reduction: 2:01:03.903403
18-09-2025 11:31 - WARNING - J0837+0610_2025_09_18_08_50_46_type_0.dada... file removed
18-09-2025 11:31 - WARNING - All done!
18-09-2025 11:31 --- PRESTO ---
18-09-2025 11:31 singularity_container: singularity exec /home/dsp/singularity_imag/pschive_py3.sif  
18-09-2025 11:31 Filterbank to Process for PULSAR: J0837+0610 with DM:13.0209436694702 : J0837+0610_2025_09_18_08_50_46_type_0.dada_intensity.fits
18-09-2025 11:31 --- RFIFIND ---
18-09-2025 11:31 RFIFIND: singularity exec /home/dsp/singularity_imag/pschive_py3.sif   rfifind -time 2.0 -o J0837+0610 J0837+0610_2025_09_18_08_50_46_type_0.dada_intensity.fits
18-09-2025 11:32 --- PREPDATA ---
18-09-2025 11:32 PREPDATA: singularity exec /home/dsp/singularity_imag/pschive_py3.sif   prepdata -nobary -o J0837+0610_2025_09_18_08_50_46_type_0.dada_intensity.fits -dm 13.0209436694702 -mask J0837+0610_rfifind.mask J0837+0610_2025_09_18_08_50_46_type_0.dada_intensity.fits
18-09-2025 11:32 --- REALFFT ---
18-09-2025 11:32 REALFFT: singularity exec /home/dsp/singularity_imag/pschive_py3.sif   realfft  J0837+0610_2025_09_18_08_50_46_type_0.dada_intensity.fits.dat
18-09-2025 11:32 --- ACCELSEARCH ---
18-09-2025 11:32 ACCELSEARCH: singularity exec /home/dsp/singularity_imag/pschive_py3.sif   accelsearch -numharm 8 -zmax 8  J0837+0610_2025_09_18_08_50_46_type_0.dada_intensity.fits.fft
18-09-2025 11:32 Observation Over.
