13-09-2025 10:40 Waiting for J0953+0755 observation...
13-09-2025 10:40 Observation started...
13-09-2025 10:40 Pulsar: J0953+0755 , parfile: /home/dsp/parfiles/J0953+0755.par , DM: 2.94368147353273
13-09-2025 10:40 Trigger sent to obs. PC [VELA].
13-09-2025 11:07 Acquired 60.
13-09-2025 11:07 ACQ over.
13-09-2025 11:07 Removing Trigger file from remote machine 
13-09-2025 11:07 Observation stoped.
-rw------- 1 dsp dsp 2.0G Sep 13 10:36 /data/TRANSIENT_BUFFER/PDR_GULP_data002.pcap_13_09_2025_10_36_1757740002.PCAP_PDR
-rw------- 1 dsp dsp 2.0G Sep 13 10:37 /data/TRANSIENT_BUFFER/PDR_GULP_data000.pcap_13_09_2025_10_37_1757740031.PCAP_PDR
-rw------- 1 dsp dsp 2.0G Sep 13 10:37 /data/TRANSIENT_BUFFER/PDR_GULP_data001.pcap_13_09_2025_10_37_1757740061.PCAP_PDR
-rw------- 1 dsp dsp 2.0G Sep 13 10:38 /data/TRANSIENT_BUFFER/PDR_GULP_data002.pcap_13_09_2025_10_38_1757740090.PCAP_PDR
-rw------- 1 dsp dsp 2.0G Sep 13 10:38 /data/TRANSIENT_BUFFER/PDR_GULP_data000.pcap_13_09_2025_10_38_1757740119.PCAP_PDR
-rw------- 1 dsp dsp 2.0G Sep 13 10:39 /data/TRANSIENT_BUFFER/PDR_GULP_data001.pcap_13_09_2025_10_39_1757740148.PCAP_PDR
-rw------- 1 dsp dsp 2.0G Sep 13 10:39 /data/TRANSIENT_BUFFER/PDR_GULP_data002.pcap_13_09_2025_10_39_1757740177.PCAP_PDR
-rw------- 1 dsp dsp 2.0G Sep 13 10:40 /data/TRANSIENT_BUFFER/PDR_GULP_data000.pcap_13_09_2025_10_40_1757740207.PCAP_PDR
-rw------- 1 dsp dsp 2.0G Sep 13 10:40 /data/TRANSIENT_BUFFER/PDR_GULP_data001.pcap_13_09_2025_10_40_1757740236.PCAP_PDR
-rw------- 1 dsp dsp 2.0G Sep 13 10:41 /data/TRANSIENT_BUFFER/PDR_GULP_data002.pcap_13_09_2025_10_41_1757740265.PCAP_PDR
-rw------- 1 dsp dsp 2.0G Sep 13 10:41 /data/TRANSIENT_BUFFER/PDR_GULP_data000.pcap_13_09_2025_10_41_1757740294.PCAP_PDR
-rw------- 1 dsp dsp 2.0G Sep 13 10:42 /data/TRANSIENT_BUFFER/PDR_GULP_data001.pcap_13_09_2025_10_42_1757740324.PCAP_PDR
-rw------- 1 dsp dsp 2.0G Sep 13 10:42 /data/TRANSIENT_BUFFER/PDR_GULP_data002.pcap_13_09_2025_10_42_1757740353.PCAP_PDR
-rw------- 1 dsp dsp 2.0G Sep 13 10:42 /data/TRANSIENT_BUFFER/PDR_GULP_data000.pcap_13_09_2025_10_43_1757740382.PCAP_PDR
-rw------- 1 dsp dsp 2.0G Sep 13 10:43 /data/TRANSIENT_BUFFER/PDR_GULP_data001.pcap_13_09_2025_10_43_1757740411.PCAP_PDR
-rw------- 1 dsp dsp 2.0G Sep 13 10:43 /data/TRANSIENT_BUFFER/PDR_GULP_data002.pcap_13_09_2025_10_44_1757740440.PCAP_PDR
-rw------- 1 dsp dsp 2.0G Sep 13 10:44 /data/TRANSIENT_BUFFER/PDR_GULP_data000.pcap_13_09_2025_10_44_1757740470.PCAP_PDR
-rw------- 1 dsp dsp 2.0G Sep 13 10:44 /data/TRANSIENT_BUFFER/PDR_GULP_data001.pcap_13_09_2025_10_44_1757740499.PCAP_PDR
-rw------- 1 dsp dsp 2.0G Sep 13 10:45 /data/TRANSIENT_BUFFER/PDR_GULP_data002.pcap_13_09_2025_10_45_1757740528.PCAP_PDR
-rw------- 1 dsp dsp 2.0G Sep 13 10:45 /data/TRANSIENT_BUFFER/PDR_GULP_data000.pcap_13_09_2025_10_45_1757740557.PCAP_PDR
-rw------- 1 dsp dsp 2.0G Sep 13 10:46 /data/TRANSIENT_BUFFER/PDR_GULP_data001.pcap_13_09_2025_10_46_1757740586.PCAP_PDR
-rw------- 1 dsp dsp 2.0G Sep 13 10:46 /data/TRANSIENT_BUFFER/PDR_GULP_data002.pcap_13_09_2025_10_46_1757740616.PCAP_PDR
-rw------- 1 dsp dsp 2.0G Sep 13 10:47 /data/TRANSIENT_BUFFER/PDR_GULP_data000.pcap_13_09_2025_10_47_1757740645.PCAP_PDR
-rw------- 1 dsp dsp 2.0G Sep 13 10:47 /data/TRANSIENT_BUFFER/PDR_GULP_data001.pcap_13_09_2025_10_47_1757740674.PCAP_PDR
-rw------- 1 dsp dsp 2.0G Sep 13 10:48 /data/TRANSIENT_BUFFER/PDR_GULP_data002.pcap_13_09_2025_10_48_1757740703.PCAP_PDR
-rw------- 1 dsp dsp 2.0G Sep 13 10:48 /data/TRANSIENT_BUFFER/PDR_GULP_data000.pcap_13_09_2025_10_48_1757740732.PCAP_PDR
-rw------- 1 dsp dsp 2.0G Sep 13 10:49 /data/TRANSIENT_BUFFER/PDR_GULP_data001.pcap_13_09_2025_10_49_1757740762.PCAP_PDR
-rw------- 1 dsp dsp 2.0G Sep 13 10:49 /data/TRANSIENT_BUFFER/PDR_GULP_data002.pcap_13_09_2025_10_49_1757740791.PCAP_PDR
-rw------- 1 dsp dsp 2.0G Sep 13 10:50 /data/TRANSIENT_BUFFER/PDR_GULP_data000.pcap_13_09_2025_10_50_1757740820.PCAP_PDR
-rw------- 1 dsp dsp 2.0G Sep 13 10:50 /data/TRANSIENT_BUFFER/PDR_GULP_data001.pcap_13_09_2025_10_50_1757740849.PCAP_PDR
-rw------- 1 dsp dsp 2.0G Sep 13 10:51 /data/TRANSIENT_BUFFER/PDR_GULP_data002.pcap_13_09_2025_10_51_1757740878.PCAP_PDR
-rw------- 1 dsp dsp 2.0G Sep 13 10:51 /data/TRANSIENT_BUFFER/PDR_GULP_data000.pcap_13_09_2025_10_51_1757740908.PCAP_PDR
-rw------- 1 dsp dsp 2.0G Sep 13 10:52 /data/TRANSIENT_BUFFER/PDR_GULP_data001.pcap_13_09_2025_10_52_1757740937.PCAP_PDR
-rw------- 1 dsp dsp 2.0G Sep 13 10:52 /data/TRANSIENT_BUFFER/PDR_GULP_data002.pcap_13_09_2025_10_52_1757740966.PCAP_PDR
-rw------- 1 dsp dsp 2.0G Sep 13 10:53 /data/TRANSIENT_BUFFER/PDR_GULP_data000.pcap_13_09_2025_10_53_1757740995.PCAP_PDR
-rw------- 1 dsp dsp 2.0G Sep 13 10:53 /data/TRANSIENT_BUFFER/PDR_GULP_data001.pcap_13_09_2025_10_53_1757741025.PCAP_PDR
-rw------- 1 dsp dsp 2.0G Sep 13 10:54 /data/TRANSIENT_BUFFER/PDR_GULP_data002.pcap_13_09_2025_10_54_1757741054.PCAP_PDR
-rw------- 1 dsp dsp 2.0G Sep 13 10:54 /data/TRANSIENT_BUFFER/PDR_GULP_data000.pcap_13_09_2025_10_54_1757741083.PCAP_PDR
-rw------- 1 dsp dsp 2.0G Sep 13 10:55 /data/TRANSIENT_BUFFER/PDR_GULP_data001.pcap_13_09_2025_10_55_1757741112.PCAP_PDR
-rw------- 1 dsp dsp 2.0G Sep 13 10:55 /data/TRANSIENT_BUFFER/PDR_GULP_data002.pcap_13_09_2025_10_55_1757741141.PCAP_PDR
-rw------- 1 dsp dsp 2.0G Sep 13 10:56 /data/TRANSIENT_BUFFER/PDR_GULP_data000.pcap_13_09_2025_10_56_1757741171.PCAP_PDR
-rw------- 1 dsp dsp 2.0G Sep 13 10:56 /data/TRANSIENT_BUFFER/PDR_GULP_data001.pcap_13_09_2025_10_56_1757741200.PCAP_PDR
-rw------- 1 dsp dsp 2.0G Sep 13 10:57 /data/TRANSIENT_BUFFER/PDR_GULP_data002.pcap_13_09_2025_10_57_1757741229.PCAP_PDR
-rw------- 1 dsp dsp 2.0G Sep 13 10:57 /data/TRANSIENT_BUFFER/PDR_GULP_data000.pcap_13_09_2025_10_57_1757741258.PCAP_PDR
-rw------- 1 dsp dsp 2.0G Sep 13 10:58 /data/TRANSIENT_BUFFER/PDR_GULP_data001.pcap_13_09_2025_10_58_1757741287.PCAP_PDR
-rw------- 1 dsp dsp 2.0G Sep 13 10:58 /data/TRANSIENT_BUFFER/PDR_GULP_data002.pcap_13_09_2025_10_58_1757741317.PCAP_PDR
-rw------- 1 dsp dsp 2.0G Sep 13 10:59 /data/TRANSIENT_BUFFER/PDR_GULP_data000.pcap_13_09_2025_10_59_1757741346.PCAP_PDR
-rw------- 1 dsp dsp 2.0G Sep 13 10:59 /data/TRANSIENT_BUFFER/PDR_GULP_data001.pcap_13_09_2025_10_59_1757741375.PCAP_PDR
-rw------- 1 dsp dsp 2.0G Sep 13 11:00 /data/TRANSIENT_BUFFER/PDR_GULP_data002.pcap_13_09_2025_11_00_1757741404.PCAP_PDR
-rw------- 1 dsp dsp 2.0G Sep 13 11:00 /data/TRANSIENT_BUFFER/PDR_GULP_data000.pcap_13_09_2025_11_00_1757741433.PCAP_PDR
-rw------- 1 dsp dsp 2.0G Sep 13 11:01 /data/TRANSIENT_BUFFER/PDR_GULP_data001.pcap_13_09_2025_11_01_1757741463.PCAP_PDR
-rw------- 1 dsp dsp 2.0G Sep 13 11:01 /data/TRANSIENT_BUFFER/PDR_GULP_data002.pcap_13_09_2025_11_01_1757741492.PCAP_PDR
-rw------- 1 dsp dsp 2.0G Sep 13 11:01 /data/TRANSIENT_BUFFER/PDR_GULP_data000.pcap_13_09_2025_11_02_1757741521.PCAP_PDR
-rw------- 1 dsp dsp 2.0G Sep 13 11:02 /data/TRANSIENT_BUFFER/PDR_GULP_data001.pcap_13_09_2025_11_02_1757741550.PCAP_PDR
-rw------- 1 dsp dsp 2.0G Sep 13 11:02 /data/TRANSIENT_BUFFER/PDR_GULP_data002.pcap_13_09_2025_11_02_1757741579.PCAP_PDR
-rw------- 1 dsp dsp 2.0G Sep 13 11:03 /data/TRANSIENT_BUFFER/PDR_GULP_data000.pcap_13_09_2025_11_03_1757741609.PCAP_PDR
-rw------- 1 dsp dsp 2.0G Sep 13 11:03 /data/TRANSIENT_BUFFER/PDR_GULP_data001.pcap_13_09_2025_11_03_1757741638.PCAP_PDR
-rw------- 1 dsp dsp 2.0G Sep 13 11:04 /data/TRANSIENT_BUFFER/PDR_GULP_data002.pcap_13_09_2025_11_04_1757741667.PCAP_PDR
-rw------- 1 dsp dsp 2.0G Sep 13 11:04 /data/TRANSIENT_BUFFER/PDR_GULP_data000.pcap_13_09_2025_11_04_1757741696.PCAP_PDR
-rw------- 1 dsp dsp 2.0G Sep 13 11:05 /data/TRANSIENT_BUFFER/PDR_GULP_data001.pcap_13_09_2025_11_05_1757741725.PCAP_PDR
13-09-2025 11:07 RAW PCAP data moved from Transient Buffer.
13-09-2025 11:07 SLIP check Started ...
13-09-2025 11:07 - WARNING - Data Directory: /data/dsp/GBD_TRANSIENT_BUFFER/J0953+0755/13_09_2025
13-09-2025 11:07 - WARNING - Number of Files: 60
13-09-2025 11:07 - WARNING - No packet loss: /data/dsp/GBD_TRANSIENT_BUFFER/J0953+0755/13_09_2025/PDR_GULP_data002.pcap_13_09_2025_10_36_1757740002.PCAP_PDR
13-09-2025 11:07 - WARNING - first_pkt_count, first_gps_count, first_pkt_Tstamp
13-09-2025 11:07 - WARNING - 2386460602 9088 2025-09-13T05:06:10.522457
13-09-2025 11:07 - WARNING - last_pkt_count, last_gps_count, last_pkt_Tstamp
13-09-2025 11:07 - WARNING - 2388343143 9123 2025-09-13T05:06:39.730374
13-09-2025 11:07 - WARNING - diff_pkt_count  , diff_gps_count ,  diff_pkt_timstamp
13-09-2025 11:07 - WARNING - 1882541 35 29207917 microseconds
13-09-2025 11:07 - WARNING - No packet loss: /data/dsp/GBD_TRANSIENT_BUFFER/J0953+0755/13_09_2025/PDR_GULP_data000.pcap_13_09_2025_10_37_1757740031.PCAP_PDR
13-09-2025 11:07 - WARNING - first_pkt_count, first_gps_count, first_pkt_Tstamp
13-09-2025 11:07 - WARNING - 2388343144 9123 2025-09-13T05:06:39.730374
13-09-2025 11:07 - WARNING - last_pkt_count, last_gps_count, last_pkt_Tstamp
13-09-2025 11:07 - WARNING - 2390225685 9155 2025-09-13T05:07:08.938349
13-09-2025 11:07 - WARNING - diff_pkt_count  , diff_gps_count ,  diff_pkt_timstamp
13-09-2025 11:07 - WARNING - 1882541 32 29207975 microseconds
13-09-2025 11:07 - WARNING - No packet loss: /data/dsp/GBD_TRANSIENT_BUFFER/J0953+0755/13_09_2025/PDR_GULP_data001.pcap_13_09_2025_10_37_1757740061.PCAP_PDR
13-09-2025 11:07 - WARNING - first_pkt_count, first_gps_count, first_pkt_Tstamp
13-09-2025 11:07 - WARNING - 2390225686 9155 2025-09-13T05:07:08.938349
13-09-2025 11:07 - WARNING - last_pkt_count, last_gps_count, last_pkt_Tstamp
13-09-2025 11:07 - WARNING - 2392108227 9187 2025-09-13T05:07:38.146337
13-09-2025 11:07 - WARNING - diff_pkt_count  , diff_gps_count ,  diff_pkt_timstamp
13-09-2025 11:07 - WARNING - 1882541 32 29207988 microseconds
13-09-2025 11:07 - WARNING - No packet loss: /data/dsp/GBD_TRANSIENT_BUFFER/J0953+0755/13_09_2025/PDR_GULP_data002.pcap_13_09_2025_10_38_1757740090.PCAP_PDR
13-09-2025 11:07 - WARNING - first_pkt_count, first_gps_count, first_pkt_Tstamp
13-09-2025 11:07 - WARNING - 2392108228 9187 2025-09-13T05:07:38.146337
13-09-2025 11:07 - WARNING - last_pkt_count, last_gps_count, last_pkt_Tstamp
13-09-2025 11:07 - WARNING - 2393990769 9220 2025-09-13T05:08:07.354294
13-09-2025 11:07 - WARNING - diff_pkt_count  , diff_gps_count ,  diff_pkt_timstamp
13-09-2025 11:07 - WARNING - 1882541 33 29207957 microseconds
13-09-2025 11:07 - WARNING - No packet loss: /data/dsp/GBD_TRANSIENT_BUFFER/J0953+0755/13_09_2025/PDR_GULP_data000.pcap_13_09_2025_10_38_1757740119.PCAP_PDR
13-09-2025 11:07 - WARNING - first_pkt_count, first_gps_count, first_pkt_Tstamp
13-09-2025 11:07 - WARNING - 2393990770 9220 2025-09-13T05:08:07.354294
13-09-2025 11:07 - WARNING - last_pkt_count, last_gps_count, last_pkt_Tstamp
13-09-2025 11:07 - WARNING - 2395873311 9253 2025-09-13T05:08:36.562209
13-09-2025 11:07 - WARNING - diff_pkt_count  , diff_gps_count ,  diff_pkt_timstamp
13-09-2025 11:07 - WARNING - 1882541 33 29207915 microseconds
13-09-2025 11:07 - WARNING - No packet loss: /data/dsp/GBD_TRANSIENT_BUFFER/J0953+0755/13_09_2025/PDR_GULP_data001.pcap_13_09_2025_10_39_1757740148.PCAP_PDR
13-09-2025 11:07 - WARNING - first_pkt_count, first_gps_count, first_pkt_Tstamp
13-09-2025 11:07 - WARNING - 2395873312 9253 2025-09-13T05:08:36.562210
13-09-2025 11:07 - WARNING - last_pkt_count, last_gps_count, last_pkt_Tstamp
13-09-2025 11:07 - WARNING - 2397755854 9283 2025-09-13T05:09:05.770228
13-09-2025 11:07 - WARNING - diff_pkt_count  , diff_gps_count ,  diff_pkt_timstamp
13-09-2025 11:07 - WARNING - 1882542 30 29208018 microseconds
13-09-2025 11:07 - WARNING - No packet loss: /data/dsp/GBD_TRANSIENT_BUFFER/J0953+0755/13_09_2025/PDR_GULP_data002.pcap_13_09_2025_10_39_1757740177.PCAP_PDR
13-09-2025 11:07 - WARNING - first_pkt_count, first_gps_count, first_pkt_Tstamp
13-09-2025 11:07 - WARNING - 2397755855 9283 2025-09-13T05:09:05.770228
13-09-2025 11:07 - WARNING - last_pkt_count, last_gps_count, last_pkt_Tstamp
13-09-2025 11:07 - WARNING - 2399638396 9319 2025-09-13T05:09:34.978183
13-09-2025 11:07 - WARNING - diff_pkt_count  , diff_gps_count ,  diff_pkt_timstamp
13-09-2025 11:07 - WARNING - 1882541 36 29207955 microseconds
13-09-2025 11:07 - WARNING - No packet loss: /data/dsp/GBD_TRANSIENT_BUFFER/J0953+0755/13_09_2025/PDR_GULP_data000.pcap_13_09_2025_10_40_1757740207.PCAP_PDR
13-09-2025 11:07 - WARNING - first_pkt_count, first_gps_count, first_pkt_Tstamp
13-09-2025 11:07 - WARNING - 2399638397 9319 2025-09-13T05:09:34.978183
13-09-2025 11:07 - WARNING - last_pkt_count, last_gps_count, last_pkt_Tstamp
13-09-2025 11:07 - WARNING - 2401520938 9356 2025-09-13T05:10:04.186130
13-09-2025 11:07 - WARNING - diff_pkt_count  , diff_gps_count ,  diff_pkt_timstamp
13-09-2025 11:07 - WARNING - 1882541 37 29207947 microseconds
13-09-2025 11:07 - WARNING - No packet loss: /data/dsp/GBD_TRANSIENT_BUFFER/J0953+0755/13_09_2025/PDR_GULP_data001.pcap_13_09_2025_10_40_1757740236.PCAP_PDR
13-09-2025 11:07 - WARNING - first_pkt_count, first_gps_count, first_pkt_Tstamp
13-09-2025 11:07 - WARNING - 2401520939 9356 2025-09-13T05:10:04.186131
13-09-2025 11:07 - WARNING - last_pkt_count, last_gps_count, last_pkt_Tstamp
13-09-2025 11:07 - WARNING - 2403403480 9393 2025-09-13T05:10:33.393998
13-09-2025 11:07 - WARNING - diff_pkt_count  , diff_gps_count ,  diff_pkt_timstamp
13-09-2025 11:07 - WARNING - 1882541 37 29207867 microseconds
13-09-2025 11:07 - WARNING - No packet loss: /data/dsp/GBD_TRANSIENT_BUFFER/J0953+0755/13_09_2025/PDR_GULP_data002.pcap_13_09_2025_10_41_1757740265.PCAP_PDR
13-09-2025 11:07 - WARNING - first_pkt_count, first_gps_count, first_pkt_Tstamp
13-09-2025 11:07 - WARNING - 2403403481 9393 2025-09-13T05:10:33.393998
13-09-2025 11:07 - WARNING - last_pkt_count, last_gps_count, last_pkt_Tstamp
13-09-2025 11:07 - WARNING - 2405286022 9429 2025-09-13T05:11:02.601953
13-09-2025 11:07 - WARNING - diff_pkt_count  , diff_gps_count ,  diff_pkt_timstamp
13-09-2025 11:07 - WARNING - 1882541 36 29207955 microseconds
13-09-2025 11:07 - WARNING - No packet loss: /data/dsp/GBD_TRANSIENT_BUFFER/J0953+0755/13_09_2025/PDR_GULP_data000.pcap_13_09_2025_10_41_1757740294.PCAP_PDR
13-09-2025 11:07 - WARNING - first_pkt_count, first_gps_count, first_pkt_Tstamp
13-09-2025 11:07 - WARNING - 2405286023 9429 2025-09-13T05:11:02.601954
13-09-2025 11:07 - WARNING - last_pkt_count, last_gps_count, last_pkt_Tstamp
13-09-2025 11:07 - WARNING - 2407168564 9465 2025-09-13T05:11:31.809892
13-09-2025 11:07 - WARNING - diff_pkt_count  , diff_gps_count ,  diff_pkt_timstamp
13-09-2025 11:07 - WARNING - 1882541 36 29207938 microseconds
13-09-2025 11:07 - WARNING - No packet loss: /data/dsp/GBD_TRANSIENT_BUFFER/J0953+0755/13_09_2025/PDR_GULP_data001.pcap_13_09_2025_10_42_1757740324.PCAP_PDR
13-09-2025 11:07 - WARNING - first_pkt_count, first_gps_count, first_pkt_Tstamp
13-09-2025 11:07 - WARNING - 2407168565 9465 2025-09-13T05:11:31.809893
13-09-2025 11:07 - WARNING - last_pkt_count, last_gps_count, last_pkt_Tstamp
13-09-2025 11:07 - WARNING - 2409051107 9499 2025-09-13T05:12:01.017837
13-09-2025 11:07 - WARNING - diff_pkt_count  , diff_gps_count ,  diff_pkt_timstamp
13-09-2025 11:07 - WARNING - 1882542 34 29207944 microseconds
13-09-2025 11:07 - WARNING - No packet loss: /data/dsp/GBD_TRANSIENT_BUFFER/J0953+0755/13_09_2025/PDR_GULP_data002.pcap_13_09_2025_10_42_1757740353.PCAP_PDR
13-09-2025 11:07 - WARNING - first_pkt_count, first_gps_count, first_pkt_Tstamp
13-09-2025 11:07 - WARNING - 2409051108 9499 2025-09-13T05:12:01.017890
13-09-2025 11:07 - WARNING - last_pkt_count, last_gps_count, last_pkt_Tstamp
13-09-2025 11:07 - WARNING - 2410933649 9536 2025-09-13T05:12:30.225766
13-09-2025 11:07 - WARNING - diff_pkt_count  , diff_gps_count ,  diff_pkt_timstamp
13-09-2025 11:07 - WARNING - 1882541 37 29207876 microseconds
13-09-2025 11:07 - WARNING - No packet loss: /data/dsp/GBD_TRANSIENT_BUFFER/J0953+0755/13_09_2025/PDR_GULP_data000.pcap_13_09_2025_10_43_1757740382.PCAP_PDR
13-09-2025 11:07 - WARNING - first_pkt_count, first_gps_count, first_pkt_Tstamp
13-09-2025 11:07 - WARNING - 2410933650 9536 2025-09-13T05:12:30.225858
13-09-2025 11:07 - WARNING - last_pkt_count, last_gps_count, last_pkt_Tstamp
13-09-2025 11:07 - WARNING - 2412816191 9571 2025-09-13T05:12:59.433754
13-09-2025 11:07 - WARNING - diff_pkt_count  , diff_gps_count ,  diff_pkt_timstamp
13-09-2025 11:07 - WARNING - 1882541 35 29207896 microseconds
13-09-2025 11:07 - WARNING - No packet loss: /data/dsp/GBD_TRANSIENT_BUFFER/J0953+0755/13_09_2025/PDR_GULP_data001.pcap_13_09_2025_10_43_1757740411.PCAP_PDR
13-09-2025 11:07 - WARNING - first_pkt_count, first_gps_count, first_pkt_Tstamp
13-09-2025 11:07 - WARNING - 2412816192 9571 2025-09-13T05:12:59.433754
13-09-2025 11:07 - WARNING - last_pkt_count, last_gps_count, last_pkt_Tstamp
13-09-2025 11:07 - WARNING - 2414698733 9604 2025-09-13T05:13:28.641625
13-09-2025 11:07 - WARNING - diff_pkt_count  , diff_gps_count ,  diff_pkt_timstamp
13-09-2025 11:07 - WARNING - 1882541 33 29207871 microseconds
13-09-2025 11:07 - WARNING - No packet loss: /data/dsp/GBD_TRANSIENT_BUFFER/J0953+0755/13_09_2025/PDR_GULP_data002.pcap_13_09_2025_10_44_1757740440.PCAP_PDR
13-09-2025 11:07 - WARNING - first_pkt_count, first_gps_count, first_pkt_Tstamp
13-09-2025 11:07 - WARNING - 2414698734 9604 2025-09-13T05:13:28.641713
13-09-2025 11:07 - WARNING - last_pkt_count, last_gps_count, last_pkt_Tstamp
13-09-2025 11:07 - WARNING - 2416581275 9637 2025-09-13T05:13:57.849563
13-09-2025 11:07 - WARNING - diff_pkt_count  , diff_gps_count ,  diff_pkt_timstamp
13-09-2025 11:07 - WARNING - 1882541 33 29207850 microseconds
13-09-2025 11:07 - WARNING - No packet loss: /data/dsp/GBD_TRANSIENT_BUFFER/J0953+0755/13_09_2025/PDR_GULP_data000.pcap_13_09_2025_10_44_1757740470.PCAP_PDR
13-09-2025 11:07 - WARNING - first_pkt_count, first_gps_count, first_pkt_Tstamp
13-09-2025 11:07 - WARNING - 2416581276 9637 2025-09-13T05:13:57.849563
13-09-2025 11:07 - WARNING - last_pkt_count, last_gps_count, last_pkt_Tstamp
13-09-2025 11:07 - WARNING - 2418463817 9671 2025-09-13T05:14:27.057495
13-09-2025 11:07 - WARNING - diff_pkt_count  , diff_gps_count ,  diff_pkt_timstamp
13-09-2025 11:07 - WARNING - 1882541 34 29207932 microseconds
13-09-2025 11:07 - WARNING - No packet loss: /data/dsp/GBD_TRANSIENT_BUFFER/J0953+0755/13_09_2025/PDR_GULP_data001.pcap_13_09_2025_10_44_1757740499.PCAP_PDR
13-09-2025 11:07 - WARNING - first_pkt_count, first_gps_count, first_pkt_Tstamp
13-09-2025 11:07 - WARNING - 2418463818 9671 2025-09-13T05:14:27.057495
13-09-2025 11:07 - WARNING - last_pkt_count, last_gps_count, last_pkt_Tstamp
13-09-2025 11:07 - WARNING - 2420346360 9701 2025-09-13T05:14:56.265431
13-09-2025 11:07 - WARNING - diff_pkt_count  , diff_gps_count ,  diff_pkt_timstamp
13-09-2025 11:07 - WARNING - 1882542 30 29207936 microseconds
13-09-2025 11:07 - WARNING - No packet loss: /data/dsp/GBD_TRANSIENT_BUFFER/J0953+0755/13_09_2025/PDR_GULP_data002.pcap_13_09_2025_10_45_1757740528.PCAP_PDR
13-09-2025 11:07 - WARNING - first_pkt_count, first_gps_count, first_pkt_Tstamp
13-09-2025 11:07 - WARNING - 2420346361 9701 2025-09-13T05:14:56.265432
13-09-2025 11:07 - WARNING - last_pkt_count, last_gps_count, last_pkt_Tstamp
13-09-2025 11:07 - WARNING - 2422228902 9734 2025-09-13T05:15:25.473357
13-09-2025 11:07 - WARNING - diff_pkt_count  , diff_gps_count ,  diff_pkt_timstamp
13-09-2025 11:07 - WARNING - 1882541 33 29207925 microseconds
13-09-2025 11:07 - WARNING - No packet loss: /data/dsp/GBD_TRANSIENT_BUFFER/J0953+0755/13_09_2025/PDR_GULP_data000.pcap_13_09_2025_10_45_1757740557.PCAP_PDR
13-09-2025 11:07 - WARNING - first_pkt_count, first_gps_count, first_pkt_Tstamp
13-09-2025 11:07 - WARNING - 2422228903 9734 2025-09-13T05:15:25.473358
13-09-2025 11:07 - WARNING - last_pkt_count, last_gps_count, last_pkt_Tstamp
13-09-2025 11:07 - WARNING - 2424111444 9769 2025-09-13T05:15:54.681289
13-09-2025 11:07 - WARNING - diff_pkt_count  , diff_gps_count ,  diff_pkt_timstamp
13-09-2025 11:07 - WARNING - 1882541 35 29207931 microseconds
13-09-2025 11:07 - WARNING - No packet loss: /data/dsp/GBD_TRANSIENT_BUFFER/J0953+0755/13_09_2025/PDR_GULP_data001.pcap_13_09_2025_10_46_1757740586.PCAP_PDR
13-09-2025 11:07 - WARNING - first_pkt_count, first_gps_count, first_pkt_Tstamp
13-09-2025 11:07 - WARNING - 2424111445 9769 2025-09-13T05:15:54.681290
13-09-2025 11:07 - WARNING - last_pkt_count, last_gps_count, last_pkt_Tstamp
13-09-2025 11:07 - WARNING - 2425993986 9802 2025-09-13T05:16:23.889169
13-09-2025 11:07 - WARNING - diff_pkt_count  , diff_gps_count ,  diff_pkt_timstamp
13-09-2025 11:07 - WARNING - 1882541 33 29207879 microseconds
13-09-2025 11:07 - WARNING - No packet loss: /data/dsp/GBD_TRANSIENT_BUFFER/J0953+0755/13_09_2025/PDR_GULP_data002.pcap_13_09_2025_10_46_1757740616.PCAP_PDR
13-09-2025 11:07 - WARNING - first_pkt_count, first_gps_count, first_pkt_Tstamp
13-09-2025 11:07 - WARNING - 2425993987 9802 2025-09-13T05:16:23.889169
13-09-2025 11:07 - WARNING - last_pkt_count, last_gps_count, last_pkt_Tstamp
13-09-2025 11:07 - WARNING - 2427876528 9839 2025-09-13T05:16:53.097112
13-09-2025 11:07 - WARNING - diff_pkt_count  , diff_gps_count ,  diff_pkt_timstamp
13-09-2025 11:07 - WARNING - 1882541 37 29207943 microseconds
13-09-2025 11:07 - WARNING - No packet loss: /data/dsp/GBD_TRANSIENT_BUFFER/J0953+0755/13_09_2025/PDR_GULP_data000.pcap_13_09_2025_10_47_1757740645.PCAP_PDR
13-09-2025 11:07 - WARNING - first_pkt_count, first_gps_count, first_pkt_Tstamp
13-09-2025 11:07 - WARNING - 2427876529 9839 2025-09-13T05:16:53.097112
13-09-2025 11:07 - WARNING - last_pkt_count, last_gps_count, last_pkt_Tstamp
13-09-2025 11:07 - WARNING - 2429759070 9874 2025-09-13T05:17:22.305016
13-09-2025 11:07 - WARNING - diff_pkt_count  , diff_gps_count ,  diff_pkt_timstamp
13-09-2025 11:07 - WARNING - 1882541 35 29207904 microseconds
13-09-2025 11:07 - WARNING - No packet loss: /data/dsp/GBD_TRANSIENT_BUFFER/J0953+0755/13_09_2025/PDR_GULP_data001.pcap_13_09_2025_10_47_1757740674.PCAP_PDR
13-09-2025 11:07 - WARNING - first_pkt_count, first_gps_count, first_pkt_Tstamp
13-09-2025 11:07 - WARNING - 2429759071 9874 2025-09-13T05:17:22.305016
13-09-2025 11:07 - WARNING - last_pkt_count, last_gps_count, last_pkt_Tstamp
13-09-2025 11:07 - WARNING - 2431641613 9906 2025-09-13T05:17:51.512961
13-09-2025 11:07 - WARNING - diff_pkt_count  , diff_gps_count ,  diff_pkt_timstamp
13-09-2025 11:07 - WARNING - 1882542 32 29207945 microseconds
13-09-2025 11:07 - WARNING - No packet loss: /data/dsp/GBD_TRANSIENT_BUFFER/J0953+0755/13_09_2025/PDR_GULP_data002.pcap_13_09_2025_10_48_1757740703.PCAP_PDR
13-09-2025 11:07 - WARNING - first_pkt_count, first_gps_count, first_pkt_Tstamp
13-09-2025 11:07 - WARNING - 2431641614 9906 2025-09-13T05:17:51.512961
13-09-2025 11:07 - WARNING - last_pkt_count, last_gps_count, last_pkt_Tstamp
13-09-2025 11:07 - WARNING - 2433524155 9938 2025-09-13T05:18:20.720891
13-09-2025 11:07 - WARNING - diff_pkt_count  , diff_gps_count ,  diff_pkt_timstamp
13-09-2025 11:07 - WARNING - 1882541 32 29207930 microseconds
13-09-2025 11:07 - WARNING - No packet loss: /data/dsp/GBD_TRANSIENT_BUFFER/J0953+0755/13_09_2025/PDR_GULP_data000.pcap_13_09_2025_10_48_1757740732.PCAP_PDR
13-09-2025 11:07 - WARNING - first_pkt_count, first_gps_count, first_pkt_Tstamp
13-09-2025 11:07 - WARNING - 2433524156 9938 2025-09-13T05:18:20.720892
13-09-2025 11:07 - WARNING - last_pkt_count, last_gps_count, last_pkt_Tstamp
13-09-2025 11:07 - WARNING - 2435406697 9974 2025-09-13T05:18:49.928833
13-09-2025 11:07 - WARNING - diff_pkt_count  , diff_gps_count ,  diff_pkt_timstamp
13-09-2025 11:07 - WARNING - 1882541 36 29207941 microseconds
13-09-2025 11:07 - WARNING - No packet loss: /data/dsp/GBD_TRANSIENT_BUFFER/J0953+0755/13_09_2025/PDR_GULP_data001.pcap_13_09_2025_10_49_1757740762.PCAP_PDR
13-09-2025 11:07 - WARNING - first_pkt_count, first_gps_count, first_pkt_Tstamp
13-09-2025 11:07 - WARNING - 2435406698 9974 2025-09-13T05:18:49.928833
13-09-2025 11:07 - WARNING - last_pkt_count, last_gps_count, last_pkt_Tstamp
13-09-2025 11:07 - WARNING - 2437289239 10012 2025-09-13T05:19:19.136728
13-09-2025 11:07 - WARNING - diff_pkt_count  , diff_gps_count ,  diff_pkt_timstamp
13-09-2025 11:07 - WARNING - 1882541 38 29207895 microseconds
13-09-2025 11:07 - WARNING - No packet loss: /data/dsp/GBD_TRANSIENT_BUFFER/J0953+0755/13_09_2025/PDR_GULP_data002.pcap_13_09_2025_10_49_1757740791.PCAP_PDR
13-09-2025 11:07 - WARNING - first_pkt_count, first_gps_count, first_pkt_Tstamp
13-09-2025 11:07 - WARNING - 2437289240 10012 2025-09-13T05:19:19.136728
13-09-2025 11:07 - WARNING - last_pkt_count, last_gps_count, last_pkt_Tstamp
13-09-2025 11:07 - WARNING - 2439171781 10044 2025-09-13T05:19:48.344652
13-09-2025 11:07 - WARNING - diff_pkt_count  , diff_gps_count ,  diff_pkt_timstamp
13-09-2025 11:07 - WARNING - 1882541 32 29207924 microseconds
13-09-2025 11:07 - WARNING - No packet loss: /data/dsp/GBD_TRANSIENT_BUFFER/J0953+0755/13_09_2025/PDR_GULP_data000.pcap_13_09_2025_10_50_1757740820.PCAP_PDR
13-09-2025 11:07 - WARNING - first_pkt_count, first_gps_count, first_pkt_Tstamp
13-09-2025 11:07 - WARNING - 2439171782 10044 2025-09-13T05:19:48.344654
13-09-2025 11:07 - WARNING - last_pkt_count, last_gps_count, last_pkt_Tstamp
13-09-2025 11:07 - WARNING - 2441054323 10079 2025-09-13T05:20:17.552501
13-09-2025 11:07 - WARNING - diff_pkt_count  , diff_gps_count ,  diff_pkt_timstamp
13-09-2025 11:07 - WARNING - 1882541 35 29207847 microseconds
13-09-2025 11:07 - WARNING - No packet loss: /data/dsp/GBD_TRANSIENT_BUFFER/J0953+0755/13_09_2025/PDR_GULP_data001.pcap_13_09_2025_10_50_1757740849.PCAP_PDR
13-09-2025 11:07 - WARNING - first_pkt_count, first_gps_count, first_pkt_Tstamp
13-09-2025 11:07 - WARNING - 2441054324 10079 2025-09-13T05:20:17.552501
13-09-2025 11:07 - WARNING - last_pkt_count, last_gps_count, last_pkt_Tstamp
13-09-2025 11:07 - WARNING - 2442936866 10114 2025-09-13T05:20:46.760438
13-09-2025 11:07 - WARNING - diff_pkt_count  , diff_gps_count ,  diff_pkt_timstamp
13-09-2025 11:07 - WARNING - 1882542 35 29207937 microseconds
13-09-2025 11:07 - WARNING - No packet loss: /data/dsp/GBD_TRANSIENT_BUFFER/J0953+0755/13_09_2025/PDR_GULP_data002.pcap_13_09_2025_10_51_1757740878.PCAP_PDR
13-09-2025 11:07 - WARNING - first_pkt_count, first_gps_count, first_pkt_Tstamp
13-09-2025 11:07 - WARNING - 2442936867 10114 2025-09-13T05:20:46.760439
13-09-2025 11:07 - WARNING - last_pkt_count, last_gps_count, last_pkt_Tstamp
13-09-2025 11:07 - WARNING - 2444819408 10149 2025-09-13T05:21:15.968344
13-09-2025 11:07 - WARNING - diff_pkt_count  , diff_gps_count ,  diff_pkt_timstamp
13-09-2025 11:07 - WARNING - 1882541 35 29207905 microseconds
13-09-2025 11:07 - WARNING - No packet loss: /data/dsp/GBD_TRANSIENT_BUFFER/J0953+0755/13_09_2025/PDR_GULP_data000.pcap_13_09_2025_10_51_1757740908.PCAP_PDR
13-09-2025 11:07 - WARNING - first_pkt_count, first_gps_count, first_pkt_Tstamp
13-09-2025 11:07 - WARNING - 2444819409 10149 2025-09-13T05:21:15.968344
13-09-2025 11:07 - WARNING - last_pkt_count, last_gps_count, last_pkt_Tstamp
13-09-2025 11:07 - WARNING - 2446701950 10185 2025-09-13T05:21:45.176218
13-09-2025 11:07 - WARNING - diff_pkt_count  , diff_gps_count ,  diff_pkt_timstamp
13-09-2025 11:07 - WARNING - 1882541 36 29207874 microseconds
13-09-2025 11:07 - WARNING - No packet loss: /data/dsp/GBD_TRANSIENT_BUFFER/J0953+0755/13_09_2025/PDR_GULP_data001.pcap_13_09_2025_10_52_1757740937.PCAP_PDR
13-09-2025 11:07 - WARNING - first_pkt_count, first_gps_count, first_pkt_Tstamp
13-09-2025 11:07 - WARNING - 2446701951 10185 2025-09-13T05:21:45.176270
13-09-2025 11:07 - WARNING - last_pkt_count, last_gps_count, last_pkt_Tstamp
13-09-2025 11:07 - WARNING - 2448584492 10219 2025-09-13T05:22:14.384161
13-09-2025 11:07 - WARNING - diff_pkt_count  , diff_gps_count ,  diff_pkt_timstamp
13-09-2025 11:07 - WARNING - 1882541 34 29207891 microseconds
13-09-2025 11:07 - WARNING - No packet loss: /data/dsp/GBD_TRANSIENT_BUFFER/J0953+0755/13_09_2025/PDR_GULP_data002.pcap_13_09_2025_10_52_1757740966.PCAP_PDR
13-09-2025 11:07 - WARNING - first_pkt_count, first_gps_count, first_pkt_Tstamp
13-09-2025 11:07 - WARNING - 2448584493 10219 2025-09-13T05:22:14.384161
13-09-2025 11:07 - WARNING - last_pkt_count, last_gps_count, last_pkt_Tstamp
13-09-2025 11:07 - WARNING - 2450467034 10254 2025-09-13T05:22:43.592066
13-09-2025 11:07 - WARNING - diff_pkt_count  , diff_gps_count ,  diff_pkt_timstamp
13-09-2025 11:07 - WARNING - 1882541 35 29207905 microseconds
13-09-2025 11:07 - WARNING - No packet loss: /data/dsp/GBD_TRANSIENT_BUFFER/J0953+0755/13_09_2025/PDR_GULP_data000.pcap_13_09_2025_10_53_1757740995.PCAP_PDR
13-09-2025 11:07 - WARNING - first_pkt_count, first_gps_count, first_pkt_Tstamp
13-09-2025 11:07 - WARNING - 2450467035 10254 2025-09-13T05:22:43.592146
13-09-2025 11:07 - WARNING - last_pkt_count, last_gps_count, last_pkt_Tstamp
13-09-2025 11:07 - WARNING - 2452349576 10289 2025-09-13T05:23:12.799968
13-09-2025 11:07 - WARNING - diff_pkt_count  , diff_gps_count ,  diff_pkt_timstamp
13-09-2025 11:07 - WARNING - 1882541 35 29207822 microseconds
13-09-2025 11:07 - WARNING - No packet loss: /data/dsp/GBD_TRANSIENT_BUFFER/J0953+0755/13_09_2025/PDR_GULP_data001.pcap_13_09_2025_10_53_1757741025.PCAP_PDR
13-09-2025 11:07 - WARNING - first_pkt_count, first_gps_count, first_pkt_Tstamp
13-09-2025 11:07 - WARNING - 2452349577 10289 2025-09-13T05:23:12.799968
13-09-2025 11:07 - WARNING - last_pkt_count, last_gps_count, last_pkt_Tstamp
13-09-2025 11:07 - WARNING - 2454232119 10325 2025-09-13T05:23:42.007888
13-09-2025 11:07 - WARNING - diff_pkt_count  , diff_gps_count ,  diff_pkt_timstamp
13-09-2025 11:07 - WARNING - 1882542 36 29207920 microseconds
13-09-2025 11:07 - WARNING - No packet loss: /data/dsp/GBD_TRANSIENT_BUFFER/J0953+0755/13_09_2025/PDR_GULP_data002.pcap_13_09_2025_10_54_1757741054.PCAP_PDR
13-09-2025 11:07 - WARNING - first_pkt_count, first_gps_count, first_pkt_Tstamp
13-09-2025 11:07 - WARNING - 2454232120 10325 2025-09-13T05:23:42.007981
13-09-2025 11:07 - WARNING - last_pkt_count, last_gps_count, last_pkt_Tstamp
13-09-2025 11:07 - WARNING - 2456114661 10361 2025-09-13T05:24:11.215806
13-09-2025 11:07 - WARNING - diff_pkt_count  , diff_gps_count ,  diff_pkt_timstamp
13-09-2025 11:07 - WARNING - 1882541 36 29207825 microseconds
13-09-2025 11:07 - WARNING - No packet loss: /data/dsp/GBD_TRANSIENT_BUFFER/J0953+0755/13_09_2025/PDR_GULP_data000.pcap_13_09_2025_10_54_1757741083.PCAP_PDR
13-09-2025 11:07 - WARNING - first_pkt_count, first_gps_count, first_pkt_Tstamp
13-09-2025 11:07 - WARNING - 2456114662 10361 2025-09-13T05:24:11.215806
13-09-2025 11:07 - WARNING - last_pkt_count, last_gps_count, last_pkt_Tstamp
13-09-2025 11:07 - WARNING - 2457997203 10400 2025-09-13T05:24:40.423712
13-09-2025 11:07 - WARNING - diff_pkt_count  , diff_gps_count ,  diff_pkt_timstamp
13-09-2025 11:07 - WARNING - 1882541 39 29207906 microseconds
13-09-2025 11:07 - WARNING - No packet loss: /data/dsp/GBD_TRANSIENT_BUFFER/J0953+0755/13_09_2025/PDR_GULP_data001.pcap_13_09_2025_10_55_1757741112.PCAP_PDR
13-09-2025 11:07 - WARNING - first_pkt_count, first_gps_count, first_pkt_Tstamp
13-09-2025 11:07 - WARNING - 2457997204 10400 2025-09-13T05:24:40.423712
13-09-2025 11:07 - WARNING - last_pkt_count, last_gps_count, last_pkt_Tstamp
13-09-2025 11:07 - WARNING - 2459879745 10433 2025-09-13T05:25:09.631612
13-09-2025 11:07 - WARNING - diff_pkt_count  , diff_gps_count ,  diff_pkt_timstamp
13-09-2025 11:07 - WARNING - 1882541 33 29207900 microseconds
13-09-2025 11:07 - WARNING - No packet loss: /data/dsp/GBD_TRANSIENT_BUFFER/J0953+0755/13_09_2025/PDR_GULP_data002.pcap_13_09_2025_10_55_1757741141.PCAP_PDR
13-09-2025 11:07 - WARNING - first_pkt_count, first_gps_count, first_pkt_Tstamp
13-09-2025 11:07 - WARNING - 2459879746 10433 2025-09-13T05:25:09.631612
13-09-2025 11:07 - WARNING - last_pkt_count, last_gps_count, last_pkt_Tstamp
13-09-2025 11:07 - WARNING - 2461762287 10470 2025-09-13T05:25:38.839537
13-09-2025 11:07 - WARNING - diff_pkt_count  , diff_gps_count ,  diff_pkt_timstamp
13-09-2025 11:07 - WARNING - 1882541 37 29207925 microseconds
13-09-2025 11:07 - WARNING - No packet loss: /data/dsp/GBD_TRANSIENT_BUFFER/J0953+0755/13_09_2025/PDR_GULP_data000.pcap_13_09_2025_10_56_1757741171.PCAP_PDR
13-09-2025 11:07 - WARNING - first_pkt_count, first_gps_count, first_pkt_Tstamp
13-09-2025 11:07 - WARNING - 2461762288 10470 2025-09-13T05:25:38.839537
13-09-2025 11:07 - WARNING - last_pkt_count, last_gps_count, last_pkt_Tstamp
13-09-2025 11:07 - WARNING - 2463644829 10502 2025-09-13T05:26:08.047491
13-09-2025 11:07 - WARNING - diff_pkt_count  , diff_gps_count ,  diff_pkt_timstamp
13-09-2025 11:07 - WARNING - 1882541 32 29207954 microseconds
13-09-2025 11:07 - WARNING - No packet loss: /data/dsp/GBD_TRANSIENT_BUFFER/J0953+0755/13_09_2025/PDR_GULP_data001.pcap_13_09_2025_10_56_1757741200.PCAP_PDR
13-09-2025 11:07 - WARNING - first_pkt_count, first_gps_count, first_pkt_Tstamp
13-09-2025 11:07 - WARNING - 2463644830 10502 2025-09-13T05:26:08.047492
13-09-2025 11:07 - WARNING - last_pkt_count, last_gps_count, last_pkt_Tstamp
13-09-2025 11:07 - WARNING - 2465527372 10539 2025-09-13T05:26:37.255383
13-09-2025 11:07 - WARNING - diff_pkt_count  , diff_gps_count ,  diff_pkt_timstamp
13-09-2025 11:07 - WARNING - 1882542 37 29207891 microseconds
13-09-2025 11:07 - WARNING - No packet loss: /data/dsp/GBD_TRANSIENT_BUFFER/J0953+0755/13_09_2025/PDR_GULP_data002.pcap_13_09_2025_10_57_1757741229.PCAP_PDR
13-09-2025 11:07 - WARNING - first_pkt_count, first_gps_count, first_pkt_Tstamp
13-09-2025 11:07 - WARNING - 2465527373 10539 2025-09-13T05:26:37.255383
13-09-2025 11:07 - WARNING - last_pkt_count, last_gps_count, last_pkt_Tstamp
13-09-2025 11:07 - WARNING - 2467409914 10572 2025-09-13T05:27:06.463234
13-09-2025 11:07 - WARNING - diff_pkt_count  , diff_gps_count ,  diff_pkt_timstamp
13-09-2025 11:07 - WARNING - 1882541 33 29207851 microseconds
13-09-2025 11:07 - WARNING - No packet loss: /data/dsp/GBD_TRANSIENT_BUFFER/J0953+0755/13_09_2025/PDR_GULP_data000.pcap_13_09_2025_10_57_1757741258.PCAP_PDR
13-09-2025 11:07 - WARNING - first_pkt_count, first_gps_count, first_pkt_Tstamp
13-09-2025 11:07 - WARNING - 2467409915 10572 2025-09-13T05:27:06.463287
13-09-2025 11:07 - WARNING - last_pkt_count, last_gps_count, last_pkt_Tstamp
13-09-2025 11:07 - WARNING - 2469292456 10606 2025-09-13T05:27:35.671181
13-09-2025 11:07 - WARNING - diff_pkt_count  , diff_gps_count ,  diff_pkt_timstamp
13-09-2025 11:07 - WARNING - 1882541 34 29207894 microseconds
13-09-2025 11:07 - WARNING - No packet loss: /data/dsp/GBD_TRANSIENT_BUFFER/J0953+0755/13_09_2025/PDR_GULP_data001.pcap_13_09_2025_10_58_1757741287.PCAP_PDR
13-09-2025 11:07 - WARNING - first_pkt_count, first_gps_count, first_pkt_Tstamp
13-09-2025 11:07 - WARNING - 2469292457 10606 2025-09-13T05:27:35.671181
13-09-2025 11:07 - WARNING - last_pkt_count, last_gps_count, last_pkt_Tstamp
13-09-2025 11:07 - WARNING - 2471174998 10641 2025-09-13T05:28:04.879071
13-09-2025 11:07 - WARNING - diff_pkt_count  , diff_gps_count ,  diff_pkt_timstamp
13-09-2025 11:07 - WARNING - 1882541 35 29207890 microseconds
13-09-2025 11:07 - WARNING - No packet loss: /data/dsp/GBD_TRANSIENT_BUFFER/J0953+0755/13_09_2025/PDR_GULP_data002.pcap_13_09_2025_10_58_1757741317.PCAP_PDR
13-09-2025 11:07 - WARNING - first_pkt_count, first_gps_count, first_pkt_Tstamp
13-09-2025 11:07 - WARNING - 2471174999 10641 2025-09-13T05:28:04.879071
13-09-2025 11:07 - WARNING - last_pkt_count, last_gps_count, last_pkt_Tstamp
13-09-2025 11:07 - WARNING - 2473057540 10678 2025-09-13T05:28:34.087018
13-09-2025 11:07 - WARNING - diff_pkt_count  , diff_gps_count ,  diff_pkt_timstamp
13-09-2025 11:07 - WARNING - 1882541 37 29207947 microseconds
13-09-2025 11:07 - WARNING - Packet loss: /data/dsp/GBD_TRANSIENT_BUFFER/J0953+0755/13_09_2025/PDR_GULP_data000.pcap_13_09_2025_10_59_1757741346.PCAP_PDR
13-09-2025 11:07 - WARNING - Packet loss found .... Being fixed ... Please wait ...
13-09-2025 11:07 - WARNING - PCAP filtering ... tcpdump -r /data/dsp/GBD_TRANSIENT_BUFFER/J0953+0755/13_09_2025/PDR_GULP_data000.pcap_13_09_2025_10_59_1757741346.PCAP_PDR.pcap -w PDR_GULP_data000.pcap_13_09_2025_10_59_1757741346_filtered.PCAP_PDR.pcap  host 172.10.10.1 and port 55000 
13-09-2025 11:08 - WARNING - Patched /data/dsp/GBD_TRANSIENT_BUFFER/J0953+0755/13_09_2025/PDR_GULP_data000.pcap_13_09_2025_10_59_1757741346.PCAP_PDR as PDR_GULP_data000.pcap_13_09_2025_10_59_1757741346_filtered.PCAP_PDR
13-09-2025 11:08 - WARNING - Gulped file moved to /data/dsp/GBD_TRANSIENT_BUFFER/J0953+0755/13_09_2025/GULPED
13-09-2025 11:08 - WARNING - first_pkt_count, first_gps_count, first_pkt_Tstamp
13-09-2025 11:08 - WARNING - 2473057541 10678 2025-09-13T05:28:34.087018
13-09-2025 11:08 - WARNING - last_pkt_count, last_gps_count, last_pkt_Tstamp
13-09-2025 11:08 - WARNING - 2474940082 10713 2025-09-13T05:29:03.294922
13-09-2025 11:08 - WARNING - diff_pkt_count  , diff_gps_count ,  diff_pkt_timstamp
13-09-2025 11:08 - WARNING - 1882541 35 29207904 microseconds
13-09-2025 11:08 - WARNING - No packet loss: /data/dsp/GBD_TRANSIENT_BUFFER/J0953+0755/13_09_2025/PDR_GULP_data001.pcap_13_09_2025_10_59_1757741375.PCAP_PDR
13-09-2025 11:08 - WARNING - first_pkt_count, first_gps_count, first_pkt_Tstamp
13-09-2025 11:08 - WARNING - 2474940083 10713 2025-09-13T05:29:03.294922
13-09-2025 11:08 - WARNING - last_pkt_count, last_gps_count, last_pkt_Tstamp
13-09-2025 11:08 - WARNING - 2476822625 10744 2025-09-13T05:29:32.502822
13-09-2025 11:08 - WARNING - diff_pkt_count  , diff_gps_count ,  diff_pkt_timstamp
13-09-2025 11:08 - WARNING - 1882542 31 29207900 microseconds
13-09-2025 11:08 - WARNING - No packet loss: /data/dsp/GBD_TRANSIENT_BUFFER/J0953+0755/13_09_2025/PDR_GULP_data002.pcap_13_09_2025_11_00_1757741404.PCAP_PDR
13-09-2025 11:08 - WARNING - first_pkt_count, first_gps_count, first_pkt_Tstamp
13-09-2025 11:08 - WARNING - 2476822626 10744 2025-09-13T05:29:32.502823
13-09-2025 11:08 - WARNING - last_pkt_count, last_gps_count, last_pkt_Tstamp
13-09-2025 11:08 - WARNING - 2478705167 10781 2025-09-13T05:30:01.710706
13-09-2025 11:08 - WARNING - diff_pkt_count  , diff_gps_count ,  diff_pkt_timstamp
13-09-2025 11:08 - WARNING - 1882541 37 29207883 microseconds
13-09-2025 11:08 - WARNING - No packet loss: /data/dsp/GBD_TRANSIENT_BUFFER/J0953+0755/13_09_2025/PDR_GULP_data000.pcap_13_09_2025_11_00_1757741433.PCAP_PDR
13-09-2025 11:08 - WARNING - first_pkt_count, first_gps_count, first_pkt_Tstamp
13-09-2025 11:08 - WARNING - 2478705168 10781 2025-09-13T05:30:01.710797
13-09-2025 11:08 - WARNING - last_pkt_count, last_gps_count, last_pkt_Tstamp
13-09-2025 11:08 - WARNING - 2480587709 10815 2025-09-13T05:30:30.918639
13-09-2025 11:08 - WARNING - diff_pkt_count  , diff_gps_count ,  diff_pkt_timstamp
13-09-2025 11:08 - WARNING - 1882541 34 29207842 microseconds
13-09-2025 11:08 - WARNING - No packet loss: /data/dsp/GBD_TRANSIENT_BUFFER/J0953+0755/13_09_2025/PDR_GULP_data001.pcap_13_09_2025_11_01_1757741463.PCAP_PDR
13-09-2025 11:08 - WARNING - first_pkt_count, first_gps_count, first_pkt_Tstamp
13-09-2025 11:08 - WARNING - 2480587710 10815 2025-09-13T05:30:30.918639
13-09-2025 11:08 - WARNING - last_pkt_count, last_gps_count, last_pkt_Tstamp
13-09-2025 11:08 - WARNING - 2482470251 10853 2025-09-13T05:31:00.126525
13-09-2025 11:08 - WARNING - diff_pkt_count  , diff_gps_count ,  diff_pkt_timstamp
13-09-2025 11:08 - WARNING - 1882541 38 29207886 microseconds
13-09-2025 11:08 - WARNING - No packet loss: /data/dsp/GBD_TRANSIENT_BUFFER/J0953+0755/13_09_2025/PDR_GULP_data002.pcap_13_09_2025_11_01_1757741492.PCAP_PDR
13-09-2025 11:08 - WARNING - first_pkt_count, first_gps_count, first_pkt_Tstamp
13-09-2025 11:08 - WARNING - 2482470252 10853 2025-09-13T05:31:00.126577
13-09-2025 11:08 - WARNING - last_pkt_count, last_gps_count, last_pkt_Tstamp
13-09-2025 11:08 - WARNING - 2484352793 10887 2025-09-13T05:31:29.334473
13-09-2025 11:08 - WARNING - diff_pkt_count  , diff_gps_count ,  diff_pkt_timstamp
13-09-2025 11:08 - WARNING - 1882541 34 29207896 microseconds
13-09-2025 11:08 - WARNING - No packet loss: /data/dsp/GBD_TRANSIENT_BUFFER/J0953+0755/13_09_2025/PDR_GULP_data000.pcap_13_09_2025_11_02_1757741521.PCAP_PDR
13-09-2025 11:08 - WARNING - first_pkt_count, first_gps_count, first_pkt_Tstamp
13-09-2025 11:08 - WARNING - 2484352794 10887 2025-09-13T05:31:29.334473
13-09-2025 11:08 - WARNING - last_pkt_count, last_gps_count, last_pkt_Tstamp
13-09-2025 11:08 - WARNING - 2486235335 10925 2025-09-13T05:31:58.542337
13-09-2025 11:08 - WARNING - diff_pkt_count  , diff_gps_count ,  diff_pkt_timstamp
13-09-2025 11:08 - WARNING - 1882541 38 29207864 microseconds
13-09-2025 11:08 - WARNING - No packet loss: /data/dsp/GBD_TRANSIENT_BUFFER/J0953+0755/13_09_2025/PDR_GULP_data001.pcap_13_09_2025_11_02_1757741550.PCAP_PDR
13-09-2025 11:08 - WARNING - first_pkt_count, first_gps_count, first_pkt_Tstamp
13-09-2025 11:08 - WARNING - 2486235336 10925 2025-09-13T05:31:58.542430
13-09-2025 11:08 - WARNING - last_pkt_count, last_gps_count, last_pkt_Tstamp
13-09-2025 11:08 - WARNING - 2488117878 10957 2025-09-13T05:32:27.750222
13-09-2025 11:08 - WARNING - diff_pkt_count  , diff_gps_count ,  diff_pkt_timstamp
13-09-2025 11:08 - WARNING - 1882542 32 29207792 microseconds
13-09-2025 11:08 - WARNING - No packet loss: /data/dsp/GBD_TRANSIENT_BUFFER/J0953+0755/13_09_2025/PDR_GULP_data002.pcap_13_09_2025_11_02_1757741579.PCAP_PDR
13-09-2025 11:08 - WARNING - first_pkt_count, first_gps_count, first_pkt_Tstamp
13-09-2025 11:08 - WARNING - 2488117879 10957 2025-09-13T05:32:27.750222
13-09-2025 11:08 - WARNING - last_pkt_count, last_gps_count, last_pkt_Tstamp
13-09-2025 11:08 - WARNING - 2490000420 10992 2025-09-13T05:32:56.957939
13-09-2025 11:08 - WARNING - diff_pkt_count  , diff_gps_count ,  diff_pkt_timstamp
13-09-2025 11:08 - WARNING - 1882541 35 29207717 microseconds
13-09-2025 11:08 - WARNING - No packet loss: /data/dsp/GBD_TRANSIENT_BUFFER/J0953+0755/13_09_2025/PDR_GULP_data000.pcap_13_09_2025_11_03_1757741609.PCAP_PDR
13-09-2025 11:08 - WARNING - first_pkt_count, first_gps_count, first_pkt_Tstamp
13-09-2025 11:08 - WARNING - 2490000421 10992 2025-09-13T05:32:56.957939
13-09-2025 11:08 - WARNING - last_pkt_count, last_gps_count, last_pkt_Tstamp
13-09-2025 11:08 - WARNING - 2491882962 11027 2025-09-13T05:33:26.165679
13-09-2025 11:08 - WARNING - diff_pkt_count  , diff_gps_count ,  diff_pkt_timstamp
13-09-2025 11:08 - WARNING - 1882541 35 29207740 microseconds
13-09-2025 11:08 - WARNING - No packet loss: /data/dsp/GBD_TRANSIENT_BUFFER/J0953+0755/13_09_2025/PDR_GULP_data001.pcap_13_09_2025_11_03_1757741638.PCAP_PDR
13-09-2025 11:08 - WARNING - first_pkt_count, first_gps_count, first_pkt_Tstamp
13-09-2025 11:08 - WARNING - 2491882963 11027 2025-09-13T05:33:26.165761
13-09-2025 11:08 - WARNING - last_pkt_count, last_gps_count, last_pkt_Tstamp
13-09-2025 11:08 - WARNING - 2493765504 11060 2025-09-13T05:33:55.373401
13-09-2025 11:08 - WARNING - diff_pkt_count  , diff_gps_count ,  diff_pkt_timstamp
13-09-2025 11:08 - WARNING - 1882541 33 29207640 microseconds
13-09-2025 11:08 - WARNING - No packet loss: /data/dsp/GBD_TRANSIENT_BUFFER/J0953+0755/13_09_2025/PDR_GULP_data002.pcap_13_09_2025_11_04_1757741667.PCAP_PDR
13-09-2025 11:08 - WARNING - first_pkt_count, first_gps_count, first_pkt_Tstamp
13-09-2025 11:08 - WARNING - 2493765505 11060 2025-09-13T05:33:55.373455
13-09-2025 11:08 - WARNING - last_pkt_count, last_gps_count, last_pkt_Tstamp
13-09-2025 11:08 - WARNING - 2495648046 11098 2025-09-13T05:34:24.581212
13-09-2025 11:08 - WARNING - diff_pkt_count  , diff_gps_count ,  diff_pkt_timstamp
13-09-2025 11:08 - WARNING - 1882541 38 29207757 microseconds
13-09-2025 11:08 - WARNING - No packet loss: /data/dsp/GBD_TRANSIENT_BUFFER/J0953+0755/13_09_2025/PDR_GULP_data000.pcap_13_09_2025_11_04_1757741696.PCAP_PDR
13-09-2025 11:08 - WARNING - first_pkt_count, first_gps_count, first_pkt_Tstamp
13-09-2025 11:08 - WARNING - 2495648047 11098 2025-09-13T05:34:24.581212
13-09-2025 11:08 - WARNING - last_pkt_count, last_gps_count, last_pkt_Tstamp
13-09-2025 11:08 - WARNING - 2497530588 11133 2025-09-13T05:34:53.788979
13-09-2025 11:08 - WARNING - diff_pkt_count  , diff_gps_count ,  diff_pkt_timstamp
13-09-2025 11:08 - WARNING - 1882541 35 29207767 microseconds
13-09-2025 11:08 - WARNING - No packet loss: /data/dsp/GBD_TRANSIENT_BUFFER/J0953+0755/13_09_2025/PDR_GULP_data001.pcap_13_09_2025_11_05_1757741725.PCAP_PDR
13-09-2025 11:08 - WARNING - first_pkt_count, first_gps_count, first_pkt_Tstamp
13-09-2025 11:08 - WARNING - 2497530589 11133 2025-09-13T05:34:53.788979
13-09-2025 11:08 - WARNING - last_pkt_count, last_gps_count, last_pkt_Tstamp
13-09-2025 11:08 - WARNING - 2499413131 11167 2025-09-13T05:35:22.996725
13-09-2025 11:08 - WARNING - diff_pkt_count  , diff_gps_count ,  diff_pkt_timstamp
13-09-2025 11:08 - WARNING - 1882542 34 29207746 microseconds
13-09-2025 11:08 SLIP check Finished...
13-09-2025 11:08 Pulsar data reduction pipeline started ...
13-09-2025 11:08 - WARNING - Data Directory: /data/dsp/GBD_TRANSIENT_BUFFER/J0953+0755/13_09_2025
13-09-2025 11:08 - WARNING - Pulsar: J0953+0755
13-09-2025 11:08 - WARNING - CH selelction: 0
13-09-2025 11:08 - WARNING - Phase file: /home/dsp/PDR_acquire_setup/dada_scripts/phase/rf_path_phase.dat
13-09-2025 11:08 - WARNING - Obs. logfile: /home/dsp/PDR_acquire_setup/master_obs_log/J0953+0755_13_09_2025_observation.log
13-09-2025 11:08 - WARNING - Observation start time: 2025_09_13_10_36_39
13-09-2025 11:08 - WARNING - parfile: /home/dsp/parfiles/J0953+0755.par
13-09-2025 11:08 - WARNING - DM: 2.94368147353273
13-09-2025 11:08 - WARNING - Period: 0.2530654277592862
13-09-2025 11:08 - WARNING - RA_DEC: 09:53:09.3023078+07:55:36.65806
13-09-2025 11:08 - WARNING - out_dada_file: J0953+0755_2025_09_13_10_36_39_type_0.dada
13-09-2025 11:08 - WARNING - Number of files to process: 60
13-09-2025 11:08 - WARNING - Files per batch:  17
13-09-2025 11:27 - WARNING - Time taken for PDR2DADA convertion: 0:19:52.672264
13-09-2025 11:27 - WARNING - Center_freq: 175
13-09-2025 11:27 - WARNING - int_time: 3.0
13-09-2025 11:27 - WARNING - nbins: 256
13-09-2025 11:27 - WARNING - fil_chan: 256
13-09-2025 11:27 - WARNING - cpu: 2,3,4,5,6,7,8,9,10,11,12,13,14,15,16
13-09-2025 11:27 - WARNING - thread: 32
13-09-2025 11:27 - WARNING - nbit: 8
13-09-2025 11:27 - WARNING - time_avg: 0.000256
13-09-2025 11:27 - WARNING - MJD_START: 60931.21295984918
13-09-2025 11:27 - WARNING - output: J0953+0755_60931.21_175MHz_type_0_GBD_DART
13-09-2025 11:27 - WARNING - singularity_container: singularity exec /home/dsp/singularity_imag/pschive_py3.sif  
13-09-2025 11:27 - WARNING - ------ DIGIFITS ------
13-09-2025 11:27 - WARNING - ---- Search Mode FITS -------
13-09-2025 11:27 - WARNING - digifits_ful_stokes_cmd: singularity exec /home/dsp/singularity_imag/pschive_py3.sif  digifits  -F 256 -x 256 -b 8 -p 4 -t 0.000256 J0953+0755_2025_09_13_10_36_39_type_0.dada -o J0953+0755_2025_09_13_10_36_39_type_0.dada_stokes.fits
13-09-2025 11:47 - WARNING - ------ Total intensity FITS -------
13-09-2025 11:47 - WARNING - digifits_total_intensity_cmd: singularity exec /home/dsp/singularity_imag/pschive_py3.sif  digifits  -F 256 -x 256 -b 8 -p 1 -t 0.000256 J0953+0755_2025_09_13_10_36_39_type_0.dada -o J0953+0755_2025_09_13_10_36_39_type_0.dada_intensity.fits
13-09-2025 12:03 - WARNING - Nchan: 256
13-09-2025 12:03 - WARNING - Nbin: 256
13-09-2025 12:03 - WARNING - Tavg: 0.000256
13-09-2025 12:03 - WARNING - Time taken for DIGIFITS run: 0:35:23.602644
13-09-2025 12:03 - WARNING - ------ DSPSR ------
13-09-2025 12:03 - WARNING - ------- Coherent Dedispersion Folded archive -------
13-09-2025 12:03 - WARNING - dspsr_cmd: singularity exec /home/dsp/singularity_imag/pschive_py3.sif  dspsr J0953+0755_2025_09_13_10_36_39_type_0.dada -cpu 2,3,4,5,6,7,8,9,10,11,12,13,14,15,16 -t 32 -E /home/dsp/parfiles/J0953+0755.par -L 3.0 -b 256 -F 256:D -N J0953+0755 -a PSRFITS -A -e .fits -O J0953+0755_60931.21_175MHz_type_0_GBD_DART
13-09-2025 12:10 - WARNING - ------- Incoherent Dedispersion Folded archive -------
13-09-2025 12:10 - WARNING - Incoherent_DD_dspsr_cmd: singularity exec /home/dsp/singularity_imag/pschive_py3.sif  dspsr J0953+0755_2025_09_13_10_36_39_type_0.dada_stokes.fits -cpu 2,3,4,5,6,7,8,9,10,11,12,13,14,15,16 -t 32 -E /home/dsp/parfiles/J0953+0755.par -L 3.0 -b 256 -N J0953+0755 -A -e .fits -O J0953+0755_60931.21_175MHz_type_0_GBD_DART_stokes_Incoherent_DD
13-09-2025 12:11 - WARNING - Time taken for DSPSR run: 0:07:59.895570
13-09-2025 12:11 - WARNING - ------ PSREDIT ------
13-09-2025 12:11 - WARNING - psredit_cmd: singularity exec /home/dsp/singularity_imag/pschive_py3.sif  psredit -c name=J0953+0755,be:name=GSB,coord=09:53:09.3023078+07:55:36.65806 -m *_GBD_DART*fits
13-09-2025 12:11 - WARNING - Time taken for PSREDIT run: 0:00:06.715783
13-09-2025 12:11 - WARNING - ------ Iterative RFI Cleaner ------
13-09-2025 12:11 - WARNING - Iterative_cleaner_cmd: singularity exec /home/dsp/singularity_imag/pschive_py3.sif   python3 /home/dsp/PDR_acquire_setup/iterative_cleaner.py -s 3 -c 3 -m 10 *_GBD_DART*fits
13-09-2025 12:15 - WARNING - Time taken for Iterative_cleaner run: 0:04:11.237120
13-09-2025 12:15 - WARNING - ------ PDMP ------
13-09-2025 12:15 - WARNING - pdmp_cmd1: singularity exec /home/dsp/singularity_imag/pschive_py3.sif  pdmp -dr 2 -ds 0.05 -g J0953+0755_60931.21_175MHz_type_0_GBD_DART.fits_cleaned.ar.ps/cps J0953+0755_60931.21_175MHz_type_0_GBD_DART.fits_cleaned.ar
13-09-2025 12:19 - WARNING - pdmp_cmd2: singularity exec /home/dsp/singularity_imag/pschive_py3.sif  pdmp -dr 2 -ds 0.05 -g J0953+0755_60931.21_175MHz_type_0_GBD_DART_stokes_Incoherent_DD.fits_cleaned.ar.ps/cps J0953+0755_60931.21_175MHz_type_0_GBD_DART_stokes_Incoherent_DD.fits_cleaned.ar
13-09-2025 12:23 - WARNING - Time taken for PDMP run: 0:07:41.015566
13-09-2025 12:23 - WARNING - ------ PS2PDF ------
13-09-2025 12:23 - WARNING - ps2pdf_cmd1: singularity exec /home/dsp/singularity_imag/pschive_py3.sif  ps2pdf J0953+0755_60931.21_175MHz_type_0_GBD_DART.fits_cleaned.ar.ps J0953+0755_60931.21_175MHz_type_0_GBD_DART.fits_cleaned.ar.ps.pdf
13-09-2025 12:23 - WARNING - ps2pdf_cmd2: singularity exec /home/dsp/singularity_imag/pschive_py3.sif  ps2pdf J0953+0755_60931.21_175MHz_type_0_GBD_DART_stokes_Incoherent_DD.fits_cleaned.ar.ps J0953+0755_60931.21_175MHz_type_0_GBD_DART_stokes_Incoherent_DD.fits_cleaned.ar.ps.pdf
13-09-2025 12:23 - WARNING - Time taken for PDMP run: 0:00:03.664695
13-09-2025 12:23 - WARNING - Overall time taken for data reduction: 1:15:20.422823
13-09-2025 12:23 - WARNING - J0953+0755_2025_09_13_10_36_39_type_0.dada... file removed
13-09-2025 12:23 - WARNING - All done!
13-09-2025 12:28 --- PRESTO ---
13-09-2025 12:28 singularity_container: singularity exec /home/dsp/singularity_imag/pschive_py3.sif  
13-09-2025 12:28 Filterbank to Process for PULSAR: J0953+0755 with DM:2.94368147353273 : J0953+0755_2025_09_13_10_36_39_type_0.dada_intensity.fits
13-09-2025 12:28 --- RFIFIND ---
13-09-2025 12:28 RFIFIND: singularity exec /home/dsp/singularity_imag/pschive_py3.sif   rfifind -time 2.0 -o J0953+0755 J0953+0755_2025_09_13_10_36_39_type_0.dada_intensity.fits
13-09-2025 12:29 --- PREPDATA ---
13-09-2025 12:29 PREPDATA: singularity exec /home/dsp/singularity_imag/pschive_py3.sif   prepdata -nobary -o J0953+0755_2025_09_13_10_36_39_type_0.dada_intensity.fits -dm 2.94368147353273 -mask J0953+0755_rfifind.mask J0953+0755_2025_09_13_10_36_39_type_0.dada_intensity.fits
13-09-2025 12:29 --- REALFFT ---
13-09-2025 12:29 REALFFT: singularity exec /home/dsp/singularity_imag/pschive_py3.sif   realfft  J0953+0755_2025_09_13_10_36_39_type_0.dada_intensity.fits.dat
13-09-2025 12:29 --- ACCELSEARCH ---
13-09-2025 12:29 ACCELSEARCH: singularity exec /home/dsp/singularity_imag/pschive_py3.sif   accelsearch -numharm 8 -zmax 8  J0953+0755_2025_09_13_10_36_39_type_0.dada_intensity.fits.fft
13-09-2025 12:29 Observation Over.
