11-09-2025 12:19 Waiting for J1136+1551 observation...
11-09-2025 12:19 Observation started...
11-09-2025 12:19 Pulsar: J1136+1551 , parfile: /home/dsp/parfiles/J1136+1551.par , DM: 4.7839708
11-09-2025 12:19 Trigger sent to obs. PC [VELA].
11-09-2025 12:54 Acquired 80.
11-09-2025 12:54 ACQ over.
11-09-2025 12:54 Removing Trigger file from remote machine 
11-09-2025 12:54 Observation stoped.
-rw------- 1 dsp dsp 2.0G Sep 11 12:15 /data/TRANSIENT_BUFFER/PDR_GULP_data000.pcap_11_09_2025_12_15_1757573108.PCAP_PDR
-rw------- 1 dsp dsp 2.0G Sep 11 12:15 /data/TRANSIENT_BUFFER/PDR_GULP_data001.pcap_11_09_2025_12_15_1757573137.PCAP_PDR
-rw------- 1 dsp dsp 2.0G Sep 11 12:16 /data/TRANSIENT_BUFFER/PDR_GULP_data002.pcap_11_09_2025_12_16_1757573167.PCAP_PDR
-rw------- 1 dsp dsp 2.0G Sep 11 12:16 /data/TRANSIENT_BUFFER/PDR_GULP_data000.pcap_11_09_2025_12_16_1757573196.PCAP_PDR
-rw------- 1 dsp dsp 2.0G Sep 11 12:17 /data/TRANSIENT_BUFFER/PDR_GULP_data001.pcap_11_09_2025_12_17_1757573225.PCAP_PDR
-rw------- 1 dsp dsp 2.0G Sep 11 12:17 /data/TRANSIENT_BUFFER/PDR_GULP_data002.pcap_11_09_2025_12_17_1757573254.PCAP_PDR
-rw------- 1 dsp dsp 2.0G Sep 11 12:18 /data/TRANSIENT_BUFFER/PDR_GULP_data000.pcap_11_09_2025_12_18_1757573283.PCAP_PDR
-rw------- 1 dsp dsp 2.0G Sep 11 12:18 /data/TRANSIENT_BUFFER/PDR_GULP_data001.pcap_11_09_2025_12_18_1757573313.PCAP_PDR
-rw------- 1 dsp dsp 2.0G Sep 11 12:18 /data/TRANSIENT_BUFFER/PDR_GULP_data002.pcap_11_09_2025_12_19_1757573342.PCAP_PDR
-rw------- 1 dsp dsp 2.0G Sep 11 12:19 /data/TRANSIENT_BUFFER/PDR_GULP_data000.pcap_11_09_2025_12_19_1757573371.PCAP_PDR
-rw------- 1 dsp dsp 2.0G Sep 11 12:19 /data/TRANSIENT_BUFFER/PDR_GULP_data001.pcap_11_09_2025_12_20_1757573400.PCAP_PDR
-rw------- 1 dsp dsp 2.0G Sep 11 12:20 /data/TRANSIENT_BUFFER/PDR_GULP_data002.pcap_11_09_2025_12_20_1757573429.PCAP_PDR
-rw------- 1 dsp dsp 2.0G Sep 11 12:20 /data/TRANSIENT_BUFFER/PDR_GULP_data000.pcap_11_09_2025_12_20_1757573459.PCAP_PDR
-rw------- 1 dsp dsp 2.0G Sep 11 12:21 /data/TRANSIENT_BUFFER/PDR_GULP_data001.pcap_11_09_2025_12_21_1757573488.PCAP_PDR
-rw------- 1 dsp dsp 2.0G Sep 11 12:21 /data/TRANSIENT_BUFFER/PDR_GULP_data002.pcap_11_09_2025_12_21_1757573517.PCAP_PDR
-rw------- 1 dsp dsp 2.0G Sep 11 12:22 /data/TRANSIENT_BUFFER/PDR_GULP_data000.pcap_11_09_2025_12_22_1757573546.PCAP_PDR
-rw------- 1 dsp dsp 2.0G Sep 11 12:22 /data/TRANSIENT_BUFFER/PDR_GULP_data001.pcap_11_09_2025_12_22_1757573575.PCAP_PDR
-rw------- 1 dsp dsp 2.0G Sep 11 12:23 /data/TRANSIENT_BUFFER/PDR_GULP_data002.pcap_11_09_2025_12_23_1757573605.PCAP_PDR
-rw------- 1 dsp dsp 2.0G Sep 11 12:23 /data/TRANSIENT_BUFFER/PDR_GULP_data000.pcap_11_09_2025_12_23_1757573634.PCAP_PDR
-rw------- 1 dsp dsp 2.0G Sep 11 12:24 /data/TRANSIENT_BUFFER/PDR_GULP_data001.pcap_11_09_2025_12_24_1757573663.PCAP_PDR
-rw------- 1 dsp dsp 2.0G Sep 11 12:24 /data/TRANSIENT_BUFFER/PDR_GULP_data002.pcap_11_09_2025_12_24_1757573692.PCAP_PDR
-rw------- 1 dsp dsp 2.0G Sep 11 12:25 /data/TRANSIENT_BUFFER/PDR_GULP_data000.pcap_11_09_2025_12_25_1757573721.PCAP_PDR
-rw------- 1 dsp dsp 2.0G Sep 11 12:25 /data/TRANSIENT_BUFFER/PDR_GULP_data001.pcap_11_09_2025_12_25_1757573751.PCAP_PDR
-rw------- 1 dsp dsp 2.0G Sep 11 12:26 /data/TRANSIENT_BUFFER/PDR_GULP_data002.pcap_11_09_2025_12_26_1757573780.PCAP_PDR
-rw------- 1 dsp dsp 2.0G Sep 11 12:26 /data/TRANSIENT_BUFFER/PDR_GULP_data000.pcap_11_09_2025_12_26_1757573809.PCAP_PDR
-rw------- 1 dsp dsp 2.0G Sep 11 12:27 /data/TRANSIENT_BUFFER/PDR_GULP_data001.pcap_11_09_2025_12_27_1757573838.PCAP_PDR
-rw------- 1 dsp dsp 2.0G Sep 11 12:27 /data/TRANSIENT_BUFFER/PDR_GULP_data002.pcap_11_09_2025_12_27_1757573868.PCAP_PDR
-rw------- 1 dsp dsp 2.0G Sep 11 12:28 /data/TRANSIENT_BUFFER/PDR_GULP_data000.pcap_11_09_2025_12_28_1757573897.PCAP_PDR
-rw------- 1 dsp dsp 2.0G Sep 11 12:28 /data/TRANSIENT_BUFFER/PDR_GULP_data001.pcap_11_09_2025_12_28_1757573926.PCAP_PDR
-rw------- 1 dsp dsp 2.0G Sep 11 12:29 /data/TRANSIENT_BUFFER/PDR_GULP_data002.pcap_11_09_2025_12_29_1757573955.PCAP_PDR
-rw------- 1 dsp dsp 2.0G Sep 11 12:29 /data/TRANSIENT_BUFFER/PDR_GULP_data000.pcap_11_09_2025_12_29_1757573984.PCAP_PDR
-rw------- 1 dsp dsp 2.0G Sep 11 12:30 /data/TRANSIENT_BUFFER/PDR_GULP_data001.pcap_11_09_2025_12_30_1757574014.PCAP_PDR
-rw------- 1 dsp dsp 2.0G Sep 11 12:30 /data/TRANSIENT_BUFFER/PDR_GULP_data002.pcap_11_09_2025_12_30_1757574043.PCAP_PDR
-rw------- 1 dsp dsp 2.0G Sep 11 12:31 /data/TRANSIENT_BUFFER/PDR_GULP_data000.pcap_11_09_2025_12_31_1757574072.PCAP_PDR
-rw------- 1 dsp dsp 2.0G Sep 11 12:31 /data/TRANSIENT_BUFFER/PDR_GULP_data001.pcap_11_09_2025_12_31_1757574101.PCAP_PDR
-rw------- 1 dsp dsp 2.0G Sep 11 12:32 /data/TRANSIENT_BUFFER/PDR_GULP_data002.pcap_11_09_2025_12_32_1757574130.PCAP_PDR
-rw------- 1 dsp dsp 2.0G Sep 11 12:32 /data/TRANSIENT_BUFFER/PDR_GULP_data000.pcap_11_09_2025_12_32_1757574160.PCAP_PDR
-rw------- 1 dsp dsp 2.0G Sep 11 12:33 /data/TRANSIENT_BUFFER/PDR_GULP_data001.pcap_11_09_2025_12_33_1757574189.PCAP_PDR
-rw------- 1 dsp dsp 2.0G Sep 11 12:33 /data/TRANSIENT_BUFFER/PDR_GULP_data002.pcap_11_09_2025_12_33_1757574218.PCAP_PDR
-rw------- 1 dsp dsp 2.0G Sep 11 12:34 /data/TRANSIENT_BUFFER/PDR_GULP_data000.pcap_11_09_2025_12_34_1757574247.PCAP_PDR
-rw------- 1 dsp dsp 2.0G Sep 11 12:34 /data/TRANSIENT_BUFFER/PDR_GULP_data001.pcap_11_09_2025_12_34_1757574276.PCAP_PDR
-rw------- 1 dsp dsp 2.0G Sep 11 12:35 /data/TRANSIENT_BUFFER/PDR_GULP_data002.pcap_11_09_2025_12_35_1757574306.PCAP_PDR
-rw------- 1 dsp dsp 2.0G Sep 11 12:35 /data/TRANSIENT_BUFFER/PDR_GULP_data000.pcap_11_09_2025_12_35_1757574335.PCAP_PDR
-rw------- 1 dsp dsp 2.0G Sep 11 12:36 /data/TRANSIENT_BUFFER/PDR_GULP_data001.pcap_11_09_2025_12_36_1757574364.PCAP_PDR
-rw------- 1 dsp dsp 2.0G Sep 11 12:36 /data/TRANSIENT_BUFFER/PDR_GULP_data002.pcap_11_09_2025_12_36_1757574393.PCAP_PDR
-rw------- 1 dsp dsp 2.0G Sep 11 12:36 /data/TRANSIENT_BUFFER/PDR_GULP_data000.pcap_11_09_2025_12_37_1757574422.PCAP_PDR
-rw------- 1 dsp dsp 2.0G Sep 11 12:37 /data/TRANSIENT_BUFFER/PDR_GULP_data001.pcap_11_09_2025_12_37_1757574452.PCAP_PDR
-rw------- 1 dsp dsp 2.0G Sep 11 12:37 /data/TRANSIENT_BUFFER/PDR_GULP_data002.pcap_11_09_2025_12_38_1757574481.PCAP_PDR
-rw------- 1 dsp dsp 2.0G Sep 11 12:38 /data/TRANSIENT_BUFFER/PDR_GULP_data000.pcap_11_09_2025_12_38_1757574510.PCAP_PDR
-rw------- 1 dsp dsp 2.0G Sep 11 12:38 /data/TRANSIENT_BUFFER/PDR_GULP_data001.pcap_11_09_2025_12_38_1757574539.PCAP_PDR
-rw------- 1 dsp dsp 2.0G Sep 11 12:39 /data/TRANSIENT_BUFFER/PDR_GULP_data002.pcap_11_09_2025_12_39_1757574569.PCAP_PDR
-rw------- 1 dsp dsp 2.0G Sep 11 12:39 /data/TRANSIENT_BUFFER/PDR_GULP_data000.pcap_11_09_2025_12_39_1757574598.PCAP_PDR
-rw------- 1 dsp dsp 2.0G Sep 11 12:40 /data/TRANSIENT_BUFFER/PDR_GULP_data001.pcap_11_09_2025_12_40_1757574627.PCAP_PDR
-rw------- 1 dsp dsp 2.0G Sep 11 12:40 /data/TRANSIENT_BUFFER/PDR_GULP_data002.pcap_11_09_2025_12_40_1757574656.PCAP_PDR
-rw------- 1 dsp dsp 2.0G Sep 11 12:41 /data/TRANSIENT_BUFFER/PDR_GULP_data000.pcap_11_09_2025_12_41_1757574685.PCAP_PDR
-rw------- 1 dsp dsp 2.0G Sep 11 12:41 /data/TRANSIENT_BUFFER/PDR_GULP_data001.pcap_11_09_2025_12_41_1757574715.PCAP_PDR
-rw------- 1 dsp dsp 2.0G Sep 11 12:42 /data/TRANSIENT_BUFFER/PDR_GULP_data002.pcap_11_09_2025_12_42_1757574744.PCAP_PDR
-rw------- 1 dsp dsp 2.0G Sep 11 12:42 /data/TRANSIENT_BUFFER/PDR_GULP_data000.pcap_11_09_2025_12_42_1757574773.PCAP_PDR
-rw------- 1 dsp dsp 2.0G Sep 11 12:43 /data/TRANSIENT_BUFFER/PDR_GULP_data001.pcap_11_09_2025_12_43_1757574802.PCAP_PDR
-rw------- 1 dsp dsp 2.0G Sep 11 12:43 /data/TRANSIENT_BUFFER/PDR_GULP_data002.pcap_11_09_2025_12_43_1757574831.PCAP_PDR
-rw------- 1 dsp dsp 2.0G Sep 11 12:44 /data/TRANSIENT_BUFFER/PDR_GULP_data000.pcap_11_09_2025_12_44_1757574861.PCAP_PDR
-rw------- 1 dsp dsp 2.0G Sep 11 12:44 /data/TRANSIENT_BUFFER/PDR_GULP_data001.pcap_11_09_2025_12_44_1757574890.PCAP_PDR
-rw------- 1 dsp dsp 2.0G Sep 11 12:45 /data/TRANSIENT_BUFFER/PDR_GULP_data002.pcap_11_09_2025_12_45_1757574919.PCAP_PDR
-rw------- 1 dsp dsp 2.0G Sep 11 12:45 /data/TRANSIENT_BUFFER/PDR_GULP_data000.pcap_11_09_2025_12_45_1757574948.PCAP_PDR
-rw------- 1 dsp dsp 2.0G Sep 11 12:46 /data/TRANSIENT_BUFFER/PDR_GULP_data001.pcap_11_09_2025_12_46_1757574977.PCAP_PDR
-rw------- 1 dsp dsp 2.0G Sep 11 12:46 /data/TRANSIENT_BUFFER/PDR_GULP_data002.pcap_11_09_2025_12_46_1757575007.PCAP_PDR
-rw------- 1 dsp dsp 2.0G Sep 11 12:47 /data/TRANSIENT_BUFFER/PDR_GULP_data000.pcap_11_09_2025_12_47_1757575036.PCAP_PDR
-rw------- 1 dsp dsp 2.0G Sep 11 12:47 /data/TRANSIENT_BUFFER/PDR_GULP_data001.pcap_11_09_2025_12_47_1757575065.PCAP_PDR
-rw------- 1 dsp dsp 2.0G Sep 11 12:48 /data/TRANSIENT_BUFFER/PDR_GULP_data002.pcap_11_09_2025_12_48_1757575094.PCAP_PDR
-rw------- 1 dsp dsp 2.0G Sep 11 12:48 /data/TRANSIENT_BUFFER/PDR_GULP_data000.pcap_11_09_2025_12_48_1757575123.PCAP_PDR
-rw------- 1 dsp dsp 2.0G Sep 11 12:49 /data/TRANSIENT_BUFFER/PDR_GULP_data001.pcap_11_09_2025_12_49_1757575153.PCAP_PDR
-rw------- 1 dsp dsp 2.0G Sep 11 12:49 /data/TRANSIENT_BUFFER/PDR_GULP_data002.pcap_11_09_2025_12_49_1757575182.PCAP_PDR
-rw------- 1 dsp dsp 2.0G Sep 11 12:50 /data/TRANSIENT_BUFFER/PDR_GULP_data000.pcap_11_09_2025_12_50_1757575211.PCAP_PDR
-rw------- 1 dsp dsp 2.0G Sep 11 12:50 /data/TRANSIENT_BUFFER/PDR_GULP_data001.pcap_11_09_2025_12_50_1757575240.PCAP_PDR
-rw------- 1 dsp dsp 2.0G Sep 11 12:51 /data/TRANSIENT_BUFFER/PDR_GULP_data002.pcap_11_09_2025_12_51_1757575270.PCAP_PDR
-rw------- 1 dsp dsp 2.0G Sep 11 12:51 /data/TRANSIENT_BUFFER/PDR_GULP_data000.pcap_11_09_2025_12_51_1757575299.PCAP_PDR
-rw------- 1 dsp dsp 2.0G Sep 11 12:52 /data/TRANSIENT_BUFFER/PDR_GULP_data001.pcap_11_09_2025_12_52_1757575328.PCAP_PDR
-rw------- 1 dsp dsp 2.0G Sep 11 12:52 /data/TRANSIENT_BUFFER/PDR_GULP_data002.pcap_11_09_2025_12_52_1757575357.PCAP_PDR
-rw------- 1 dsp dsp 2.0G Sep 11 12:53 /data/TRANSIENT_BUFFER/PDR_GULP_data000.pcap_11_09_2025_12_53_1757575386.PCAP_PDR
-rw------- 1 dsp dsp 2.0G Sep 11 12:53 /data/TRANSIENT_BUFFER/PDR_GULP_data001.pcap_11_09_2025_12_53_1757575416.PCAP_PDR
11-09-2025 12:54 RAW PCAP data moved from Transient Buffer.
11-09-2025 12:54 SLIP check Started ...
11-09-2025 12:54 - WARNING - Data Directory: /data/dsp/GBD_TRANSIENT_BUFFER/J1136+1551/11_09_2025
11-09-2025 12:54 - WARNING - Number of Files: 80
11-09-2025 12:54 - WARNING - No packet loss: /data/dsp/GBD_TRANSIENT_BUFFER/J1136+1551/11_09_2025/PDR_GULP_data000.pcap_11_09_2025_12_15_1757573108.PCAP_PDR
11-09-2025 12:54 - WARNING - first_pkt_count, first_gps_count, first_pkt_Tstamp
11-09-2025 12:54 - WARNING - 219549240 16081 2025-09-11T06:44:36.414286
11-09-2025 12:54 - WARNING - last_pkt_count, last_gps_count, last_pkt_Tstamp
11-09-2025 12:54 - WARNING - 221431781 16116 2025-09-11T06:45:05.622209
11-09-2025 12:54 - WARNING - diff_pkt_count  , diff_gps_count ,  diff_pkt_timstamp
11-09-2025 12:54 - WARNING - 1882541 35 29207923 microseconds
11-09-2025 12:54 - WARNING - No packet loss: /data/dsp/GBD_TRANSIENT_BUFFER/J1136+1551/11_09_2025/PDR_GULP_data001.pcap_11_09_2025_12_15_1757573137.PCAP_PDR
11-09-2025 12:54 - WARNING - first_pkt_count, first_gps_count, first_pkt_Tstamp
11-09-2025 12:54 - WARNING - 221431782 16116 2025-09-11T06:45:05.622209
11-09-2025 12:54 - WARNING - last_pkt_count, last_gps_count, last_pkt_Tstamp
11-09-2025 12:54 - WARNING - 223314324 16147 2025-09-11T06:45:34.830173
11-09-2025 12:54 - WARNING - diff_pkt_count  , diff_gps_count ,  diff_pkt_timstamp
11-09-2025 12:54 - WARNING - 1882542 31 29207964 microseconds
11-09-2025 12:54 - WARNING - No packet loss: /data/dsp/GBD_TRANSIENT_BUFFER/J1136+1551/11_09_2025/PDR_GULP_data002.pcap_11_09_2025_12_16_1757573167.PCAP_PDR
11-09-2025 12:54 - WARNING - first_pkt_count, first_gps_count, first_pkt_Tstamp
11-09-2025 12:54 - WARNING - 223314325 16147 2025-09-11T06:45:34.830269
11-09-2025 12:54 - WARNING - last_pkt_count, last_gps_count, last_pkt_Tstamp
11-09-2025 12:54 - WARNING - 225196866 16184 2025-09-11T06:46:04.038213
11-09-2025 12:54 - WARNING - diff_pkt_count  , diff_gps_count ,  diff_pkt_timstamp
11-09-2025 12:54 - WARNING - 1882541 37 29207944 microseconds
11-09-2025 12:54 - WARNING - No packet loss: /data/dsp/GBD_TRANSIENT_BUFFER/J1136+1551/11_09_2025/PDR_GULP_data000.pcap_11_09_2025_12_16_1757573196.PCAP_PDR
11-09-2025 12:54 - WARNING - first_pkt_count, first_gps_count, first_pkt_Tstamp
11-09-2025 12:54 - WARNING - 225196867 16184 2025-09-11T06:46:04.038213
11-09-2025 12:54 - WARNING - last_pkt_count, last_gps_count, last_pkt_Tstamp
11-09-2025 12:54 - WARNING - 227079408 16215 2025-09-11T06:46:33.246179
11-09-2025 12:54 - WARNING - diff_pkt_count  , diff_gps_count ,  diff_pkt_timstamp
11-09-2025 12:54 - WARNING - 1882541 31 29207966 microseconds
11-09-2025 12:54 - WARNING - No packet loss: /data/dsp/GBD_TRANSIENT_BUFFER/J1136+1551/11_09_2025/PDR_GULP_data001.pcap_11_09_2025_12_17_1757573225.PCAP_PDR
11-09-2025 12:54 - WARNING - first_pkt_count, first_gps_count, first_pkt_Tstamp
11-09-2025 12:54 - WARNING - 227079409 16215 2025-09-11T06:46:33.246179
11-09-2025 12:54 - WARNING - last_pkt_count, last_gps_count, last_pkt_Tstamp
11-09-2025 12:54 - WARNING - 228961950 16246 2025-09-11T06:47:02.454128
11-09-2025 12:54 - WARNING - diff_pkt_count  , diff_gps_count ,  diff_pkt_timstamp
11-09-2025 12:54 - WARNING - 1882541 31 29207949 microseconds
11-09-2025 12:54 - WARNING - No packet loss: /data/dsp/GBD_TRANSIENT_BUFFER/J1136+1551/11_09_2025/PDR_GULP_data002.pcap_11_09_2025_12_17_1757573254.PCAP_PDR
11-09-2025 12:54 - WARNING - first_pkt_count, first_gps_count, first_pkt_Tstamp
11-09-2025 12:54 - WARNING - 228961951 16246 2025-09-11T06:47:02.454128
11-09-2025 12:54 - WARNING - last_pkt_count, last_gps_count, last_pkt_Tstamp
11-09-2025 12:54 - WARNING - 230844492 16282 2025-09-11T06:47:31.662116
11-09-2025 12:54 - WARNING - diff_pkt_count  , diff_gps_count ,  diff_pkt_timstamp
11-09-2025 12:54 - WARNING - 1882541 36 29207988 microseconds
11-09-2025 12:54 - WARNING - No packet loss: /data/dsp/GBD_TRANSIENT_BUFFER/J1136+1551/11_09_2025/PDR_GULP_data000.pcap_11_09_2025_12_18_1757573283.PCAP_PDR
11-09-2025 12:54 - WARNING - first_pkt_count, first_gps_count, first_pkt_Tstamp
11-09-2025 12:54 - WARNING - 230844493 16282 2025-09-11T06:47:31.662197
11-09-2025 12:54 - WARNING - last_pkt_count, last_gps_count, last_pkt_Tstamp
11-09-2025 12:54 - WARNING - 232727034 16317 2025-09-11T06:48:00.870123
11-09-2025 12:54 - WARNING - diff_pkt_count  , diff_gps_count ,  diff_pkt_timstamp
11-09-2025 12:54 - WARNING - 1882541 35 29207926 microseconds
11-09-2025 12:54 - WARNING - No packet loss: /data/dsp/GBD_TRANSIENT_BUFFER/J1136+1551/11_09_2025/PDR_GULP_data001.pcap_11_09_2025_12_18_1757573313.PCAP_PDR
11-09-2025 12:54 - WARNING - first_pkt_count, first_gps_count, first_pkt_Tstamp
11-09-2025 12:54 - WARNING - 232727035 16317 2025-09-11T06:48:00.870123
11-09-2025 12:54 - WARNING - last_pkt_count, last_gps_count, last_pkt_Tstamp
11-09-2025 12:54 - WARNING - 234609577 16350 2025-09-11T06:48:30.078081
11-09-2025 12:54 - WARNING - diff_pkt_count  , diff_gps_count ,  diff_pkt_timstamp
11-09-2025 12:54 - WARNING - 1882542 33 29207958 microseconds
11-09-2025 12:54 - WARNING - No packet loss: /data/dsp/GBD_TRANSIENT_BUFFER/J1136+1551/11_09_2025/PDR_GULP_data002.pcap_11_09_2025_12_19_1757573342.PCAP_PDR
11-09-2025 12:54 - WARNING - first_pkt_count, first_gps_count, first_pkt_Tstamp
11-09-2025 12:54 - WARNING - 234609578 16350 2025-09-11T06:48:30.078081
11-09-2025 12:54 - WARNING - last_pkt_count, last_gps_count, last_pkt_Tstamp
11-09-2025 12:54 - WARNING - 236492119 16385 2025-09-11T06:48:59.286038
11-09-2025 12:54 - WARNING - diff_pkt_count  , diff_gps_count ,  diff_pkt_timstamp
11-09-2025 12:54 - WARNING - 1882541 35 29207957 microseconds
11-09-2025 12:54 - WARNING - No packet loss: /data/dsp/GBD_TRANSIENT_BUFFER/J1136+1551/11_09_2025/PDR_GULP_data000.pcap_11_09_2025_12_19_1757573371.PCAP_PDR
11-09-2025 12:54 - WARNING - first_pkt_count, first_gps_count, first_pkt_Tstamp
11-09-2025 12:54 - WARNING - 236492120 16385 2025-09-11T06:48:59.286127
11-09-2025 12:54 - WARNING - last_pkt_count, last_gps_count, last_pkt_Tstamp
11-09-2025 12:54 - WARNING - 238374661 16419 2025-09-11T06:49:28.494008
11-09-2025 12:54 - WARNING - diff_pkt_count  , diff_gps_count ,  diff_pkt_timstamp
11-09-2025 12:54 - WARNING - 1882541 34 29207881 microseconds
11-09-2025 12:54 - WARNING - No packet loss: /data/dsp/GBD_TRANSIENT_BUFFER/J1136+1551/11_09_2025/PDR_GULP_data001.pcap_11_09_2025_12_20_1757573400.PCAP_PDR
11-09-2025 12:54 - WARNING - first_pkt_count, first_gps_count, first_pkt_Tstamp
11-09-2025 12:54 - WARNING - 238374662 16419 2025-09-11T06:49:28.494060
11-09-2025 12:54 - WARNING - last_pkt_count, last_gps_count, last_pkt_Tstamp
11-09-2025 12:54 - WARNING - 240257203 16453 2025-09-11T06:49:57.701980
11-09-2025 12:54 - WARNING - diff_pkt_count  , diff_gps_count ,  diff_pkt_timstamp
11-09-2025 12:54 - WARNING - 1882541 34 29207920 microseconds
11-09-2025 12:54 - WARNING - No packet loss: /data/dsp/GBD_TRANSIENT_BUFFER/J1136+1551/11_09_2025/PDR_GULP_data002.pcap_11_09_2025_12_20_1757573429.PCAP_PDR
11-09-2025 12:54 - WARNING - first_pkt_count, first_gps_count, first_pkt_Tstamp
11-09-2025 12:54 - WARNING - 240257204 16453 2025-09-11T06:49:57.702033
11-09-2025 12:54 - WARNING - last_pkt_count, last_gps_count, last_pkt_Tstamp
11-09-2025 12:54 - WARNING - 242139745 16486 2025-09-11T06:50:26.909956
11-09-2025 12:54 - WARNING - diff_pkt_count  , diff_gps_count ,  diff_pkt_timstamp
11-09-2025 12:54 - WARNING - 1882541 33 29207923 microseconds
11-09-2025 12:54 - WARNING - No packet loss: /data/dsp/GBD_TRANSIENT_BUFFER/J1136+1551/11_09_2025/PDR_GULP_data000.pcap_11_09_2025_12_20_1757573459.PCAP_PDR
11-09-2025 12:54 - WARNING - first_pkt_count, first_gps_count, first_pkt_Tstamp
11-09-2025 12:54 - WARNING - 242139746 16486 2025-09-11T06:50:26.909957
11-09-2025 12:54 - WARNING - last_pkt_count, last_gps_count, last_pkt_Tstamp
11-09-2025 12:54 - WARNING - 244022287 16520 2025-09-11T06:50:56.117906
11-09-2025 12:54 - WARNING - diff_pkt_count  , diff_gps_count ,  diff_pkt_timstamp
11-09-2025 12:54 - WARNING - 1882541 34 29207949 microseconds
11-09-2025 12:54 - WARNING - No packet loss: /data/dsp/GBD_TRANSIENT_BUFFER/J1136+1551/11_09_2025/PDR_GULP_data001.pcap_11_09_2025_12_21_1757573488.PCAP_PDR
11-09-2025 12:54 - WARNING - first_pkt_count, first_gps_count, first_pkt_Tstamp
11-09-2025 12:54 - WARNING - 244022288 16520 2025-09-11T06:50:56.117906
11-09-2025 12:54 - WARNING - last_pkt_count, last_gps_count, last_pkt_Tstamp
11-09-2025 12:54 - WARNING - 245904830 16552 2025-09-11T06:51:25.325885
11-09-2025 12:54 - WARNING - diff_pkt_count  , diff_gps_count ,  diff_pkt_timstamp
11-09-2025 12:54 - WARNING - 1882542 32 29207979 microseconds
11-09-2025 12:54 - WARNING - No packet loss: /data/dsp/GBD_TRANSIENT_BUFFER/J1136+1551/11_09_2025/PDR_GULP_data002.pcap_11_09_2025_12_21_1757573517.PCAP_PDR
11-09-2025 12:54 - WARNING - first_pkt_count, first_gps_count, first_pkt_Tstamp
11-09-2025 12:54 - WARNING - 245904831 16552 2025-09-11T06:51:25.325937
11-09-2025 12:54 - WARNING - last_pkt_count, last_gps_count, last_pkt_Tstamp
11-09-2025 12:54 - WARNING - 247787372 16588 2025-09-11T06:51:54.533847
11-09-2025 12:54 - WARNING - diff_pkt_count  , diff_gps_count ,  diff_pkt_timstamp
11-09-2025 12:54 - WARNING - 1882541 36 29207910 microseconds
11-09-2025 12:54 - WARNING - No packet loss: /data/dsp/GBD_TRANSIENT_BUFFER/J1136+1551/11_09_2025/PDR_GULP_data000.pcap_11_09_2025_12_22_1757573546.PCAP_PDR
11-09-2025 12:54 - WARNING - first_pkt_count, first_gps_count, first_pkt_Tstamp
11-09-2025 12:54 - WARNING - 247787373 16588 2025-09-11T06:51:54.533899
11-09-2025 12:54 - WARNING - last_pkt_count, last_gps_count, last_pkt_Tstamp
11-09-2025 12:54 - WARNING - 249669914 16623 2025-09-11T06:52:23.741837
11-09-2025 12:54 - WARNING - diff_pkt_count  , diff_gps_count ,  diff_pkt_timstamp
11-09-2025 12:54 - WARNING - 1882541 35 29207938 microseconds
11-09-2025 12:54 - WARNING - No packet loss: /data/dsp/GBD_TRANSIENT_BUFFER/J1136+1551/11_09_2025/PDR_GULP_data001.pcap_11_09_2025_12_22_1757573575.PCAP_PDR
11-09-2025 12:54 - WARNING - first_pkt_count, first_gps_count, first_pkt_Tstamp
11-09-2025 12:54 - WARNING - 249669915 16623 2025-09-11T06:52:23.741837
11-09-2025 12:54 - WARNING - last_pkt_count, last_gps_count, last_pkt_Tstamp
11-09-2025 12:54 - WARNING - 251552456 16656 2025-09-11T06:52:52.949804
11-09-2025 12:54 - WARNING - diff_pkt_count  , diff_gps_count ,  diff_pkt_timstamp
11-09-2025 12:54 - WARNING - 1882541 33 29207967 microseconds
11-09-2025 12:54 - WARNING - No packet loss: /data/dsp/GBD_TRANSIENT_BUFFER/J1136+1551/11_09_2025/PDR_GULP_data002.pcap_11_09_2025_12_23_1757573605.PCAP_PDR
11-09-2025 12:54 - WARNING - first_pkt_count, first_gps_count, first_pkt_Tstamp
11-09-2025 12:54 - WARNING - 251552457 16656 2025-09-11T06:52:52.949805
11-09-2025 12:54 - WARNING - last_pkt_count, last_gps_count, last_pkt_Tstamp
11-09-2025 12:54 - WARNING - 253434998 16690 2025-09-11T06:53:22.157731
11-09-2025 12:54 - WARNING - diff_pkt_count  , diff_gps_count ,  diff_pkt_timstamp
11-09-2025 12:54 - WARNING - 1882541 34 29207926 microseconds
11-09-2025 12:54 - WARNING - No packet loss: /data/dsp/GBD_TRANSIENT_BUFFER/J1136+1551/11_09_2025/PDR_GULP_data000.pcap_11_09_2025_12_23_1757573634.PCAP_PDR
11-09-2025 12:54 - WARNING - first_pkt_count, first_gps_count, first_pkt_Tstamp
11-09-2025 12:54 - WARNING - 253434999 16690 2025-09-11T06:53:22.157731
11-09-2025 12:54 - WARNING - last_pkt_count, last_gps_count, last_pkt_Tstamp
11-09-2025 12:54 - WARNING - 255317540 16726 2025-09-11T06:53:51.365689
11-09-2025 12:54 - WARNING - diff_pkt_count  , diff_gps_count ,  diff_pkt_timstamp
11-09-2025 12:54 - WARNING - 1882541 36 29207958 microseconds
11-09-2025 12:54 - WARNING - No packet loss: /data/dsp/GBD_TRANSIENT_BUFFER/J1136+1551/11_09_2025/PDR_GULP_data001.pcap_11_09_2025_12_24_1757573663.PCAP_PDR
11-09-2025 12:54 - WARNING - first_pkt_count, first_gps_count, first_pkt_Tstamp
11-09-2025 12:54 - WARNING - 255317541 16726 2025-09-11T06:53:51.365689
11-09-2025 12:54 - WARNING - last_pkt_count, last_gps_count, last_pkt_Tstamp
11-09-2025 12:54 - WARNING - 257200083 16758 2025-09-11T06:54:20.573677
11-09-2025 12:54 - WARNING - diff_pkt_count  , diff_gps_count ,  diff_pkt_timstamp
11-09-2025 12:54 - WARNING - 1882542 32 29207988 microseconds
11-09-2025 12:54 - WARNING - No packet loss: /data/dsp/GBD_TRANSIENT_BUFFER/J1136+1551/11_09_2025/PDR_GULP_data002.pcap_11_09_2025_12_24_1757573692.PCAP_PDR
11-09-2025 12:54 - WARNING - first_pkt_count, first_gps_count, first_pkt_Tstamp
11-09-2025 12:54 - WARNING - 257200084 16758 2025-09-11T06:54:20.573678
11-09-2025 12:54 - WARNING - last_pkt_count, last_gps_count, last_pkt_Tstamp
11-09-2025 12:54 - WARNING - 259082625 16794 2025-09-11T06:54:49.781633
11-09-2025 12:54 - WARNING - diff_pkt_count  , diff_gps_count ,  diff_pkt_timstamp
11-09-2025 12:54 - WARNING - 1882541 36 29207955 microseconds
11-09-2025 12:54 - WARNING - No packet loss: /data/dsp/GBD_TRANSIENT_BUFFER/J1136+1551/11_09_2025/PDR_GULP_data000.pcap_11_09_2025_12_25_1757573721.PCAP_PDR
11-09-2025 12:54 - WARNING - first_pkt_count, first_gps_count, first_pkt_Tstamp
11-09-2025 12:54 - WARNING - 259082626 16794 2025-09-11T06:54:49.781634
11-09-2025 12:54 - WARNING - last_pkt_count, last_gps_count, last_pkt_Tstamp
11-09-2025 12:54 - WARNING - 260965167 16828 2025-09-11T06:55:18.989566
11-09-2025 12:54 - WARNING - diff_pkt_count  , diff_gps_count ,  diff_pkt_timstamp
11-09-2025 12:54 - WARNING - 1882541 34 29207932 microseconds
11-09-2025 12:54 - WARNING - No packet loss: /data/dsp/GBD_TRANSIENT_BUFFER/J1136+1551/11_09_2025/PDR_GULP_data001.pcap_11_09_2025_12_25_1757573751.PCAP_PDR
11-09-2025 12:54 - WARNING - first_pkt_count, first_gps_count, first_pkt_Tstamp
11-09-2025 12:54 - WARNING - 260965168 16828 2025-09-11T06:55:18.989567
11-09-2025 12:54 - WARNING - last_pkt_count, last_gps_count, last_pkt_Tstamp
11-09-2025 12:54 - WARNING - 262847709 16863 2025-09-11T06:55:48.197519
11-09-2025 12:54 - WARNING - diff_pkt_count  , diff_gps_count ,  diff_pkt_timstamp
11-09-2025 12:54 - WARNING - 1882541 35 29207952 microseconds
11-09-2025 12:54 - WARNING - No packet loss: /data/dsp/GBD_TRANSIENT_BUFFER/J1136+1551/11_09_2025/PDR_GULP_data002.pcap_11_09_2025_12_26_1757573780.PCAP_PDR
11-09-2025 12:54 - WARNING - first_pkt_count, first_gps_count, first_pkt_Tstamp
11-09-2025 12:54 - WARNING - 262847710 16863 2025-09-11T06:55:48.197520
11-09-2025 12:54 - WARNING - last_pkt_count, last_gps_count, last_pkt_Tstamp
11-09-2025 12:54 - WARNING - 264730251 16897 2025-09-11T06:56:17.405437
11-09-2025 12:54 - WARNING - diff_pkt_count  , diff_gps_count ,  diff_pkt_timstamp
11-09-2025 12:54 - WARNING - 1882541 34 29207917 microseconds
11-09-2025 12:54 - WARNING - No packet loss: /data/dsp/GBD_TRANSIENT_BUFFER/J1136+1551/11_09_2025/PDR_GULP_data000.pcap_11_09_2025_12_26_1757573809.PCAP_PDR
11-09-2025 12:54 - WARNING - first_pkt_count, first_gps_count, first_pkt_Tstamp
11-09-2025 12:54 - WARNING - 264730252 16897 2025-09-11T06:56:17.405490
11-09-2025 12:54 - WARNING - last_pkt_count, last_gps_count, last_pkt_Tstamp
11-09-2025 12:54 - WARNING - 266612794 16931 2025-09-11T06:56:46.613410
11-09-2025 12:54 - WARNING - diff_pkt_count  , diff_gps_count ,  diff_pkt_timstamp
11-09-2025 12:54 - WARNING - 1882542 34 29207920 microseconds
11-09-2025 12:54 - WARNING - No packet loss: /data/dsp/GBD_TRANSIENT_BUFFER/J1136+1551/11_09_2025/PDR_GULP_data001.pcap_11_09_2025_12_27_1757573838.PCAP_PDR
11-09-2025 12:54 - WARNING - first_pkt_count, first_gps_count, first_pkt_Tstamp
11-09-2025 12:54 - WARNING - 266612795 16931 2025-09-11T06:56:46.613465
11-09-2025 12:54 - WARNING - last_pkt_count, last_gps_count, last_pkt_Tstamp
11-09-2025 12:54 - WARNING - 268495336 16962 2025-09-11T06:57:15.821385
11-09-2025 12:54 - WARNING - diff_pkt_count  , diff_gps_count ,  diff_pkt_timstamp
11-09-2025 12:54 - WARNING - 1882541 31 29207920 microseconds
11-09-2025 12:54 - WARNING - No packet loss: /data/dsp/GBD_TRANSIENT_BUFFER/J1136+1551/11_09_2025/PDR_GULP_data002.pcap_11_09_2025_12_27_1757573868.PCAP_PDR
11-09-2025 12:54 - WARNING - first_pkt_count, first_gps_count, first_pkt_Tstamp
11-09-2025 12:54 - WARNING - 268495337 16962 2025-09-11T06:57:15.821385
11-09-2025 12:54 - WARNING - last_pkt_count, last_gps_count, last_pkt_Tstamp
11-09-2025 12:54 - WARNING - 270377878 16999 2025-09-11T06:57:45.029343
11-09-2025 12:54 - WARNING - diff_pkt_count  , diff_gps_count ,  diff_pkt_timstamp
11-09-2025 12:54 - WARNING - 1882541 37 29207958 microseconds
11-09-2025 12:54 - WARNING - No packet loss: /data/dsp/GBD_TRANSIENT_BUFFER/J1136+1551/11_09_2025/PDR_GULP_data000.pcap_11_09_2025_12_28_1757573897.PCAP_PDR
11-09-2025 12:54 - WARNING - first_pkt_count, first_gps_count, first_pkt_Tstamp
11-09-2025 12:54 - WARNING - 270377879 16999 2025-09-11T06:57:45.029344
11-09-2025 12:54 - WARNING - last_pkt_count, last_gps_count, last_pkt_Tstamp
11-09-2025 12:54 - WARNING - 272260420 17034 2025-09-11T06:58:14.237287
11-09-2025 12:54 - WARNING - diff_pkt_count  , diff_gps_count ,  diff_pkt_timstamp
11-09-2025 12:54 - WARNING - 1882541 35 29207943 microseconds
11-09-2025 12:54 - WARNING - No packet loss: /data/dsp/GBD_TRANSIENT_BUFFER/J1136+1551/11_09_2025/PDR_GULP_data001.pcap_11_09_2025_12_28_1757573926.PCAP_PDR
11-09-2025 12:54 - WARNING - first_pkt_count, first_gps_count, first_pkt_Tstamp
11-09-2025 12:54 - WARNING - 272260421 17034 2025-09-11T06:58:14.237287
11-09-2025 12:54 - WARNING - last_pkt_count, last_gps_count, last_pkt_Tstamp
11-09-2025 12:54 - WARNING - 274142962 17070 2025-09-11T06:58:43.445262
11-09-2025 12:54 - WARNING - diff_pkt_count  , diff_gps_count ,  diff_pkt_timstamp
11-09-2025 12:54 - WARNING - 1882541 36 29207975 microseconds
11-09-2025 12:54 - WARNING - No packet loss: /data/dsp/GBD_TRANSIENT_BUFFER/J1136+1551/11_09_2025/PDR_GULP_data002.pcap_11_09_2025_12_29_1757573955.PCAP_PDR
11-09-2025 12:54 - WARNING - first_pkt_count, first_gps_count, first_pkt_Tstamp
11-09-2025 12:54 - WARNING - 274142963 17070 2025-09-11T06:58:43.445262
11-09-2025 12:54 - WARNING - last_pkt_count, last_gps_count, last_pkt_Tstamp
11-09-2025 12:54 - WARNING - 276025504 17103 2025-09-11T06:59:12.653181
11-09-2025 12:54 - WARNING - diff_pkt_count  , diff_gps_count ,  diff_pkt_timstamp
11-09-2025 12:54 - WARNING - 1882541 33 29207919 microseconds
11-09-2025 12:54 - WARNING - No packet loss: /data/dsp/GBD_TRANSIENT_BUFFER/J1136+1551/11_09_2025/PDR_GULP_data000.pcap_11_09_2025_12_29_1757573984.PCAP_PDR
11-09-2025 12:54 - WARNING - first_pkt_count, first_gps_count, first_pkt_Tstamp
11-09-2025 12:54 - WARNING - 276025505 17103 2025-09-11T06:59:12.653269
11-09-2025 12:54 - WARNING - last_pkt_count, last_gps_count, last_pkt_Tstamp
11-09-2025 12:54 - WARNING - 277908047 17137 2025-09-11T06:59:41.861190
11-09-2025 12:54 - WARNING - diff_pkt_count  , diff_gps_count ,  diff_pkt_timstamp
11-09-2025 12:54 - WARNING - 1882542 34 29207921 microseconds
11-09-2025 12:54 - WARNING - No packet loss: /data/dsp/GBD_TRANSIENT_BUFFER/J1136+1551/11_09_2025/PDR_GULP_data001.pcap_11_09_2025_12_30_1757574014.PCAP_PDR
11-09-2025 12:54 - WARNING - first_pkt_count, first_gps_count, first_pkt_Tstamp
11-09-2025 12:54 - WARNING - 277908048 17137 2025-09-11T06:59:41.861191
11-09-2025 12:54 - WARNING - last_pkt_count, last_gps_count, last_pkt_Tstamp
11-09-2025 12:54 - WARNING - 279790589 17172 2025-09-11T07:00:11.069134
11-09-2025 12:54 - WARNING - diff_pkt_count  , diff_gps_count ,  diff_pkt_timstamp
11-09-2025 12:54 - WARNING - 1882541 35 29207943 microseconds
11-09-2025 12:54 - WARNING - No packet loss: /data/dsp/GBD_TRANSIENT_BUFFER/J1136+1551/11_09_2025/PDR_GULP_data002.pcap_11_09_2025_12_30_1757574043.PCAP_PDR
11-09-2025 12:54 - WARNING - first_pkt_count, first_gps_count, first_pkt_Tstamp
11-09-2025 12:54 - WARNING - 279790590 17172 2025-09-11T07:00:11.069134
11-09-2025 12:54 - WARNING - last_pkt_count, last_gps_count, last_pkt_Tstamp
11-09-2025 12:54 - WARNING - 281673131 17209 2025-09-11T07:00:40.277056
11-09-2025 12:54 - WARNING - diff_pkt_count  , diff_gps_count ,  diff_pkt_timstamp
11-09-2025 12:54 - WARNING - 1882541 37 29207922 microseconds
11-09-2025 12:54 - WARNING - No packet loss: /data/dsp/GBD_TRANSIENT_BUFFER/J1136+1551/11_09_2025/PDR_GULP_data000.pcap_11_09_2025_12_31_1757574072.PCAP_PDR
11-09-2025 12:54 - WARNING - first_pkt_count, first_gps_count, first_pkt_Tstamp
11-09-2025 12:54 - WARNING - 281673132 17209 2025-09-11T07:00:40.277148
11-09-2025 12:54 - WARNING - last_pkt_count, last_gps_count, last_pkt_Tstamp
11-09-2025 12:54 - WARNING - 283555673 17244 2025-09-11T07:01:09.485019
11-09-2025 12:54 - WARNING - diff_pkt_count  , diff_gps_count ,  diff_pkt_timstamp
11-09-2025 12:54 - WARNING - 1882541 35 29207871 microseconds
11-09-2025 12:54 - WARNING - No packet loss: /data/dsp/GBD_TRANSIENT_BUFFER/J1136+1551/11_09_2025/PDR_GULP_data001.pcap_11_09_2025_12_31_1757574101.PCAP_PDR
11-09-2025 12:54 - WARNING - first_pkt_count, first_gps_count, first_pkt_Tstamp
11-09-2025 12:54 - WARNING - 283555674 17244 2025-09-11T07:01:09.485019
11-09-2025 12:54 - WARNING - last_pkt_count, last_gps_count, last_pkt_Tstamp
11-09-2025 12:54 - WARNING - 285438215 17282 2025-09-11T07:01:38.693012
11-09-2025 12:54 - WARNING - diff_pkt_count  , diff_gps_count ,  diff_pkt_timstamp
11-09-2025 12:54 - WARNING - 1882541 38 29207993 microseconds
11-09-2025 12:54 - WARNING - No packet loss: /data/dsp/GBD_TRANSIENT_BUFFER/J1136+1551/11_09_2025/PDR_GULP_data002.pcap_11_09_2025_12_32_1757574130.PCAP_PDR
11-09-2025 12:54 - WARNING - first_pkt_count, first_gps_count, first_pkt_Tstamp
11-09-2025 12:54 - WARNING - 285438216 17282 2025-09-11T07:01:38.693012
11-09-2025 12:54 - WARNING - last_pkt_count, last_gps_count, last_pkt_Tstamp
11-09-2025 12:54 - WARNING - 287320757 17317 2025-09-11T07:02:07.900923
11-09-2025 12:54 - WARNING - diff_pkt_count  , diff_gps_count ,  diff_pkt_timstamp
11-09-2025 12:54 - WARNING - 1882541 35 29207911 microseconds
11-09-2025 12:54 - WARNING - No packet loss: /data/dsp/GBD_TRANSIENT_BUFFER/J1136+1551/11_09_2025/PDR_GULP_data000.pcap_11_09_2025_12_32_1757574160.PCAP_PDR
11-09-2025 12:54 - WARNING - first_pkt_count, first_gps_count, first_pkt_Tstamp
11-09-2025 12:54 - WARNING - 287320758 17317 2025-09-11T07:02:07.900923
11-09-2025 12:54 - WARNING - last_pkt_count, last_gps_count, last_pkt_Tstamp
11-09-2025 12:54 - WARNING - 289203300 17354 2025-09-11T07:02:37.108878
11-09-2025 12:54 - WARNING - diff_pkt_count  , diff_gps_count ,  diff_pkt_timstamp
11-09-2025 12:54 - WARNING - 1882542 37 29207955 microseconds
11-09-2025 12:54 - WARNING - No packet loss: /data/dsp/GBD_TRANSIENT_BUFFER/J1136+1551/11_09_2025/PDR_GULP_data001.pcap_11_09_2025_12_33_1757574189.PCAP_PDR
11-09-2025 12:54 - WARNING - first_pkt_count, first_gps_count, first_pkt_Tstamp
11-09-2025 12:54 - WARNING - 289203301 17354 2025-09-11T07:02:37.108930
11-09-2025 12:54 - WARNING - last_pkt_count, last_gps_count, last_pkt_Tstamp
11-09-2025 12:54 - WARNING - 291085842 17393 2025-09-11T07:03:06.316846
11-09-2025 12:54 - WARNING - diff_pkt_count  , diff_gps_count ,  diff_pkt_timstamp
11-09-2025 12:54 - WARNING - 1882541 39 29207916 microseconds
11-09-2025 12:54 - WARNING - No packet loss: /data/dsp/GBD_TRANSIENT_BUFFER/J1136+1551/11_09_2025/PDR_GULP_data002.pcap_11_09_2025_12_33_1757574218.PCAP_PDR
11-09-2025 12:54 - WARNING - first_pkt_count, first_gps_count, first_pkt_Tstamp
11-09-2025 12:54 - WARNING - 291085843 17393 2025-09-11T07:03:06.316899
11-09-2025 12:54 - WARNING - last_pkt_count, last_gps_count, last_pkt_Tstamp
11-09-2025 12:54 - WARNING - 292968384 17428 2025-09-11T07:03:35.524811
11-09-2025 12:54 - WARNING - diff_pkt_count  , diff_gps_count ,  diff_pkt_timstamp
11-09-2025 12:54 - WARNING - 1882541 35 29207912 microseconds
11-09-2025 12:54 - WARNING - No packet loss: /data/dsp/GBD_TRANSIENT_BUFFER/J1136+1551/11_09_2025/PDR_GULP_data000.pcap_11_09_2025_12_34_1757574247.PCAP_PDR
11-09-2025 12:54 - WARNING - first_pkt_count, first_gps_count, first_pkt_Tstamp
11-09-2025 12:54 - WARNING - 292968385 17428 2025-09-11T07:03:35.524811
11-09-2025 12:54 - WARNING - last_pkt_count, last_gps_count, last_pkt_Tstamp
11-09-2025 12:54 - WARNING - 294850926 17462 2025-09-11T07:04:04.732813
11-09-2025 12:54 - WARNING - diff_pkt_count  , diff_gps_count ,  diff_pkt_timstamp
11-09-2025 12:54 - WARNING - 1882541 34 29208002 microseconds
11-09-2025 12:54 - WARNING - No packet loss: /data/dsp/GBD_TRANSIENT_BUFFER/J1136+1551/11_09_2025/PDR_GULP_data001.pcap_11_09_2025_12_34_1757574276.PCAP_PDR
11-09-2025 12:54 - WARNING - first_pkt_count, first_gps_count, first_pkt_Tstamp
11-09-2025 12:54 - WARNING - 294850927 17462 2025-09-11T07:04:04.732814
11-09-2025 12:54 - WARNING - last_pkt_count, last_gps_count, last_pkt_Tstamp
11-09-2025 12:54 - WARNING - 296733468 17493 2025-09-11T07:04:33.940751
11-09-2025 12:54 - WARNING - diff_pkt_count  , diff_gps_count ,  diff_pkt_timstamp
11-09-2025 12:54 - WARNING - 1882541 31 29207937 microseconds
11-09-2025 12:54 - WARNING - No packet loss: /data/dsp/GBD_TRANSIENT_BUFFER/J1136+1551/11_09_2025/PDR_GULP_data002.pcap_11_09_2025_12_35_1757574306.PCAP_PDR
11-09-2025 12:54 - WARNING - first_pkt_count, first_gps_count, first_pkt_Tstamp
11-09-2025 12:54 - WARNING - 296733469 17493 2025-09-11T07:04:33.940752
11-09-2025 12:54 - WARNING - last_pkt_count, last_gps_count, last_pkt_Tstamp
11-09-2025 12:54 - WARNING - 298616010 17526 2025-09-11T07:05:03.148697
11-09-2025 12:54 - WARNING - diff_pkt_count  , diff_gps_count ,  diff_pkt_timstamp
11-09-2025 12:54 - WARNING - 1882541 33 29207945 microseconds
11-09-2025 12:54 - WARNING - No packet loss: /data/dsp/GBD_TRANSIENT_BUFFER/J1136+1551/11_09_2025/PDR_GULP_data000.pcap_11_09_2025_12_35_1757574335.PCAP_PDR
11-09-2025 12:54 - WARNING - first_pkt_count, first_gps_count, first_pkt_Tstamp
11-09-2025 12:54 - WARNING - 298616011 17526 2025-09-11T07:05:03.148697
11-09-2025 12:54 - WARNING - last_pkt_count, last_gps_count, last_pkt_Tstamp
11-09-2025 12:54 - WARNING - 300498553 17555 2025-09-11T07:05:32.356618
11-09-2025 12:54 - WARNING - diff_pkt_count  , diff_gps_count ,  diff_pkt_timstamp
11-09-2025 12:54 - WARNING - 1882542 29 29207921 microseconds
11-09-2025 12:54 - WARNING - No packet loss: /data/dsp/GBD_TRANSIENT_BUFFER/J1136+1551/11_09_2025/PDR_GULP_data001.pcap_11_09_2025_12_36_1757574364.PCAP_PDR
11-09-2025 12:54 - WARNING - first_pkt_count, first_gps_count, first_pkt_Tstamp
11-09-2025 12:54 - WARNING - 300498554 17555 2025-09-11T07:05:32.356670
11-09-2025 12:54 - WARNING - last_pkt_count, last_gps_count, last_pkt_Tstamp
11-09-2025 12:54 - WARNING - 302381095 17588 2025-09-11T07:06:01.564581
11-09-2025 12:54 - WARNING - diff_pkt_count  , diff_gps_count ,  diff_pkt_timstamp
11-09-2025 12:54 - WARNING - 1882541 33 29207911 microseconds
11-09-2025 12:54 - WARNING - No packet loss: /data/dsp/GBD_TRANSIENT_BUFFER/J1136+1551/11_09_2025/PDR_GULP_data002.pcap_11_09_2025_12_36_1757574393.PCAP_PDR
11-09-2025 12:54 - WARNING - first_pkt_count, first_gps_count, first_pkt_Tstamp
11-09-2025 12:54 - WARNING - 302381096 17588 2025-09-11T07:06:01.564669
11-09-2025 12:54 - WARNING - last_pkt_count, last_gps_count, last_pkt_Tstamp
11-09-2025 12:54 - WARNING - 304263637 17625 2025-09-11T07:06:30.772557
11-09-2025 12:54 - WARNING - diff_pkt_count  , diff_gps_count ,  diff_pkt_timstamp
11-09-2025 12:54 - WARNING - 1882541 37 29207888 microseconds
11-09-2025 12:54 - WARNING - No packet loss: /data/dsp/GBD_TRANSIENT_BUFFER/J1136+1551/11_09_2025/PDR_GULP_data000.pcap_11_09_2025_12_37_1757574422.PCAP_PDR
11-09-2025 12:54 - WARNING - first_pkt_count, first_gps_count, first_pkt_Tstamp
11-09-2025 12:54 - WARNING - 304263638 17625 2025-09-11T07:06:30.772557
11-09-2025 12:54 - WARNING - last_pkt_count, last_gps_count, last_pkt_Tstamp
11-09-2025 12:54 - WARNING - 306146179 17655 2025-09-11T07:06:59.980514
11-09-2025 12:54 - WARNING - diff_pkt_count  , diff_gps_count ,  diff_pkt_timstamp
11-09-2025 12:54 - WARNING - 1882541 30 29207957 microseconds
11-09-2025 12:54 - WARNING - No packet loss: /data/dsp/GBD_TRANSIENT_BUFFER/J1136+1551/11_09_2025/PDR_GULP_data001.pcap_11_09_2025_12_37_1757574452.PCAP_PDR
11-09-2025 12:54 - WARNING - first_pkt_count, first_gps_count, first_pkt_Tstamp
11-09-2025 12:54 - WARNING - 306146180 17655 2025-09-11T07:06:59.980514
11-09-2025 12:54 - WARNING - last_pkt_count, last_gps_count, last_pkt_Tstamp
11-09-2025 12:54 - WARNING - 308028721 17688 2025-09-11T07:07:29.188445
11-09-2025 12:54 - WARNING - diff_pkt_count  , diff_gps_count ,  diff_pkt_timstamp
11-09-2025 12:54 - WARNING - 1882541 33 29207931 microseconds
11-09-2025 12:54 - WARNING - No packet loss: /data/dsp/GBD_TRANSIENT_BUFFER/J1136+1551/11_09_2025/PDR_GULP_data002.pcap_11_09_2025_12_38_1757574481.PCAP_PDR
11-09-2025 12:54 - WARNING - first_pkt_count, first_gps_count, first_pkt_Tstamp
11-09-2025 12:54 - WARNING - 308028722 17688 2025-09-11T07:07:29.188445
11-09-2025 12:54 - WARNING - last_pkt_count, last_gps_count, last_pkt_Tstamp
11-09-2025 12:54 - WARNING - 309911263 17723 2025-09-11T07:07:58.396397
11-09-2025 12:54 - WARNING - diff_pkt_count  , diff_gps_count ,  diff_pkt_timstamp
11-09-2025 12:54 - WARNING - 1882541 35 29207952 microseconds
11-09-2025 12:54 - WARNING - No packet loss: /data/dsp/GBD_TRANSIENT_BUFFER/J1136+1551/11_09_2025/PDR_GULP_data000.pcap_11_09_2025_12_38_1757574510.PCAP_PDR
11-09-2025 12:54 - WARNING - first_pkt_count, first_gps_count, first_pkt_Tstamp
11-09-2025 12:54 - WARNING - 309911264 17723 2025-09-11T07:07:58.396451
11-09-2025 12:54 - WARNING - last_pkt_count, last_gps_count, last_pkt_Tstamp
11-09-2025 12:54 - WARNING - 311793806 17758 2025-09-11T07:08:27.604359
11-09-2025 12:54 - WARNING - diff_pkt_count  , diff_gps_count ,  diff_pkt_timstamp
11-09-2025 12:54 - WARNING - 1882542 35 29207908 microseconds
11-09-2025 12:54 - WARNING - No packet loss: /data/dsp/GBD_TRANSIENT_BUFFER/J1136+1551/11_09_2025/PDR_GULP_data001.pcap_11_09_2025_12_38_1757574539.PCAP_PDR
11-09-2025 12:54 - WARNING - first_pkt_count, first_gps_count, first_pkt_Tstamp
11-09-2025 12:54 - WARNING - 311793807 17758 2025-09-11T07:08:27.604359
11-09-2025 12:54 - WARNING - last_pkt_count, last_gps_count, last_pkt_Tstamp
11-09-2025 12:54 - WARNING - 313676348 17793 2025-09-11T07:08:56.812302
11-09-2025 12:54 - WARNING - diff_pkt_count  , diff_gps_count ,  diff_pkt_timstamp
11-09-2025 12:54 - WARNING - 1882541 35 29207943 microseconds
11-09-2025 12:54 - WARNING - No packet loss: /data/dsp/GBD_TRANSIENT_BUFFER/J1136+1551/11_09_2025/PDR_GULP_data002.pcap_11_09_2025_12_39_1757574569.PCAP_PDR
11-09-2025 12:54 - WARNING - first_pkt_count, first_gps_count, first_pkt_Tstamp
11-09-2025 12:54 - WARNING - 313676349 17793 2025-09-11T07:08:56.812364
11-09-2025 12:54 - WARNING - last_pkt_count, last_gps_count, last_pkt_Tstamp
11-09-2025 12:54 - WARNING - 315558890 17828 2025-09-11T07:09:26.020330
11-09-2025 12:54 - WARNING - diff_pkt_count  , diff_gps_count ,  diff_pkt_timstamp
11-09-2025 12:54 - WARNING - 1882541 35 29207966 microseconds
11-09-2025 12:54 - WARNING - No packet loss: /data/dsp/GBD_TRANSIENT_BUFFER/J1136+1551/11_09_2025/PDR_GULP_data000.pcap_11_09_2025_12_39_1757574598.PCAP_PDR
11-09-2025 12:54 - WARNING - first_pkt_count, first_gps_count, first_pkt_Tstamp
11-09-2025 12:54 - WARNING - 315558891 17828 2025-09-11T07:09:26.020330
11-09-2025 12:54 - WARNING - last_pkt_count, last_gps_count, last_pkt_Tstamp
11-09-2025 12:54 - WARNING - 317441432 17866 2025-09-11T07:09:55.228236
11-09-2025 12:54 - WARNING - diff_pkt_count  , diff_gps_count ,  diff_pkt_timstamp
11-09-2025 12:54 - WARNING - 1882541 38 29207906 microseconds
11-09-2025 12:54 - WARNING - No packet loss: /data/dsp/GBD_TRANSIENT_BUFFER/J1136+1551/11_09_2025/PDR_GULP_data001.pcap_11_09_2025_12_40_1757574627.PCAP_PDR
11-09-2025 12:54 - WARNING - first_pkt_count, first_gps_count, first_pkt_Tstamp
11-09-2025 12:54 - WARNING - 317441433 17866 2025-09-11T07:09:55.228237
11-09-2025 12:54 - WARNING - last_pkt_count, last_gps_count, last_pkt_Tstamp
11-09-2025 12:54 - WARNING - 319323974 17900 2025-09-11T07:10:24.436208
11-09-2025 12:54 - WARNING - diff_pkt_count  , diff_gps_count ,  diff_pkt_timstamp
11-09-2025 12:54 - WARNING - 1882541 34 29207971 microseconds
11-09-2025 12:54 - WARNING - No packet loss: /data/dsp/GBD_TRANSIENT_BUFFER/J1136+1551/11_09_2025/PDR_GULP_data002.pcap_11_09_2025_12_40_1757574656.PCAP_PDR
11-09-2025 12:54 - WARNING - first_pkt_count, first_gps_count, first_pkt_Tstamp
11-09-2025 12:54 - WARNING - 319323975 17900 2025-09-11T07:10:24.436208
11-09-2025 12:54 - WARNING - last_pkt_count, last_gps_count, last_pkt_Tstamp
11-09-2025 12:54 - WARNING - 321206516 17936 2025-09-11T07:10:53.644192
11-09-2025 12:54 - WARNING - diff_pkt_count  , diff_gps_count ,  diff_pkt_timstamp
11-09-2025 12:54 - WARNING - 1882541 36 29207984 microseconds
11-09-2025 12:54 - WARNING - No packet loss: /data/dsp/GBD_TRANSIENT_BUFFER/J1136+1551/11_09_2025/PDR_GULP_data000.pcap_11_09_2025_12_41_1757574685.PCAP_PDR
11-09-2025 12:54 - WARNING - first_pkt_count, first_gps_count, first_pkt_Tstamp
11-09-2025 12:54 - WARNING - 321206517 17936 2025-09-11T07:10:53.644192
11-09-2025 12:54 - WARNING - last_pkt_count, last_gps_count, last_pkt_Tstamp
11-09-2025 12:54 - WARNING - 323089059 17969 2025-09-11T07:11:22.852129
11-09-2025 12:54 - WARNING - diff_pkt_count  , diff_gps_count ,  diff_pkt_timstamp
11-09-2025 12:54 - WARNING - 1882542 33 29207937 microseconds
11-09-2025 12:54 - WARNING - No packet loss: /data/dsp/GBD_TRANSIENT_BUFFER/J1136+1551/11_09_2025/PDR_GULP_data001.pcap_11_09_2025_12_41_1757574715.PCAP_PDR
11-09-2025 12:54 - WARNING - first_pkt_count, first_gps_count, first_pkt_Tstamp
11-09-2025 12:54 - WARNING - 323089060 17969 2025-09-11T07:11:22.852129
11-09-2025 12:54 - WARNING - last_pkt_count, last_gps_count, last_pkt_Tstamp
11-09-2025 12:54 - WARNING - 324971601 18002 2025-09-11T07:11:52.060046
11-09-2025 12:54 - WARNING - diff_pkt_count  , diff_gps_count ,  diff_pkt_timstamp
11-09-2025 12:54 - WARNING - 1882541 33 29207917 microseconds
11-09-2025 12:54 - WARNING - No packet loss: /data/dsp/GBD_TRANSIENT_BUFFER/J1136+1551/11_09_2025/PDR_GULP_data002.pcap_11_09_2025_12_42_1757574744.PCAP_PDR
11-09-2025 12:54 - WARNING - first_pkt_count, first_gps_count, first_pkt_Tstamp
11-09-2025 12:54 - WARNING - 324971602 18002 2025-09-11T07:11:52.060047
11-09-2025 12:54 - WARNING - last_pkt_count, last_gps_count, last_pkt_Tstamp
11-09-2025 12:54 - WARNING - 326854143 18038 2025-09-11T07:12:21.268024
11-09-2025 12:54 - WARNING - diff_pkt_count  , diff_gps_count ,  diff_pkt_timstamp
11-09-2025 12:54 - WARNING - 1882541 36 29207977 microseconds
11-09-2025 12:54 - WARNING - No packet loss: /data/dsp/GBD_TRANSIENT_BUFFER/J1136+1551/11_09_2025/PDR_GULP_data000.pcap_11_09_2025_12_42_1757574773.PCAP_PDR
11-09-2025 12:54 - WARNING - first_pkt_count, first_gps_count, first_pkt_Tstamp
11-09-2025 12:54 - WARNING - 326854144 18038 2025-09-11T07:12:21.268024
11-09-2025 12:54 - WARNING - last_pkt_count, last_gps_count, last_pkt_Tstamp
11-09-2025 12:54 - WARNING - 328736685 18069 2025-09-11T07:12:50.476004
11-09-2025 12:54 - WARNING - diff_pkt_count  , diff_gps_count ,  diff_pkt_timstamp
11-09-2025 12:54 - WARNING - 1882541 31 29207980 microseconds
11-09-2025 12:54 - WARNING - No packet loss: /data/dsp/GBD_TRANSIENT_BUFFER/J1136+1551/11_09_2025/PDR_GULP_data001.pcap_11_09_2025_12_43_1757574802.PCAP_PDR
11-09-2025 12:54 - WARNING - first_pkt_count, first_gps_count, first_pkt_Tstamp
11-09-2025 12:54 - WARNING - 328736686 18069 2025-09-11T07:12:50.476004
11-09-2025 12:54 - WARNING - last_pkt_count, last_gps_count, last_pkt_Tstamp
11-09-2025 12:54 - WARNING - 330619227 18102 2025-09-11T07:13:19.683928
11-09-2025 12:54 - WARNING - diff_pkt_count  , diff_gps_count ,  diff_pkt_timstamp
11-09-2025 12:54 - WARNING - 1882541 33 29207924 microseconds
11-09-2025 12:54 - WARNING - No packet loss: /data/dsp/GBD_TRANSIENT_BUFFER/J1136+1551/11_09_2025/PDR_GULP_data002.pcap_11_09_2025_12_43_1757574831.PCAP_PDR
11-09-2025 12:54 - WARNING - first_pkt_count, first_gps_count, first_pkt_Tstamp
11-09-2025 12:54 - WARNING - 330619228 18102 2025-09-11T07:13:19.683928
11-09-2025 12:54 - WARNING - last_pkt_count, last_gps_count, last_pkt_Tstamp
11-09-2025 12:54 - WARNING - 332501769 18136 2025-09-11T07:13:48.891919
11-09-2025 12:54 - WARNING - diff_pkt_count  , diff_gps_count ,  diff_pkt_timstamp
11-09-2025 12:54 - WARNING - 1882541 34 29207991 microseconds
11-09-2025 12:54 - WARNING - No packet loss: /data/dsp/GBD_TRANSIENT_BUFFER/J1136+1551/11_09_2025/PDR_GULP_data000.pcap_11_09_2025_12_44_1757574861.PCAP_PDR
11-09-2025 12:54 - WARNING - first_pkt_count, first_gps_count, first_pkt_Tstamp
11-09-2025 12:54 - WARNING - 332501770 18136 2025-09-11T07:13:48.891919
11-09-2025 12:54 - WARNING - last_pkt_count, last_gps_count, last_pkt_Tstamp
11-09-2025 12:54 - WARNING - 334384312 18170 2025-09-11T07:14:18.099830
11-09-2025 12:54 - WARNING - diff_pkt_count  , diff_gps_count ,  diff_pkt_timstamp
11-09-2025 12:54 - WARNING - 1882542 34 29207911 microseconds
11-09-2025 12:54 - WARNING - No packet loss: /data/dsp/GBD_TRANSIENT_BUFFER/J1136+1551/11_09_2025/PDR_GULP_data001.pcap_11_09_2025_12_44_1757574890.PCAP_PDR
11-09-2025 12:54 - WARNING - first_pkt_count, first_gps_count, first_pkt_Tstamp
11-09-2025 12:54 - WARNING - 334384313 18170 2025-09-11T07:14:18.099918
11-09-2025 12:54 - WARNING - last_pkt_count, last_gps_count, last_pkt_Tstamp
11-09-2025 12:54 - WARNING - 336266854 18204 2025-09-11T07:14:47.307810
11-09-2025 12:54 - WARNING - diff_pkt_count  , diff_gps_count ,  diff_pkt_timstamp
11-09-2025 12:54 - WARNING - 1882541 34 29207892 microseconds
11-09-2025 12:54 - WARNING - No packet loss: /data/dsp/GBD_TRANSIENT_BUFFER/J1136+1551/11_09_2025/PDR_GULP_data002.pcap_11_09_2025_12_45_1757574919.PCAP_PDR
11-09-2025 12:54 - WARNING - first_pkt_count, first_gps_count, first_pkt_Tstamp
11-09-2025 12:54 - WARNING - 336266855 18204 2025-09-11T07:14:47.307810
11-09-2025 12:54 - WARNING - last_pkt_count, last_gps_count, last_pkt_Tstamp
11-09-2025 12:54 - WARNING - 338149396 18235 2025-09-11T07:15:16.515751
11-09-2025 12:54 - WARNING - diff_pkt_count  , diff_gps_count ,  diff_pkt_timstamp
11-09-2025 12:54 - WARNING - 1882541 31 29207941 microseconds
11-09-2025 12:54 - WARNING - No packet loss: /data/dsp/GBD_TRANSIENT_BUFFER/J1136+1551/11_09_2025/PDR_GULP_data000.pcap_11_09_2025_12_45_1757574948.PCAP_PDR
11-09-2025 12:54 - WARNING - first_pkt_count, first_gps_count, first_pkt_Tstamp
11-09-2025 12:54 - WARNING - 338149397 18235 2025-09-11T07:15:16.515752
11-09-2025 12:54 - WARNING - last_pkt_count, last_gps_count, last_pkt_Tstamp
11-09-2025 12:54 - WARNING - 340031938 18269 2025-09-11T07:15:45.723703
11-09-2025 12:54 - WARNING - diff_pkt_count  , diff_gps_count ,  diff_pkt_timstamp
11-09-2025 12:54 - WARNING - 1882541 34 29207951 microseconds
11-09-2025 12:54 - WARNING - No packet loss: /data/dsp/GBD_TRANSIENT_BUFFER/J1136+1551/11_09_2025/PDR_GULP_data001.pcap_11_09_2025_12_46_1757574977.PCAP_PDR
11-09-2025 12:54 - WARNING - first_pkt_count, first_gps_count, first_pkt_Tstamp
11-09-2025 12:54 - WARNING - 340031939 18269 2025-09-11T07:15:45.723703
11-09-2025 12:54 - WARNING - last_pkt_count, last_gps_count, last_pkt_Tstamp
11-09-2025 12:54 - WARNING - 341914480 18301 2025-09-11T07:16:14.931652
11-09-2025 12:54 - WARNING - diff_pkt_count  , diff_gps_count ,  diff_pkt_timstamp
11-09-2025 12:54 - WARNING - 1882541 32 29207949 microseconds
11-09-2025 12:54 - WARNING - No packet loss: /data/dsp/GBD_TRANSIENT_BUFFER/J1136+1551/11_09_2025/PDR_GULP_data002.pcap_11_09_2025_12_46_1757575007.PCAP_PDR
11-09-2025 12:54 - WARNING - first_pkt_count, first_gps_count, first_pkt_Tstamp
11-09-2025 12:54 - WARNING - 341914481 18301 2025-09-11T07:16:14.931652
11-09-2025 12:54 - WARNING - last_pkt_count, last_gps_count, last_pkt_Tstamp
11-09-2025 12:54 - WARNING - 343797022 18336 2025-09-11T07:16:44.139653
11-09-2025 12:54 - WARNING - diff_pkt_count  , diff_gps_count ,  diff_pkt_timstamp
11-09-2025 12:54 - WARNING - 1882541 35 29208001 microseconds
11-09-2025 12:54 - WARNING - No packet loss: /data/dsp/GBD_TRANSIENT_BUFFER/J1136+1551/11_09_2025/PDR_GULP_data000.pcap_11_09_2025_12_47_1757575036.PCAP_PDR
11-09-2025 12:54 - WARNING - first_pkt_count, first_gps_count, first_pkt_Tstamp
11-09-2025 12:54 - WARNING - 343797023 18336 2025-09-11T07:16:44.139653
11-09-2025 12:54 - WARNING - last_pkt_count, last_gps_count, last_pkt_Tstamp
11-09-2025 12:54 - WARNING - 345679565 18369 2025-09-11T07:17:13.347563
11-09-2025 12:54 - WARNING - diff_pkt_count  , diff_gps_count ,  diff_pkt_timstamp
11-09-2025 12:54 - WARNING - 1882542 33 29207910 microseconds
11-09-2025 12:54 - WARNING - No packet loss: /data/dsp/GBD_TRANSIENT_BUFFER/J1136+1551/11_09_2025/PDR_GULP_data001.pcap_11_09_2025_12_47_1757575065.PCAP_PDR
11-09-2025 12:54 - WARNING - first_pkt_count, first_gps_count, first_pkt_Tstamp
11-09-2025 12:54 - WARNING - 345679566 18369 2025-09-11T07:17:13.347564
11-09-2025 12:54 - WARNING - last_pkt_count, last_gps_count, last_pkt_Tstamp
11-09-2025 12:54 - WARNING - 347562107 18401 2025-09-11T07:17:42.555491
11-09-2025 12:54 - WARNING - diff_pkt_count  , diff_gps_count ,  diff_pkt_timstamp
11-09-2025 12:54 - WARNING - 1882541 32 29207927 microseconds
11-09-2025 12:54 - WARNING - No packet loss: /data/dsp/GBD_TRANSIENT_BUFFER/J1136+1551/11_09_2025/PDR_GULP_data002.pcap_11_09_2025_12_48_1757575094.PCAP_PDR
11-09-2025 12:54 - WARNING - first_pkt_count, first_gps_count, first_pkt_Tstamp
11-09-2025 12:54 - WARNING - 347562108 18401 2025-09-11T07:17:42.555542
11-09-2025 12:54 - WARNING - last_pkt_count, last_gps_count, last_pkt_Tstamp
11-09-2025 12:54 - WARNING - 349444649 18434 2025-09-11T07:18:11.763482
11-09-2025 12:54 - WARNING - diff_pkt_count  , diff_gps_count ,  diff_pkt_timstamp
11-09-2025 12:54 - WARNING - 1882541 33 29207940 microseconds
11-09-2025 12:54 - WARNING - No packet loss: /data/dsp/GBD_TRANSIENT_BUFFER/J1136+1551/11_09_2025/PDR_GULP_data000.pcap_11_09_2025_12_48_1757575123.PCAP_PDR
11-09-2025 12:54 - WARNING - first_pkt_count, first_gps_count, first_pkt_Tstamp
11-09-2025 12:54 - WARNING - 349444650 18434 2025-09-11T07:18:11.763482
11-09-2025 12:54 - WARNING - last_pkt_count, last_gps_count, last_pkt_Tstamp
11-09-2025 12:54 - WARNING - 351327191 18468 2025-09-11T07:18:40.971463
11-09-2025 12:54 - WARNING - diff_pkt_count  , diff_gps_count ,  diff_pkt_timstamp
11-09-2025 12:54 - WARNING - 1882541 34 29207981 microseconds
11-09-2025 12:54 - WARNING - No packet loss: /data/dsp/GBD_TRANSIENT_BUFFER/J1136+1551/11_09_2025/PDR_GULP_data001.pcap_11_09_2025_12_49_1757575153.PCAP_PDR
11-09-2025 12:54 - WARNING - first_pkt_count, first_gps_count, first_pkt_Tstamp
11-09-2025 12:54 - WARNING - 351327192 18468 2025-09-11T07:18:40.971463
11-09-2025 12:54 - WARNING - last_pkt_count, last_gps_count, last_pkt_Tstamp
11-09-2025 12:54 - WARNING - 353209733 18499 2025-09-11T07:19:10.179363
11-09-2025 12:54 - WARNING - diff_pkt_count  , diff_gps_count ,  diff_pkt_timstamp
11-09-2025 12:54 - WARNING - 1882541 31 29207900 microseconds
11-09-2025 12:54 - WARNING - No packet loss: /data/dsp/GBD_TRANSIENT_BUFFER/J1136+1551/11_09_2025/PDR_GULP_data002.pcap_11_09_2025_12_49_1757575182.PCAP_PDR
11-09-2025 12:54 - WARNING - first_pkt_count, first_gps_count, first_pkt_Tstamp
11-09-2025 12:54 - WARNING - 353209734 18499 2025-09-11T07:19:10.179416
11-09-2025 12:54 - WARNING - last_pkt_count, last_gps_count, last_pkt_Tstamp
11-09-2025 12:54 - WARNING - 355092275 18534 2025-09-11T07:19:39.387304
11-09-2025 12:54 - WARNING - diff_pkt_count  , diff_gps_count ,  diff_pkt_timstamp
11-09-2025 12:54 - WARNING - 1882541 35 29207888 microseconds
11-09-2025 12:54 - WARNING - No packet loss: /data/dsp/GBD_TRANSIENT_BUFFER/J1136+1551/11_09_2025/PDR_GULP_data000.pcap_11_09_2025_12_50_1757575211.PCAP_PDR
11-09-2025 12:54 - WARNING - first_pkt_count, first_gps_count, first_pkt_Tstamp
11-09-2025 12:54 - WARNING - 355092276 18534 2025-09-11T07:19:39.387356
11-09-2025 12:54 - WARNING - last_pkt_count, last_gps_count, last_pkt_Tstamp
11-09-2025 12:54 - WARNING - 356974818 18571 2025-09-11T07:20:08.595349
11-09-2025 12:54 - WARNING - diff_pkt_count  , diff_gps_count ,  diff_pkt_timstamp
11-09-2025 12:54 - WARNING - 1882542 37 29207993 microseconds
11-09-2025 12:54 - WARNING - No packet loss: /data/dsp/GBD_TRANSIENT_BUFFER/J1136+1551/11_09_2025/PDR_GULP_data001.pcap_11_09_2025_12_50_1757575240.PCAP_PDR
11-09-2025 12:54 - WARNING - first_pkt_count, first_gps_count, first_pkt_Tstamp
11-09-2025 12:54 - WARNING - 356974819 18571 2025-09-11T07:20:08.595350
11-09-2025 12:54 - WARNING - last_pkt_count, last_gps_count, last_pkt_Tstamp
11-09-2025 12:54 - WARNING - 358857360 18605 2025-09-11T07:20:37.803260
11-09-2025 12:54 - WARNING - diff_pkt_count  , diff_gps_count ,  diff_pkt_timstamp
11-09-2025 12:54 - WARNING - 1882541 34 29207910 microseconds
11-09-2025 12:54 - WARNING - No packet loss: /data/dsp/GBD_TRANSIENT_BUFFER/J1136+1551/11_09_2025/PDR_GULP_data002.pcap_11_09_2025_12_51_1757575270.PCAP_PDR
11-09-2025 12:54 - WARNING - first_pkt_count, first_gps_count, first_pkt_Tstamp
11-09-2025 12:54 - WARNING - 358857361 18605 2025-09-11T07:20:37.803261
11-09-2025 12:54 - WARNING - last_pkt_count, last_gps_count, last_pkt_Tstamp
11-09-2025 12:54 - WARNING - 360739902 18638 2025-09-11T07:21:07.011243
11-09-2025 12:54 - WARNING - diff_pkt_count  , diff_gps_count ,  diff_pkt_timstamp
11-09-2025 12:54 - WARNING - 1882541 33 29207982 microseconds
11-09-2025 12:54 - WARNING - No packet loss: /data/dsp/GBD_TRANSIENT_BUFFER/J1136+1551/11_09_2025/PDR_GULP_data000.pcap_11_09_2025_12_51_1757575299.PCAP_PDR
11-09-2025 12:54 - WARNING - first_pkt_count, first_gps_count, first_pkt_Tstamp
11-09-2025 12:54 - WARNING - 360739903 18638 2025-09-11T07:21:07.011243
11-09-2025 12:54 - WARNING - last_pkt_count, last_gps_count, last_pkt_Tstamp
11-09-2025 12:54 - WARNING - 362622444 18678 2025-09-11T07:21:36.219164
11-09-2025 12:54 - WARNING - diff_pkt_count  , diff_gps_count ,  diff_pkt_timstamp
11-09-2025 12:54 - WARNING - 1882541 40 29207921 microseconds
11-09-2025 12:54 - WARNING - No packet loss: /data/dsp/GBD_TRANSIENT_BUFFER/J1136+1551/11_09_2025/PDR_GULP_data001.pcap_11_09_2025_12_52_1757575328.PCAP_PDR
11-09-2025 12:54 - WARNING - first_pkt_count, first_gps_count, first_pkt_Tstamp
11-09-2025 12:54 - WARNING - 362622445 18678 2025-09-11T07:21:36.219241
11-09-2025 12:54 - WARNING - last_pkt_count, last_gps_count, last_pkt_Tstamp
11-09-2025 12:54 - WARNING - 364504986 18711 2025-09-11T07:22:05.427114
11-09-2025 12:54 - WARNING - diff_pkt_count  , diff_gps_count ,  diff_pkt_timstamp
11-09-2025 12:54 - WARNING - 1882541 33 29207873 microseconds
11-09-2025 12:54 - WARNING - No packet loss: /data/dsp/GBD_TRANSIENT_BUFFER/J1136+1551/11_09_2025/PDR_GULP_data002.pcap_11_09_2025_12_52_1757575357.PCAP_PDR
11-09-2025 12:54 - WARNING - first_pkt_count, first_gps_count, first_pkt_Tstamp
11-09-2025 12:54 - WARNING - 364504987 18711 2025-09-11T07:22:05.427114
11-09-2025 12:54 - WARNING - last_pkt_count, last_gps_count, last_pkt_Tstamp
11-09-2025 12:54 - WARNING - 366387528 18745 2025-09-11T07:22:34.635056
11-09-2025 12:54 - WARNING - diff_pkt_count  , diff_gps_count ,  diff_pkt_timstamp
11-09-2025 12:54 - WARNING - 1882541 34 29207942 microseconds
11-09-2025 12:54 - WARNING - No packet loss: /data/dsp/GBD_TRANSIENT_BUFFER/J1136+1551/11_09_2025/PDR_GULP_data000.pcap_11_09_2025_12_53_1757575386.PCAP_PDR
11-09-2025 12:54 - WARNING - first_pkt_count, first_gps_count, first_pkt_Tstamp
11-09-2025 12:54 - WARNING - 366387529 18745 2025-09-11T07:22:34.635110
11-09-2025 12:54 - WARNING - last_pkt_count, last_gps_count, last_pkt_Tstamp
11-09-2025 12:54 - WARNING - 368270071 18778 2025-09-11T07:23:03.843015
11-09-2025 12:54 - WARNING - diff_pkt_count  , diff_gps_count ,  diff_pkt_timstamp
11-09-2025 12:54 - WARNING - 1882542 33 29207905 microseconds
11-09-2025 12:54 - WARNING - No packet loss: /data/dsp/GBD_TRANSIENT_BUFFER/J1136+1551/11_09_2025/PDR_GULP_data001.pcap_11_09_2025_12_53_1757575416.PCAP_PDR
11-09-2025 12:54 - WARNING - first_pkt_count, first_gps_count, first_pkt_Tstamp
11-09-2025 12:54 - WARNING - 368270072 18778 2025-09-11T07:23:03.843068
11-09-2025 12:54 - WARNING - last_pkt_count, last_gps_count, last_pkt_Tstamp
11-09-2025 12:54 - WARNING - 370152613 18812 2025-09-11T07:23:33.051006
11-09-2025 12:54 - WARNING - diff_pkt_count  , diff_gps_count ,  diff_pkt_timstamp
11-09-2025 12:54 - WARNING - 1882541 34 29207938 microseconds
11-09-2025 12:54 SLIP check Finished...
11-09-2025 12:54 Pulsar data reduction pipeline started ...
11-09-2025 12:54 - WARNING - Data Directory: /data/dsp/GBD_TRANSIENT_BUFFER/J1136+1551/11_09_2025
11-09-2025 12:54 - WARNING - Pulsar: J1136+1551
11-09-2025 12:54 - WARNING - CH selelction: 0
11-09-2025 12:54 - WARNING - Phase file: /home/dsp/PDR_acquire_setup/dada_scripts/phase/rf_path_phase.dat
11-09-2025 12:54 - WARNING - Obs. logfile: /home/dsp/PDR_acquire_setup/master_obs_log/J1136+1551_11_09_2025_observation.log
11-09-2025 12:54 - WARNING - Observation start time: 2025_09_11_12_15_05
11-09-2025 12:54 - WARNING - parfile: /home/dsp/parfiles/J1136+1551.par
11-09-2025 12:54 - WARNING - DM: 4.7839708
11-09-2025 12:54 - WARNING - Period: 1.1879172746306588
11-09-2025 12:54 - WARNING - RA_DEC: 11:36:03.0688639+15:51:17.49387
11-09-2025 12:54 - WARNING - out_dada_file: J1136+1551_2025_09_11_12_15_05_type_0.dada
11-09-2025 12:54 - WARNING - Number of files to process: 80
11-09-2025 12:54 - WARNING - Files per batch:  17
11-09-2025 13:17 - WARNING - Time taken for PDR2DADA convertion: 0:23:35.942750
11-09-2025 13:17 - WARNING - Center_freq: 175
11-09-2025 13:17 - WARNING - int_time: 3.0
11-09-2025 13:17 - WARNING - nbins: 256
11-09-2025 13:17 - WARNING - fil_chan: 256
11-09-2025 13:17 - WARNING - cpu: 2,3,4,5,6,7,8,9,10,11,12,13,14,15,16
11-09-2025 13:17 - WARNING - thread: 32
11-09-2025 13:17 - WARNING - nbit: 8
11-09-2025 13:17 - WARNING - time_avg: 0.000256
11-09-2025 13:17 - WARNING - MJD_START: 60929.28131504775
11-09-2025 13:17 - WARNING - output: J1136+1551_60929.28_175MHz_type_0_GBD_DART
11-09-2025 13:17 - WARNING - singularity_container: singularity exec /home/dsp/singularity_imag/pschive_py3.sif  
11-09-2025 13:17 - WARNING - ------ DIGIFITS ------
11-09-2025 13:17 - WARNING - ---- Search Mode FITS -------
11-09-2025 13:17 - WARNING - digifits_ful_stokes_cmd: singularity exec /home/dsp/singularity_imag/pschive_py3.sif  digifits  -F 256 -x 256 -b 8 -p 4 -t 0.000256 J1136+1551_2025_09_11_12_15_05_type_0.dada -o J1136+1551_2025_09_11_12_15_05_type_0.dada_stokes.fits
11-09-2025 13:44 - WARNING - ------ Total intensity FITS -------
11-09-2025 13:44 - WARNING - digifits_total_intensity_cmd: singularity exec /home/dsp/singularity_imag/pschive_py3.sif  digifits  -F 256 -x 256 -b 8 -p 1 -t 0.000256 J1136+1551_2025_09_11_12_15_05_type_0.dada -o J1136+1551_2025_09_11_12_15_05_type_0.dada_intensity.fits
11-09-2025 14:05 - WARNING - Nchan: 256
11-09-2025 14:05 - WARNING - Nbin: 256
11-09-2025 14:05 - WARNING - Tavg: 0.000256
11-09-2025 14:05 - WARNING - Time taken for DIGIFITS run: 0:47:41.361894
11-09-2025 14:05 - WARNING - ------ DSPSR ------
11-09-2025 14:05 - WARNING - ------- Coherent Dedispersion Folded archive -------
11-09-2025 14:05 - WARNING - dspsr_cmd: singularity exec /home/dsp/singularity_imag/pschive_py3.sif  dspsr J1136+1551_2025_09_11_12_15_05_type_0.dada -cpu 2,3,4,5,6,7,8,9,10,11,12,13,14,15,16 -t 32 -E /home/dsp/parfiles/J1136+1551.par -L 3.0 -b 256 -F 256:D -N J1136+1551 -a PSRFITS -A -e .fits -O J1136+1551_60929.28_175MHz_type_0_GBD_DART
11-09-2025 14:14 - WARNING - ------- Incoherent Dedispersion Folded archive -------
11-09-2025 14:14 - WARNING - Incoherent_DD_dspsr_cmd: singularity exec /home/dsp/singularity_imag/pschive_py3.sif  dspsr J1136+1551_2025_09_11_12_15_05_type_0.dada_stokes.fits -cpu 2,3,4,5,6,7,8,9,10,11,12,13,14,15,16 -t 32 -E /home/dsp/parfiles/J1136+1551.par -L 3.0 -b 256 -N J1136+1551 -A -e .fits -O J1136+1551_60929.28_175MHz_type_0_GBD_DART_stokes_Incoherent_DD
11-09-2025 14:15 - WARNING - Time taken for DSPSR run: 0:10:02.787634
11-09-2025 14:15 - WARNING - ------ PSREDIT ------
11-09-2025 14:15 - WARNING - psredit_cmd: singularity exec /home/dsp/singularity_imag/pschive_py3.sif  psredit -c name=J1136+1551,be:name=GSB,coord=11:36:03.0688639+15:51:17.49387 -m *_GBD_DART*fits
11-09-2025 14:15 - WARNING - Time taken for PSREDIT run: 0:00:08.724132
11-09-2025 14:15 - WARNING - ------ Iterative RFI Cleaner ------
11-09-2025 14:15 - WARNING - Iterative_cleaner_cmd: singularity exec /home/dsp/singularity_imag/pschive_py3.sif   python3 /home/dsp/PDR_acquire_setup/iterative_cleaner.py -s 3 -c 3 -m 10 *_GBD_DART*fits
11-09-2025 14:21 - WARNING - Time taken for Iterative_cleaner run: 0:05:56.551183
11-09-2025 14:21 - WARNING - ------ PDMP ------
11-09-2025 14:21 - WARNING - pdmp_cmd1: singularity exec /home/dsp/singularity_imag/pschive_py3.sif  pdmp -dr 2 -ds 0.05 -g J1136+1551_60929.28_175MHz_type_0_GBD_DART.fits_cleaned.ar.ps/cps J1136+1551_60929.28_175MHz_type_0_GBD_DART.fits_cleaned.ar
11-09-2025 14:54 - WARNING - pdmp_cmd2: singularity exec /home/dsp/singularity_imag/pschive_py3.sif  pdmp -dr 2 -ds 0.05 -g J1136+1551_60929.28_175MHz_type_0_GBD_DART_stokes_Incoherent_DD.fits_cleaned.ar.ps/cps J1136+1551_60929.28_175MHz_type_0_GBD_DART_stokes_Incoherent_DD.fits_cleaned.ar
11-09-2025 15:21 - WARNING - Time taken for PDMP run: 0:59:53.237968
11-09-2025 15:21 - WARNING - ------ PS2PDF ------
11-09-2025 15:21 - WARNING - ps2pdf_cmd1: singularity exec /home/dsp/singularity_imag/pschive_py3.sif  ps2pdf J1136+1551_60929.28_175MHz_type_0_GBD_DART.fits_cleaned.ar.ps J1136+1551_60929.28_175MHz_type_0_GBD_DART.fits_cleaned.ar.ps.pdf
11-09-2025 15:21 - WARNING - ps2pdf_cmd2: singularity exec /home/dsp/singularity_imag/pschive_py3.sif  ps2pdf J1136+1551_60929.28_175MHz_type_0_GBD_DART_stokes_Incoherent_DD.fits_cleaned.ar.ps J1136+1551_60929.28_175MHz_type_0_GBD_DART_stokes_Incoherent_DD.fits_cleaned.ar.ps.pdf
11-09-2025 15:21 - WARNING - Time taken for PDMP run: 0:00:06.039644
11-09-2025 15:21 - WARNING - Overall time taken for data reduction: 2:27:28.722674
11-09-2025 15:21 - WARNING - J1136+1551_2025_09_11_12_15_05_type_0.dada... file removed
11-09-2025 15:21 - WARNING - All done!
11-09-2025 15:22 --- PRESTO ---
11-09-2025 15:22 singularity_container: singularity exec /home/dsp/singularity_imag/pschive_py3.sif  
11-09-2025 15:22 Filterbank to Process for PULSAR: J1136+1551 with DM:4.7839708 : J1136+1551_2025_09_11_12_15_05_type_0.dada_intensity.fits
11-09-2025 15:22 --- RFIFIND ---
11-09-2025 15:22 RFIFIND: singularity exec /home/dsp/singularity_imag/pschive_py3.sif   rfifind -time 2.0 -o J1136+1551 J1136+1551_2025_09_11_12_15_05_type_0.dada_intensity.fits
11-09-2025 15:22 --- PREPDATA ---
11-09-2025 15:22 PREPDATA: singularity exec /home/dsp/singularity_imag/pschive_py3.sif   prepdata -nobary -o J1136+1551_2025_09_11_12_15_05_type_0.dada_intensity.fits -dm 4.7839708 -mask J1136+1551_rfifind.mask J1136+1551_2025_09_11_12_15_05_type_0.dada_intensity.fits
11-09-2025 15:23 --- REALFFT ---
11-09-2025 15:23 REALFFT: singularity exec /home/dsp/singularity_imag/pschive_py3.sif   realfft  J1136+1551_2025_09_11_12_15_05_type_0.dada_intensity.fits.dat
11-09-2025 15:23 --- ACCELSEARCH ---
11-09-2025 15:23 ACCELSEARCH: singularity exec /home/dsp/singularity_imag/pschive_py3.sif   accelsearch -numharm 8 -zmax 8  J1136+1551_2025_09_11_12_15_05_type_0.dada_intensity.fits.fft
11-09-2025 15:23 Observation Over.
