16-09-2025 19:47 Waiting for J1921+2153 observation...
16-09-2025 19:47 Observation started...
16-09-2025 19:47 Pulsar: J1921+2153 , parfile: /home/dsp/parfiles/J1921+2153.par , DM: 12.44399
16-09-2025 19:47 Trigger sent to obs. PC [VELA].
16-09-2025 20:31 Acquired 100.
16-09-2025 20:31 ACQ over.
16-09-2025 20:31 Removing Trigger file from remote machine 
16-09-2025 20:31 Observation stoped.
-rw------- 1 dsp dsp 2.0G Sep 16 19:43 /data/TRANSIENT_BUFFER/PDR_GULP_data000.pcap_16_09_2025_19_43_1758031994.PCAP_PDR
-rw------- 1 dsp dsp 2.0G Sep 16 19:43 /data/TRANSIENT_BUFFER/PDR_GULP_data001.pcap_16_09_2025_19_43_1758032023.PCAP_PDR
-rw------- 1 dsp dsp 2.0G Sep 16 19:44 /data/TRANSIENT_BUFFER/PDR_GULP_data002.pcap_16_09_2025_19_44_1758032052.PCAP_PDR
-rw------- 1 dsp dsp 2.0G Sep 16 19:44 /data/TRANSIENT_BUFFER/PDR_GULP_data000.pcap_16_09_2025_19_44_1758032082.PCAP_PDR
-rw------- 1 dsp dsp 2.0G Sep 16 19:45 /data/TRANSIENT_BUFFER/PDR_GULP_data001.pcap_16_09_2025_19_45_1758032111.PCAP_PDR
-rw------- 1 dsp dsp 2.0G Sep 16 19:45 /data/TRANSIENT_BUFFER/PDR_GULP_data002.pcap_16_09_2025_19_45_1758032140.PCAP_PDR
-rw------- 1 dsp dsp 2.0G Sep 16 19:46 /data/TRANSIENT_BUFFER/PDR_GULP_data000.pcap_16_09_2025_19_46_1758032169.PCAP_PDR
-rw------- 1 dsp dsp 2.0G Sep 16 19:46 /data/TRANSIENT_BUFFER/PDR_GULP_data001.pcap_16_09_2025_19_46_1758032198.PCAP_PDR
-rw------- 1 dsp dsp 2.0G Sep 16 19:47 /data/TRANSIENT_BUFFER/PDR_GULP_data002.pcap_16_09_2025_19_47_1758032228.PCAP_PDR
-rw------- 1 dsp dsp 2.0G Sep 16 19:47 /data/TRANSIENT_BUFFER/PDR_GULP_data000.pcap_16_09_2025_19_47_1758032257.PCAP_PDR
-rw------- 1 dsp dsp 2.0G Sep 16 19:48 /data/TRANSIENT_BUFFER/PDR_GULP_data001.pcap_16_09_2025_19_48_1758032286.PCAP_PDR
-rw------- 1 dsp dsp 2.0G Sep 16 19:48 /data/TRANSIENT_BUFFER/PDR_GULP_data002.pcap_16_09_2025_19_48_1758032315.PCAP_PDR
-rw------- 1 dsp dsp 2.0G Sep 16 19:49 /data/TRANSIENT_BUFFER/PDR_GULP_data000.pcap_16_09_2025_19_49_1758032344.PCAP_PDR
-rw------- 1 dsp dsp 2.0G Sep 16 19:49 /data/TRANSIENT_BUFFER/PDR_GULP_data001.pcap_16_09_2025_19_49_1758032374.PCAP_PDR
-rw------- 1 dsp dsp 2.0G Sep 16 19:50 /data/TRANSIENT_BUFFER/PDR_GULP_data002.pcap_16_09_2025_19_50_1758032403.PCAP_PDR
-rw------- 1 dsp dsp 2.0G Sep 16 19:50 /data/TRANSIENT_BUFFER/PDR_GULP_data000.pcap_16_09_2025_19_50_1758032432.PCAP_PDR
-rw------- 1 dsp dsp 2.0G Sep 16 19:50 /data/TRANSIENT_BUFFER/PDR_GULP_data001.pcap_16_09_2025_19_51_1758032461.PCAP_PDR
-rw------- 1 dsp dsp 2.0G Sep 16 19:51 /data/TRANSIENT_BUFFER/PDR_GULP_data002.pcap_16_09_2025_19_51_1758032490.PCAP_PDR
-rw------- 1 dsp dsp 2.0G Sep 16 19:51 /data/TRANSIENT_BUFFER/PDR_GULP_data000.pcap_16_09_2025_19_52_1758032520.PCAP_PDR
-rw------- 1 dsp dsp 2.0G Sep 16 19:52 /data/TRANSIENT_BUFFER/PDR_GULP_data001.pcap_16_09_2025_19_52_1758032549.PCAP_PDR
-rw------- 1 dsp dsp 2.0G Sep 16 19:52 /data/TRANSIENT_BUFFER/PDR_GULP_data002.pcap_16_09_2025_19_52_1758032578.PCAP_PDR
-rw------- 1 dsp dsp 2.0G Sep 16 19:53 /data/TRANSIENT_BUFFER/PDR_GULP_data000.pcap_16_09_2025_19_53_1758032607.PCAP_PDR
-rw------- 1 dsp dsp 2.0G Sep 16 19:53 /data/TRANSIENT_BUFFER/PDR_GULP_data001.pcap_16_09_2025_19_53_1758032636.PCAP_PDR
-rw------- 1 dsp dsp 2.0G Sep 16 19:54 /data/TRANSIENT_BUFFER/PDR_GULP_data002.pcap_16_09_2025_19_54_1758032666.PCAP_PDR
-rw------- 1 dsp dsp 2.0G Sep 16 19:54 /data/TRANSIENT_BUFFER/PDR_GULP_data000.pcap_16_09_2025_19_54_1758032695.PCAP_PDR
-rw------- 1 dsp dsp 2.0G Sep 16 19:55 /data/TRANSIENT_BUFFER/PDR_GULP_data001.pcap_16_09_2025_19_55_1758032724.PCAP_PDR
-rw------- 1 dsp dsp 2.0G Sep 16 19:55 /data/TRANSIENT_BUFFER/PDR_GULP_data002.pcap_16_09_2025_19_55_1758032753.PCAP_PDR
-rw------- 1 dsp dsp 2.0G Sep 16 19:56 /data/TRANSIENT_BUFFER/PDR_GULP_data000.pcap_16_09_2025_19_56_1758032783.PCAP_PDR
-rw------- 1 dsp dsp 2.0G Sep 16 19:56 /data/TRANSIENT_BUFFER/PDR_GULP_data001.pcap_16_09_2025_19_56_1758032812.PCAP_PDR
-rw------- 1 dsp dsp 2.0G Sep 16 19:57 /data/TRANSIENT_BUFFER/PDR_GULP_data002.pcap_16_09_2025_19_57_1758032841.PCAP_PDR
-rw------- 1 dsp dsp 2.0G Sep 16 19:57 /data/TRANSIENT_BUFFER/PDR_GULP_data000.pcap_16_09_2025_19_57_1758032870.PCAP_PDR
-rw------- 1 dsp dsp 2.0G Sep 16 19:58 /data/TRANSIENT_BUFFER/PDR_GULP_data001.pcap_16_09_2025_19_58_1758032899.PCAP_PDR
-rw------- 1 dsp dsp 2.0G Sep 16 19:58 /data/TRANSIENT_BUFFER/PDR_GULP_data002.pcap_16_09_2025_19_58_1758032929.PCAP_PDR
-rw------- 1 dsp dsp 2.0G Sep 16 19:59 /data/TRANSIENT_BUFFER/PDR_GULP_data000.pcap_16_09_2025_19_59_1758032958.PCAP_PDR
-rw------- 1 dsp dsp 2.0G Sep 16 19:59 /data/TRANSIENT_BUFFER/PDR_GULP_data001.pcap_16_09_2025_19_59_1758032987.PCAP_PDR
-rw------- 1 dsp dsp 2.0G Sep 16 20:00 /data/TRANSIENT_BUFFER/PDR_GULP_data002.pcap_16_09_2025_20_00_1758033016.PCAP_PDR
-rw------- 1 dsp dsp 2.0G Sep 16 20:00 /data/TRANSIENT_BUFFER/PDR_GULP_data000.pcap_16_09_2025_20_00_1758033045.PCAP_PDR
-rw------- 1 dsp dsp 2.0G Sep 16 20:01 /data/TRANSIENT_BUFFER/PDR_GULP_data001.pcap_16_09_2025_20_01_1758033075.PCAP_PDR
-rw------- 1 dsp dsp 2.0G Sep 16 20:01 /data/TRANSIENT_BUFFER/PDR_GULP_data002.pcap_16_09_2025_20_01_1758033104.PCAP_PDR
-rw------- 1 dsp dsp 2.0G Sep 16 20:02 /data/TRANSIENT_BUFFER/PDR_GULP_data000.pcap_16_09_2025_20_02_1758033133.PCAP_PDR
-rw------- 1 dsp dsp 2.0G Sep 16 20:02 /data/TRANSIENT_BUFFER/PDR_GULP_data001.pcap_16_09_2025_20_02_1758033162.PCAP_PDR
-rw------- 1 dsp dsp 2.0G Sep 16 20:03 /data/TRANSIENT_BUFFER/PDR_GULP_data002.pcap_16_09_2025_20_03_1758033191.PCAP_PDR
-rw------- 1 dsp dsp 2.0G Sep 16 20:03 /data/TRANSIENT_BUFFER/PDR_GULP_data000.pcap_16_09_2025_20_03_1758033221.PCAP_PDR
-rw------- 1 dsp dsp 2.0G Sep 16 20:04 /data/TRANSIENT_BUFFER/PDR_GULP_data001.pcap_16_09_2025_20_04_1758033250.PCAP_PDR
-rw------- 1 dsp dsp 2.0G Sep 16 20:04 /data/TRANSIENT_BUFFER/PDR_GULP_data002.pcap_16_09_2025_20_04_1758033279.PCAP_PDR
-rw------- 1 dsp dsp 2.0G Sep 16 20:05 /data/TRANSIENT_BUFFER/PDR_GULP_data000.pcap_16_09_2025_20_05_1758033308.PCAP_PDR
-rw------- 1 dsp dsp 2.0G Sep 16 20:05 /data/TRANSIENT_BUFFER/PDR_GULP_data001.pcap_16_09_2025_20_05_1758033337.PCAP_PDR
-rw------- 1 dsp dsp 2.0G Sep 16 20:06 /data/TRANSIENT_BUFFER/PDR_GULP_data002.pcap_16_09_2025_20_06_1758033367.PCAP_PDR
-rw------- 1 dsp dsp 2.0G Sep 16 20:06 /data/TRANSIENT_BUFFER/PDR_GULP_data000.pcap_16_09_2025_20_06_1758033396.PCAP_PDR
-rw------- 1 dsp dsp 2.0G Sep 16 20:07 /data/TRANSIENT_BUFFER/PDR_GULP_data001.pcap_16_09_2025_20_07_1758033425.PCAP_PDR
-rw------- 1 dsp dsp 2.0G Sep 16 20:07 /data/TRANSIENT_BUFFER/PDR_GULP_data002.pcap_16_09_2025_20_07_1758033454.PCAP_PDR
-rw------- 1 dsp dsp 2.0G Sep 16 20:08 /data/TRANSIENT_BUFFER/PDR_GULP_data000.pcap_16_09_2025_20_08_1758033483.PCAP_PDR
-rw------- 1 dsp dsp 2.0G Sep 16 20:08 /data/TRANSIENT_BUFFER/PDR_GULP_data001.pcap_16_09_2025_20_08_1758033513.PCAP_PDR
-rw------- 1 dsp dsp 2.0G Sep 16 20:08 /data/TRANSIENT_BUFFER/PDR_GULP_data002.pcap_16_09_2025_20_09_1758033542.PCAP_PDR
-rw------- 1 dsp dsp 2.0G Sep 16 20:09 /data/TRANSIENT_BUFFER/PDR_GULP_data000.pcap_16_09_2025_20_09_1758033571.PCAP_PDR
-rw------- 1 dsp dsp 2.0G Sep 16 20:09 /data/TRANSIENT_BUFFER/PDR_GULP_data001.pcap_16_09_2025_20_10_1758033600.PCAP_PDR
-rw------- 1 dsp dsp 2.0G Sep 16 20:10 /data/TRANSIENT_BUFFER/PDR_GULP_data002.pcap_16_09_2025_20_10_1758033630.PCAP_PDR
-rw------- 1 dsp dsp 2.0G Sep 16 20:10 /data/TRANSIENT_BUFFER/PDR_GULP_data000.pcap_16_09_2025_20_10_1758033659.PCAP_PDR
-rw------- 1 dsp dsp 2.0G Sep 16 20:11 /data/TRANSIENT_BUFFER/PDR_GULP_data001.pcap_16_09_2025_20_11_1758033688.PCAP_PDR
-rw------- 1 dsp dsp 2.0G Sep 16 20:11 /data/TRANSIENT_BUFFER/PDR_GULP_data002.pcap_16_09_2025_20_11_1758033717.PCAP_PDR
-rw------- 1 dsp dsp 2.0G Sep 16 20:12 /data/TRANSIENT_BUFFER/PDR_GULP_data000.pcap_16_09_2025_20_12_1758033746.PCAP_PDR
-rw------- 1 dsp dsp 2.0G Sep 16 20:12 /data/TRANSIENT_BUFFER/PDR_GULP_data001.pcap_16_09_2025_20_12_1758033776.PCAP_PDR
-rw------- 1 dsp dsp 2.0G Sep 16 20:13 /data/TRANSIENT_BUFFER/PDR_GULP_data002.pcap_16_09_2025_20_13_1758033805.PCAP_PDR
-rw------- 1 dsp dsp 2.0G Sep 16 20:13 /data/TRANSIENT_BUFFER/PDR_GULP_data000.pcap_16_09_2025_20_13_1758033834.PCAP_PDR
-rw------- 1 dsp dsp 2.0G Sep 16 20:14 /data/TRANSIENT_BUFFER/PDR_GULP_data001.pcap_16_09_2025_20_14_1758033863.PCAP_PDR
-rw------- 1 dsp dsp 2.0G Sep 16 20:14 /data/TRANSIENT_BUFFER/PDR_GULP_data002.pcap_16_09_2025_20_14_1758033892.PCAP_PDR
-rw------- 1 dsp dsp 2.0G Sep 16 20:15 /data/TRANSIENT_BUFFER/PDR_GULP_data000.pcap_16_09_2025_20_15_1758033922.PCAP_PDR
-rw------- 1 dsp dsp 2.0G Sep 16 20:15 /data/TRANSIENT_BUFFER/PDR_GULP_data001.pcap_16_09_2025_20_15_1758033951.PCAP_PDR
-rw------- 1 dsp dsp 2.0G Sep 16 20:16 /data/TRANSIENT_BUFFER/PDR_GULP_data002.pcap_16_09_2025_20_16_1758033980.PCAP_PDR
-rw------- 1 dsp dsp 2.0G Sep 16 20:16 /data/TRANSIENT_BUFFER/PDR_GULP_data000.pcap_16_09_2025_20_16_1758034009.PCAP_PDR
-rw------- 1 dsp dsp 2.0G Sep 16 20:17 /data/TRANSIENT_BUFFER/PDR_GULP_data001.pcap_16_09_2025_20_17_1758034038.PCAP_PDR
-rw------- 1 dsp dsp 2.0G Sep 16 20:17 /data/TRANSIENT_BUFFER/PDR_GULP_data002.pcap_16_09_2025_20_17_1758034068.PCAP_PDR
-rw------- 1 dsp dsp 2.0G Sep 16 20:18 /data/TRANSIENT_BUFFER/PDR_GULP_data000.pcap_16_09_2025_20_18_1758034097.PCAP_PDR
-rw------- 1 dsp dsp 2.0G Sep 16 20:18 /data/TRANSIENT_BUFFER/PDR_GULP_data001.pcap_16_09_2025_20_18_1758034126.PCAP_PDR
-rw------- 1 dsp dsp 2.0G Sep 16 20:19 /data/TRANSIENT_BUFFER/PDR_GULP_data002.pcap_16_09_2025_20_19_1758034155.PCAP_PDR
-rw------- 1 dsp dsp 2.0G Sep 16 20:19 /data/TRANSIENT_BUFFER/PDR_GULP_data000.pcap_16_09_2025_20_19_1758034184.PCAP_PDR
-rw------- 1 dsp dsp 2.0G Sep 16 20:20 /data/TRANSIENT_BUFFER/PDR_GULP_data001.pcap_16_09_2025_20_20_1758034214.PCAP_PDR
-rw------- 1 dsp dsp 2.0G Sep 16 20:20 /data/TRANSIENT_BUFFER/PDR_GULP_data002.pcap_16_09_2025_20_20_1758034243.PCAP_PDR
-rw------- 1 dsp dsp 2.0G Sep 16 20:21 /data/TRANSIENT_BUFFER/PDR_GULP_data000.pcap_16_09_2025_20_21_1758034272.PCAP_PDR
-rw------- 1 dsp dsp 2.0G Sep 16 20:21 /data/TRANSIENT_BUFFER/PDR_GULP_data001.pcap_16_09_2025_20_21_1758034301.PCAP_PDR
-rw------- 1 dsp dsp 2.0G Sep 16 20:22 /data/TRANSIENT_BUFFER/PDR_GULP_data002.pcap_16_09_2025_20_22_1758034330.PCAP_PDR
-rw------- 1 dsp dsp 2.0G Sep 16 20:22 /data/TRANSIENT_BUFFER/PDR_GULP_data000.pcap_16_09_2025_20_22_1758034360.PCAP_PDR
-rw------- 1 dsp dsp 2.0G Sep 16 20:23 /data/TRANSIENT_BUFFER/PDR_GULP_data001.pcap_16_09_2025_20_23_1758034389.PCAP_PDR
-rw------- 1 dsp dsp 2.0G Sep 16 20:23 /data/TRANSIENT_BUFFER/PDR_GULP_data002.pcap_16_09_2025_20_23_1758034418.PCAP_PDR
-rw------- 1 dsp dsp 2.0G Sep 16 20:24 /data/TRANSIENT_BUFFER/PDR_GULP_data000.pcap_16_09_2025_20_24_1758034447.PCAP_PDR
-rw------- 1 dsp dsp 2.0G Sep 16 20:24 /data/TRANSIENT_BUFFER/PDR_GULP_data001.pcap_16_09_2025_20_24_1758034477.PCAP_PDR
-rw------- 1 dsp dsp 2.0G Sep 16 20:25 /data/TRANSIENT_BUFFER/PDR_GULP_data002.pcap_16_09_2025_20_25_1758034506.PCAP_PDR
-rw------- 1 dsp dsp 2.0G Sep 16 20:25 /data/TRANSIENT_BUFFER/PDR_GULP_data000.pcap_16_09_2025_20_25_1758034535.PCAP_PDR
-rw------- 1 dsp dsp 2.0G Sep 16 20:26 /data/TRANSIENT_BUFFER/PDR_GULP_data001.pcap_16_09_2025_20_26_1758034564.PCAP_PDR
-rw------- 1 dsp dsp 2.0G Sep 16 20:26 /data/TRANSIENT_BUFFER/PDR_GULP_data002.pcap_16_09_2025_20_26_1758034593.PCAP_PDR
-rw------- 1 dsp dsp 2.0G Sep 16 20:27 /data/TRANSIENT_BUFFER/PDR_GULP_data000.pcap_16_09_2025_20_27_1758034623.PCAP_PDR
-rw------- 1 dsp dsp 2.0G Sep 16 20:27 /data/TRANSIENT_BUFFER/PDR_GULP_data001.pcap_16_09_2025_20_27_1758034652.PCAP_PDR
-rw------- 1 dsp dsp 2.0G Sep 16 20:27 /data/TRANSIENT_BUFFER/PDR_GULP_data002.pcap_16_09_2025_20_28_1758034681.PCAP_PDR
-rw------- 1 dsp dsp 2.0G Sep 16 20:28 /data/TRANSIENT_BUFFER/PDR_GULP_data000.pcap_16_09_2025_20_28_1758034710.PCAP_PDR
-rw------- 1 dsp dsp 2.0G Sep 16 20:28 /data/TRANSIENT_BUFFER/PDR_GULP_data001.pcap_16_09_2025_20_28_1758034739.PCAP_PDR
-rw------- 1 dsp dsp 2.0G Sep 16 20:29 /data/TRANSIENT_BUFFER/PDR_GULP_data002.pcap_16_09_2025_20_29_1758034769.PCAP_PDR
-rw------- 1 dsp dsp 2.0G Sep 16 20:29 /data/TRANSIENT_BUFFER/PDR_GULP_data000.pcap_16_09_2025_20_29_1758034798.PCAP_PDR
-rw------- 1 dsp dsp 2.0G Sep 16 20:30 /data/TRANSIENT_BUFFER/PDR_GULP_data001.pcap_16_09_2025_20_30_1758034827.PCAP_PDR
-rw------- 1 dsp dsp 2.0G Sep 16 20:30 /data/TRANSIENT_BUFFER/PDR_GULP_data002.pcap_16_09_2025_20_30_1758034856.PCAP_PDR
-rw------- 1 dsp dsp 2.0G Sep 16 20:31 /data/TRANSIENT_BUFFER/PDR_GULP_data000.pcap_16_09_2025_20_31_1758034885.PCAP_PDR
16-09-2025 20:31 RAW PCAP data moved from Transient Buffer.
16-09-2025 20:31 SLIP check Started ...
16-09-2025 20:31 - WARNING - Data Directory: /data/dsp/GBD_TRANSIENT_BUFFER/J1921+2153/16_09_2025
16-09-2025 20:31 - WARNING - Number of Files: 100
16-09-2025 20:31 - WARNING - No packet loss: /data/dsp/GBD_TRANSIENT_BUFFER/J1921+2153/16_09_2025/PDR_GULP_data000.pcap_16_09_2025_19_43_1758031994.PCAP_PDR
16-09-2025 20:31 - WARNING - first_pkt_count, first_gps_count, first_pkt_Tstamp
16-09-2025 20:31 - WARNING - 4026365473 22540 2025-09-16T14:12:42.200208
16-09-2025 20:31 - WARNING - last_pkt_count, last_gps_count, last_pkt_Tstamp
16-09-2025 20:31 - WARNING - 4028248014 22571 2025-09-16T14:13:11.408306
16-09-2025 20:31 - WARNING - diff_pkt_count  , diff_gps_count ,  diff_pkt_timstamp
16-09-2025 20:31 - WARNING - 1882541 31 29208098 microseconds
16-09-2025 20:31 - WARNING - No packet loss: /data/dsp/GBD_TRANSIENT_BUFFER/J1921+2153/16_09_2025/PDR_GULP_data001.pcap_16_09_2025_19_43_1758032023.PCAP_PDR
16-09-2025 20:31 - WARNING - first_pkt_count, first_gps_count, first_pkt_Tstamp
16-09-2025 20:31 - WARNING - 4028248015 22571 2025-09-16T14:13:11.408306
16-09-2025 20:31 - WARNING - last_pkt_count, last_gps_count, last_pkt_Tstamp
16-09-2025 20:31 - WARNING - 4030130557 22605 2025-09-16T14:13:40.616385
16-09-2025 20:31 - WARNING - diff_pkt_count  , diff_gps_count ,  diff_pkt_timstamp
16-09-2025 20:31 - WARNING - 1882542 34 29208079 microseconds
16-09-2025 20:31 - WARNING - No packet loss: /data/dsp/GBD_TRANSIENT_BUFFER/J1921+2153/16_09_2025/PDR_GULP_data002.pcap_16_09_2025_19_44_1758032052.PCAP_PDR
16-09-2025 20:31 - WARNING - first_pkt_count, first_gps_count, first_pkt_Tstamp
16-09-2025 20:31 - WARNING - 4030130558 22605 2025-09-16T14:13:40.616385
16-09-2025 20:31 - WARNING - last_pkt_count, last_gps_count, last_pkt_Tstamp
16-09-2025 20:31 - WARNING - 4032013099 22638 2025-09-16T14:14:09.824418
16-09-2025 20:31 - WARNING - diff_pkt_count  , diff_gps_count ,  diff_pkt_timstamp
16-09-2025 20:31 - WARNING - 1882541 33 29208033 microseconds
16-09-2025 20:31 - WARNING - No packet loss: /data/dsp/GBD_TRANSIENT_BUFFER/J1921+2153/16_09_2025/PDR_GULP_data000.pcap_16_09_2025_19_44_1758032082.PCAP_PDR
16-09-2025 20:31 - WARNING - first_pkt_count, first_gps_count, first_pkt_Tstamp
16-09-2025 20:31 - WARNING - 4032013100 22638 2025-09-16T14:14:09.824418
16-09-2025 20:31 - WARNING - last_pkt_count, last_gps_count, last_pkt_Tstamp
16-09-2025 20:31 - WARNING - 4033895641 22675 2025-09-16T14:14:39.032519
16-09-2025 20:31 - WARNING - diff_pkt_count  , diff_gps_count ,  diff_pkt_timstamp
16-09-2025 20:31 - WARNING - 1882541 37 29208101 microseconds
16-09-2025 20:31 - WARNING - No packet loss: /data/dsp/GBD_TRANSIENT_BUFFER/J1921+2153/16_09_2025/PDR_GULP_data001.pcap_16_09_2025_19_45_1758032111.PCAP_PDR
16-09-2025 20:31 - WARNING - first_pkt_count, first_gps_count, first_pkt_Tstamp
16-09-2025 20:31 - WARNING - 4033895642 22675 2025-09-16T14:14:39.032519
16-09-2025 20:31 - WARNING - last_pkt_count, last_gps_count, last_pkt_Tstamp
16-09-2025 20:31 - WARNING - 4035778183 22712 2025-09-16T14:15:08.240512
16-09-2025 20:31 - WARNING - diff_pkt_count  , diff_gps_count ,  diff_pkt_timstamp
16-09-2025 20:31 - WARNING - 1882541 37 29207993 microseconds
16-09-2025 20:31 - WARNING - No packet loss: /data/dsp/GBD_TRANSIENT_BUFFER/J1921+2153/16_09_2025/PDR_GULP_data002.pcap_16_09_2025_19_45_1758032140.PCAP_PDR
16-09-2025 20:31 - WARNING - first_pkt_count, first_gps_count, first_pkt_Tstamp
16-09-2025 20:31 - WARNING - 4035778184 22712 2025-09-16T14:15:08.240599
16-09-2025 20:31 - WARNING - last_pkt_count, last_gps_count, last_pkt_Tstamp
16-09-2025 20:31 - WARNING - 4037660725 22745 2025-09-16T14:15:37.448624
16-09-2025 20:31 - WARNING - diff_pkt_count  , diff_gps_count ,  diff_pkt_timstamp
16-09-2025 20:31 - WARNING - 1882541 33 29208025 microseconds
16-09-2025 20:31 - WARNING - No packet loss: /data/dsp/GBD_TRANSIENT_BUFFER/J1921+2153/16_09_2025/PDR_GULP_data000.pcap_16_09_2025_19_46_1758032169.PCAP_PDR
16-09-2025 20:31 - WARNING - first_pkt_count, first_gps_count, first_pkt_Tstamp
16-09-2025 20:31 - WARNING - 4037660726 22745 2025-09-16T14:15:37.448624
16-09-2025 20:31 - WARNING - last_pkt_count, last_gps_count, last_pkt_Tstamp
16-09-2025 20:31 - WARNING - 4039543267 22779 2025-09-16T14:16:06.656672
16-09-2025 20:31 - WARNING - diff_pkt_count  , diff_gps_count ,  diff_pkt_timstamp
16-09-2025 20:31 - WARNING - 1882541 34 29208048 microseconds
16-09-2025 20:31 - WARNING - No packet loss: /data/dsp/GBD_TRANSIENT_BUFFER/J1921+2153/16_09_2025/PDR_GULP_data001.pcap_16_09_2025_19_46_1758032198.PCAP_PDR
16-09-2025 20:31 - WARNING - first_pkt_count, first_gps_count, first_pkt_Tstamp
16-09-2025 20:31 - WARNING - 4039543268 22779 2025-09-16T14:16:06.656672
16-09-2025 20:31 - WARNING - last_pkt_count, last_gps_count, last_pkt_Tstamp
16-09-2025 20:31 - WARNING - 4041425810 22813 2025-09-16T14:16:35.864790
16-09-2025 20:31 - WARNING - diff_pkt_count  , diff_gps_count ,  diff_pkt_timstamp
16-09-2025 20:31 - WARNING - 1882542 34 29208118 microseconds
16-09-2025 20:31 - WARNING - No packet loss: /data/dsp/GBD_TRANSIENT_BUFFER/J1921+2153/16_09_2025/PDR_GULP_data002.pcap_16_09_2025_19_47_1758032228.PCAP_PDR
16-09-2025 20:31 - WARNING - first_pkt_count, first_gps_count, first_pkt_Tstamp
16-09-2025 20:31 - WARNING - 4041425811 22813 2025-09-16T14:16:35.864791
16-09-2025 20:31 - WARNING - last_pkt_count, last_gps_count, last_pkt_Tstamp
16-09-2025 20:31 - WARNING - 4043308352 22850 2025-09-16T14:17:05.072813
16-09-2025 20:31 - WARNING - diff_pkt_count  , diff_gps_count ,  diff_pkt_timstamp
16-09-2025 20:31 - WARNING - 1882541 37 29208022 microseconds
16-09-2025 20:31 - WARNING - No packet loss: /data/dsp/GBD_TRANSIENT_BUFFER/J1921+2153/16_09_2025/PDR_GULP_data000.pcap_16_09_2025_19_47_1758032257.PCAP_PDR
16-09-2025 20:31 - WARNING - first_pkt_count, first_gps_count, first_pkt_Tstamp
16-09-2025 20:31 - WARNING - 4043308353 22850 2025-09-16T14:17:05.072814
16-09-2025 20:31 - WARNING - last_pkt_count, last_gps_count, last_pkt_Tstamp
16-09-2025 20:31 - WARNING - 4045190894 22884 2025-09-16T14:17:34.280884
16-09-2025 20:31 - WARNING - diff_pkt_count  , diff_gps_count ,  diff_pkt_timstamp
16-09-2025 20:31 - WARNING - 1882541 34 29208070 microseconds
16-09-2025 20:31 - WARNING - No packet loss: /data/dsp/GBD_TRANSIENT_BUFFER/J1921+2153/16_09_2025/PDR_GULP_data001.pcap_16_09_2025_19_48_1758032286.PCAP_PDR
16-09-2025 20:31 - WARNING - first_pkt_count, first_gps_count, first_pkt_Tstamp
16-09-2025 20:31 - WARNING - 4045190895 22884 2025-09-16T14:17:34.280885
16-09-2025 20:31 - WARNING - last_pkt_count, last_gps_count, last_pkt_Tstamp
16-09-2025 20:31 - WARNING - 4047073436 22901 2025-09-16T14:18:03.488923
16-09-2025 20:31 - WARNING - diff_pkt_count  , diff_gps_count ,  diff_pkt_timstamp
16-09-2025 20:31 - WARNING - 1882541 17 29208038 microseconds
16-09-2025 20:31 - WARNING - No packet loss: /data/dsp/GBD_TRANSIENT_BUFFER/J1921+2153/16_09_2025/PDR_GULP_data002.pcap_16_09_2025_19_48_1758032315.PCAP_PDR
16-09-2025 20:31 - WARNING - first_pkt_count, first_gps_count, first_pkt_Tstamp
16-09-2025 20:31 - WARNING - 4047073437 22901 2025-09-16T14:18:03.488976
16-09-2025 20:31 - WARNING - last_pkt_count, last_gps_count, last_pkt_Tstamp
16-09-2025 20:31 - WARNING - 4048955978 22934 2025-09-16T14:18:32.697004
16-09-2025 20:31 - WARNING - diff_pkt_count  , diff_gps_count ,  diff_pkt_timstamp
16-09-2025 20:31 - WARNING - 1882541 33 29208028 microseconds
16-09-2025 20:31 - WARNING - No packet loss: /data/dsp/GBD_TRANSIENT_BUFFER/J1921+2153/16_09_2025/PDR_GULP_data000.pcap_16_09_2025_19_49_1758032344.PCAP_PDR
16-09-2025 20:31 - WARNING - first_pkt_count, first_gps_count, first_pkt_Tstamp
16-09-2025 20:31 - WARNING - 4048955979 22934 2025-09-16T14:18:32.697004
16-09-2025 20:31 - WARNING - last_pkt_count, last_gps_count, last_pkt_Tstamp
16-09-2025 20:31 - WARNING - 4050838520 22966 2025-09-16T14:19:01.905026
16-09-2025 20:31 - WARNING - diff_pkt_count  , diff_gps_count ,  diff_pkt_timstamp
16-09-2025 20:31 - WARNING - 1882541 32 29208022 microseconds
16-09-2025 20:31 - WARNING - No packet loss: /data/dsp/GBD_TRANSIENT_BUFFER/J1921+2153/16_09_2025/PDR_GULP_data001.pcap_16_09_2025_19_49_1758032374.PCAP_PDR
16-09-2025 20:31 - WARNING - first_pkt_count, first_gps_count, first_pkt_Tstamp
16-09-2025 20:31 - WARNING - 4050838521 22966 2025-09-16T14:19:01.905080
16-09-2025 20:31 - WARNING - last_pkt_count, last_gps_count, last_pkt_Tstamp
16-09-2025 20:31 - WARNING - 4052721063 23003 2025-09-16T14:19:31.113082
16-09-2025 20:31 - WARNING - diff_pkt_count  , diff_gps_count ,  diff_pkt_timstamp
16-09-2025 20:31 - WARNING - 1882542 37 29208002 microseconds
16-09-2025 20:31 - WARNING - No packet loss: /data/dsp/GBD_TRANSIENT_BUFFER/J1921+2153/16_09_2025/PDR_GULP_data002.pcap_16_09_2025_19_50_1758032403.PCAP_PDR
16-09-2025 20:31 - WARNING - first_pkt_count, first_gps_count, first_pkt_Tstamp
16-09-2025 20:31 - WARNING - 4052721064 23003 2025-09-16T14:19:31.113135
16-09-2025 20:31 - WARNING - last_pkt_count, last_gps_count, last_pkt_Tstamp
16-09-2025 20:31 - WARNING - 4054603605 23036 2025-09-16T14:20:00.321184
16-09-2025 20:31 - WARNING - diff_pkt_count  , diff_gps_count ,  diff_pkt_timstamp
16-09-2025 20:31 - WARNING - 1882541 33 29208049 microseconds
16-09-2025 20:31 - WARNING - No packet loss: /data/dsp/GBD_TRANSIENT_BUFFER/J1921+2153/16_09_2025/PDR_GULP_data000.pcap_16_09_2025_19_50_1758032432.PCAP_PDR
16-09-2025 20:31 - WARNING - first_pkt_count, first_gps_count, first_pkt_Tstamp
16-09-2025 20:31 - WARNING - 4054603606 23036 2025-09-16T14:20:00.321184
16-09-2025 20:31 - WARNING - last_pkt_count, last_gps_count, last_pkt_Tstamp
16-09-2025 20:31 - WARNING - 4056486147 23073 2025-09-16T14:20:29.529199
16-09-2025 20:31 - WARNING - diff_pkt_count  , diff_gps_count ,  diff_pkt_timstamp
16-09-2025 20:31 - WARNING - 1882541 37 29208015 microseconds
16-09-2025 20:31 - WARNING - No packet loss: /data/dsp/GBD_TRANSIENT_BUFFER/J1921+2153/16_09_2025/PDR_GULP_data001.pcap_16_09_2025_19_51_1758032461.PCAP_PDR
16-09-2025 20:31 - WARNING - first_pkt_count, first_gps_count, first_pkt_Tstamp
16-09-2025 20:31 - WARNING - 4056486148 23073 2025-09-16T14:20:29.529199
16-09-2025 20:31 - WARNING - last_pkt_count, last_gps_count, last_pkt_Tstamp
16-09-2025 20:31 - WARNING - 4058368689 23109 2025-09-16T14:20:58.737269
16-09-2025 20:31 - WARNING - diff_pkt_count  , diff_gps_count ,  diff_pkt_timstamp
16-09-2025 20:31 - WARNING - 1882541 36 29208070 microseconds
16-09-2025 20:31 - WARNING - No packet loss: /data/dsp/GBD_TRANSIENT_BUFFER/J1921+2153/16_09_2025/PDR_GULP_data002.pcap_16_09_2025_19_51_1758032490.PCAP_PDR
16-09-2025 20:31 - WARNING - first_pkt_count, first_gps_count, first_pkt_Tstamp
16-09-2025 20:31 - WARNING - 4058368690 23109 2025-09-16T14:20:58.737269
16-09-2025 20:31 - WARNING - last_pkt_count, last_gps_count, last_pkt_Tstamp
16-09-2025 20:31 - WARNING - 4060251231 23141 2025-09-16T14:21:27.945277
16-09-2025 20:31 - WARNING - diff_pkt_count  , diff_gps_count ,  diff_pkt_timstamp
16-09-2025 20:31 - WARNING - 1882541 32 29208008 microseconds
16-09-2025 20:31 - WARNING - No packet loss: /data/dsp/GBD_TRANSIENT_BUFFER/J1921+2153/16_09_2025/PDR_GULP_data000.pcap_16_09_2025_19_52_1758032520.PCAP_PDR
16-09-2025 20:31 - WARNING - first_pkt_count, first_gps_count, first_pkt_Tstamp
16-09-2025 20:31 - WARNING - 4060251232 23141 2025-09-16T14:21:27.945331
16-09-2025 20:31 - WARNING - last_pkt_count, last_gps_count, last_pkt_Tstamp
16-09-2025 20:31 - WARNING - 4062133773 23179 2025-09-16T14:21:57.153343
16-09-2025 20:31 - WARNING - diff_pkt_count  , diff_gps_count ,  diff_pkt_timstamp
16-09-2025 20:31 - WARNING - 1882541 38 29208012 microseconds
16-09-2025 20:31 - WARNING - No packet loss: /data/dsp/GBD_TRANSIENT_BUFFER/J1921+2153/16_09_2025/PDR_GULP_data001.pcap_16_09_2025_19_52_1758032549.PCAP_PDR
16-09-2025 20:31 - WARNING - first_pkt_count, first_gps_count, first_pkt_Tstamp
16-09-2025 20:31 - WARNING - 4062133774 23179 2025-09-16T14:21:57.153343
16-09-2025 20:31 - WARNING - last_pkt_count, last_gps_count, last_pkt_Tstamp
16-09-2025 20:31 - WARNING - 4064016316 23212 2025-09-16T14:22:26.361407
16-09-2025 20:31 - WARNING - diff_pkt_count  , diff_gps_count ,  diff_pkt_timstamp
16-09-2025 20:31 - WARNING - 1882542 33 29208064 microseconds
16-09-2025 20:31 - WARNING - No packet loss: /data/dsp/GBD_TRANSIENT_BUFFER/J1921+2153/16_09_2025/PDR_GULP_data002.pcap_16_09_2025_19_52_1758032578.PCAP_PDR
16-09-2025 20:31 - WARNING - first_pkt_count, first_gps_count, first_pkt_Tstamp
16-09-2025 20:31 - WARNING - 4064016317 23212 2025-09-16T14:22:26.361407
16-09-2025 20:31 - WARNING - last_pkt_count, last_gps_count, last_pkt_Tstamp
16-09-2025 20:31 - WARNING - 4065898858 23245 2025-09-16T14:22:55.569463
16-09-2025 20:31 - WARNING - diff_pkt_count  , diff_gps_count ,  diff_pkt_timstamp
16-09-2025 20:31 - WARNING - 1882541 33 29208056 microseconds
16-09-2025 20:31 - WARNING - No packet loss: /data/dsp/GBD_TRANSIENT_BUFFER/J1921+2153/16_09_2025/PDR_GULP_data000.pcap_16_09_2025_19_53_1758032607.PCAP_PDR
16-09-2025 20:31 - WARNING - first_pkt_count, first_gps_count, first_pkt_Tstamp
16-09-2025 20:31 - WARNING - 4065898859 23245 2025-09-16T14:22:55.569464
16-09-2025 20:31 - WARNING - last_pkt_count, last_gps_count, last_pkt_Tstamp
16-09-2025 20:31 - WARNING - 4067781400 23279 2025-09-16T14:23:24.777517
16-09-2025 20:31 - WARNING - diff_pkt_count  , diff_gps_count ,  diff_pkt_timstamp
16-09-2025 20:31 - WARNING - 1882541 34 29208053 microseconds
16-09-2025 20:31 - WARNING - No packet loss: /data/dsp/GBD_TRANSIENT_BUFFER/J1921+2153/16_09_2025/PDR_GULP_data001.pcap_16_09_2025_19_53_1758032636.PCAP_PDR
16-09-2025 20:31 - WARNING - first_pkt_count, first_gps_count, first_pkt_Tstamp
16-09-2025 20:31 - WARNING - 4067781401 23279 2025-09-16T14:23:24.777518
16-09-2025 20:31 - WARNING - last_pkt_count, last_gps_count, last_pkt_Tstamp
16-09-2025 20:31 - WARNING - 4069663942 23312 2025-09-16T14:23:53.985544
16-09-2025 20:31 - WARNING - diff_pkt_count  , diff_gps_count ,  diff_pkt_timstamp
16-09-2025 20:31 - WARNING - 1882541 33 29208026 microseconds
16-09-2025 20:31 - WARNING - No packet loss: /data/dsp/GBD_TRANSIENT_BUFFER/J1921+2153/16_09_2025/PDR_GULP_data002.pcap_16_09_2025_19_54_1758032666.PCAP_PDR
16-09-2025 20:31 - WARNING - first_pkt_count, first_gps_count, first_pkt_Tstamp
16-09-2025 20:31 - WARNING - 4069663943 23312 2025-09-16T14:23:53.985544
16-09-2025 20:31 - WARNING - last_pkt_count, last_gps_count, last_pkt_Tstamp
16-09-2025 20:31 - WARNING - 4071546484 23347 2025-09-16T14:24:23.193583
16-09-2025 20:31 - WARNING - diff_pkt_count  , diff_gps_count ,  diff_pkt_timstamp
16-09-2025 20:31 - WARNING - 1882541 35 29208039 microseconds
16-09-2025 20:31 - WARNING - No packet loss: /data/dsp/GBD_TRANSIENT_BUFFER/J1921+2153/16_09_2025/PDR_GULP_data000.pcap_16_09_2025_19_54_1758032695.PCAP_PDR
16-09-2025 20:31 - WARNING - first_pkt_count, first_gps_count, first_pkt_Tstamp
16-09-2025 20:31 - WARNING - 4071546485 23347 2025-09-16T14:24:23.193635
16-09-2025 20:31 - WARNING - last_pkt_count, last_gps_count, last_pkt_Tstamp
16-09-2025 20:31 - WARNING - 4073429026 23380 2025-09-16T14:24:52.401701
16-09-2025 20:31 - WARNING - diff_pkt_count  , diff_gps_count ,  diff_pkt_timstamp
16-09-2025 20:31 - WARNING - 1882541 33 29208066 microseconds
16-09-2025 20:31 - WARNING - No packet loss: /data/dsp/GBD_TRANSIENT_BUFFER/J1921+2153/16_09_2025/PDR_GULP_data001.pcap_16_09_2025_19_55_1758032724.PCAP_PDR
16-09-2025 20:31 - WARNING - first_pkt_count, first_gps_count, first_pkt_Tstamp
16-09-2025 20:31 - WARNING - 4073429027 23380 2025-09-16T14:24:52.401701
16-09-2025 20:31 - WARNING - last_pkt_count, last_gps_count, last_pkt_Tstamp
16-09-2025 20:31 - WARNING - 4075311569 23414 2025-09-16T14:25:21.609723
16-09-2025 20:31 - WARNING - diff_pkt_count  , diff_gps_count ,  diff_pkt_timstamp
16-09-2025 20:31 - WARNING - 1882542 34 29208022 microseconds
16-09-2025 20:31 - WARNING - No packet loss: /data/dsp/GBD_TRANSIENT_BUFFER/J1921+2153/16_09_2025/PDR_GULP_data002.pcap_16_09_2025_19_55_1758032753.PCAP_PDR
16-09-2025 20:31 - WARNING - first_pkt_count, first_gps_count, first_pkt_Tstamp
16-09-2025 20:31 - WARNING - 4075311570 23414 2025-09-16T14:25:21.609723
16-09-2025 20:31 - WARNING - last_pkt_count, last_gps_count, last_pkt_Tstamp
16-09-2025 20:31 - WARNING - 4077194111 23445 2025-09-16T14:25:50.817751
16-09-2025 20:31 - WARNING - diff_pkt_count  , diff_gps_count ,  diff_pkt_timstamp
16-09-2025 20:31 - WARNING - 1882541 31 29208028 microseconds
16-09-2025 20:31 - WARNING - No packet loss: /data/dsp/GBD_TRANSIENT_BUFFER/J1921+2153/16_09_2025/PDR_GULP_data000.pcap_16_09_2025_19_56_1758032783.PCAP_PDR
16-09-2025 20:31 - WARNING - first_pkt_count, first_gps_count, first_pkt_Tstamp
16-09-2025 20:31 - WARNING - 4077194112 23445 2025-09-16T14:25:50.817751
16-09-2025 20:31 - WARNING - last_pkt_count, last_gps_count, last_pkt_Tstamp
16-09-2025 20:31 - WARNING - 4079076653 23480 2025-09-16T14:26:20.025852
16-09-2025 20:31 - WARNING - diff_pkt_count  , diff_gps_count ,  diff_pkt_timstamp
16-09-2025 20:31 - WARNING - 1882541 35 29208101 microseconds
16-09-2025 20:31 - WARNING - No packet loss: /data/dsp/GBD_TRANSIENT_BUFFER/J1921+2153/16_09_2025/PDR_GULP_data001.pcap_16_09_2025_19_56_1758032812.PCAP_PDR
16-09-2025 20:31 - WARNING - first_pkt_count, first_gps_count, first_pkt_Tstamp
16-09-2025 20:31 - WARNING - 4079076654 23480 2025-09-16T14:26:20.025852
16-09-2025 20:31 - WARNING - last_pkt_count, last_gps_count, last_pkt_Tstamp
16-09-2025 20:31 - WARNING - 4080959195 23515 2025-09-16T14:26:49.233889
16-09-2025 20:31 - WARNING - diff_pkt_count  , diff_gps_count ,  diff_pkt_timstamp
16-09-2025 20:31 - WARNING - 1882541 35 29208037 microseconds
16-09-2025 20:31 - WARNING - No packet loss: /data/dsp/GBD_TRANSIENT_BUFFER/J1921+2153/16_09_2025/PDR_GULP_data002.pcap_16_09_2025_19_57_1758032841.PCAP_PDR
16-09-2025 20:31 - WARNING - first_pkt_count, first_gps_count, first_pkt_Tstamp
16-09-2025 20:31 - WARNING - 4080959196 23515 2025-09-16T14:26:49.233890
16-09-2025 20:31 - WARNING - last_pkt_count, last_gps_count, last_pkt_Tstamp
16-09-2025 20:31 - WARNING - 4082841737 23549 2025-09-16T14:27:18.441961
16-09-2025 20:31 - WARNING - diff_pkt_count  , diff_gps_count ,  diff_pkt_timstamp
16-09-2025 20:31 - WARNING - 1882541 34 29208071 microseconds
16-09-2025 20:31 - WARNING - No packet loss: /data/dsp/GBD_TRANSIENT_BUFFER/J1921+2153/16_09_2025/PDR_GULP_data000.pcap_16_09_2025_19_57_1758032870.PCAP_PDR
16-09-2025 20:31 - WARNING - first_pkt_count, first_gps_count, first_pkt_Tstamp
16-09-2025 20:31 - WARNING - 4082841738 23549 2025-09-16T14:27:18.441961
16-09-2025 20:31 - WARNING - last_pkt_count, last_gps_count, last_pkt_Tstamp
16-09-2025 20:31 - WARNING - 4084724279 23583 2025-09-16T14:27:47.647313
16-09-2025 20:31 - WARNING - diff_pkt_count  , diff_gps_count ,  diff_pkt_timstamp
16-09-2025 20:31 - WARNING - 1882541 34 29205352 microseconds
16-09-2025 20:31 - WARNING - No packet loss: /data/dsp/GBD_TRANSIENT_BUFFER/J1921+2153/16_09_2025/PDR_GULP_data001.pcap_16_09_2025_19_58_1758032899.PCAP_PDR
16-09-2025 20:31 - WARNING - first_pkt_count, first_gps_count, first_pkt_Tstamp
16-09-2025 20:31 - WARNING - 4084724280 23583 2025-09-16T14:27:47.647313
16-09-2025 20:31 - WARNING - last_pkt_count, last_gps_count, last_pkt_Tstamp
16-09-2025 20:31 - WARNING - 4086606822 23616 2025-09-16T14:28:16.852743
16-09-2025 20:31 - WARNING - diff_pkt_count  , diff_gps_count ,  diff_pkt_timstamp
16-09-2025 20:31 - WARNING - 1882542 33 29205430 microseconds
16-09-2025 20:31 - WARNING - No packet loss: /data/dsp/GBD_TRANSIENT_BUFFER/J1921+2153/16_09_2025/PDR_GULP_data002.pcap_16_09_2025_19_58_1758032929.PCAP_PDR
16-09-2025 20:31 - WARNING - first_pkt_count, first_gps_count, first_pkt_Tstamp
16-09-2025 20:31 - WARNING - 4086606823 23616 2025-09-16T14:28:16.852743
16-09-2025 20:31 - WARNING - last_pkt_count, last_gps_count, last_pkt_Tstamp
16-09-2025 20:31 - WARNING - 4088489364 23654 2025-09-16T14:28:46.058197
16-09-2025 20:31 - WARNING - diff_pkt_count  , diff_gps_count ,  diff_pkt_timstamp
16-09-2025 20:31 - WARNING - 1882541 38 29205454 microseconds
16-09-2025 20:31 - WARNING - Packet loss: /data/dsp/GBD_TRANSIENT_BUFFER/J1921+2153/16_09_2025/PDR_GULP_data000.pcap_16_09_2025_19_59_1758032958.PCAP_PDR
16-09-2025 20:31 - WARNING - Packet loss found .... Being fixed ... Please wait ...
16-09-2025 20:31 - WARNING - PCAP filtering ... tcpdump -r /data/dsp/GBD_TRANSIENT_BUFFER/J1921+2153/16_09_2025/PDR_GULP_data000.pcap_16_09_2025_19_59_1758032958.PCAP_PDR.pcap -w PDR_GULP_data000.pcap_16_09_2025_19_59_1758032958_filtered.PCAP_PDR.pcap  host 172.10.10.1 and port 55000 
16-09-2025 20:32 - WARNING - Patched /data/dsp/GBD_TRANSIENT_BUFFER/J1921+2153/16_09_2025/PDR_GULP_data000.pcap_16_09_2025_19_59_1758032958.PCAP_PDR as PDR_GULP_data000.pcap_16_09_2025_19_59_1758032958_filtered.PCAP_PDR
16-09-2025 20:32 - WARNING - Gulped file moved to /data/dsp/GBD_TRANSIENT_BUFFER/J1921+2153/16_09_2025/GULPED
16-09-2025 20:32 - WARNING - first_pkt_count, first_gps_count, first_pkt_Tstamp
16-09-2025 20:32 - WARNING - 4088489365 23654 2025-09-16T14:28:46.058198
16-09-2025 20:32 - WARNING - last_pkt_count, last_gps_count, last_pkt_Tstamp
16-09-2025 20:32 - WARNING - 4090371906 23687 2025-09-16T14:29:15.263820
16-09-2025 20:32 - WARNING - diff_pkt_count  , diff_gps_count ,  diff_pkt_timstamp
16-09-2025 20:32 - WARNING - 1882541 33 29205622 microseconds
16-09-2025 20:32 - WARNING - No packet loss: /data/dsp/GBD_TRANSIENT_BUFFER/J1921+2153/16_09_2025/PDR_GULP_data001.pcap_16_09_2025_19_59_1758032987.PCAP_PDR
16-09-2025 20:32 - WARNING - first_pkt_count, first_gps_count, first_pkt_Tstamp
16-09-2025 20:32 - WARNING - 4090371907 23687 2025-09-16T14:29:15.263820
16-09-2025 20:32 - WARNING - last_pkt_count, last_gps_count, last_pkt_Tstamp
16-09-2025 20:32 - WARNING - 4092254448 23719 2025-09-16T14:29:44.469561
16-09-2025 20:32 - WARNING - diff_pkt_count  , diff_gps_count ,  diff_pkt_timstamp
16-09-2025 20:32 - WARNING - 1882541 32 29205741 microseconds
16-09-2025 20:32 - WARNING - No packet loss: /data/dsp/GBD_TRANSIENT_BUFFER/J1921+2153/16_09_2025/PDR_GULP_data002.pcap_16_09_2025_20_00_1758033016.PCAP_PDR
16-09-2025 20:32 - WARNING - first_pkt_count, first_gps_count, first_pkt_Tstamp
16-09-2025 20:32 - WARNING - 4092254449 23719 2025-09-16T14:29:44.469561
16-09-2025 20:32 - WARNING - last_pkt_count, last_gps_count, last_pkt_Tstamp
16-09-2025 20:32 - WARNING - 4094136990 23754 2025-09-16T14:30:13.675383
16-09-2025 20:32 - WARNING - diff_pkt_count  , diff_gps_count ,  diff_pkt_timstamp
16-09-2025 20:32 - WARNING - 1882541 35 29205822 microseconds
16-09-2025 20:32 - WARNING - No packet loss: /data/dsp/GBD_TRANSIENT_BUFFER/J1921+2153/16_09_2025/PDR_GULP_data000.pcap_16_09_2025_20_00_1758033045.PCAP_PDR
16-09-2025 20:32 - WARNING - first_pkt_count, first_gps_count, first_pkt_Tstamp
16-09-2025 20:32 - WARNING - 4094136991 23754 2025-09-16T14:30:13.675383
16-09-2025 20:32 - WARNING - last_pkt_count, last_gps_count, last_pkt_Tstamp
16-09-2025 20:32 - WARNING - 4096019532 23790 2025-09-16T14:30:42.881320
16-09-2025 20:32 - WARNING - diff_pkt_count  , diff_gps_count ,  diff_pkt_timstamp
16-09-2025 20:32 - WARNING - 1882541 36 29205937 microseconds
16-09-2025 20:32 - WARNING - No packet loss: /data/dsp/GBD_TRANSIENT_BUFFER/J1921+2153/16_09_2025/PDR_GULP_data001.pcap_16_09_2025_20_01_1758033075.PCAP_PDR
16-09-2025 20:32 - WARNING - first_pkt_count, first_gps_count, first_pkt_Tstamp
16-09-2025 20:32 - WARNING - 4096019533 23790 2025-09-16T14:30:42.881320
16-09-2025 20:32 - WARNING - last_pkt_count, last_gps_count, last_pkt_Tstamp
16-09-2025 20:32 - WARNING - 4097902075 23822 2025-09-16T14:31:12.087388
16-09-2025 20:32 - WARNING - diff_pkt_count  , diff_gps_count ,  diff_pkt_timstamp
16-09-2025 20:32 - WARNING - 1882542 32 29206068 microseconds
16-09-2025 20:32 - WARNING - No packet loss: /data/dsp/GBD_TRANSIENT_BUFFER/J1921+2153/16_09_2025/PDR_GULP_data002.pcap_16_09_2025_20_01_1758033104.PCAP_PDR
16-09-2025 20:32 - WARNING - first_pkt_count, first_gps_count, first_pkt_Tstamp
16-09-2025 20:32 - WARNING - 4097902076 23822 2025-09-16T14:31:12.087388
16-09-2025 20:32 - WARNING - last_pkt_count, last_gps_count, last_pkt_Tstamp
16-09-2025 20:32 - WARNING - 4099784617 23858 2025-09-16T14:31:41.293497
16-09-2025 20:32 - WARNING - diff_pkt_count  , diff_gps_count ,  diff_pkt_timstamp
16-09-2025 20:32 - WARNING - 1882541 36 29206109 microseconds
16-09-2025 20:32 - WARNING - No packet loss: /data/dsp/GBD_TRANSIENT_BUFFER/J1921+2153/16_09_2025/PDR_GULP_data000.pcap_16_09_2025_20_02_1758033133.PCAP_PDR
16-09-2025 20:32 - WARNING - first_pkt_count, first_gps_count, first_pkt_Tstamp
16-09-2025 20:32 - WARNING - 4099784618 23858 2025-09-16T14:31:41.293498
16-09-2025 20:32 - WARNING - last_pkt_count, last_gps_count, last_pkt_Tstamp
16-09-2025 20:32 - WARNING - 4101667159 23892 2025-09-16T14:32:10.499687
16-09-2025 20:32 - WARNING - diff_pkt_count  , diff_gps_count ,  diff_pkt_timstamp
16-09-2025 20:32 - WARNING - 1882541 34 29206189 microseconds
16-09-2025 20:32 - WARNING - No packet loss: /data/dsp/GBD_TRANSIENT_BUFFER/J1921+2153/16_09_2025/PDR_GULP_data001.pcap_16_09_2025_20_02_1758033162.PCAP_PDR
16-09-2025 20:32 - WARNING - first_pkt_count, first_gps_count, first_pkt_Tstamp
16-09-2025 20:32 - WARNING - 4101667160 23892 2025-09-16T14:32:10.499688
16-09-2025 20:32 - WARNING - last_pkt_count, last_gps_count, last_pkt_Tstamp
16-09-2025 20:32 - WARNING - 4103549701 23927 2025-09-16T14:32:39.705979
16-09-2025 20:32 - WARNING - diff_pkt_count  , diff_gps_count ,  diff_pkt_timstamp
16-09-2025 20:32 - WARNING - 1882541 35 29206291 microseconds
16-09-2025 20:32 - WARNING - No packet loss: /data/dsp/GBD_TRANSIENT_BUFFER/J1921+2153/16_09_2025/PDR_GULP_data002.pcap_16_09_2025_20_03_1758033191.PCAP_PDR
16-09-2025 20:32 - WARNING - first_pkt_count, first_gps_count, first_pkt_Tstamp
16-09-2025 20:32 - WARNING - 4103549702 23927 2025-09-16T14:32:39.705979
16-09-2025 20:32 - WARNING - last_pkt_count, last_gps_count, last_pkt_Tstamp
16-09-2025 20:32 - WARNING - 4105432243 23961 2025-09-16T14:33:08.912426
16-09-2025 20:32 - WARNING - diff_pkt_count  , diff_gps_count ,  diff_pkt_timstamp
16-09-2025 20:32 - WARNING - 1882541 34 29206447 microseconds
16-09-2025 20:32 - WARNING - No packet loss: /data/dsp/GBD_TRANSIENT_BUFFER/J1921+2153/16_09_2025/PDR_GULP_data000.pcap_16_09_2025_20_03_1758033221.PCAP_PDR
16-09-2025 20:32 - WARNING - first_pkt_count, first_gps_count, first_pkt_Tstamp
16-09-2025 20:32 - WARNING - 4105432244 23961 2025-09-16T14:33:08.912426
16-09-2025 20:32 - WARNING - last_pkt_count, last_gps_count, last_pkt_Tstamp
16-09-2025 20:32 - WARNING - 4107314785 23998 2025-09-16T14:33:38.118812
16-09-2025 20:32 - WARNING - diff_pkt_count  , diff_gps_count ,  diff_pkt_timstamp
16-09-2025 20:32 - WARNING - 1882541 37 29206386 microseconds
16-09-2025 20:32 - WARNING - No packet loss: /data/dsp/GBD_TRANSIENT_BUFFER/J1921+2153/16_09_2025/PDR_GULP_data001.pcap_16_09_2025_20_04_1758033250.PCAP_PDR
16-09-2025 20:32 - WARNING - first_pkt_count, first_gps_count, first_pkt_Tstamp
16-09-2025 20:32 - WARNING - 4107314786 23998 2025-09-16T14:33:38.118812
16-09-2025 20:32 - WARNING - last_pkt_count, last_gps_count, last_pkt_Tstamp
16-09-2025 20:32 - WARNING - 4109197328 24031 2025-09-16T14:34:07.325314
16-09-2025 20:32 - WARNING - diff_pkt_count  , diff_gps_count ,  diff_pkt_timstamp
16-09-2025 20:32 - WARNING - 1882542 33 29206502 microseconds
16-09-2025 20:32 - WARNING - No packet loss: /data/dsp/GBD_TRANSIENT_BUFFER/J1921+2153/16_09_2025/PDR_GULP_data002.pcap_16_09_2025_20_04_1758033279.PCAP_PDR
16-09-2025 20:32 - WARNING - first_pkt_count, first_gps_count, first_pkt_Tstamp
16-09-2025 20:32 - WARNING - 4109197329 24031 2025-09-16T14:34:07.325399
16-09-2025 20:32 - WARNING - last_pkt_count, last_gps_count, last_pkt_Tstamp
16-09-2025 20:32 - WARNING - 4111079870 24064 2025-09-16T14:34:36.531886
16-09-2025 20:32 - WARNING - diff_pkt_count  , diff_gps_count ,  diff_pkt_timstamp
16-09-2025 20:32 - WARNING - 1882541 33 29206487 microseconds
16-09-2025 20:32 - WARNING - No packet loss: /data/dsp/GBD_TRANSIENT_BUFFER/J1921+2153/16_09_2025/PDR_GULP_data000.pcap_16_09_2025_20_05_1758033308.PCAP_PDR
16-09-2025 20:32 - WARNING - first_pkt_count, first_gps_count, first_pkt_Tstamp
16-09-2025 20:32 - WARNING - 4111079871 24064 2025-09-16T14:34:36.531886
16-09-2025 20:32 - WARNING - last_pkt_count, last_gps_count, last_pkt_Tstamp
16-09-2025 20:32 - WARNING - 4112962412 24098 2025-09-16T14:35:05.738492
16-09-2025 20:32 - WARNING - diff_pkt_count  , diff_gps_count ,  diff_pkt_timstamp
16-09-2025 20:32 - WARNING - 1882541 34 29206606 microseconds
16-09-2025 20:32 - WARNING - No packet loss: /data/dsp/GBD_TRANSIENT_BUFFER/J1921+2153/16_09_2025/PDR_GULP_data001.pcap_16_09_2025_20_05_1758033337.PCAP_PDR
16-09-2025 20:32 - WARNING - first_pkt_count, first_gps_count, first_pkt_Tstamp
16-09-2025 20:32 - WARNING - 4112962413 24098 2025-09-16T14:35:05.738558
16-09-2025 20:32 - WARNING - last_pkt_count, last_gps_count, last_pkt_Tstamp
16-09-2025 20:32 - WARNING - 4114844954 24132 2025-09-16T14:35:34.945242
16-09-2025 20:32 - WARNING - diff_pkt_count  , diff_gps_count ,  diff_pkt_timstamp
16-09-2025 20:32 - WARNING - 1882541 34 29206684 microseconds
16-09-2025 20:32 - WARNING - No packet loss: /data/dsp/GBD_TRANSIENT_BUFFER/J1921+2153/16_09_2025/PDR_GULP_data002.pcap_16_09_2025_20_06_1758033367.PCAP_PDR
16-09-2025 20:32 - WARNING - first_pkt_count, first_gps_count, first_pkt_Tstamp
16-09-2025 20:32 - WARNING - 4114844955 24132 2025-09-16T14:35:34.945242
16-09-2025 20:32 - WARNING - last_pkt_count, last_gps_count, last_pkt_Tstamp
16-09-2025 20:32 - WARNING - 4116727496 24168 2025-09-16T14:36:04.151944
16-09-2025 20:32 - WARNING - diff_pkt_count  , diff_gps_count ,  diff_pkt_timstamp
16-09-2025 20:32 - WARNING - 1882541 36 29206702 microseconds
16-09-2025 20:32 - WARNING - No packet loss: /data/dsp/GBD_TRANSIENT_BUFFER/J1921+2153/16_09_2025/PDR_GULP_data000.pcap_16_09_2025_20_06_1758033396.PCAP_PDR
16-09-2025 20:32 - WARNING - first_pkt_count, first_gps_count, first_pkt_Tstamp
16-09-2025 20:32 - WARNING - 4116727497 24168 2025-09-16T14:36:04.151945
16-09-2025 20:32 - WARNING - last_pkt_count, last_gps_count, last_pkt_Tstamp
16-09-2025 20:32 - WARNING - 4118610038 24204 2025-09-16T14:36:33.358813
16-09-2025 20:32 - WARNING - diff_pkt_count  , diff_gps_count ,  diff_pkt_timstamp
16-09-2025 20:32 - WARNING - 1882541 36 29206868 microseconds
16-09-2025 20:32 - WARNING - No packet loss: /data/dsp/GBD_TRANSIENT_BUFFER/J1921+2153/16_09_2025/PDR_GULP_data001.pcap_16_09_2025_20_07_1758033425.PCAP_PDR
16-09-2025 20:32 - WARNING - first_pkt_count, first_gps_count, first_pkt_Tstamp
16-09-2025 20:32 - WARNING - 4118610039 24204 2025-09-16T14:36:33.358814
16-09-2025 20:32 - WARNING - last_pkt_count, last_gps_count, last_pkt_Tstamp
16-09-2025 20:32 - WARNING - 4120492581 24238 2025-09-16T14:37:02.565655
16-09-2025 20:32 - WARNING - diff_pkt_count  , diff_gps_count ,  diff_pkt_timstamp
16-09-2025 20:32 - WARNING - 1882542 34 29206841 microseconds
16-09-2025 20:32 - WARNING - No packet loss: /data/dsp/GBD_TRANSIENT_BUFFER/J1921+2153/16_09_2025/PDR_GULP_data002.pcap_16_09_2025_20_07_1758033454.PCAP_PDR
16-09-2025 20:32 - WARNING - first_pkt_count, first_gps_count, first_pkt_Tstamp
16-09-2025 20:32 - WARNING - 4120492582 24238 2025-09-16T14:37:02.565655
16-09-2025 20:32 - WARNING - last_pkt_count, last_gps_count, last_pkt_Tstamp
16-09-2025 20:32 - WARNING - 4122375123 24272 2025-09-16T14:37:31.772542
16-09-2025 20:32 - WARNING - diff_pkt_count  , diff_gps_count ,  diff_pkt_timstamp
16-09-2025 20:32 - WARNING - 1882541 34 29206887 microseconds
16-09-2025 20:32 - WARNING - No packet loss: /data/dsp/GBD_TRANSIENT_BUFFER/J1921+2153/16_09_2025/PDR_GULP_data000.pcap_16_09_2025_20_08_1758033483.PCAP_PDR
16-09-2025 20:32 - WARNING - first_pkt_count, first_gps_count, first_pkt_Tstamp
16-09-2025 20:32 - WARNING - 4122375124 24272 2025-09-16T14:37:31.772543
16-09-2025 20:32 - WARNING - last_pkt_count, last_gps_count, last_pkt_Tstamp
16-09-2025 20:32 - WARNING - 4124257665 24304 2025-09-16T14:38:00.979423
16-09-2025 20:32 - WARNING - diff_pkt_count  , diff_gps_count ,  diff_pkt_timstamp
16-09-2025 20:32 - WARNING - 1882541 32 29206880 microseconds
16-09-2025 20:32 - WARNING - No packet loss: /data/dsp/GBD_TRANSIENT_BUFFER/J1921+2153/16_09_2025/PDR_GULP_data001.pcap_16_09_2025_20_08_1758033513.PCAP_PDR
16-09-2025 20:32 - WARNING - first_pkt_count, first_gps_count, first_pkt_Tstamp
16-09-2025 20:32 - WARNING - 4124257666 24304 2025-09-16T14:38:00.979423
16-09-2025 20:32 - WARNING - last_pkt_count, last_gps_count, last_pkt_Tstamp
16-09-2025 20:32 - WARNING - 4126140207 24340 2025-09-16T14:38:30.186414
16-09-2025 20:32 - WARNING - diff_pkt_count  , diff_gps_count ,  diff_pkt_timstamp
16-09-2025 20:32 - WARNING - 1882541 36 29206991 microseconds
16-09-2025 20:32 - WARNING - No packet loss: /data/dsp/GBD_TRANSIENT_BUFFER/J1921+2153/16_09_2025/PDR_GULP_data002.pcap_16_09_2025_20_09_1758033542.PCAP_PDR
16-09-2025 20:32 - WARNING - first_pkt_count, first_gps_count, first_pkt_Tstamp
16-09-2025 20:32 - WARNING - 4126140208 24340 2025-09-16T14:38:30.186414
16-09-2025 20:32 - WARNING - last_pkt_count, last_gps_count, last_pkt_Tstamp
16-09-2025 20:32 - WARNING - 4128022749 24375 2025-09-16T14:38:59.393453
16-09-2025 20:32 - WARNING - diff_pkt_count  , diff_gps_count ,  diff_pkt_timstamp
16-09-2025 20:32 - WARNING - 1882541 35 29207039 microseconds
16-09-2025 20:32 - WARNING - No packet loss: /data/dsp/GBD_TRANSIENT_BUFFER/J1921+2153/16_09_2025/PDR_GULP_data000.pcap_16_09_2025_20_09_1758033571.PCAP_PDR
16-09-2025 20:32 - WARNING - first_pkt_count, first_gps_count, first_pkt_Tstamp
16-09-2025 20:32 - WARNING - 4128022750 24375 2025-09-16T14:38:59.393453
16-09-2025 20:32 - WARNING - last_pkt_count, last_gps_count, last_pkt_Tstamp
16-09-2025 20:32 - WARNING - 4129905291 24411 2025-09-16T14:39:28.600438
16-09-2025 20:32 - WARNING - diff_pkt_count  , diff_gps_count ,  diff_pkt_timstamp
16-09-2025 20:32 - WARNING - 1882541 36 29206985 microseconds
16-09-2025 20:32 - WARNING - No packet loss: /data/dsp/GBD_TRANSIENT_BUFFER/J1921+2153/16_09_2025/PDR_GULP_data001.pcap_16_09_2025_20_10_1758033600.PCAP_PDR
16-09-2025 20:32 - WARNING - first_pkt_count, first_gps_count, first_pkt_Tstamp
16-09-2025 20:32 - WARNING - 4129905292 24411 2025-09-16T14:39:28.600528
16-09-2025 20:32 - WARNING - last_pkt_count, last_gps_count, last_pkt_Tstamp
16-09-2025 20:32 - WARNING - 4131787834 24444 2025-09-16T14:39:57.807611
16-09-2025 20:32 - WARNING - diff_pkt_count  , diff_gps_count ,  diff_pkt_timstamp
16-09-2025 20:32 - WARNING - 1882542 33 29207083 microseconds
16-09-2025 20:32 - WARNING - No packet loss: /data/dsp/GBD_TRANSIENT_BUFFER/J1921+2153/16_09_2025/PDR_GULP_data002.pcap_16_09_2025_20_10_1758033630.PCAP_PDR
16-09-2025 20:32 - WARNING - first_pkt_count, first_gps_count, first_pkt_Tstamp
16-09-2025 20:32 - WARNING - 4131787835 24444 2025-09-16T14:39:57.807612
16-09-2025 20:32 - WARNING - last_pkt_count, last_gps_count, last_pkt_Tstamp
16-09-2025 20:32 - WARNING - 4133670376 24482 2025-09-16T14:40:27.014657
16-09-2025 20:32 - WARNING - diff_pkt_count  , diff_gps_count ,  diff_pkt_timstamp
16-09-2025 20:32 - WARNING - 1882541 38 29207045 microseconds
16-09-2025 20:32 - WARNING - No packet loss: /data/dsp/GBD_TRANSIENT_BUFFER/J1921+2153/16_09_2025/PDR_GULP_data000.pcap_16_09_2025_20_10_1758033659.PCAP_PDR
16-09-2025 20:32 - WARNING - first_pkt_count, first_gps_count, first_pkt_Tstamp
16-09-2025 20:32 - WARNING - 4133670377 24482 2025-09-16T14:40:27.014657
16-09-2025 20:32 - WARNING - last_pkt_count, last_gps_count, last_pkt_Tstamp
16-09-2025 20:32 - WARNING - 4135552918 24517 2025-09-16T14:40:56.221796
16-09-2025 20:32 - WARNING - diff_pkt_count  , diff_gps_count ,  diff_pkt_timstamp
16-09-2025 20:32 - WARNING - 1882541 35 29207139 microseconds
16-09-2025 20:32 - WARNING - No packet loss: /data/dsp/GBD_TRANSIENT_BUFFER/J1921+2153/16_09_2025/PDR_GULP_data001.pcap_16_09_2025_20_11_1758033688.PCAP_PDR
16-09-2025 20:32 - WARNING - first_pkt_count, first_gps_count, first_pkt_Tstamp
16-09-2025 20:32 - WARNING - 4135552919 24517 2025-09-16T14:40:56.221796
16-09-2025 20:32 - WARNING - last_pkt_count, last_gps_count, last_pkt_Tstamp
16-09-2025 20:32 - WARNING - 4137435460 24552 2025-09-16T14:41:25.429018
16-09-2025 20:32 - WARNING - diff_pkt_count  , diff_gps_count ,  diff_pkt_timstamp
16-09-2025 20:32 - WARNING - 1882541 35 29207222 microseconds
16-09-2025 20:32 - WARNING - No packet loss: /data/dsp/GBD_TRANSIENT_BUFFER/J1921+2153/16_09_2025/PDR_GULP_data002.pcap_16_09_2025_20_11_1758033717.PCAP_PDR
16-09-2025 20:32 - WARNING - first_pkt_count, first_gps_count, first_pkt_Tstamp
16-09-2025 20:32 - WARNING - 4137435461 24552 2025-09-16T14:41:25.429018
16-09-2025 20:32 - WARNING - last_pkt_count, last_gps_count, last_pkt_Tstamp
16-09-2025 20:32 - WARNING - 4139318002 24585 2025-09-16T14:41:54.636133
16-09-2025 20:32 - WARNING - diff_pkt_count  , diff_gps_count ,  diff_pkt_timstamp
16-09-2025 20:32 - WARNING - 1882541 33 29207115 microseconds
16-09-2025 20:32 - WARNING - No packet loss: /data/dsp/GBD_TRANSIENT_BUFFER/J1921+2153/16_09_2025/PDR_GULP_data000.pcap_16_09_2025_20_12_1758033746.PCAP_PDR
16-09-2025 20:32 - WARNING - first_pkt_count, first_gps_count, first_pkt_Tstamp
16-09-2025 20:32 - WARNING - 4139318003 24585 2025-09-16T14:41:54.636186
16-09-2025 20:32 - WARNING - last_pkt_count, last_gps_count, last_pkt_Tstamp
16-09-2025 20:32 - WARNING - 4141200544 24615 2025-09-16T14:42:23.843409
16-09-2025 20:32 - WARNING - diff_pkt_count  , diff_gps_count ,  diff_pkt_timstamp
16-09-2025 20:32 - WARNING - 1882541 30 29207223 microseconds
16-09-2025 20:32 - WARNING - No packet loss: /data/dsp/GBD_TRANSIENT_BUFFER/J1921+2153/16_09_2025/PDR_GULP_data001.pcap_16_09_2025_20_12_1758033776.PCAP_PDR
16-09-2025 20:32 - WARNING - first_pkt_count, first_gps_count, first_pkt_Tstamp
16-09-2025 20:32 - WARNING - 4141200545 24615 2025-09-16T14:42:23.843410
16-09-2025 20:32 - WARNING - last_pkt_count, last_gps_count, last_pkt_Tstamp
16-09-2025 20:32 - WARNING - 4143083087 24648 2025-09-16T14:42:53.050629
16-09-2025 20:32 - WARNING - diff_pkt_count  , diff_gps_count ,  diff_pkt_timstamp
16-09-2025 20:32 - WARNING - 1882542 33 29207219 microseconds
16-09-2025 20:32 - WARNING - No packet loss: /data/dsp/GBD_TRANSIENT_BUFFER/J1921+2153/16_09_2025/PDR_GULP_data002.pcap_16_09_2025_20_13_1758033805.PCAP_PDR
16-09-2025 20:32 - WARNING - first_pkt_count, first_gps_count, first_pkt_Tstamp
16-09-2025 20:32 - WARNING - 4143083088 24648 2025-09-16T14:42:53.050681
16-09-2025 20:32 - WARNING - last_pkt_count, last_gps_count, last_pkt_Tstamp
16-09-2025 20:32 - WARNING - 4144965629 24684 2025-09-16T14:43:22.257959
16-09-2025 20:32 - WARNING - diff_pkt_count  , diff_gps_count ,  diff_pkt_timstamp
16-09-2025 20:32 - WARNING - 1882541 36 29207278 microseconds
16-09-2025 20:32 - WARNING - No packet loss: /data/dsp/GBD_TRANSIENT_BUFFER/J1921+2153/16_09_2025/PDR_GULP_data000.pcap_16_09_2025_20_13_1758033834.PCAP_PDR
16-09-2025 20:32 - WARNING - first_pkt_count, first_gps_count, first_pkt_Tstamp
16-09-2025 20:32 - WARNING - 4144965630 24684 2025-09-16T14:43:22.257960
16-09-2025 20:32 - WARNING - last_pkt_count, last_gps_count, last_pkt_Tstamp
16-09-2025 20:32 - WARNING - 4146848171 24717 2025-09-16T14:43:51.465202
16-09-2025 20:32 - WARNING - diff_pkt_count  , diff_gps_count ,  diff_pkt_timstamp
16-09-2025 20:32 - WARNING - 1882541 33 29207242 microseconds
16-09-2025 20:32 - WARNING - No packet loss: /data/dsp/GBD_TRANSIENT_BUFFER/J1921+2153/16_09_2025/PDR_GULP_data001.pcap_16_09_2025_20_14_1758033863.PCAP_PDR
16-09-2025 20:32 - WARNING - first_pkt_count, first_gps_count, first_pkt_Tstamp
16-09-2025 20:32 - WARNING - 4146848172 24717 2025-09-16T14:43:51.465254
16-09-2025 20:32 - WARNING - last_pkt_count, last_gps_count, last_pkt_Tstamp
16-09-2025 20:32 - WARNING - 4148730713 24753 2025-09-16T14:44:20.672530
16-09-2025 20:32 - WARNING - diff_pkt_count  , diff_gps_count ,  diff_pkt_timstamp
16-09-2025 20:32 - WARNING - 1882541 36 29207276 microseconds
16-09-2025 20:32 - WARNING - No packet loss: /data/dsp/GBD_TRANSIENT_BUFFER/J1921+2153/16_09_2025/PDR_GULP_data002.pcap_16_09_2025_20_14_1758033892.PCAP_PDR
16-09-2025 20:32 - WARNING - first_pkt_count, first_gps_count, first_pkt_Tstamp
16-09-2025 20:32 - WARNING - 4148730714 24753 2025-09-16T14:44:20.672530
16-09-2025 20:32 - WARNING - last_pkt_count, last_gps_count, last_pkt_Tstamp
16-09-2025 20:32 - WARNING - 4150613255 24785 2025-09-16T14:44:49.879859
16-09-2025 20:32 - WARNING - diff_pkt_count  , diff_gps_count ,  diff_pkt_timstamp
16-09-2025 20:32 - WARNING - 1882541 32 29207329 microseconds
16-09-2025 20:32 - WARNING - No packet loss: /data/dsp/GBD_TRANSIENT_BUFFER/J1921+2153/16_09_2025/PDR_GULP_data000.pcap_16_09_2025_20_15_1758033922.PCAP_PDR
16-09-2025 20:32 - WARNING - first_pkt_count, first_gps_count, first_pkt_Tstamp
16-09-2025 20:32 - WARNING - 4150613256 24785 2025-09-16T14:44:49.879859
16-09-2025 20:32 - WARNING - last_pkt_count, last_gps_count, last_pkt_Tstamp
16-09-2025 20:32 - WARNING - 4152495797 24816 2025-09-16T14:45:19.087207
16-09-2025 20:32 - WARNING - diff_pkt_count  , diff_gps_count ,  diff_pkt_timstamp
16-09-2025 20:32 - WARNING - 1882541 31 29207348 microseconds
16-09-2025 20:32 - WARNING - No packet loss: /data/dsp/GBD_TRANSIENT_BUFFER/J1921+2153/16_09_2025/PDR_GULP_data001.pcap_16_09_2025_20_15_1758033951.PCAP_PDR
16-09-2025 20:32 - WARNING - first_pkt_count, first_gps_count, first_pkt_Tstamp
16-09-2025 20:32 - WARNING - 4152495798 24816 2025-09-16T14:45:19.087207
16-09-2025 20:32 - WARNING - last_pkt_count, last_gps_count, last_pkt_Tstamp
16-09-2025 20:32 - WARNING - 4154378340 24850 2025-09-16T14:45:48.294630
16-09-2025 20:32 - WARNING - diff_pkt_count  , diff_gps_count ,  diff_pkt_timstamp
16-09-2025 20:32 - WARNING - 1882542 34 29207423 microseconds
16-09-2025 20:32 - WARNING - No packet loss: /data/dsp/GBD_TRANSIENT_BUFFER/J1921+2153/16_09_2025/PDR_GULP_data002.pcap_16_09_2025_20_16_1758033980.PCAP_PDR
16-09-2025 20:32 - WARNING - first_pkt_count, first_gps_count, first_pkt_Tstamp
16-09-2025 20:32 - WARNING - 4154378341 24850 2025-09-16T14:45:48.294630
16-09-2025 20:32 - WARNING - last_pkt_count, last_gps_count, last_pkt_Tstamp
16-09-2025 20:32 - WARNING - 4156260882 24885 2025-09-16T14:46:17.502042
16-09-2025 20:32 - WARNING - diff_pkt_count  , diff_gps_count ,  diff_pkt_timstamp
16-09-2025 20:32 - WARNING - 1882541 35 29207412 microseconds
16-09-2025 20:32 - WARNING - No packet loss: /data/dsp/GBD_TRANSIENT_BUFFER/J1921+2153/16_09_2025/PDR_GULP_data000.pcap_16_09_2025_20_16_1758034009.PCAP_PDR
16-09-2025 20:32 - WARNING - first_pkt_count, first_gps_count, first_pkt_Tstamp
16-09-2025 20:32 - WARNING - 4156260883 24885 2025-09-16T14:46:17.502042
16-09-2025 20:32 - WARNING - last_pkt_count, last_gps_count, last_pkt_Tstamp
16-09-2025 20:32 - WARNING - 4158143424 24920 2025-09-16T14:46:46.709381
16-09-2025 20:32 - WARNING - diff_pkt_count  , diff_gps_count ,  diff_pkt_timstamp
16-09-2025 20:32 - WARNING - 1882541 35 29207339 microseconds
16-09-2025 20:32 - WARNING - No packet loss: /data/dsp/GBD_TRANSIENT_BUFFER/J1921+2153/16_09_2025/PDR_GULP_data001.pcap_16_09_2025_20_17_1758034038.PCAP_PDR
16-09-2025 20:32 - WARNING - first_pkt_count, first_gps_count, first_pkt_Tstamp
16-09-2025 20:32 - WARNING - 4158143425 24920 2025-09-16T14:46:46.709381
16-09-2025 20:32 - WARNING - last_pkt_count, last_gps_count, last_pkt_Tstamp
16-09-2025 20:32 - WARNING - 4160025966 24954 2025-09-16T14:47:15.916764
16-09-2025 20:32 - WARNING - diff_pkt_count  , diff_gps_count ,  diff_pkt_timstamp
16-09-2025 20:32 - WARNING - 1882541 34 29207383 microseconds
16-09-2025 20:32 - WARNING - No packet loss: /data/dsp/GBD_TRANSIENT_BUFFER/J1921+2153/16_09_2025/PDR_GULP_data002.pcap_16_09_2025_20_17_1758034068.PCAP_PDR
16-09-2025 20:32 - WARNING - first_pkt_count, first_gps_count, first_pkt_Tstamp
16-09-2025 20:32 - WARNING - 4160025967 24954 2025-09-16T14:47:15.916817
16-09-2025 20:32 - WARNING - last_pkt_count, last_gps_count, last_pkt_Tstamp
16-09-2025 20:32 - WARNING - 4161908508 24990 2025-09-16T14:47:45.124235
16-09-2025 20:32 - WARNING - diff_pkt_count  , diff_gps_count ,  diff_pkt_timstamp
16-09-2025 20:32 - WARNING - 1882541 36 29207418 microseconds
16-09-2025 20:32 - WARNING - No packet loss: /data/dsp/GBD_TRANSIENT_BUFFER/J1921+2153/16_09_2025/PDR_GULP_data000.pcap_16_09_2025_20_18_1758034097.PCAP_PDR
16-09-2025 20:32 - WARNING - first_pkt_count, first_gps_count, first_pkt_Tstamp
16-09-2025 20:32 - WARNING - 4161908509 24990 2025-09-16T14:47:45.124235
16-09-2025 20:32 - WARNING - last_pkt_count, last_gps_count, last_pkt_Tstamp
16-09-2025 20:32 - WARNING - 4163791050 25026 2025-09-16T14:48:14.331722
16-09-2025 20:32 - WARNING - diff_pkt_count  , diff_gps_count ,  diff_pkt_timstamp
16-09-2025 20:32 - WARNING - 1882541 36 29207487 microseconds
16-09-2025 20:32 - WARNING - No packet loss: /data/dsp/GBD_TRANSIENT_BUFFER/J1921+2153/16_09_2025/PDR_GULP_data001.pcap_16_09_2025_20_18_1758034126.PCAP_PDR
16-09-2025 20:32 - WARNING - first_pkt_count, first_gps_count, first_pkt_Tstamp
16-09-2025 20:32 - WARNING - 4163791051 25026 2025-09-16T14:48:14.331722
16-09-2025 20:32 - WARNING - last_pkt_count, last_gps_count, last_pkt_Tstamp
16-09-2025 20:32 - WARNING - 4165673593 25059 2025-09-16T14:48:43.539186
16-09-2025 20:32 - WARNING - diff_pkt_count  , diff_gps_count ,  diff_pkt_timstamp
16-09-2025 20:32 - WARNING - 1882542 33 29207464 microseconds
16-09-2025 20:32 - WARNING - No packet loss: /data/dsp/GBD_TRANSIENT_BUFFER/J1921+2153/16_09_2025/PDR_GULP_data002.pcap_16_09_2025_20_19_1758034155.PCAP_PDR
16-09-2025 20:32 - WARNING - first_pkt_count, first_gps_count, first_pkt_Tstamp
16-09-2025 20:32 - WARNING - 4165673594 25059 2025-09-16T14:48:43.539186
16-09-2025 20:32 - WARNING - last_pkt_count, last_gps_count, last_pkt_Tstamp
16-09-2025 20:32 - WARNING - 4167556135 25091 2025-09-16T14:49:12.746552
16-09-2025 20:32 - WARNING - diff_pkt_count  , diff_gps_count ,  diff_pkt_timstamp
16-09-2025 20:32 - WARNING - 1882541 32 29207366 microseconds
16-09-2025 20:32 - WARNING - No packet loss: /data/dsp/GBD_TRANSIENT_BUFFER/J1921+2153/16_09_2025/PDR_GULP_data000.pcap_16_09_2025_20_19_1758034184.PCAP_PDR
16-09-2025 20:32 - WARNING - first_pkt_count, first_gps_count, first_pkt_Tstamp
16-09-2025 20:32 - WARNING - 4167556136 25091 2025-09-16T14:49:12.746602
16-09-2025 20:32 - WARNING - last_pkt_count, last_gps_count, last_pkt_Tstamp
16-09-2025 20:32 - WARNING - 4169438677 25123 2025-09-16T14:49:41.954070
16-09-2025 20:32 - WARNING - diff_pkt_count  , diff_gps_count ,  diff_pkt_timstamp
16-09-2025 20:32 - WARNING - 1882541 32 29207468 microseconds
16-09-2025 20:32 - WARNING - No packet loss: /data/dsp/GBD_TRANSIENT_BUFFER/J1921+2153/16_09_2025/PDR_GULP_data001.pcap_16_09_2025_20_20_1758034214.PCAP_PDR
16-09-2025 20:32 - WARNING - first_pkt_count, first_gps_count, first_pkt_Tstamp
16-09-2025 20:32 - WARNING - 4169438678 25123 2025-09-16T14:49:41.954070
16-09-2025 20:32 - WARNING - last_pkt_count, last_gps_count, last_pkt_Tstamp
16-09-2025 20:32 - WARNING - 4171321219 25156 2025-09-16T14:50:11.161530
16-09-2025 20:32 - WARNING - diff_pkt_count  , diff_gps_count ,  diff_pkt_timstamp
16-09-2025 20:32 - WARNING - 1882541 33 29207460 microseconds
16-09-2025 20:32 - WARNING - No packet loss: /data/dsp/GBD_TRANSIENT_BUFFER/J1921+2153/16_09_2025/PDR_GULP_data002.pcap_16_09_2025_20_20_1758034243.PCAP_PDR
16-09-2025 20:32 - WARNING - first_pkt_count, first_gps_count, first_pkt_Tstamp
16-09-2025 20:32 - WARNING - 4171321220 25156 2025-09-16T14:50:11.161530
16-09-2025 20:32 - WARNING - last_pkt_count, last_gps_count, last_pkt_Tstamp
16-09-2025 20:32 - WARNING - 4173203761 25190 2025-09-16T14:50:40.369030
16-09-2025 20:32 - WARNING - diff_pkt_count  , diff_gps_count ,  diff_pkt_timstamp
16-09-2025 20:32 - WARNING - 1882541 34 29207500 microseconds
16-09-2025 20:32 - WARNING - No packet loss: /data/dsp/GBD_TRANSIENT_BUFFER/J1921+2153/16_09_2025/PDR_GULP_data000.pcap_16_09_2025_20_21_1758034272.PCAP_PDR
16-09-2025 20:32 - WARNING - first_pkt_count, first_gps_count, first_pkt_Tstamp
16-09-2025 20:32 - WARNING - 4173203762 25190 2025-09-16T14:50:40.369124
16-09-2025 20:32 - WARNING - last_pkt_count, last_gps_count, last_pkt_Tstamp
16-09-2025 20:32 - WARNING - 4175086303 25222 2025-09-16T14:51:09.576537
16-09-2025 20:32 - WARNING - diff_pkt_count  , diff_gps_count ,  diff_pkt_timstamp
16-09-2025 20:32 - WARNING - 1882541 32 29207413 microseconds
16-09-2025 20:32 - WARNING - No packet loss: /data/dsp/GBD_TRANSIENT_BUFFER/J1921+2153/16_09_2025/PDR_GULP_data001.pcap_16_09_2025_20_21_1758034301.PCAP_PDR
16-09-2025 20:32 - WARNING - first_pkt_count, first_gps_count, first_pkt_Tstamp
16-09-2025 20:32 - WARNING - 4175086304 25222 2025-09-16T14:51:09.576590
16-09-2025 20:32 - WARNING - last_pkt_count, last_gps_count, last_pkt_Tstamp
16-09-2025 20:32 - WARNING - 4176968846 25256 2025-09-16T14:51:38.784126
16-09-2025 20:32 - WARNING - diff_pkt_count  , diff_gps_count ,  diff_pkt_timstamp
16-09-2025 20:32 - WARNING - 1882542 34 29207536 microseconds
16-09-2025 20:32 - WARNING - No packet loss: /data/dsp/GBD_TRANSIENT_BUFFER/J1921+2153/16_09_2025/PDR_GULP_data002.pcap_16_09_2025_20_22_1758034330.PCAP_PDR
16-09-2025 20:32 - WARNING - first_pkt_count, first_gps_count, first_pkt_Tstamp
16-09-2025 20:32 - WARNING - 4176968847 25256 2025-09-16T14:51:38.784127
16-09-2025 20:32 - WARNING - last_pkt_count, last_gps_count, last_pkt_Tstamp
16-09-2025 20:32 - WARNING - 4178851388 25289 2025-09-16T14:52:07.991614
16-09-2025 20:32 - WARNING - diff_pkt_count  , diff_gps_count ,  diff_pkt_timstamp
16-09-2025 20:32 - WARNING - 1882541 33 29207487 microseconds
16-09-2025 20:32 - WARNING - No packet loss: /data/dsp/GBD_TRANSIENT_BUFFER/J1921+2153/16_09_2025/PDR_GULP_data000.pcap_16_09_2025_20_22_1758034360.PCAP_PDR
16-09-2025 20:32 - WARNING - first_pkt_count, first_gps_count, first_pkt_Tstamp
16-09-2025 20:32 - WARNING - 4178851389 25289 2025-09-16T14:52:07.991615
16-09-2025 20:32 - WARNING - last_pkt_count, last_gps_count, last_pkt_Tstamp
16-09-2025 20:32 - WARNING - 4180733930 25325 2025-09-16T14:52:37.199134
16-09-2025 20:32 - WARNING - diff_pkt_count  , diff_gps_count ,  diff_pkt_timstamp
16-09-2025 20:32 - WARNING - 1882541 36 29207519 microseconds
16-09-2025 20:32 - WARNING - No packet loss: /data/dsp/GBD_TRANSIENT_BUFFER/J1921+2153/16_09_2025/PDR_GULP_data001.pcap_16_09_2025_20_23_1758034389.PCAP_PDR
16-09-2025 20:32 - WARNING - first_pkt_count, first_gps_count, first_pkt_Tstamp
16-09-2025 20:32 - WARNING - 4180733931 25325 2025-09-16T14:52:37.199134
16-09-2025 20:32 - WARNING - last_pkt_count, last_gps_count, last_pkt_Tstamp
16-09-2025 20:32 - WARNING - 4182616472 25358 2025-09-16T14:53:06.406638
16-09-2025 20:32 - WARNING - diff_pkt_count  , diff_gps_count ,  diff_pkt_timstamp
16-09-2025 20:32 - WARNING - 1882541 33 29207504 microseconds
16-09-2025 20:32 - WARNING - No packet loss: /data/dsp/GBD_TRANSIENT_BUFFER/J1921+2153/16_09_2025/PDR_GULP_data002.pcap_16_09_2025_20_23_1758034418.PCAP_PDR
16-09-2025 20:32 - WARNING - first_pkt_count, first_gps_count, first_pkt_Tstamp
16-09-2025 20:32 - WARNING - 4182616473 25358 2025-09-16T14:53:06.406690
16-09-2025 20:32 - WARNING - last_pkt_count, last_gps_count, last_pkt_Tstamp
16-09-2025 20:32 - WARNING - 4184499014 25393 2025-09-16T14:53:35.614181
16-09-2025 20:32 - WARNING - diff_pkt_count  , diff_gps_count ,  diff_pkt_timstamp
16-09-2025 20:32 - WARNING - 1882541 35 29207491 microseconds
16-09-2025 20:32 - WARNING - No packet loss: /data/dsp/GBD_TRANSIENT_BUFFER/J1921+2153/16_09_2025/PDR_GULP_data000.pcap_16_09_2025_20_24_1758034447.PCAP_PDR
16-09-2025 20:32 - WARNING - first_pkt_count, first_gps_count, first_pkt_Tstamp
16-09-2025 20:32 - WARNING - 4184499015 25393 2025-09-16T14:53:35.614247
16-09-2025 20:32 - WARNING - last_pkt_count, last_gps_count, last_pkt_Tstamp
16-09-2025 20:32 - WARNING - 4186381556 25427 2025-09-16T14:54:04.821764
16-09-2025 20:32 - WARNING - diff_pkt_count  , diff_gps_count ,  diff_pkt_timstamp
16-09-2025 20:32 - WARNING - 1882541 34 29207517 microseconds
16-09-2025 20:32 - WARNING - No packet loss: /data/dsp/GBD_TRANSIENT_BUFFER/J1921+2153/16_09_2025/PDR_GULP_data001.pcap_16_09_2025_20_24_1758034477.PCAP_PDR
16-09-2025 20:32 - WARNING - first_pkt_count, first_gps_count, first_pkt_Tstamp
16-09-2025 20:32 - WARNING - 4186381557 25427 2025-09-16T14:54:04.821765
16-09-2025 20:32 - WARNING - last_pkt_count, last_gps_count, last_pkt_Tstamp
16-09-2025 20:32 - WARNING - 4188264099 25461 2025-09-16T14:54:34.029302
16-09-2025 20:32 - WARNING - diff_pkt_count  , diff_gps_count ,  diff_pkt_timstamp
16-09-2025 20:32 - WARNING - 1882542 34 29207537 microseconds
16-09-2025 20:32 - WARNING - No packet loss: /data/dsp/GBD_TRANSIENT_BUFFER/J1921+2153/16_09_2025/PDR_GULP_data002.pcap_16_09_2025_20_25_1758034506.PCAP_PDR
16-09-2025 20:32 - WARNING - first_pkt_count, first_gps_count, first_pkt_Tstamp
16-09-2025 20:32 - WARNING - 4188264100 25461 2025-09-16T14:54:34.029370
16-09-2025 20:32 - WARNING - last_pkt_count, last_gps_count, last_pkt_Tstamp
16-09-2025 20:32 - WARNING - 4190146641 25492 2025-09-16T14:55:03.236922
16-09-2025 20:32 - WARNING - diff_pkt_count  , diff_gps_count ,  diff_pkt_timstamp
16-09-2025 20:32 - WARNING - 1882541 31 29207552 microseconds
16-09-2025 20:32 - WARNING - No packet loss: /data/dsp/GBD_TRANSIENT_BUFFER/J1921+2153/16_09_2025/PDR_GULP_data000.pcap_16_09_2025_20_25_1758034535.PCAP_PDR
16-09-2025 20:32 - WARNING - first_pkt_count, first_gps_count, first_pkt_Tstamp
16-09-2025 20:32 - WARNING - 4190146642 25492 2025-09-16T14:55:03.236922
16-09-2025 20:32 - WARNING - last_pkt_count, last_gps_count, last_pkt_Tstamp
16-09-2025 20:32 - WARNING - 4192029183 25527 2025-09-16T14:55:32.444453
16-09-2025 20:32 - WARNING - diff_pkt_count  , diff_gps_count ,  diff_pkt_timstamp
16-09-2025 20:32 - WARNING - 1882541 35 29207531 microseconds
16-09-2025 20:32 - WARNING - No packet loss: /data/dsp/GBD_TRANSIENT_BUFFER/J1921+2153/16_09_2025/PDR_GULP_data001.pcap_16_09_2025_20_26_1758034564.PCAP_PDR
16-09-2025 20:32 - WARNING - first_pkt_count, first_gps_count, first_pkt_Tstamp
16-09-2025 20:32 - WARNING - 4192029184 25527 2025-09-16T14:55:32.444540
16-09-2025 20:32 - WARNING - last_pkt_count, last_gps_count, last_pkt_Tstamp
16-09-2025 20:32 - WARNING - 4193911725 25559 2025-09-16T14:56:01.652088
16-09-2025 20:32 - WARNING - diff_pkt_count  , diff_gps_count ,  diff_pkt_timstamp
16-09-2025 20:32 - WARNING - 1882541 32 29207548 microseconds
16-09-2025 20:32 - WARNING - No packet loss: /data/dsp/GBD_TRANSIENT_BUFFER/J1921+2153/16_09_2025/PDR_GULP_data002.pcap_16_09_2025_20_26_1758034593.PCAP_PDR
16-09-2025 20:32 - WARNING - first_pkt_count, first_gps_count, first_pkt_Tstamp
16-09-2025 20:32 - WARNING - 4193911726 25559 2025-09-16T14:56:01.652088
16-09-2025 20:32 - WARNING - last_pkt_count, last_gps_count, last_pkt_Tstamp
16-09-2025 20:32 - WARNING - 4195794267 25592 2025-09-16T14:56:30.859609
16-09-2025 20:32 - WARNING - diff_pkt_count  , diff_gps_count ,  diff_pkt_timstamp
16-09-2025 20:32 - WARNING - 1882541 33 29207521 microseconds
16-09-2025 20:32 - WARNING - No packet loss: /data/dsp/GBD_TRANSIENT_BUFFER/J1921+2153/16_09_2025/PDR_GULP_data000.pcap_16_09_2025_20_27_1758034623.PCAP_PDR
16-09-2025 20:32 - WARNING - first_pkt_count, first_gps_count, first_pkt_Tstamp
16-09-2025 20:32 - WARNING - 4195794268 25592 2025-09-16T14:56:30.859610
16-09-2025 20:32 - WARNING - last_pkt_count, last_gps_count, last_pkt_Tstamp
16-09-2025 20:32 - WARNING - 4197676809 25628 2025-09-16T14:57:00.067200
16-09-2025 20:32 - WARNING - diff_pkt_count  , diff_gps_count ,  diff_pkt_timstamp
16-09-2025 20:32 - WARNING - 1882541 36 29207590 microseconds
16-09-2025 20:32 - WARNING - No packet loss: /data/dsp/GBD_TRANSIENT_BUFFER/J1921+2153/16_09_2025/PDR_GULP_data001.pcap_16_09_2025_20_27_1758034652.PCAP_PDR
16-09-2025 20:32 - WARNING - first_pkt_count, first_gps_count, first_pkt_Tstamp
16-09-2025 20:32 - WARNING - 4197676810 25628 2025-09-16T14:57:00.067200
16-09-2025 20:32 - WARNING - last_pkt_count, last_gps_count, last_pkt_Tstamp
16-09-2025 20:32 - WARNING - 4199559352 25660 2025-09-16T14:57:29.274804
16-09-2025 20:32 - WARNING - diff_pkt_count  , diff_gps_count ,  diff_pkt_timstamp
16-09-2025 20:32 - WARNING - 1882542 32 29207604 microseconds
16-09-2025 20:32 - WARNING - No packet loss: /data/dsp/GBD_TRANSIENT_BUFFER/J1921+2153/16_09_2025/PDR_GULP_data002.pcap_16_09_2025_20_28_1758034681.PCAP_PDR
16-09-2025 20:32 - WARNING - first_pkt_count, first_gps_count, first_pkt_Tstamp
16-09-2025 20:32 - WARNING - 4199559353 25660 2025-09-16T14:57:29.274804
16-09-2025 20:32 - WARNING - last_pkt_count, last_gps_count, last_pkt_Tstamp
16-09-2025 20:32 - WARNING - 4201441894 25693 2025-09-16T14:57:58.482459
16-09-2025 20:32 - WARNING - diff_pkt_count  , diff_gps_count ,  diff_pkt_timstamp
16-09-2025 20:32 - WARNING - 1882541 33 29207655 microseconds
16-09-2025 20:32 - WARNING - No packet loss: /data/dsp/GBD_TRANSIENT_BUFFER/J1921+2153/16_09_2025/PDR_GULP_data000.pcap_16_09_2025_20_28_1758034710.PCAP_PDR
16-09-2025 20:32 - WARNING - first_pkt_count, first_gps_count, first_pkt_Tstamp
16-09-2025 20:32 - WARNING - 4201441895 25693 2025-09-16T14:57:58.482459
16-09-2025 20:32 - WARNING - last_pkt_count, last_gps_count, last_pkt_Tstamp
16-09-2025 20:32 - WARNING - 4203324436 25732 2025-09-16T14:58:27.690000
16-09-2025 20:32 - WARNING - diff_pkt_count  , diff_gps_count ,  diff_pkt_timstamp
16-09-2025 20:32 - WARNING - 1882541 39 29207541 microseconds
16-09-2025 20:32 - WARNING - No packet loss: /data/dsp/GBD_TRANSIENT_BUFFER/J1921+2153/16_09_2025/PDR_GULP_data001.pcap_16_09_2025_20_28_1758034739.PCAP_PDR
16-09-2025 20:32 - WARNING - first_pkt_count, first_gps_count, first_pkt_Tstamp
16-09-2025 20:32 - WARNING - 4203324437 25732 2025-09-16T14:58:27.690081
16-09-2025 20:32 - WARNING - last_pkt_count, last_gps_count, last_pkt_Tstamp
16-09-2025 20:32 - WARNING - 4205206978 25763 2025-09-16T14:58:56.897571
16-09-2025 20:32 - WARNING - diff_pkt_count  , diff_gps_count ,  diff_pkt_timstamp
16-09-2025 20:32 - WARNING - 1882541 31 29207490 microseconds
16-09-2025 20:32 - WARNING - No packet loss: /data/dsp/GBD_TRANSIENT_BUFFER/J1921+2153/16_09_2025/PDR_GULP_data002.pcap_16_09_2025_20_29_1758034769.PCAP_PDR
16-09-2025 20:32 - WARNING - first_pkt_count, first_gps_count, first_pkt_Tstamp
16-09-2025 20:32 - WARNING - 4205206979 25763 2025-09-16T14:58:56.897662
16-09-2025 20:32 - WARNING - last_pkt_count, last_gps_count, last_pkt_Tstamp
16-09-2025 20:32 - WARNING - 4207089520 25800 2025-09-16T14:59:26.105220
16-09-2025 20:32 - WARNING - diff_pkt_count  , diff_gps_count ,  diff_pkt_timstamp
16-09-2025 20:32 - WARNING - 1882541 37 29207558 microseconds
16-09-2025 20:32 - WARNING - No packet loss: /data/dsp/GBD_TRANSIENT_BUFFER/J1921+2153/16_09_2025/PDR_GULP_data000.pcap_16_09_2025_20_29_1758034798.PCAP_PDR
16-09-2025 20:32 - WARNING - first_pkt_count, first_gps_count, first_pkt_Tstamp
16-09-2025 20:32 - WARNING - 4207089521 25800 2025-09-16T14:59:26.105220
16-09-2025 20:32 - WARNING - last_pkt_count, last_gps_count, last_pkt_Tstamp
16-09-2025 20:32 - WARNING - 4208972062 25833 2025-09-16T14:59:55.312770
16-09-2025 20:32 - WARNING - diff_pkt_count  , diff_gps_count ,  diff_pkt_timstamp
16-09-2025 20:32 - WARNING - 1882541 33 29207550 microseconds
16-09-2025 20:32 - WARNING - No packet loss: /data/dsp/GBD_TRANSIENT_BUFFER/J1921+2153/16_09_2025/PDR_GULP_data001.pcap_16_09_2025_20_30_1758034827.PCAP_PDR
16-09-2025 20:32 - WARNING - first_pkt_count, first_gps_count, first_pkt_Tstamp
16-09-2025 20:32 - WARNING - 4208972063 25833 2025-09-16T14:59:55.312821
16-09-2025 20:32 - WARNING - last_pkt_count, last_gps_count, last_pkt_Tstamp
16-09-2025 20:32 - WARNING - 4210854605 25866 2025-09-16T15:00:24.520422
16-09-2025 20:32 - WARNING - diff_pkt_count  , diff_gps_count ,  diff_pkt_timstamp
16-09-2025 20:32 - WARNING - 1882542 33 29207601 microseconds
16-09-2025 20:32 - WARNING - No packet loss: /data/dsp/GBD_TRANSIENT_BUFFER/J1921+2153/16_09_2025/PDR_GULP_data002.pcap_16_09_2025_20_30_1758034856.PCAP_PDR
16-09-2025 20:32 - WARNING - first_pkt_count, first_gps_count, first_pkt_Tstamp
16-09-2025 20:32 - WARNING - 4210854606 25866 2025-09-16T15:00:24.520423
16-09-2025 20:32 - WARNING - last_pkt_count, last_gps_count, last_pkt_Tstamp
16-09-2025 20:32 - WARNING - 4212737147 25902 2025-09-16T15:00:53.728055
16-09-2025 20:32 - WARNING - diff_pkt_count  , diff_gps_count ,  diff_pkt_timstamp
16-09-2025 20:32 - WARNING - 1882541 36 29207632 microseconds
16-09-2025 20:32 - WARNING - No packet loss: /data/dsp/GBD_TRANSIENT_BUFFER/J1921+2153/16_09_2025/PDR_GULP_data000.pcap_16_09_2025_20_31_1758034885.PCAP_PDR
16-09-2025 20:32 - WARNING - first_pkt_count, first_gps_count, first_pkt_Tstamp
16-09-2025 20:32 - WARNING - 4212737148 25902 2025-09-16T15:00:53.728055
16-09-2025 20:32 - WARNING - last_pkt_count, last_gps_count, last_pkt_Tstamp
16-09-2025 20:32 - WARNING - 4214619689 25936 2025-09-16T15:01:22.935636
16-09-2025 20:32 - WARNING - diff_pkt_count  , diff_gps_count ,  diff_pkt_timstamp
16-09-2025 20:32 - WARNING - 1882541 34 29207581 microseconds
16-09-2025 20:32 SLIP check Finished...
16-09-2025 20:32 Pulsar data reduction pipeline started ...
16-09-2025 20:32 - WARNING - Data Directory: /data/dsp/GBD_TRANSIENT_BUFFER/J1921+2153/16_09_2025
16-09-2025 20:32 - WARNING - Pulsar: J1921+2153
16-09-2025 20:32 - WARNING - CH selelction: 0
16-09-2025 20:32 - WARNING - Phase file: /home/dsp/PDR_acquire_setup/dada_scripts/phase/rf_path_phase.dat
16-09-2025 20:32 - WARNING - Obs. logfile: /home/dsp/PDR_acquire_setup/master_obs_log/J1921+2153_16_09_2025_observation.log
16-09-2025 20:32 - WARNING - Observation start time: 2025_09_16_19_43_11
16-09-2025 20:32 - WARNING - parfile: /home/dsp/parfiles/J1921+2153.par
16-09-2025 20:32 - WARNING - DM: 12.44399
16-09-2025 20:32 - WARNING - Period: 1.3373021601894548
16-09-2025 20:32 - WARNING - RA_DEC: 19:21:44.815+21:53:02.25
16-09-2025 20:32 - WARNING - out_dada_file: J1921+2153_2025_09_16_19_43_11_type_0.dada
16-09-2025 20:32 - WARNING - Number of files to process: 100
16-09-2025 20:32 - WARNING - Files per batch:  17
16-09-2025 21:00 - WARNING - Time taken for PDR2DADA convertion: 0:28:48.399308
16-09-2025 21:00 - WARNING - Center_freq: 175
16-09-2025 21:00 - WARNING - int_time: 3.0
16-09-2025 21:00 - WARNING - nbins: 256
16-09-2025 21:00 - WARNING - fil_chan: 256
16-09-2025 21:00 - WARNING - cpu: 2,3,4,5,6,7,8,9,10,11,12,13,14,15,16
16-09-2025 21:00 - WARNING - thread: 32
16-09-2025 21:00 - WARNING - nbit: 8
16-09-2025 21:00 - WARNING - time_avg: 0.000256
16-09-2025 21:00 - WARNING - MJD_START: 60934.592493205964
16-09-2025 21:00 - WARNING - output: J1921+2153_60934.59_175MHz_type_0_GBD_DART
16-09-2025 21:00 - WARNING - singularity_container: singularity exec /home/dsp/singularity_imag/pschive_py3.sif  
16-09-2025 21:00 - WARNING - ------ DIGIFITS ------
16-09-2025 21:00 - WARNING - ---- Search Mode FITS -------
16-09-2025 21:00 - WARNING - digifits_ful_stokes_cmd: singularity exec /home/dsp/singularity_imag/pschive_py3.sif  digifits  -F 256 -x 256 -b 8 -p 4 -t 0.000256 J1921+2153_2025_09_16_19_43_11_type_0.dada -o J1921+2153_2025_09_16_19_43_11_type_0.dada_stokes.fits
16-09-2025 21:33 - WARNING - ------ Total intensity FITS -------
16-09-2025 21:33 - WARNING - digifits_total_intensity_cmd: singularity exec /home/dsp/singularity_imag/pschive_py3.sif  digifits  -F 256 -x 256 -b 8 -p 1 -t 0.000256 J1921+2153_2025_09_16_19_43_11_type_0.dada -o J1921+2153_2025_09_16_19_43_11_type_0.dada_intensity.fits
16-09-2025 22:01 - WARNING - Nchan: 256
16-09-2025 22:01 - WARNING - Nbin: 256
16-09-2025 22:01 - WARNING - Tavg: 0.000256
16-09-2025 22:01 - WARNING - Time taken for DIGIFITS run: 1:00:16.940248
16-09-2025 22:01 - WARNING - ------ DSPSR ------
16-09-2025 22:01 - WARNING - ------- Coherent Dedispersion Folded archive -------
16-09-2025 22:01 - WARNING - dspsr_cmd: singularity exec /home/dsp/singularity_imag/pschive_py3.sif  dspsr J1921+2153_2025_09_16_19_43_11_type_0.dada -cpu 2,3,4,5,6,7,8,9,10,11,12,13,14,15,16 -t 32 -E /home/dsp/parfiles/J1921+2153.par -L 3.0 -b 256 -F 256:D -N J1921+2153 -a PSRFITS -A -e .fits -O J1921+2153_60934.59_175MHz_type_0_GBD_DART
16-09-2025 22:12 - WARNING - ------- Incoherent Dedispersion Folded archive -------
16-09-2025 22:12 - WARNING - Incoherent_DD_dspsr_cmd: singularity exec /home/dsp/singularity_imag/pschive_py3.sif  dspsr J1921+2153_2025_09_16_19_43_11_type_0.dada_stokes.fits -cpu 2,3,4,5,6,7,8,9,10,11,12,13,14,15,16 -t 32 -E /home/dsp/parfiles/J1921+2153.par -L 3.0 -b 256 -N J1921+2153 -A -e .fits -O J1921+2153_60934.59_175MHz_type_0_GBD_DART_stokes_Incoherent_DD
16-09-2025 22:14 - WARNING - Time taken for DSPSR run: 0:13:20.717036
16-09-2025 22:14 - WARNING - ------ PSREDIT ------
16-09-2025 22:14 - WARNING - psredit_cmd: singularity exec /home/dsp/singularity_imag/pschive_py3.sif  psredit -c name=J1921+2153,be:name=GSB,coord=19:21:44.815+21:53:02.25 -m *_GBD_DART*fits
16-09-2025 22:14 - WARNING - Time taken for PSREDIT run: 0:00:10.814796
16-09-2025 22:14 - WARNING - ------ Iterative RFI Cleaner ------
16-09-2025 22:14 - WARNING - Iterative_cleaner_cmd: singularity exec /home/dsp/singularity_imag/pschive_py3.sif   python3 /home/dsp/PDR_acquire_setup/iterative_cleaner.py -s 3 -c 3 -m 10 *_GBD_DART*fits
16-09-2025 22:21 - WARNING - Time taken for Iterative_cleaner run: 0:06:49.096419
16-09-2025 22:21 - WARNING - ------ PDMP ------
16-09-2025 22:21 - WARNING - pdmp_cmd1: singularity exec /home/dsp/singularity_imag/pschive_py3.sif  pdmp -dr 2 -ds 0.05 -g J1921+2153_60934.59_175MHz_type_0_GBD_DART.fits_cleaned.ar.ps/cps J1921+2153_60934.59_175MHz_type_0_GBD_DART.fits_cleaned.ar
16-09-2025 22:54 - WARNING - pdmp_cmd2: singularity exec /home/dsp/singularity_imag/pschive_py3.sif  pdmp -dr 2 -ds 0.05 -g J1921+2153_60934.59_175MHz_type_0_GBD_DART_stokes_Incoherent_DD.fits_cleaned.ar.ps/cps J1921+2153_60934.59_175MHz_type_0_GBD_DART_stokes_Incoherent_DD.fits_cleaned.ar
16-09-2025 23:21 - WARNING - Time taken for PDMP run: 1:00:29.508503
16-09-2025 23:21 - WARNING - ------ PS2PDF ------
16-09-2025 23:21 - WARNING - ps2pdf_cmd1: singularity exec /home/dsp/singularity_imag/pschive_py3.sif  ps2pdf J1921+2153_60934.59_175MHz_type_0_GBD_DART.fits_cleaned.ar.ps J1921+2153_60934.59_175MHz_type_0_GBD_DART.fits_cleaned.ar.ps.pdf
16-09-2025 23:22 - WARNING - ps2pdf_cmd2: singularity exec /home/dsp/singularity_imag/pschive_py3.sif  ps2pdf J1921+2153_60934.59_175MHz_type_0_GBD_DART_stokes_Incoherent_DD.fits_cleaned.ar.ps J1921+2153_60934.59_175MHz_type_0_GBD_DART_stokes_Incoherent_DD.fits_cleaned.ar.ps.pdf
16-09-2025 23:22 - WARNING - Time taken for PDMP run: 0:00:01.383414
16-09-2025 23:22 - WARNING - Overall time taken for data reduction: 2:49:57.265431
16-09-2025 23:22 - WARNING - J1921+2153_2025_09_16_19_43_11_type_0.dada... file removed
16-09-2025 23:22 - WARNING - All done!
16-09-2025 23:22 --- PRESTO ---
16-09-2025 23:22 singularity_container: singularity exec /home/dsp/singularity_imag/pschive_py3.sif  
16-09-2025 23:22 Filterbank to Process for PULSAR: J1921+2153 with DM:12.44399 : J1921+2153_2025_09_16_19_43_11_type_0.dada_intensity.fits
16-09-2025 23:22 --- RFIFIND ---
16-09-2025 23:22 RFIFIND: singularity exec /home/dsp/singularity_imag/pschive_py3.sif   rfifind -time 2.0 -o J1921+2153 J1921+2153_2025_09_16_19_43_11_type_0.dada_intensity.fits
16-09-2025 23:23 --- PREPDATA ---
16-09-2025 23:23 PREPDATA: singularity exec /home/dsp/singularity_imag/pschive_py3.sif   prepdata -nobary -o J1921+2153_2025_09_16_19_43_11_type_0.dada_intensity.fits -dm 12.44399 -mask J1921+2153_rfifind.mask J1921+2153_2025_09_16_19_43_11_type_0.dada_intensity.fits
16-09-2025 23:23 --- REALFFT ---
16-09-2025 23:23 REALFFT: singularity exec /home/dsp/singularity_imag/pschive_py3.sif   realfft  J1921+2153_2025_09_16_19_43_11_type_0.dada_intensity.fits.dat
16-09-2025 23:23 --- ACCELSEARCH ---
16-09-2025 23:23 ACCELSEARCH: singularity exec /home/dsp/singularity_imag/pschive_py3.sif   accelsearch -numharm 8 -zmax 8  J1921+2153_2025_09_16_19_43_11_type_0.dada_intensity.fits.fft
16-09-2025 23:23 Observation Over.
