13-09-2025 22:30 Waiting for 1pps observation...
13-09-2025 22:30 Observation started...
13-09-2025 22:30 Pulsar: 1pps , parfile: /home/dsp/parfiles/1pps.par , DM: 0.0000001
13-09-2025 22:30 Trigger sent to obs. PC [VELA].
13-09-2025 22:41 Waiting for 1pps observation...
13-09-2025 22:41 Observation started...
13-09-2025 22:41 Pulsar: 1pps , parfile: /home/dsp/parfiles/1pps.par , DM: 0.0000001
13-09-2025 22:41 Trigger sent to obs. PC [VELA].
13-09-2025 22:41 Acquired 25.
13-09-2025 22:41 ACQ over.
13-09-2025 22:41 Removing Trigger file from remote machine 
13-09-2025 22:41 Observation stoped.
-rw------- 1 dsp dsp 2.0G Sep 13 22:26 /data/TRANSIENT_BUFFER/PDR_GULP_data000.pcap_13_09_2025_22_26_1757782617.PCAP_PDR
-rw------- 1 dsp dsp 2.0G Sep 13 22:27 /data/TRANSIENT_BUFFER/PDR_GULP_data001.pcap_13_09_2025_22_27_1757782646.PCAP_PDR
-rw------- 1 dsp dsp 2.0G Sep 13 22:27 /data/TRANSIENT_BUFFER/PDR_GULP_data002.pcap_13_09_2025_22_27_1757782675.PCAP_PDR
-rw------- 1 dsp dsp 2.0G Sep 13 22:28 /data/TRANSIENT_BUFFER/PDR_GULP_data000.pcap_13_09_2025_22_28_1757782704.PCAP_PDR
-rw------- 1 dsp dsp 2.0G Sep 13 22:28 /data/TRANSIENT_BUFFER/PDR_GULP_data001.pcap_13_09_2025_22_28_1757782733.PCAP_PDR
-rw------- 1 dsp dsp 2.0G Sep 13 22:29 /data/TRANSIENT_BUFFER/PDR_GULP_data002.pcap_13_09_2025_22_29_1757782763.PCAP_PDR
-rw------- 1 dsp dsp 2.0G Sep 13 22:29 /data/TRANSIENT_BUFFER/PDR_GULP_data000.pcap_13_09_2025_22_29_1757782792.PCAP_PDR
-rw------- 1 dsp dsp 2.0G Sep 13 22:30 /data/TRANSIENT_BUFFER/PDR_GULP_data001.pcap_13_09_2025_22_30_1757782821.PCAP_PDR
-rw------- 1 dsp dsp 2.0G Sep 13 22:30 /data/TRANSIENT_BUFFER/PDR_GULP_data002.pcap_13_09_2025_22_30_1757782850.PCAP_PDR
-rw------- 1 dsp dsp 2.0G Sep 13 22:31 /data/TRANSIENT_BUFFER/PDR_GULP_data000.pcap_13_09_2025_22_31_1757782879.PCAP_PDR
-rw------- 1 dsp dsp 2.0G Sep 13 22:31 /data/TRANSIENT_BUFFER/PDR_GULP_data001.pcap_13_09_2025_22_31_1757782909.PCAP_PDR
-rw------- 1 dsp dsp 2.0G Sep 13 22:32 /data/TRANSIENT_BUFFER/PDR_GULP_data002.pcap_13_09_2025_22_32_1757782938.PCAP_PDR
-rw------- 1 dsp dsp 2.0G Sep 13 22:32 /data/TRANSIENT_BUFFER/PDR_GULP_data000.pcap_13_09_2025_22_32_1757782967.PCAP_PDR
-rw------- 1 dsp dsp 2.0G Sep 13 22:33 /data/TRANSIENT_BUFFER/PDR_GULP_data001.pcap_13_09_2025_22_33_1757782996.PCAP_PDR
-rw------- 1 dsp dsp 2.0G Sep 13 22:33 /data/TRANSIENT_BUFFER/PDR_GULP_data002.pcap_13_09_2025_22_33_1757783025.PCAP_PDR
-rw------- 1 dsp dsp 2.0G Sep 13 22:34 /data/TRANSIENT_BUFFER/PDR_GULP_data000.pcap_13_09_2025_22_34_1757783055.PCAP_PDR
-rw------- 1 dsp dsp 2.0G Sep 13 22:34 /data/TRANSIENT_BUFFER/PDR_GULP_data001.pcap_13_09_2025_22_34_1757783084.PCAP_PDR
-rw------- 1 dsp dsp 2.0G Sep 13 22:35 /data/TRANSIENT_BUFFER/PDR_GULP_data002.pcap_13_09_2025_22_35_1757783113.PCAP_PDR
-rw------- 1 dsp dsp 2.0G Sep 13 22:35 /data/TRANSIENT_BUFFER/PDR_GULP_data000.pcap_13_09_2025_22_35_1757783142.PCAP_PDR
-rw------- 1 dsp dsp 2.0G Sep 13 22:36 /data/TRANSIENT_BUFFER/PDR_GULP_data001.pcap_13_09_2025_22_36_1757783172.PCAP_PDR
-rw------- 1 dsp dsp 2.0G Sep 13 22:36 /data/TRANSIENT_BUFFER/PDR_GULP_data002.pcap_13_09_2025_22_36_1757783201.PCAP_PDR
-rw------- 1 dsp dsp 2.0G Sep 13 22:37 /data/TRANSIENT_BUFFER/PDR_GULP_data000.pcap_13_09_2025_22_37_1757783230.PCAP_PDR
-rw------- 1 dsp dsp 2.0G Sep 13 22:37 /data/TRANSIENT_BUFFER/PDR_GULP_data001.pcap_13_09_2025_22_37_1757783259.PCAP_PDR
-rw------- 1 dsp dsp 2.0G Sep 13 22:38 /data/TRANSIENT_BUFFER/PDR_GULP_data002.pcap_13_09_2025_22_38_1757783288.PCAP_PDR
-rw------- 1 dsp dsp 2.0G Sep 13 22:38 /data/TRANSIENT_BUFFER/PDR_GULP_data000.pcap_13_09_2025_22_38_1757783318.PCAP_PDR
13-09-2025 22:41 RAW PCAP data moved from Transient Buffer.
13-09-2025 22:41 SLIP check Started ...
13-09-2025 22:41 - WARNING - Data Directory: /data/dsp/GBD_TRANSIENT_BUFFER/1pps/13_09_2025
13-09-2025 22:41 - WARNING - Number of Files: 25
13-09-2025 22:41 - WARNING - No packet loss: /data/dsp/GBD_TRANSIENT_BUFFER/1pps/13_09_2025/PDR_GULP_data000.pcap_13_09_2025_22_26_1757782617.PCAP_PDR
13-09-2025 22:41 - WARNING - first_pkt_count, first_gps_count, first_pkt_Tstamp
13-09-2025 22:41 - WARNING - 838122329 59058 2025-09-13T16:56:24.851424
13-09-2025 22:41 - WARNING - last_pkt_count, last_gps_count, last_pkt_Tstamp
13-09-2025 22:41 - WARNING - 840004870 59095 2025-09-13T16:56:54.061675
13-09-2025 22:41 - WARNING - diff_pkt_count  , diff_gps_count ,  diff_pkt_timstamp
13-09-2025 22:41 - WARNING - 1882541 37 29210251 microseconds
13-09-2025 22:41 - WARNING - No packet loss: /data/dsp/GBD_TRANSIENT_BUFFER/1pps/13_09_2025/PDR_GULP_data001.pcap_13_09_2025_22_27_1757782646.PCAP_PDR
13-09-2025 22:41 - WARNING - first_pkt_count, first_gps_count, first_pkt_Tstamp
13-09-2025 22:41 - WARNING - 840004871 59095 2025-09-13T16:56:54.061676
13-09-2025 22:41 - WARNING - last_pkt_count, last_gps_count, last_pkt_Tstamp
13-09-2025 22:41 - WARNING - 841887412 59132 2025-09-13T16:57:23.271776
13-09-2025 22:41 - WARNING - diff_pkt_count  , diff_gps_count ,  diff_pkt_timstamp
13-09-2025 22:41 - WARNING - 1882541 37 29210100 microseconds
13-09-2025 22:41 - WARNING - No packet loss: /data/dsp/GBD_TRANSIENT_BUFFER/1pps/13_09_2025/PDR_GULP_data002.pcap_13_09_2025_22_27_1757782675.PCAP_PDR
13-09-2025 22:41 - WARNING - first_pkt_count, first_gps_count, first_pkt_Tstamp
13-09-2025 22:41 - WARNING - 841887413 59132 2025-09-13T16:57:23.271777
13-09-2025 22:41 - WARNING - last_pkt_count, last_gps_count, last_pkt_Tstamp
13-09-2025 22:41 - WARNING - 843769954 59169 2025-09-13T16:57:52.481862
13-09-2025 22:41 - WARNING - diff_pkt_count  , diff_gps_count ,  diff_pkt_timstamp
13-09-2025 22:41 - WARNING - 1882541 37 29210085 microseconds
13-09-2025 22:41 - WARNING - No packet loss: /data/dsp/GBD_TRANSIENT_BUFFER/1pps/13_09_2025/PDR_GULP_data000.pcap_13_09_2025_22_28_1757782704.PCAP_PDR
13-09-2025 22:41 - WARNING - first_pkt_count, first_gps_count, first_pkt_Tstamp
13-09-2025 22:41 - WARNING - 843769955 59169 2025-09-13T16:57:52.481863
13-09-2025 22:41 - WARNING - last_pkt_count, last_gps_count, last_pkt_Tstamp
13-09-2025 22:41 - WARNING - 845652496 59203 2025-09-13T16:58:21.691773
13-09-2025 22:41 - WARNING - diff_pkt_count  , diff_gps_count ,  diff_pkt_timstamp
13-09-2025 22:41 - WARNING - 1882541 34 29209910 microseconds
13-09-2025 22:41 - WARNING - No packet loss: /data/dsp/GBD_TRANSIENT_BUFFER/1pps/13_09_2025/PDR_GULP_data001.pcap_13_09_2025_22_28_1757782733.PCAP_PDR
13-09-2025 22:41 - WARNING - first_pkt_count, first_gps_count, first_pkt_Tstamp
13-09-2025 22:41 - WARNING - 845652497 59203 2025-09-13T16:58:21.691773
13-09-2025 22:41 - WARNING - last_pkt_count, last_gps_count, last_pkt_Tstamp
13-09-2025 22:41 - WARNING - 847535039 59237 2025-09-13T16:58:50.901544
13-09-2025 22:41 - WARNING - diff_pkt_count  , diff_gps_count ,  diff_pkt_timstamp
13-09-2025 22:41 - WARNING - 1882542 34 29209771 microseconds
13-09-2025 22:41 - WARNING - No packet loss: /data/dsp/GBD_TRANSIENT_BUFFER/1pps/13_09_2025/PDR_GULP_data002.pcap_13_09_2025_22_29_1757782763.PCAP_PDR
13-09-2025 22:41 - WARNING - first_pkt_count, first_gps_count, first_pkt_Tstamp
13-09-2025 22:41 - WARNING - 847535040 59237 2025-09-13T16:58:50.901544
13-09-2025 22:41 - WARNING - last_pkt_count, last_gps_count, last_pkt_Tstamp
13-09-2025 22:41 - WARNING - 849417581 59270 2025-09-13T16:59:20.111287
13-09-2025 22:41 - WARNING - diff_pkt_count  , diff_gps_count ,  diff_pkt_timstamp
13-09-2025 22:41 - WARNING - 1882541 33 29209743 microseconds
13-09-2025 22:41 - WARNING - No packet loss: /data/dsp/GBD_TRANSIENT_BUFFER/1pps/13_09_2025/PDR_GULP_data000.pcap_13_09_2025_22_29_1757782792.PCAP_PDR
13-09-2025 22:41 - WARNING - first_pkt_count, first_gps_count, first_pkt_Tstamp
13-09-2025 22:41 - WARNING - 849417582 59270 2025-09-13T16:59:20.111288
13-09-2025 22:41 - WARNING - last_pkt_count, last_gps_count, last_pkt_Tstamp
13-09-2025 22:41 - WARNING - 851300123 59304 2025-09-13T16:59:49.320920
13-09-2025 22:41 - WARNING - diff_pkt_count  , diff_gps_count ,  diff_pkt_timstamp
13-09-2025 22:41 - WARNING - 1882541 34 29209632 microseconds
13-09-2025 22:41 - WARNING - No packet loss: /data/dsp/GBD_TRANSIENT_BUFFER/1pps/13_09_2025/PDR_GULP_data001.pcap_13_09_2025_22_30_1757782821.PCAP_PDR
13-09-2025 22:41 - WARNING - first_pkt_count, first_gps_count, first_pkt_Tstamp
13-09-2025 22:41 - WARNING - 851300124 59304 2025-09-13T16:59:49.320920
13-09-2025 22:41 - WARNING - last_pkt_count, last_gps_count, last_pkt_Tstamp
13-09-2025 22:41 - WARNING - 853182665 59338 2025-09-13T17:00:18.530500
13-09-2025 22:41 - WARNING - diff_pkt_count  , diff_gps_count ,  diff_pkt_timstamp
13-09-2025 22:41 - WARNING - 1882541 34 29209580 microseconds
13-09-2025 22:41 - WARNING - No packet loss: /data/dsp/GBD_TRANSIENT_BUFFER/1pps/13_09_2025/PDR_GULP_data002.pcap_13_09_2025_22_30_1757782850.PCAP_PDR
13-09-2025 22:41 - WARNING - first_pkt_count, first_gps_count, first_pkt_Tstamp
13-09-2025 22:41 - WARNING - 853182666 59338 2025-09-13T17:00:18.530500
13-09-2025 22:41 - WARNING - last_pkt_count, last_gps_count, last_pkt_Tstamp
13-09-2025 22:41 - WARNING - 855065207 59376 2025-09-13T17:00:47.739904
13-09-2025 22:41 - WARNING - diff_pkt_count  , diff_gps_count ,  diff_pkt_timstamp
13-09-2025 22:41 - WARNING - 1882541 38 29209404 microseconds
13-09-2025 22:41 - WARNING - No packet loss: /data/dsp/GBD_TRANSIENT_BUFFER/1pps/13_09_2025/PDR_GULP_data000.pcap_13_09_2025_22_31_1757782879.PCAP_PDR
13-09-2025 22:41 - WARNING - first_pkt_count, first_gps_count, first_pkt_Tstamp
13-09-2025 22:41 - WARNING - 855065208 59376 2025-09-13T17:00:47.739957
13-09-2025 22:41 - WARNING - last_pkt_count, last_gps_count, last_pkt_Tstamp
13-09-2025 22:41 - WARNING - 856947749 59410 2025-09-13T17:01:16.949314
13-09-2025 22:41 - WARNING - diff_pkt_count  , diff_gps_count ,  diff_pkt_timstamp
13-09-2025 22:41 - WARNING - 1882541 34 29209357 microseconds
13-09-2025 22:41 - WARNING - No packet loss: /data/dsp/GBD_TRANSIENT_BUFFER/1pps/13_09_2025/PDR_GULP_data001.pcap_13_09_2025_22_31_1757782909.PCAP_PDR
13-09-2025 22:41 - WARNING - first_pkt_count, first_gps_count, first_pkt_Tstamp
13-09-2025 22:41 - WARNING - 856947750 59410 2025-09-13T17:01:16.949314
13-09-2025 22:41 - WARNING - last_pkt_count, last_gps_count, last_pkt_Tstamp
13-09-2025 22:41 - WARNING - 858830292 59447 2025-09-13T17:01:46.158645
13-09-2025 22:41 - WARNING - diff_pkt_count  , diff_gps_count ,  diff_pkt_timstamp
13-09-2025 22:41 - WARNING - 1882542 37 29209331 microseconds
13-09-2025 22:41 - WARNING - No packet loss: /data/dsp/GBD_TRANSIENT_BUFFER/1pps/13_09_2025/PDR_GULP_data002.pcap_13_09_2025_22_32_1757782938.PCAP_PDR
13-09-2025 22:41 - WARNING - first_pkt_count, first_gps_count, first_pkt_Tstamp
13-09-2025 22:41 - WARNING - 858830293 59447 2025-09-13T17:01:46.158645
13-09-2025 22:41 - WARNING - last_pkt_count, last_gps_count, last_pkt_Tstamp
13-09-2025 22:41 - WARNING - 860712834 59478 2025-09-13T17:02:15.367930
13-09-2025 22:41 - WARNING - diff_pkt_count  , diff_gps_count ,  diff_pkt_timstamp
13-09-2025 22:41 - WARNING - 1882541 31 29209285 microseconds
13-09-2025 22:41 - WARNING - No packet loss: /data/dsp/GBD_TRANSIENT_BUFFER/1pps/13_09_2025/PDR_GULP_data000.pcap_13_09_2025_22_32_1757782967.PCAP_PDR
13-09-2025 22:41 - WARNING - first_pkt_count, first_gps_count, first_pkt_Tstamp
13-09-2025 22:41 - WARNING - 860712835 59478 2025-09-13T17:02:15.367930
13-09-2025 22:41 - WARNING - last_pkt_count, last_gps_count, last_pkt_Tstamp
13-09-2025 22:41 - WARNING - 862595376 59509 2025-09-13T17:02:44.577059
13-09-2025 22:41 - WARNING - diff_pkt_count  , diff_gps_count ,  diff_pkt_timstamp
13-09-2025 22:41 - WARNING - 1882541 31 29209129 microseconds
13-09-2025 22:41 - WARNING - No packet loss: /data/dsp/GBD_TRANSIENT_BUFFER/1pps/13_09_2025/PDR_GULP_data001.pcap_13_09_2025_22_33_1757782996.PCAP_PDR
13-09-2025 22:41 - WARNING - first_pkt_count, first_gps_count, first_pkt_Tstamp
13-09-2025 22:41 - WARNING - 862595377 59509 2025-09-13T17:02:44.577111
13-09-2025 22:41 - WARNING - last_pkt_count, last_gps_count, last_pkt_Tstamp
13-09-2025 22:41 - WARNING - 864477918 59542 2025-09-13T17:03:13.786219
13-09-2025 22:41 - WARNING - diff_pkt_count  , diff_gps_count ,  diff_pkt_timstamp
13-09-2025 22:41 - WARNING - 1882541 33 29209108 microseconds
13-09-2025 22:41 - WARNING - No packet loss: /data/dsp/GBD_TRANSIENT_BUFFER/1pps/13_09_2025/PDR_GULP_data002.pcap_13_09_2025_22_33_1757783025.PCAP_PDR
13-09-2025 22:41 - WARNING - first_pkt_count, first_gps_count, first_pkt_Tstamp
13-09-2025 22:41 - WARNING - 864477919 59542 2025-09-13T17:03:13.786219
13-09-2025 22:41 - WARNING - last_pkt_count, last_gps_count, last_pkt_Tstamp
13-09-2025 22:41 - WARNING - 866360460 59575 2025-09-13T17:03:42.995329
13-09-2025 22:41 - WARNING - diff_pkt_count  , diff_gps_count ,  diff_pkt_timstamp
13-09-2025 22:41 - WARNING - 1882541 33 29209110 microseconds
13-09-2025 22:41 - WARNING - No packet loss: /data/dsp/GBD_TRANSIENT_BUFFER/1pps/13_09_2025/PDR_GULP_data000.pcap_13_09_2025_22_34_1757783055.PCAP_PDR
13-09-2025 22:41 - WARNING - first_pkt_count, first_gps_count, first_pkt_Tstamp
13-09-2025 22:41 - WARNING - 866360461 59575 2025-09-13T17:03:42.995329
13-09-2025 22:41 - WARNING - last_pkt_count, last_gps_count, last_pkt_Tstamp
13-09-2025 22:41 - WARNING - 868243002 59612 2025-09-13T17:04:12.204303
13-09-2025 22:41 - WARNING - diff_pkt_count  , diff_gps_count ,  diff_pkt_timstamp
13-09-2025 22:41 - WARNING - 1882541 37 29208974 microseconds
13-09-2025 22:41 - WARNING - No packet loss: /data/dsp/GBD_TRANSIENT_BUFFER/1pps/13_09_2025/PDR_GULP_data001.pcap_13_09_2025_22_34_1757783084.PCAP_PDR
13-09-2025 22:41 - WARNING - first_pkt_count, first_gps_count, first_pkt_Tstamp
13-09-2025 22:41 - WARNING - 868243003 59612 2025-09-13T17:04:12.204303
13-09-2025 22:41 - WARNING - last_pkt_count, last_gps_count, last_pkt_Tstamp
13-09-2025 22:41 - WARNING - 870125545 59644 2025-09-13T17:04:41.413255
13-09-2025 22:41 - WARNING - diff_pkt_count  , diff_gps_count ,  diff_pkt_timstamp
13-09-2025 22:41 - WARNING - 1882542 32 29208952 microseconds
13-09-2025 22:41 - WARNING - No packet loss: /data/dsp/GBD_TRANSIENT_BUFFER/1pps/13_09_2025/PDR_GULP_data002.pcap_13_09_2025_22_35_1757783113.PCAP_PDR
13-09-2025 22:41 - WARNING - first_pkt_count, first_gps_count, first_pkt_Tstamp
13-09-2025 22:41 - WARNING - 870125546 59644 2025-09-13T17:04:41.413255
13-09-2025 22:41 - WARNING - last_pkt_count, last_gps_count, last_pkt_Tstamp
13-09-2025 22:41 - WARNING - 872008087 59679 2025-09-13T17:05:10.622210
13-09-2025 22:41 - WARNING - diff_pkt_count  , diff_gps_count ,  diff_pkt_timstamp
13-09-2025 22:41 - WARNING - 1882541 35 29208955 microseconds
13-09-2025 22:41 - WARNING - No packet loss: /data/dsp/GBD_TRANSIENT_BUFFER/1pps/13_09_2025/PDR_GULP_data000.pcap_13_09_2025_22_35_1757783142.PCAP_PDR
13-09-2025 22:41 - WARNING - first_pkt_count, first_gps_count, first_pkt_Tstamp
13-09-2025 22:41 - WARNING - 872008088 59679 2025-09-13T17:05:10.622211
13-09-2025 22:41 - WARNING - last_pkt_count, last_gps_count, last_pkt_Tstamp
13-09-2025 22:41 - WARNING - 873890629 59708 2025-09-13T17:05:39.831068
13-09-2025 22:41 - WARNING - diff_pkt_count  , diff_gps_count ,  diff_pkt_timstamp
13-09-2025 22:41 - WARNING - 1882541 29 29208857 microseconds
13-09-2025 22:41 - WARNING - No packet loss: /data/dsp/GBD_TRANSIENT_BUFFER/1pps/13_09_2025/PDR_GULP_data001.pcap_13_09_2025_22_36_1757783172.PCAP_PDR
13-09-2025 22:41 - WARNING - first_pkt_count, first_gps_count, first_pkt_Tstamp
13-09-2025 22:41 - WARNING - 873890630 59708 2025-09-13T17:05:39.831068
13-09-2025 22:41 - WARNING - last_pkt_count, last_gps_count, last_pkt_Tstamp
13-09-2025 22:41 - WARNING - 875773171 59741 2025-09-13T17:06:09.039907
13-09-2025 22:41 - WARNING - diff_pkt_count  , diff_gps_count ,  diff_pkt_timstamp
13-09-2025 22:41 - WARNING - 1882541 33 29208839 microseconds
13-09-2025 22:41 - WARNING - No packet loss: /data/dsp/GBD_TRANSIENT_BUFFER/1pps/13_09_2025/PDR_GULP_data002.pcap_13_09_2025_22_36_1757783201.PCAP_PDR
13-09-2025 22:41 - WARNING - first_pkt_count, first_gps_count, first_pkt_Tstamp
13-09-2025 22:41 - WARNING - 875773172 59741 2025-09-13T17:06:09.039907
13-09-2025 22:41 - WARNING - last_pkt_count, last_gps_count, last_pkt_Tstamp
13-09-2025 22:41 - WARNING - 877655713 59779 2025-09-13T17:06:38.248703
13-09-2025 22:41 - WARNING - diff_pkt_count  , diff_gps_count ,  diff_pkt_timstamp
13-09-2025 22:41 - WARNING - 1882541 38 29208796 microseconds
13-09-2025 22:41 - WARNING - No packet loss: /data/dsp/GBD_TRANSIENT_BUFFER/1pps/13_09_2025/PDR_GULP_data000.pcap_13_09_2025_22_37_1757783230.PCAP_PDR
13-09-2025 22:41 - WARNING - first_pkt_count, first_gps_count, first_pkt_Tstamp
13-09-2025 22:41 - WARNING - 877655714 59779 2025-09-13T17:06:38.248703
13-09-2025 22:41 - WARNING - last_pkt_count, last_gps_count, last_pkt_Tstamp
13-09-2025 22:41 - WARNING - 879538255 59810 2025-09-13T17:07:07.457425
13-09-2025 22:41 - WARNING - diff_pkt_count  , diff_gps_count ,  diff_pkt_timstamp
13-09-2025 22:41 - WARNING - 1882541 31 29208722 microseconds
13-09-2025 22:41 - WARNING - No packet loss: /data/dsp/GBD_TRANSIENT_BUFFER/1pps/13_09_2025/PDR_GULP_data001.pcap_13_09_2025_22_37_1757783259.PCAP_PDR
13-09-2025 22:41 - WARNING - first_pkt_count, first_gps_count, first_pkt_Tstamp
13-09-2025 22:41 - WARNING - 879538256 59810 2025-09-13T17:07:07.457426
13-09-2025 22:41 - WARNING - last_pkt_count, last_gps_count, last_pkt_Tstamp
13-09-2025 22:41 - WARNING - 881420798 59848 2025-09-13T17:07:36.666154
13-09-2025 22:41 - WARNING - diff_pkt_count  , diff_gps_count ,  diff_pkt_timstamp
13-09-2025 22:41 - WARNING - 1882542 38 29208728 microseconds
13-09-2025 22:41 - WARNING - No packet loss: /data/dsp/GBD_TRANSIENT_BUFFER/1pps/13_09_2025/PDR_GULP_data002.pcap_13_09_2025_22_38_1757783288.PCAP_PDR
13-09-2025 22:41 - WARNING - first_pkt_count, first_gps_count, first_pkt_Tstamp
13-09-2025 22:41 - WARNING - 881420799 59848 2025-09-13T17:07:36.666206
13-09-2025 22:41 - WARNING - last_pkt_count, last_gps_count, last_pkt_Tstamp
13-09-2025 22:41 - WARNING - 883303340 59886 2025-09-13T17:08:05.874855
13-09-2025 22:41 - WARNING - diff_pkt_count  , diff_gps_count ,  diff_pkt_timstamp
13-09-2025 22:41 - WARNING - 1882541 38 29208649 microseconds
13-09-2025 22:41 - WARNING - No packet loss: /data/dsp/GBD_TRANSIENT_BUFFER/1pps/13_09_2025/PDR_GULP_data000.pcap_13_09_2025_22_38_1757783318.PCAP_PDR
13-09-2025 22:41 - WARNING - first_pkt_count, first_gps_count, first_pkt_Tstamp
13-09-2025 22:41 - WARNING - 883303341 59886 2025-09-13T17:08:05.874855
13-09-2025 22:41 - WARNING - last_pkt_count, last_gps_count, last_pkt_Tstamp
13-09-2025 22:41 - WARNING - 885185882 59922 2025-09-13T17:08:35.083519
13-09-2025 22:41 - WARNING - diff_pkt_count  , diff_gps_count ,  diff_pkt_timstamp
13-09-2025 22:41 - WARNING - 1882541 36 29208664 microseconds
13-09-2025 22:41 SLIP check Finished...
13-09-2025 22:41 Pulsar data reduction pipeline started ...
13-09-2025 22:41 - WARNING - Data Directory: /data/dsp/GBD_TRANSIENT_BUFFER/1pps/13_09_2025
13-09-2025 22:41 - WARNING - Pulsar: 1pps
13-09-2025 22:41 - WARNING - CH selelction: 0
13-09-2025 22:41 - WARNING - Phase file: /home/dsp/PDR_acquire_setup/dada_scripts/phase/rf_path_phase.dat
13-09-2025 22:41 - WARNING - Obs. logfile: /home/dsp/PDR_acquire_setup/master_obs_log/1pps_13_09_2025_observation.log
13-09-2025 22:41 - WARNING - Observation start time: 2025_09_13_22_26_54
13-09-2025 22:41 - WARNING - parfile: /home/dsp/parfiles/1pps.par
13-09-2025 22:41 - WARNING - DM: 0.0000001
13-09-2025 22:41 - WARNING - Period: 0.999893007448631
13-09-2025 22:41 - WARNING - RA_DEC: 00:01:00.00+00:01:00.00
13-09-2025 22:41 - WARNING - out_dada_file: 1pps_2025_09_13_22_26_54_type_0.dada
13-09-2025 22:41 - WARNING - Number of files to process: 25
13-09-2025 22:41 - WARNING - Files per batch:  17
13-09-2025 22:43 Waiting for 1pps observation...
13-09-2025 22:43 Observation started...
13-09-2025 22:43 Pulsar: 1pps , parfile: /home/dsp/parfiles/1pps.par , DM: 0.0000001
13-09-2025 22:43 Trigger sent to obs. PC [VELA].
