15-09-2025 12:46 Waiting for J0557+1550 observation...
15-09-2025 12:46 Observation started...
15-09-2025 12:46 Pulsar: J0557+1550 , parfile: /home/dsp/parfiles/J0557+1550.par , DM: 102.570587646217
15-09-2025 12:46 Trigger sent to obs. PC [VELA].
15-09-2025 12:46 Acquired 80.
15-09-2025 12:46 ACQ over.
15-09-2025 12:46 Removing Trigger file from remote machine 
15-09-2025 12:46 Observation stoped.
-rw------- 1 dsp dsp 2.0G Sep 15 06:00 /data/TRANSIENT_BUFFER/PDR_GULP_data002.pcap_15_09_2025_06_00_1757896235.PCAP_PDR
-rw------- 1 dsp dsp 2.0G Sep 15 06:01 /data/TRANSIENT_BUFFER/PDR_GULP_data000.pcap_15_09_2025_06_01_1757896265.PCAP_PDR
-rw------- 1 dsp dsp 2.0G Sep 15 06:01 /data/TRANSIENT_BUFFER/PDR_GULP_data001.pcap_15_09_2025_06_01_1757896294.PCAP_PDR
-rw------- 1 dsp dsp 2.0G Sep 15 06:02 /data/TRANSIENT_BUFFER/PDR_GULP_data002.pcap_15_09_2025_06_02_1757896323.PCAP_PDR
-rw------- 1 dsp dsp 2.0G Sep 15 06:02 /data/TRANSIENT_BUFFER/PDR_GULP_data000.pcap_15_09_2025_06_02_1757896352.PCAP_PDR
-rw------- 1 dsp dsp 2.0G Sep 15 06:02 /data/TRANSIENT_BUFFER/PDR_GULP_data001.pcap_15_09_2025_06_03_1757896381.PCAP_PDR
-rw------- 1 dsp dsp 2.0G Sep 15 06:03 /data/TRANSIENT_BUFFER/PDR_GULP_data002.pcap_15_09_2025_06_03_1757896411.PCAP_PDR
-rw------- 1 dsp dsp 2.0G Sep 15 06:03 /data/TRANSIENT_BUFFER/PDR_GULP_data000.pcap_15_09_2025_06_04_1757896440.PCAP_PDR
-rw------- 1 dsp dsp 2.0G Sep 15 06:04 /data/TRANSIENT_BUFFER/PDR_GULP_data001.pcap_15_09_2025_06_04_1757896469.PCAP_PDR
-rw------- 1 dsp dsp 2.0G Sep 15 06:04 /data/TRANSIENT_BUFFER/PDR_GULP_data002.pcap_15_09_2025_06_04_1757896498.PCAP_PDR
-rw------- 1 dsp dsp 2.0G Sep 15 06:05 /data/TRANSIENT_BUFFER/PDR_GULP_data000.pcap_15_09_2025_06_05_1757896528.PCAP_PDR
-rw------- 1 dsp dsp 2.0G Sep 15 06:05 /data/TRANSIENT_BUFFER/PDR_GULP_data001.pcap_15_09_2025_06_05_1757896557.PCAP_PDR
-rw------- 1 dsp dsp 2.0G Sep 15 06:06 /data/TRANSIENT_BUFFER/PDR_GULP_data002.pcap_15_09_2025_06_06_1757896586.PCAP_PDR
-rw------- 1 dsp dsp 2.0G Sep 15 06:06 /data/TRANSIENT_BUFFER/PDR_GULP_data000.pcap_15_09_2025_06_06_1757896615.PCAP_PDR
-rw------- 1 dsp dsp 2.0G Sep 15 06:07 /data/TRANSIENT_BUFFER/PDR_GULP_data001.pcap_15_09_2025_06_07_1757896644.PCAP_PDR
-rw------- 1 dsp dsp 2.0G Sep 15 06:07 /data/TRANSIENT_BUFFER/PDR_GULP_data002.pcap_15_09_2025_06_07_1757896674.PCAP_PDR
-rw------- 1 dsp dsp 2.0G Sep 15 06:08 /data/TRANSIENT_BUFFER/PDR_GULP_data000.pcap_15_09_2025_06_08_1757896703.PCAP_PDR
-rw------- 1 dsp dsp 2.0G Sep 15 06:08 /data/TRANSIENT_BUFFER/PDR_GULP_data001.pcap_15_09_2025_06_08_1757896732.PCAP_PDR
-rw------- 1 dsp dsp 2.0G Sep 15 06:09 /data/TRANSIENT_BUFFER/PDR_GULP_data002.pcap_15_09_2025_06_09_1757896761.PCAP_PDR
-rw------- 1 dsp dsp 2.0G Sep 15 06:09 /data/TRANSIENT_BUFFER/PDR_GULP_data000.pcap_15_09_2025_06_09_1757896790.PCAP_PDR
-rw------- 1 dsp dsp 2.0G Sep 15 06:10 /data/TRANSIENT_BUFFER/PDR_GULP_data001.pcap_15_09_2025_06_10_1757896820.PCAP_PDR
-rw------- 1 dsp dsp 2.0G Sep 15 06:10 /data/TRANSIENT_BUFFER/PDR_GULP_data002.pcap_15_09_2025_06_10_1757896849.PCAP_PDR
-rw------- 1 dsp dsp 2.0G Sep 15 06:11 /data/TRANSIENT_BUFFER/PDR_GULP_data000.pcap_15_09_2025_06_11_1757896878.PCAP_PDR
-rw------- 1 dsp dsp 2.0G Sep 15 06:11 /data/TRANSIENT_BUFFER/PDR_GULP_data001.pcap_15_09_2025_06_11_1757896907.PCAP_PDR
-rw------- 1 dsp dsp 2.0G Sep 15 06:12 /data/TRANSIENT_BUFFER/PDR_GULP_data002.pcap_15_09_2025_06_12_1757896936.PCAP_PDR
-rw------- 1 dsp dsp 2.0G Sep 15 06:12 /data/TRANSIENT_BUFFER/PDR_GULP_data000.pcap_15_09_2025_06_12_1757896966.PCAP_PDR
-rw------- 1 dsp dsp 2.0G Sep 15 06:13 /data/TRANSIENT_BUFFER/PDR_GULP_data001.pcap_15_09_2025_06_13_1757896995.PCAP_PDR
-rw------- 1 dsp dsp 2.0G Sep 15 06:13 /data/TRANSIENT_BUFFER/PDR_GULP_data002.pcap_15_09_2025_06_13_1757897024.PCAP_PDR
-rw------- 1 dsp dsp 2.0G Sep 15 06:14 /data/TRANSIENT_BUFFER/PDR_GULP_data000.pcap_15_09_2025_06_14_1757897053.PCAP_PDR
-rw------- 1 dsp dsp 2.0G Sep 15 06:14 /data/TRANSIENT_BUFFER/PDR_GULP_data001.pcap_15_09_2025_06_14_1757897082.PCAP_PDR
-rw------- 1 dsp dsp 2.0G Sep 15 06:15 /data/TRANSIENT_BUFFER/PDR_GULP_data002.pcap_15_09_2025_06_15_1757897112.PCAP_PDR
-rw------- 1 dsp dsp 2.0G Sep 15 06:15 /data/TRANSIENT_BUFFER/PDR_GULP_data000.pcap_15_09_2025_06_15_1757897141.PCAP_PDR
-rw------- 1 dsp dsp 2.0G Sep 15 06:16 /data/TRANSIENT_BUFFER/PDR_GULP_data001.pcap_15_09_2025_06_16_1757897170.PCAP_PDR
-rw------- 1 dsp dsp 2.0G Sep 15 06:16 /data/TRANSIENT_BUFFER/PDR_GULP_data002.pcap_15_09_2025_06_16_1757897199.PCAP_PDR
-rw------- 1 dsp dsp 2.0G Sep 15 06:17 /data/TRANSIENT_BUFFER/PDR_GULP_data000.pcap_15_09_2025_06_17_1757897229.PCAP_PDR
-rw------- 1 dsp dsp 2.0G Sep 15 06:17 /data/TRANSIENT_BUFFER/PDR_GULP_data001.pcap_15_09_2025_06_17_1757897258.PCAP_PDR
-rw------- 1 dsp dsp 2.0G Sep 15 06:18 /data/TRANSIENT_BUFFER/PDR_GULP_data002.pcap_15_09_2025_06_18_1757897287.PCAP_PDR
-rw------- 1 dsp dsp 2.0G Sep 15 06:18 /data/TRANSIENT_BUFFER/PDR_GULP_data000.pcap_15_09_2025_06_18_1757897316.PCAP_PDR
-rw------- 1 dsp dsp 2.0G Sep 15 06:19 /data/TRANSIENT_BUFFER/PDR_GULP_data001.pcap_15_09_2025_06_19_1757897345.PCAP_PDR
-rw------- 1 dsp dsp 2.0G Sep 15 06:19 /data/TRANSIENT_BUFFER/PDR_GULP_data002.pcap_15_09_2025_06_19_1757897375.PCAP_PDR
-rw------- 1 dsp dsp 2.0G Sep 15 06:20 /data/TRANSIENT_BUFFER/PDR_GULP_data000.pcap_15_09_2025_06_20_1757897404.PCAP_PDR
-rw------- 1 dsp dsp 2.0G Sep 15 06:20 /data/TRANSIENT_BUFFER/PDR_GULP_data001.pcap_15_09_2025_06_20_1757897433.PCAP_PDR
-rw------- 1 dsp dsp 2.0G Sep 15 06:20 /data/TRANSIENT_BUFFER/PDR_GULP_data002.pcap_15_09_2025_06_21_1757897462.PCAP_PDR
-rw------- 1 dsp dsp 2.0G Sep 15 06:21 /data/TRANSIENT_BUFFER/PDR_GULP_data000.pcap_15_09_2025_06_21_1757897491.PCAP_PDR
-rw------- 1 dsp dsp 2.0G Sep 15 06:21 /data/TRANSIENT_BUFFER/PDR_GULP_data001.pcap_15_09_2025_06_22_1757897521.PCAP_PDR
-rw------- 1 dsp dsp 2.0G Sep 15 06:22 /data/TRANSIENT_BUFFER/PDR_GULP_data002.pcap_15_09_2025_06_22_1757897550.PCAP_PDR
-rw------- 1 dsp dsp 2.0G Sep 15 06:22 /data/TRANSIENT_BUFFER/PDR_GULP_data000.pcap_15_09_2025_06_22_1757897579.PCAP_PDR
-rw------- 1 dsp dsp 2.0G Sep 15 06:23 /data/TRANSIENT_BUFFER/PDR_GULP_data001.pcap_15_09_2025_06_23_1757897608.PCAP_PDR
-rw------- 1 dsp dsp 2.0G Sep 15 06:23 /data/TRANSIENT_BUFFER/PDR_GULP_data002.pcap_15_09_2025_06_23_1757897637.PCAP_PDR
-rw------- 1 dsp dsp 2.0G Sep 15 06:24 /data/TRANSIENT_BUFFER/PDR_GULP_data000.pcap_15_09_2025_06_24_1757897667.PCAP_PDR
-rw------- 1 dsp dsp 2.0G Sep 15 06:24 /data/TRANSIENT_BUFFER/PDR_GULP_data001.pcap_15_09_2025_06_24_1757897696.PCAP_PDR
-rw------- 1 dsp dsp 2.0G Sep 15 06:25 /data/TRANSIENT_BUFFER/PDR_GULP_data002.pcap_15_09_2025_06_25_1757897725.PCAP_PDR
-rw------- 1 dsp dsp 2.0G Sep 15 06:25 /data/TRANSIENT_BUFFER/PDR_GULP_data000.pcap_15_09_2025_06_25_1757897754.PCAP_PDR
-rw------- 1 dsp dsp 2.0G Sep 15 06:26 /data/TRANSIENT_BUFFER/PDR_GULP_data001.pcap_15_09_2025_06_26_1757897783.PCAP_PDR
-rw------- 1 dsp dsp 2.0G Sep 15 06:26 /data/TRANSIENT_BUFFER/PDR_GULP_data002.pcap_15_09_2025_06_26_1757897813.PCAP_PDR
-rw------- 1 dsp dsp 2.0G Sep 15 06:27 /data/TRANSIENT_BUFFER/PDR_GULP_data000.pcap_15_09_2025_06_27_1757897842.PCAP_PDR
-rw------- 1 dsp dsp 2.0G Sep 15 06:27 /data/TRANSIENT_BUFFER/PDR_GULP_data001.pcap_15_09_2025_06_27_1757897871.PCAP_PDR
-rw------- 1 dsp dsp 2.0G Sep 15 06:28 /data/TRANSIENT_BUFFER/PDR_GULP_data002.pcap_15_09_2025_06_28_1757897900.PCAP_PDR
-rw------- 1 dsp dsp 2.0G Sep 15 06:28 /data/TRANSIENT_BUFFER/PDR_GULP_data000.pcap_15_09_2025_06_28_1757897929.PCAP_PDR
-rw------- 1 dsp dsp 2.0G Sep 15 06:29 /data/TRANSIENT_BUFFER/PDR_GULP_data001.pcap_15_09_2025_06_29_1757897959.PCAP_PDR
-rw------- 1 dsp dsp 2.0G Sep 15 06:29 /data/TRANSIENT_BUFFER/PDR_GULP_data002.pcap_15_09_2025_06_29_1757897988.PCAP_PDR
-rw------- 1 dsp dsp 2.0G Sep 15 06:30 /data/TRANSIENT_BUFFER/PDR_GULP_data000.pcap_15_09_2025_06_30_1757898017.PCAP_PDR
-rw------- 1 dsp dsp 2.0G Sep 15 06:30 /data/TRANSIENT_BUFFER/PDR_GULP_data001.pcap_15_09_2025_06_30_1757898046.PCAP_PDR
-rw------- 1 dsp dsp 2.0G Sep 15 06:31 /data/TRANSIENT_BUFFER/PDR_GULP_data002.pcap_15_09_2025_06_31_1757898076.PCAP_PDR
-rw------- 1 dsp dsp 2.0G Sep 15 06:31 /data/TRANSIENT_BUFFER/PDR_GULP_data000.pcap_15_09_2025_06_31_1757898105.PCAP_PDR
-rw------- 1 dsp dsp 2.0G Sep 15 06:32 /data/TRANSIENT_BUFFER/PDR_GULP_data001.pcap_15_09_2025_06_32_1757898134.PCAP_PDR
-rw------- 1 dsp dsp 2.0G Sep 15 06:32 /data/TRANSIENT_BUFFER/PDR_GULP_data002.pcap_15_09_2025_06_32_1757898163.PCAP_PDR
-rw------- 1 dsp dsp 2.0G Sep 15 06:33 /data/TRANSIENT_BUFFER/PDR_GULP_data000.pcap_15_09_2025_06_33_1757898192.PCAP_PDR
-rw------- 1 dsp dsp 2.0G Sep 15 06:33 /data/TRANSIENT_BUFFER/PDR_GULP_data001.pcap_15_09_2025_06_33_1757898222.PCAP_PDR
-rw------- 1 dsp dsp 2.0G Sep 15 06:34 /data/TRANSIENT_BUFFER/PDR_GULP_data002.pcap_15_09_2025_06_34_1757898251.PCAP_PDR
-rw------- 1 dsp dsp 2.0G Sep 15 06:34 /data/TRANSIENT_BUFFER/PDR_GULP_data000.pcap_15_09_2025_06_34_1757898280.PCAP_PDR
-rw------- 1 dsp dsp 2.0G Sep 15 06:35 /data/TRANSIENT_BUFFER/PDR_GULP_data001.pcap_15_09_2025_06_35_1757898309.PCAP_PDR
-rw------- 1 dsp dsp 2.0G Sep 15 06:35 /data/TRANSIENT_BUFFER/PDR_GULP_data002.pcap_15_09_2025_06_35_1757898338.PCAP_PDR
-rw------- 1 dsp dsp 2.0G Sep 15 06:36 /data/TRANSIENT_BUFFER/PDR_GULP_data000.pcap_15_09_2025_06_36_1757898368.PCAP_PDR
-rw------- 1 dsp dsp 2.0G Sep 15 06:36 /data/TRANSIENT_BUFFER/PDR_GULP_data001.pcap_15_09_2025_06_36_1757898397.PCAP_PDR
-rw------- 1 dsp dsp 2.0G Sep 15 06:37 /data/TRANSIENT_BUFFER/PDR_GULP_data002.pcap_15_09_2025_06_37_1757898426.PCAP_PDR
-rw------- 1 dsp dsp 2.0G Sep 15 06:37 /data/TRANSIENT_BUFFER/PDR_GULP_data000.pcap_15_09_2025_06_37_1757898455.PCAP_PDR
-rw------- 1 dsp dsp 2.0G Sep 15 06:38 /data/TRANSIENT_BUFFER/PDR_GULP_data001.pcap_15_09_2025_06_38_1757898484.PCAP_PDR
-rw------- 1 dsp dsp 2.0G Sep 15 06:38 /data/TRANSIENT_BUFFER/PDR_GULP_data002.pcap_15_09_2025_06_38_1757898514.PCAP_PDR
-rw------- 1 dsp dsp 2.0G Sep 15 06:39 /data/TRANSIENT_BUFFER/PDR_GULP_data000.pcap_15_09_2025_06_39_1757898543.PCAP_PDR
15-09-2025 12:46 RAW PCAP data moved from Transient Buffer.
15-09-2025 12:46 SLIP check Started ...
15-09-2025 12:46 - WARNING - Data Directory: /data/dsp/GBD_TRANSIENT_BUFFER/J0557+1550/15_09_2025
15-09-2025 12:46 - WARNING - Number of Files: 80
15-09-2025 12:46 - WARNING - No packet loss: /data/dsp/GBD_TRANSIENT_BUFFER/J0557+1550/15_09_2025/PDR_GULP_data002.pcap_15_09_2025_06_00_1757896235.PCAP_PDR
15-09-2025 12:46 - WARNING - first_pkt_count, first_gps_count, first_pkt_Tstamp
15-09-2025 12:46 - WARNING - 3866244067 61495 2025-09-15T00:30:03.731080
15-09-2025 12:46 - WARNING - last_pkt_count, last_gps_count, last_pkt_Tstamp
15-09-2025 12:46 - WARNING - 3868126608 61530 2025-09-15T00:30:32.939279
15-09-2025 12:46 - WARNING - diff_pkt_count  , diff_gps_count ,  diff_pkt_timstamp
15-09-2025 12:46 - WARNING - 1882541 35 29208199 microseconds
15-09-2025 12:46 - WARNING - No packet loss: /data/dsp/GBD_TRANSIENT_BUFFER/J0557+1550/15_09_2025/PDR_GULP_data000.pcap_15_09_2025_06_01_1757896265.PCAP_PDR
15-09-2025 12:46 - WARNING - first_pkt_count, first_gps_count, first_pkt_Tstamp
15-09-2025 12:46 - WARNING - 3868126609 61530 2025-09-15T00:30:32.939372
15-09-2025 12:46 - WARNING - last_pkt_count, last_gps_count, last_pkt_Tstamp
15-09-2025 12:46 - WARNING - 3870009151 61565 2025-09-15T00:31:02.147548
15-09-2025 12:46 - WARNING - diff_pkt_count  , diff_gps_count ,  diff_pkt_timstamp
15-09-2025 12:46 - WARNING - 1882542 35 29208176 microseconds
15-09-2025 12:46 - WARNING - No packet loss: /data/dsp/GBD_TRANSIENT_BUFFER/J0557+1550/15_09_2025/PDR_GULP_data001.pcap_15_09_2025_06_01_1757896294.PCAP_PDR
15-09-2025 12:46 - WARNING - first_pkt_count, first_gps_count, first_pkt_Tstamp
15-09-2025 12:46 - WARNING - 3870009152 61565 2025-09-15T00:31:02.147635
15-09-2025 12:46 - WARNING - last_pkt_count, last_gps_count, last_pkt_Tstamp
15-09-2025 12:46 - WARNING - 3871891693 61605 2025-09-15T00:31:31.355802
15-09-2025 12:46 - WARNING - diff_pkt_count  , diff_gps_count ,  diff_pkt_timstamp
15-09-2025 12:46 - WARNING - 1882541 40 29208167 microseconds
15-09-2025 12:46 - WARNING - No packet loss: /data/dsp/GBD_TRANSIENT_BUFFER/J0557+1550/15_09_2025/PDR_GULP_data002.pcap_15_09_2025_06_02_1757896323.PCAP_PDR
15-09-2025 12:46 - WARNING - first_pkt_count, first_gps_count, first_pkt_Tstamp
15-09-2025 12:46 - WARNING - 3871891694 61605 2025-09-15T00:31:31.355802
15-09-2025 12:46 - WARNING - last_pkt_count, last_gps_count, last_pkt_Tstamp
15-09-2025 12:46 - WARNING - 3873774235 61641 2025-09-15T00:32:00.564030
15-09-2025 12:46 - WARNING - diff_pkt_count  , diff_gps_count ,  diff_pkt_timstamp
15-09-2025 12:46 - WARNING - 1882541 36 29208228 microseconds
15-09-2025 12:46 - WARNING - No packet loss: /data/dsp/GBD_TRANSIENT_BUFFER/J0557+1550/15_09_2025/PDR_GULP_data000.pcap_15_09_2025_06_02_1757896352.PCAP_PDR
15-09-2025 12:46 - WARNING - first_pkt_count, first_gps_count, first_pkt_Tstamp
15-09-2025 12:46 - WARNING - 3873774236 61641 2025-09-15T00:32:00.564112
15-09-2025 12:46 - WARNING - last_pkt_count, last_gps_count, last_pkt_Tstamp
15-09-2025 12:46 - WARNING - 3875656777 61674 2025-09-15T00:32:29.772240
15-09-2025 12:46 - WARNING - diff_pkt_count  , diff_gps_count ,  diff_pkt_timstamp
15-09-2025 12:46 - WARNING - 1882541 33 29208128 microseconds
15-09-2025 12:46 - WARNING - No packet loss: /data/dsp/GBD_TRANSIENT_BUFFER/J0557+1550/15_09_2025/PDR_GULP_data001.pcap_15_09_2025_06_03_1757896381.PCAP_PDR
15-09-2025 12:46 - WARNING - first_pkt_count, first_gps_count, first_pkt_Tstamp
15-09-2025 12:46 - WARNING - 3875656778 61674 2025-09-15T00:32:29.772333
15-09-2025 12:46 - WARNING - last_pkt_count, last_gps_count, last_pkt_Tstamp
15-09-2025 12:46 - WARNING - 3877539319 61709 2025-09-15T00:32:58.980528
15-09-2025 12:46 - WARNING - diff_pkt_count  , diff_gps_count ,  diff_pkt_timstamp
15-09-2025 12:46 - WARNING - 1882541 35 29208195 microseconds
15-09-2025 12:46 - WARNING - No packet loss: /data/dsp/GBD_TRANSIENT_BUFFER/J0557+1550/15_09_2025/PDR_GULP_data002.pcap_15_09_2025_06_03_1757896411.PCAP_PDR
15-09-2025 12:46 - WARNING - first_pkt_count, first_gps_count, first_pkt_Tstamp
15-09-2025 12:46 - WARNING - 3877539320 61709 2025-09-15T00:32:58.980528
15-09-2025 12:46 - WARNING - last_pkt_count, last_gps_count, last_pkt_Tstamp
15-09-2025 12:46 - WARNING - 3879421861 61742 2025-09-15T00:33:28.188706
15-09-2025 12:46 - WARNING - diff_pkt_count  , diff_gps_count ,  diff_pkt_timstamp
15-09-2025 12:46 - WARNING - 1882541 33 29208178 microseconds
15-09-2025 12:46 - WARNING - No packet loss: /data/dsp/GBD_TRANSIENT_BUFFER/J0557+1550/15_09_2025/PDR_GULP_data000.pcap_15_09_2025_06_04_1757896440.PCAP_PDR
15-09-2025 12:46 - WARNING - first_pkt_count, first_gps_count, first_pkt_Tstamp
15-09-2025 12:46 - WARNING - 3879421862 61742 2025-09-15T00:33:28.188706
15-09-2025 12:46 - WARNING - last_pkt_count, last_gps_count, last_pkt_Tstamp
15-09-2025 12:46 - WARNING - 3881304404 61777 2025-09-15T00:33:57.396922
15-09-2025 12:46 - WARNING - diff_pkt_count  , diff_gps_count ,  diff_pkt_timstamp
15-09-2025 12:46 - WARNING - 1882542 35 29208216 microseconds
15-09-2025 12:46 - WARNING - No packet loss: /data/dsp/GBD_TRANSIENT_BUFFER/J0557+1550/15_09_2025/PDR_GULP_data001.pcap_15_09_2025_06_04_1757896469.PCAP_PDR
15-09-2025 12:46 - WARNING - first_pkt_count, first_gps_count, first_pkt_Tstamp
15-09-2025 12:46 - WARNING - 3881304405 61777 2025-09-15T00:33:57.396923
15-09-2025 12:46 - WARNING - last_pkt_count, last_gps_count, last_pkt_Tstamp
15-09-2025 12:46 - WARNING - 3883186946 61811 2025-09-15T00:34:26.605130
15-09-2025 12:46 - WARNING - diff_pkt_count  , diff_gps_count ,  diff_pkt_timstamp
15-09-2025 12:46 - WARNING - 1882541 34 29208207 microseconds
15-09-2025 12:46 - WARNING - No packet loss: /data/dsp/GBD_TRANSIENT_BUFFER/J0557+1550/15_09_2025/PDR_GULP_data002.pcap_15_09_2025_06_04_1757896498.PCAP_PDR
15-09-2025 12:46 - WARNING - first_pkt_count, first_gps_count, first_pkt_Tstamp
15-09-2025 12:46 - WARNING - 3883186947 61811 2025-09-15T00:34:26.605130
15-09-2025 12:46 - WARNING - last_pkt_count, last_gps_count, last_pkt_Tstamp
15-09-2025 12:46 - WARNING - 3885069488 61842 2025-09-15T00:34:55.813266
15-09-2025 12:46 - WARNING - diff_pkt_count  , diff_gps_count ,  diff_pkt_timstamp
15-09-2025 12:46 - WARNING - 1882541 31 29208136 microseconds
15-09-2025 12:46 - WARNING - No packet loss: /data/dsp/GBD_TRANSIENT_BUFFER/J0557+1550/15_09_2025/PDR_GULP_data000.pcap_15_09_2025_06_05_1757896528.PCAP_PDR
15-09-2025 12:46 - WARNING - first_pkt_count, first_gps_count, first_pkt_Tstamp
15-09-2025 12:46 - WARNING - 3885069489 61842 2025-09-15T00:34:55.813266
15-09-2025 12:46 - WARNING - last_pkt_count, last_gps_count, last_pkt_Tstamp
15-09-2025 12:46 - WARNING - 3886952030 61879 2025-09-15T00:35:25.021410
15-09-2025 12:46 - WARNING - diff_pkt_count  , diff_gps_count ,  diff_pkt_timstamp
15-09-2025 12:46 - WARNING - 1882541 37 29208144 microseconds
15-09-2025 12:46 - WARNING - No packet loss: /data/dsp/GBD_TRANSIENT_BUFFER/J0557+1550/15_09_2025/PDR_GULP_data001.pcap_15_09_2025_06_05_1757896557.PCAP_PDR
15-09-2025 12:46 - WARNING - first_pkt_count, first_gps_count, first_pkt_Tstamp
15-09-2025 12:46 - WARNING - 3886952031 61879 2025-09-15T00:35:25.021463
15-09-2025 12:46 - WARNING - last_pkt_count, last_gps_count, last_pkt_Tstamp
15-09-2025 12:46 - WARNING - 3888834572 61916 2025-09-15T00:35:54.229630
15-09-2025 12:46 - WARNING - diff_pkt_count  , diff_gps_count ,  diff_pkt_timstamp
15-09-2025 12:46 - WARNING - 1882541 37 29208167 microseconds
15-09-2025 12:46 - WARNING - No packet loss: /data/dsp/GBD_TRANSIENT_BUFFER/J0557+1550/15_09_2025/PDR_GULP_data002.pcap_15_09_2025_06_06_1757896586.PCAP_PDR
15-09-2025 12:46 - WARNING - first_pkt_count, first_gps_count, first_pkt_Tstamp
15-09-2025 12:46 - WARNING - 3888834573 61916 2025-09-15T00:35:54.229630
15-09-2025 12:46 - WARNING - last_pkt_count, last_gps_count, last_pkt_Tstamp
15-09-2025 12:46 - WARNING - 3890717114 61953 2025-09-15T00:36:23.437745
15-09-2025 12:46 - WARNING - diff_pkt_count  , diff_gps_count ,  diff_pkt_timstamp
15-09-2025 12:46 - WARNING - 1882541 37 29208115 microseconds
15-09-2025 12:46 - WARNING - No packet loss: /data/dsp/GBD_TRANSIENT_BUFFER/J0557+1550/15_09_2025/PDR_GULP_data000.pcap_15_09_2025_06_06_1757896615.PCAP_PDR
15-09-2025 12:46 - WARNING - first_pkt_count, first_gps_count, first_pkt_Tstamp
15-09-2025 12:46 - WARNING - 3890717115 61953 2025-09-15T00:36:23.437798
15-09-2025 12:46 - WARNING - last_pkt_count, last_gps_count, last_pkt_Tstamp
15-09-2025 12:46 - WARNING - 3892599657 61986 2025-09-15T00:36:52.645921
15-09-2025 12:46 - WARNING - diff_pkt_count  , diff_gps_count ,  diff_pkt_timstamp
15-09-2025 12:46 - WARNING - 1882542 33 29208123 microseconds
15-09-2025 12:46 - WARNING - No packet loss: /data/dsp/GBD_TRANSIENT_BUFFER/J0557+1550/15_09_2025/PDR_GULP_data001.pcap_15_09_2025_06_07_1757896644.PCAP_PDR
15-09-2025 12:46 - WARNING - first_pkt_count, first_gps_count, first_pkt_Tstamp
15-09-2025 12:46 - WARNING - 3892599658 61986 2025-09-15T00:36:52.645921
15-09-2025 12:46 - WARNING - last_pkt_count, last_gps_count, last_pkt_Tstamp
15-09-2025 12:46 - WARNING - 3894482199 62018 2025-09-15T00:37:21.854050
15-09-2025 12:46 - WARNING - diff_pkt_count  , diff_gps_count ,  diff_pkt_timstamp
15-09-2025 12:46 - WARNING - 1882541 32 29208129 microseconds
15-09-2025 12:46 - WARNING - No packet loss: /data/dsp/GBD_TRANSIENT_BUFFER/J0557+1550/15_09_2025/PDR_GULP_data002.pcap_15_09_2025_06_07_1757896674.PCAP_PDR
15-09-2025 12:46 - WARNING - first_pkt_count, first_gps_count, first_pkt_Tstamp
15-09-2025 12:46 - WARNING - 3894482200 62018 2025-09-15T00:37:21.854050
15-09-2025 12:46 - WARNING - last_pkt_count, last_gps_count, last_pkt_Tstamp
15-09-2025 12:46 - WARNING - 3896364741 62052 2025-09-15T00:37:51.062219
15-09-2025 12:46 - WARNING - diff_pkt_count  , diff_gps_count ,  diff_pkt_timstamp
15-09-2025 12:46 - WARNING - 1882541 34 29208169 microseconds
15-09-2025 12:46 - WARNING - No packet loss: /data/dsp/GBD_TRANSIENT_BUFFER/J0557+1550/15_09_2025/PDR_GULP_data000.pcap_15_09_2025_06_08_1757896703.PCAP_PDR
15-09-2025 12:46 - WARNING - first_pkt_count, first_gps_count, first_pkt_Tstamp
15-09-2025 12:46 - WARNING - 3896364742 62052 2025-09-15T00:37:51.062219
15-09-2025 12:46 - WARNING - last_pkt_count, last_gps_count, last_pkt_Tstamp
15-09-2025 12:46 - WARNING - 3898247283 62086 2025-09-15T00:38:20.270335
15-09-2025 12:46 - WARNING - diff_pkt_count  , diff_gps_count ,  diff_pkt_timstamp
15-09-2025 12:46 - WARNING - 1882541 34 29208116 microseconds
15-09-2025 12:46 - WARNING - No packet loss: /data/dsp/GBD_TRANSIENT_BUFFER/J0557+1550/15_09_2025/PDR_GULP_data001.pcap_15_09_2025_06_08_1757896732.PCAP_PDR
15-09-2025 12:46 - WARNING - first_pkt_count, first_gps_count, first_pkt_Tstamp
15-09-2025 12:46 - WARNING - 3898247284 62086 2025-09-15T00:38:20.270335
15-09-2025 12:46 - WARNING - last_pkt_count, last_gps_count, last_pkt_Tstamp
15-09-2025 12:46 - WARNING - 3900129825 62122 2025-09-15T00:38:49.478484
15-09-2025 12:46 - WARNING - diff_pkt_count  , diff_gps_count ,  diff_pkt_timstamp
15-09-2025 12:46 - WARNING - 1882541 36 29208149 microseconds
15-09-2025 12:46 - WARNING - No packet loss: /data/dsp/GBD_TRANSIENT_BUFFER/J0557+1550/15_09_2025/PDR_GULP_data002.pcap_15_09_2025_06_09_1757896761.PCAP_PDR
15-09-2025 12:46 - WARNING - first_pkt_count, first_gps_count, first_pkt_Tstamp
15-09-2025 12:46 - WARNING - 3900129826 62122 2025-09-15T00:38:49.478484
15-09-2025 12:46 - WARNING - last_pkt_count, last_gps_count, last_pkt_Tstamp
15-09-2025 12:46 - WARNING - 3902012367 62154 2025-09-15T00:39:18.686604
15-09-2025 12:46 - WARNING - diff_pkt_count  , diff_gps_count ,  diff_pkt_timstamp
15-09-2025 12:46 - WARNING - 1882541 32 29208120 microseconds
15-09-2025 12:46 - WARNING - No packet loss: /data/dsp/GBD_TRANSIENT_BUFFER/J0557+1550/15_09_2025/PDR_GULP_data000.pcap_15_09_2025_06_09_1757896790.PCAP_PDR
15-09-2025 12:46 - WARNING - first_pkt_count, first_gps_count, first_pkt_Tstamp
15-09-2025 12:46 - WARNING - 3902012368 62154 2025-09-15T00:39:18.686604
15-09-2025 12:46 - WARNING - last_pkt_count, last_gps_count, last_pkt_Tstamp
15-09-2025 12:46 - WARNING - 3903894910 62188 2025-09-15T00:39:47.894680
15-09-2025 12:46 - WARNING - diff_pkt_count  , diff_gps_count ,  diff_pkt_timstamp
15-09-2025 12:46 - WARNING - 1882542 34 29208076 microseconds
15-09-2025 12:46 - WARNING - No packet loss: /data/dsp/GBD_TRANSIENT_BUFFER/J0557+1550/15_09_2025/PDR_GULP_data001.pcap_15_09_2025_06_10_1757896820.PCAP_PDR
15-09-2025 12:46 - WARNING - first_pkt_count, first_gps_count, first_pkt_Tstamp
15-09-2025 12:46 - WARNING - 3903894911 62188 2025-09-15T00:39:47.894731
15-09-2025 12:46 - WARNING - last_pkt_count, last_gps_count, last_pkt_Tstamp
15-09-2025 12:46 - WARNING - 3905777452 62225 2025-09-15T00:40:17.102798
15-09-2025 12:46 - WARNING - diff_pkt_count  , diff_gps_count ,  diff_pkt_timstamp
15-09-2025 12:46 - WARNING - 1882541 37 29208067 microseconds
15-09-2025 12:46 - WARNING - No packet loss: /data/dsp/GBD_TRANSIENT_BUFFER/J0557+1550/15_09_2025/PDR_GULP_data002.pcap_15_09_2025_06_10_1757896849.PCAP_PDR
15-09-2025 12:46 - WARNING - first_pkt_count, first_gps_count, first_pkt_Tstamp
15-09-2025 12:46 - WARNING - 3905777453 62225 2025-09-15T00:40:17.102852
15-09-2025 12:46 - WARNING - last_pkt_count, last_gps_count, last_pkt_Tstamp
15-09-2025 12:46 - WARNING - 3907659994 62257 2025-09-15T00:40:46.310953
15-09-2025 12:46 - WARNING - diff_pkt_count  , diff_gps_count ,  diff_pkt_timstamp
15-09-2025 12:46 - WARNING - 1882541 32 29208101 microseconds
15-09-2025 12:46 - WARNING - No packet loss: /data/dsp/GBD_TRANSIENT_BUFFER/J0557+1550/15_09_2025/PDR_GULP_data000.pcap_15_09_2025_06_11_1757896878.PCAP_PDR
15-09-2025 12:46 - WARNING - first_pkt_count, first_gps_count, first_pkt_Tstamp
15-09-2025 12:46 - WARNING - 3907659995 62257 2025-09-15T00:40:46.310954
15-09-2025 12:46 - WARNING - last_pkt_count, last_gps_count, last_pkt_Tstamp
15-09-2025 12:46 - WARNING - 3909542536 62291 2025-09-15T00:41:15.519037
15-09-2025 12:46 - WARNING - diff_pkt_count  , diff_gps_count ,  diff_pkt_timstamp
15-09-2025 12:46 - WARNING - 1882541 34 29208083 microseconds
15-09-2025 12:46 - WARNING - No packet loss: /data/dsp/GBD_TRANSIENT_BUFFER/J0557+1550/15_09_2025/PDR_GULP_data001.pcap_15_09_2025_06_11_1757896907.PCAP_PDR
15-09-2025 12:46 - WARNING - first_pkt_count, first_gps_count, first_pkt_Tstamp
15-09-2025 12:46 - WARNING - 3909542537 62291 2025-09-15T00:41:15.519037
15-09-2025 12:46 - WARNING - last_pkt_count, last_gps_count, last_pkt_Tstamp
15-09-2025 12:46 - WARNING - 3911425078 62325 2025-09-15T00:41:44.727111
15-09-2025 12:46 - WARNING - diff_pkt_count  , diff_gps_count ,  diff_pkt_timstamp
15-09-2025 12:46 - WARNING - 1882541 34 29208074 microseconds
15-09-2025 12:46 - WARNING - No packet loss: /data/dsp/GBD_TRANSIENT_BUFFER/J0557+1550/15_09_2025/PDR_GULP_data002.pcap_15_09_2025_06_12_1757896936.PCAP_PDR
15-09-2025 12:46 - WARNING - first_pkt_count, first_gps_count, first_pkt_Tstamp
15-09-2025 12:46 - WARNING - 3911425079 62325 2025-09-15T00:41:44.727165
15-09-2025 12:46 - WARNING - last_pkt_count, last_gps_count, last_pkt_Tstamp
15-09-2025 12:46 - WARNING - 3913307620 62359 2025-09-15T00:42:13.935216
15-09-2025 12:46 - WARNING - diff_pkt_count  , diff_gps_count ,  diff_pkt_timstamp
15-09-2025 12:46 - WARNING - 1882541 34 29208051 microseconds
15-09-2025 12:46 - WARNING - No packet loss: /data/dsp/GBD_TRANSIENT_BUFFER/J0557+1550/15_09_2025/PDR_GULP_data000.pcap_15_09_2025_06_12_1757896966.PCAP_PDR
15-09-2025 12:46 - WARNING - first_pkt_count, first_gps_count, first_pkt_Tstamp
15-09-2025 12:46 - WARNING - 3913307621 62359 2025-09-15T00:42:13.935269
15-09-2025 12:46 - WARNING - last_pkt_count, last_gps_count, last_pkt_Tstamp
15-09-2025 12:46 - WARNING - 3915190163 62396 2025-09-15T00:42:43.143338
15-09-2025 12:46 - WARNING - diff_pkt_count  , diff_gps_count ,  diff_pkt_timstamp
15-09-2025 12:46 - WARNING - 1882542 37 29208069 microseconds
15-09-2025 12:46 - WARNING - No packet loss: /data/dsp/GBD_TRANSIENT_BUFFER/J0557+1550/15_09_2025/PDR_GULP_data001.pcap_15_09_2025_06_13_1757896995.PCAP_PDR
15-09-2025 12:46 - WARNING - first_pkt_count, first_gps_count, first_pkt_Tstamp
15-09-2025 12:46 - WARNING - 3915190164 62396 2025-09-15T00:42:43.143418
15-09-2025 12:46 - WARNING - last_pkt_count, last_gps_count, last_pkt_Tstamp
15-09-2025 12:46 - WARNING - 3917072705 62427 2025-09-15T00:43:12.351435
15-09-2025 12:46 - WARNING - diff_pkt_count  , diff_gps_count ,  diff_pkt_timstamp
15-09-2025 12:46 - WARNING - 1882541 31 29208017 microseconds
15-09-2025 12:46 - WARNING - No packet loss: /data/dsp/GBD_TRANSIENT_BUFFER/J0557+1550/15_09_2025/PDR_GULP_data002.pcap_15_09_2025_06_13_1757897024.PCAP_PDR
15-09-2025 12:46 - WARNING - first_pkt_count, first_gps_count, first_pkt_Tstamp
15-09-2025 12:46 - WARNING - 3917072706 62427 2025-09-15T00:43:12.351435
15-09-2025 12:46 - WARNING - last_pkt_count, last_gps_count, last_pkt_Tstamp
15-09-2025 12:46 - WARNING - 3918955247 62456 2025-09-15T00:43:41.559514
15-09-2025 12:46 - WARNING - diff_pkt_count  , diff_gps_count ,  diff_pkt_timstamp
15-09-2025 12:46 - WARNING - 1882541 29 29208079 microseconds
15-09-2025 12:46 - WARNING - No packet loss: /data/dsp/GBD_TRANSIENT_BUFFER/J0557+1550/15_09_2025/PDR_GULP_data000.pcap_15_09_2025_06_14_1757897053.PCAP_PDR
15-09-2025 12:46 - WARNING - first_pkt_count, first_gps_count, first_pkt_Tstamp
15-09-2025 12:46 - WARNING - 3918955248 62456 2025-09-15T00:43:41.559515
15-09-2025 12:46 - WARNING - last_pkt_count, last_gps_count, last_pkt_Tstamp
15-09-2025 12:46 - WARNING - 3920837789 62491 2025-09-15T00:44:10.767674
15-09-2025 12:46 - WARNING - diff_pkt_count  , diff_gps_count ,  diff_pkt_timstamp
15-09-2025 12:46 - WARNING - 1882541 35 29208159 microseconds
15-09-2025 12:46 - WARNING - No packet loss: /data/dsp/GBD_TRANSIENT_BUFFER/J0557+1550/15_09_2025/PDR_GULP_data001.pcap_15_09_2025_06_14_1757897082.PCAP_PDR
15-09-2025 12:46 - WARNING - first_pkt_count, first_gps_count, first_pkt_Tstamp
15-09-2025 12:46 - WARNING - 3920837790 62491 2025-09-15T00:44:10.767674
15-09-2025 12:46 - WARNING - last_pkt_count, last_gps_count, last_pkt_Tstamp
15-09-2025 12:46 - WARNING - 3922720331 62525 2025-09-15T00:44:39.975722
15-09-2025 12:46 - WARNING - diff_pkt_count  , diff_gps_count ,  diff_pkt_timstamp
15-09-2025 12:46 - WARNING - 1882541 34 29208048 microseconds
15-09-2025 12:46 - WARNING - No packet loss: /data/dsp/GBD_TRANSIENT_BUFFER/J0557+1550/15_09_2025/PDR_GULP_data002.pcap_15_09_2025_06_15_1757897112.PCAP_PDR
15-09-2025 12:46 - WARNING - first_pkt_count, first_gps_count, first_pkt_Tstamp
15-09-2025 12:46 - WARNING - 3922720332 62525 2025-09-15T00:44:39.975723
15-09-2025 12:46 - WARNING - last_pkt_count, last_gps_count, last_pkt_Tstamp
15-09-2025 12:46 - WARNING - 3924602873 62557 2025-09-15T00:45:09.183770
15-09-2025 12:46 - WARNING - diff_pkt_count  , diff_gps_count ,  diff_pkt_timstamp
15-09-2025 12:46 - WARNING - 1882541 32 29208047 microseconds
15-09-2025 12:46 - WARNING - No packet loss: /data/dsp/GBD_TRANSIENT_BUFFER/J0557+1550/15_09_2025/PDR_GULP_data000.pcap_15_09_2025_06_15_1757897141.PCAP_PDR
15-09-2025 12:46 - WARNING - first_pkt_count, first_gps_count, first_pkt_Tstamp
15-09-2025 12:46 - WARNING - 3924602874 62557 2025-09-15T00:45:09.183862
15-09-2025 12:46 - WARNING - last_pkt_count, last_gps_count, last_pkt_Tstamp
15-09-2025 12:46 - WARNING - 3926485416 62591 2025-09-15T00:45:38.391861
15-09-2025 12:46 - WARNING - diff_pkt_count  , diff_gps_count ,  diff_pkt_timstamp
15-09-2025 12:46 - WARNING - 1882542 34 29207999 microseconds
15-09-2025 12:46 - WARNING - No packet loss: /data/dsp/GBD_TRANSIENT_BUFFER/J0557+1550/15_09_2025/PDR_GULP_data001.pcap_15_09_2025_06_16_1757897170.PCAP_PDR
15-09-2025 12:46 - WARNING - first_pkt_count, first_gps_count, first_pkt_Tstamp
15-09-2025 12:46 - WARNING - 3926485417 62591 2025-09-15T00:45:38.391914
15-09-2025 12:46 - WARNING - last_pkt_count, last_gps_count, last_pkt_Tstamp
15-09-2025 12:46 - WARNING - 3928367958 62624 2025-09-15T00:46:07.599941
15-09-2025 12:46 - WARNING - diff_pkt_count  , diff_gps_count ,  diff_pkt_timstamp
15-09-2025 12:46 - WARNING - 1882541 33 29208027 microseconds
15-09-2025 12:46 - WARNING - No packet loss: /data/dsp/GBD_TRANSIENT_BUFFER/J0557+1550/15_09_2025/PDR_GULP_data002.pcap_15_09_2025_06_16_1757897199.PCAP_PDR
15-09-2025 12:46 - WARNING - first_pkt_count, first_gps_count, first_pkt_Tstamp
15-09-2025 12:46 - WARNING - 3928367959 62624 2025-09-15T00:46:07.599992
15-09-2025 12:46 - WARNING - last_pkt_count, last_gps_count, last_pkt_Tstamp
15-09-2025 12:46 - WARNING - 3930250500 62661 2025-09-15T00:46:36.808090
15-09-2025 12:46 - WARNING - diff_pkt_count  , diff_gps_count ,  diff_pkt_timstamp
15-09-2025 12:46 - WARNING - 1882541 37 29208098 microseconds
15-09-2025 12:46 - WARNING - No packet loss: /data/dsp/GBD_TRANSIENT_BUFFER/J0557+1550/15_09_2025/PDR_GULP_data000.pcap_15_09_2025_06_17_1757897229.PCAP_PDR
15-09-2025 12:46 - WARNING - first_pkt_count, first_gps_count, first_pkt_Tstamp
15-09-2025 12:46 - WARNING - 3930250501 62661 2025-09-15T00:46:36.808091
15-09-2025 12:46 - WARNING - last_pkt_count, last_gps_count, last_pkt_Tstamp
15-09-2025 12:46 - WARNING - 3932133042 62695 2025-09-15T00:47:06.016124
15-09-2025 12:46 - WARNING - diff_pkt_count  , diff_gps_count ,  diff_pkt_timstamp
15-09-2025 12:46 - WARNING - 1882541 34 29208033 microseconds
15-09-2025 12:46 - WARNING - No packet loss: /data/dsp/GBD_TRANSIENT_BUFFER/J0557+1550/15_09_2025/PDR_GULP_data001.pcap_15_09_2025_06_17_1757897258.PCAP_PDR
15-09-2025 12:46 - WARNING - first_pkt_count, first_gps_count, first_pkt_Tstamp
15-09-2025 12:46 - WARNING - 3932133043 62695 2025-09-15T00:47:06.016125
15-09-2025 12:46 - WARNING - last_pkt_count, last_gps_count, last_pkt_Tstamp
15-09-2025 12:46 - WARNING - 3934015584 62732 2025-09-15T00:47:35.224199
15-09-2025 12:46 - WARNING - diff_pkt_count  , diff_gps_count ,  diff_pkt_timstamp
15-09-2025 12:46 - WARNING - 1882541 37 29208074 microseconds
15-09-2025 12:46 - WARNING - No packet loss: /data/dsp/GBD_TRANSIENT_BUFFER/J0557+1550/15_09_2025/PDR_GULP_data002.pcap_15_09_2025_06_18_1757897287.PCAP_PDR
15-09-2025 12:46 - WARNING - first_pkt_count, first_gps_count, first_pkt_Tstamp
15-09-2025 12:46 - WARNING - 3934015585 62732 2025-09-15T00:47:35.224199
15-09-2025 12:46 - WARNING - last_pkt_count, last_gps_count, last_pkt_Tstamp
15-09-2025 12:46 - WARNING - 3935898126 62768 2025-09-15T00:48:04.432289
15-09-2025 12:46 - WARNING - diff_pkt_count  , diff_gps_count ,  diff_pkt_timstamp
15-09-2025 12:46 - WARNING - 1882541 36 29208090 microseconds
15-09-2025 12:46 - WARNING - No packet loss: /data/dsp/GBD_TRANSIENT_BUFFER/J0557+1550/15_09_2025/PDR_GULP_data000.pcap_15_09_2025_06_18_1757897316.PCAP_PDR
15-09-2025 12:46 - WARNING - first_pkt_count, first_gps_count, first_pkt_Tstamp
15-09-2025 12:46 - WARNING - 3935898127 62768 2025-09-15T00:48:04.432290
15-09-2025 12:46 - WARNING - last_pkt_count, last_gps_count, last_pkt_Tstamp
15-09-2025 12:46 - WARNING - 3937780669 62802 2025-09-15T00:48:33.640412
15-09-2025 12:46 - WARNING - diff_pkt_count  , diff_gps_count ,  diff_pkt_timstamp
15-09-2025 12:46 - WARNING - 1882542 34 29208122 microseconds
15-09-2025 12:46 - WARNING - No packet loss: /data/dsp/GBD_TRANSIENT_BUFFER/J0557+1550/15_09_2025/PDR_GULP_data001.pcap_15_09_2025_06_19_1757897345.PCAP_PDR
15-09-2025 12:46 - WARNING - first_pkt_count, first_gps_count, first_pkt_Tstamp
15-09-2025 12:46 - WARNING - 3937780670 62802 2025-09-15T00:48:33.640412
15-09-2025 12:46 - WARNING - last_pkt_count, last_gps_count, last_pkt_Tstamp
15-09-2025 12:46 - WARNING - 3939663211 62833 2025-09-15T00:49:02.848420
15-09-2025 12:46 - WARNING - diff_pkt_count  , diff_gps_count ,  diff_pkt_timstamp
15-09-2025 12:46 - WARNING - 1882541 31 29208008 microseconds
15-09-2025 12:46 - WARNING - No packet loss: /data/dsp/GBD_TRANSIENT_BUFFER/J0557+1550/15_09_2025/PDR_GULP_data002.pcap_15_09_2025_06_19_1757897375.PCAP_PDR
15-09-2025 12:46 - WARNING - first_pkt_count, first_gps_count, first_pkt_Tstamp
15-09-2025 12:46 - WARNING - 3939663212 62833 2025-09-15T00:49:02.848420
15-09-2025 12:46 - WARNING - last_pkt_count, last_gps_count, last_pkt_Tstamp
15-09-2025 12:46 - WARNING - 3941545753 62867 2025-09-15T00:49:32.056491
15-09-2025 12:46 - WARNING - diff_pkt_count  , diff_gps_count ,  diff_pkt_timstamp
15-09-2025 12:46 - WARNING - 1882541 34 29208071 microseconds
15-09-2025 12:46 - WARNING - No packet loss: /data/dsp/GBD_TRANSIENT_BUFFER/J0557+1550/15_09_2025/PDR_GULP_data000.pcap_15_09_2025_06_20_1757897404.PCAP_PDR
15-09-2025 12:46 - WARNING - first_pkt_count, first_gps_count, first_pkt_Tstamp
15-09-2025 12:46 - WARNING - 3941545754 62867 2025-09-15T00:49:32.056491
15-09-2025 12:46 - WARNING - last_pkt_count, last_gps_count, last_pkt_Tstamp
15-09-2025 12:46 - WARNING - 3943428295 62903 2025-09-15T00:50:01.264601
15-09-2025 12:46 - WARNING - diff_pkt_count  , diff_gps_count ,  diff_pkt_timstamp
15-09-2025 12:46 - WARNING - 1882541 36 29208110 microseconds
15-09-2025 12:46 - WARNING - No packet loss: /data/dsp/GBD_TRANSIENT_BUFFER/J0557+1550/15_09_2025/PDR_GULP_data001.pcap_15_09_2025_06_20_1757897433.PCAP_PDR
15-09-2025 12:46 - WARNING - first_pkt_count, first_gps_count, first_pkt_Tstamp
15-09-2025 12:46 - WARNING - 3943428296 62903 2025-09-15T00:50:01.264601
15-09-2025 12:46 - WARNING - last_pkt_count, last_gps_count, last_pkt_Tstamp
15-09-2025 12:46 - WARNING - 3945310837 62941 2025-09-15T00:50:30.472637
15-09-2025 12:46 - WARNING - diff_pkt_count  , diff_gps_count ,  diff_pkt_timstamp
15-09-2025 12:46 - WARNING - 1882541 38 29208036 microseconds
15-09-2025 12:46 - WARNING - No packet loss: /data/dsp/GBD_TRANSIENT_BUFFER/J0557+1550/15_09_2025/PDR_GULP_data002.pcap_15_09_2025_06_21_1757897462.PCAP_PDR
15-09-2025 12:46 - WARNING - first_pkt_count, first_gps_count, first_pkt_Tstamp
15-09-2025 12:46 - WARNING - 3945310838 62941 2025-09-15T00:50:30.472638
15-09-2025 12:46 - WARNING - last_pkt_count, last_gps_count, last_pkt_Tstamp
15-09-2025 12:46 - WARNING - 3947193379 62977 2025-09-15T00:50:59.680717
15-09-2025 12:46 - WARNING - diff_pkt_count  , diff_gps_count ,  diff_pkt_timstamp
15-09-2025 12:46 - WARNING - 1882541 36 29208079 microseconds
15-09-2025 12:46 - WARNING - No packet loss: /data/dsp/GBD_TRANSIENT_BUFFER/J0557+1550/15_09_2025/PDR_GULP_data000.pcap_15_09_2025_06_21_1757897491.PCAP_PDR
15-09-2025 12:46 - WARNING - first_pkt_count, first_gps_count, first_pkt_Tstamp
15-09-2025 12:46 - WARNING - 3947193380 62977 2025-09-15T00:50:59.680799
15-09-2025 12:46 - WARNING - last_pkt_count, last_gps_count, last_pkt_Tstamp
15-09-2025 12:46 - WARNING - 3949075922 63010 2025-09-15T00:51:28.888812
15-09-2025 12:46 - WARNING - diff_pkt_count  , diff_gps_count ,  diff_pkt_timstamp
15-09-2025 12:46 - WARNING - 1882542 33 29208013 microseconds
15-09-2025 12:46 - WARNING - No packet loss: /data/dsp/GBD_TRANSIENT_BUFFER/J0557+1550/15_09_2025/PDR_GULP_data001.pcap_15_09_2025_06_22_1757897521.PCAP_PDR
15-09-2025 12:46 - WARNING - first_pkt_count, first_gps_count, first_pkt_Tstamp
15-09-2025 12:46 - WARNING - 3949075923 63010 2025-09-15T00:51:28.888812
15-09-2025 12:46 - WARNING - last_pkt_count, last_gps_count, last_pkt_Tstamp
15-09-2025 12:46 - WARNING - 3950958464 63044 2025-09-15T00:51:58.096411
15-09-2025 12:46 - WARNING - diff_pkt_count  , diff_gps_count ,  diff_pkt_timstamp
15-09-2025 12:46 - WARNING - 1882541 34 29207599 microseconds
15-09-2025 12:46 - WARNING - No packet loss: /data/dsp/GBD_TRANSIENT_BUFFER/J0557+1550/15_09_2025/PDR_GULP_data002.pcap_15_09_2025_06_22_1757897550.PCAP_PDR
15-09-2025 12:46 - WARNING - first_pkt_count, first_gps_count, first_pkt_Tstamp
15-09-2025 12:46 - WARNING - 3950958465 63044 2025-09-15T00:51:58.096500
15-09-2025 12:46 - WARNING - last_pkt_count, last_gps_count, last_pkt_Tstamp
15-09-2025 12:46 - WARNING - 3952841006 63077 2025-09-15T00:52:27.302926
15-09-2025 12:46 - WARNING - diff_pkt_count  , diff_gps_count ,  diff_pkt_timstamp
15-09-2025 12:46 - WARNING - 1882541 33 29206426 microseconds
15-09-2025 12:46 - WARNING - No packet loss: /data/dsp/GBD_TRANSIENT_BUFFER/J0557+1550/15_09_2025/PDR_GULP_data000.pcap_15_09_2025_06_22_1757897579.PCAP_PDR
15-09-2025 12:46 - WARNING - first_pkt_count, first_gps_count, first_pkt_Tstamp
15-09-2025 12:46 - WARNING - 3952841007 63077 2025-09-15T00:52:27.302927
15-09-2025 12:46 - WARNING - last_pkt_count, last_gps_count, last_pkt_Tstamp
15-09-2025 12:46 - WARNING - 3954723548 63113 2025-09-15T00:52:56.509532
15-09-2025 12:46 - WARNING - diff_pkt_count  , diff_gps_count ,  diff_pkt_timstamp
15-09-2025 12:46 - WARNING - 1882541 36 29206605 microseconds
15-09-2025 12:46 - WARNING - No packet loss: /data/dsp/GBD_TRANSIENT_BUFFER/J0557+1550/15_09_2025/PDR_GULP_data001.pcap_15_09_2025_06_23_1757897608.PCAP_PDR
15-09-2025 12:46 - WARNING - first_pkt_count, first_gps_count, first_pkt_Tstamp
15-09-2025 12:46 - WARNING - 3954723549 63113 2025-09-15T00:52:56.509533
15-09-2025 12:46 - WARNING - last_pkt_count, last_gps_count, last_pkt_Tstamp
15-09-2025 12:46 - WARNING - 3956606090 63147 2025-09-15T00:53:25.716205
15-09-2025 12:46 - WARNING - diff_pkt_count  , diff_gps_count ,  diff_pkt_timstamp
15-09-2025 12:46 - WARNING - 1882541 34 29206672 microseconds
15-09-2025 12:46 - WARNING - No packet loss: /data/dsp/GBD_TRANSIENT_BUFFER/J0557+1550/15_09_2025/PDR_GULP_data002.pcap_15_09_2025_06_23_1757897637.PCAP_PDR
15-09-2025 12:46 - WARNING - first_pkt_count, first_gps_count, first_pkt_Tstamp
15-09-2025 12:46 - WARNING - 3956606091 63147 2025-09-15T00:53:25.716205
15-09-2025 12:46 - WARNING - last_pkt_count, last_gps_count, last_pkt_Tstamp
15-09-2025 12:46 - WARNING - 3958488632 63178 2025-09-15T00:53:54.922901
15-09-2025 12:46 - WARNING - diff_pkt_count  , diff_gps_count ,  diff_pkt_timstamp
15-09-2025 12:46 - WARNING - 1882541 31 29206696 microseconds
15-09-2025 12:46 - WARNING - No packet loss: /data/dsp/GBD_TRANSIENT_BUFFER/J0557+1550/15_09_2025/PDR_GULP_data000.pcap_15_09_2025_06_24_1757897667.PCAP_PDR
15-09-2025 12:46 - WARNING - first_pkt_count, first_gps_count, first_pkt_Tstamp
15-09-2025 12:46 - WARNING - 3958488633 63178 2025-09-15T00:53:54.922952
15-09-2025 12:46 - WARNING - last_pkt_count, last_gps_count, last_pkt_Tstamp
15-09-2025 12:46 - WARNING - 3960371175 63216 2025-09-15T00:54:24.129790
15-09-2025 12:46 - WARNING - diff_pkt_count  , diff_gps_count ,  diff_pkt_timstamp
15-09-2025 12:46 - WARNING - 1882542 38 29206838 microseconds
15-09-2025 12:46 - WARNING - No packet loss: /data/dsp/GBD_TRANSIENT_BUFFER/J0557+1550/15_09_2025/PDR_GULP_data001.pcap_15_09_2025_06_24_1757897696.PCAP_PDR
15-09-2025 12:46 - WARNING - first_pkt_count, first_gps_count, first_pkt_Tstamp
15-09-2025 12:46 - WARNING - 3960371176 63216 2025-09-15T00:54:24.129791
15-09-2025 12:46 - WARNING - last_pkt_count, last_gps_count, last_pkt_Tstamp
15-09-2025 12:46 - WARNING - 3962253717 63247 2025-09-15T00:54:53.336647
15-09-2025 12:46 - WARNING - diff_pkt_count  , diff_gps_count ,  diff_pkt_timstamp
15-09-2025 12:46 - WARNING - 1882541 31 29206856 microseconds
15-09-2025 12:46 - WARNING - No packet loss: /data/dsp/GBD_TRANSIENT_BUFFER/J0557+1550/15_09_2025/PDR_GULP_data002.pcap_15_09_2025_06_25_1757897725.PCAP_PDR
15-09-2025 12:46 - WARNING - first_pkt_count, first_gps_count, first_pkt_Tstamp
15-09-2025 12:46 - WARNING - 3962253718 63247 2025-09-15T00:54:53.336647
15-09-2025 12:46 - WARNING - last_pkt_count, last_gps_count, last_pkt_Tstamp
15-09-2025 12:46 - WARNING - 3964136259 63279 2025-09-15T00:55:22.543493
15-09-2025 12:46 - WARNING - diff_pkt_count  , diff_gps_count ,  diff_pkt_timstamp
15-09-2025 12:46 - WARNING - 1882541 32 29206846 microseconds
15-09-2025 12:46 - WARNING - No packet loss: /data/dsp/GBD_TRANSIENT_BUFFER/J0557+1550/15_09_2025/PDR_GULP_data000.pcap_15_09_2025_06_25_1757897754.PCAP_PDR
15-09-2025 12:46 - WARNING - first_pkt_count, first_gps_count, first_pkt_Tstamp
15-09-2025 12:46 - WARNING - 3964136260 63279 2025-09-15T00:55:22.543571
15-09-2025 12:46 - WARNING - last_pkt_count, last_gps_count, last_pkt_Tstamp
15-09-2025 12:46 - WARNING - 3966018801 63311 2025-09-15T00:55:51.750463
15-09-2025 12:46 - WARNING - diff_pkt_count  , diff_gps_count ,  diff_pkt_timstamp
15-09-2025 12:46 - WARNING - 1882541 32 29206892 microseconds
15-09-2025 12:46 - WARNING - No packet loss: /data/dsp/GBD_TRANSIENT_BUFFER/J0557+1550/15_09_2025/PDR_GULP_data001.pcap_15_09_2025_06_26_1757897783.PCAP_PDR
15-09-2025 12:46 - WARNING - first_pkt_count, first_gps_count, first_pkt_Tstamp
15-09-2025 12:46 - WARNING - 3966018802 63311 2025-09-15T00:55:51.750464
15-09-2025 12:46 - WARNING - last_pkt_count, last_gps_count, last_pkt_Tstamp
15-09-2025 12:46 - WARNING - 3967901343 63347 2025-09-15T00:56:20.957435
15-09-2025 12:46 - WARNING - diff_pkt_count  , diff_gps_count ,  diff_pkt_timstamp
15-09-2025 12:46 - WARNING - 1882541 36 29206971 microseconds
15-09-2025 12:46 - WARNING - No packet loss: /data/dsp/GBD_TRANSIENT_BUFFER/J0557+1550/15_09_2025/PDR_GULP_data002.pcap_15_09_2025_06_26_1757897813.PCAP_PDR
15-09-2025 12:46 - WARNING - first_pkt_count, first_gps_count, first_pkt_Tstamp
15-09-2025 12:46 - WARNING - 3967901344 63347 2025-09-15T00:56:20.957502
15-09-2025 12:46 - WARNING - last_pkt_count, last_gps_count, last_pkt_Tstamp
15-09-2025 12:46 - WARNING - 3969783885 63383 2025-09-15T00:56:50.164590
15-09-2025 12:46 - WARNING - diff_pkt_count  , diff_gps_count ,  diff_pkt_timstamp
15-09-2025 12:46 - WARNING - 1882541 36 29207088 microseconds
15-09-2025 12:46 - WARNING - No packet loss: /data/dsp/GBD_TRANSIENT_BUFFER/J0557+1550/15_09_2025/PDR_GULP_data000.pcap_15_09_2025_06_27_1757897842.PCAP_PDR
15-09-2025 12:46 - WARNING - first_pkt_count, first_gps_count, first_pkt_Tstamp
15-09-2025 12:46 - WARNING - 3969783886 63383 2025-09-15T00:56:50.164590
15-09-2025 12:46 - WARNING - last_pkt_count, last_gps_count, last_pkt_Tstamp
15-09-2025 12:46 - WARNING - 3971666428 63417 2025-09-15T00:57:19.371679
15-09-2025 12:46 - WARNING - diff_pkt_count  , diff_gps_count ,  diff_pkt_timstamp
15-09-2025 12:46 - WARNING - 1882542 34 29207089 microseconds
15-09-2025 12:46 - WARNING - No packet loss: /data/dsp/GBD_TRANSIENT_BUFFER/J0557+1550/15_09_2025/PDR_GULP_data001.pcap_15_09_2025_06_27_1757897871.PCAP_PDR
15-09-2025 12:46 - WARNING - first_pkt_count, first_gps_count, first_pkt_Tstamp
15-09-2025 12:46 - WARNING - 3971666429 63417 2025-09-15T00:57:19.371680
15-09-2025 12:46 - WARNING - last_pkt_count, last_gps_count, last_pkt_Tstamp
15-09-2025 12:46 - WARNING - 3973548970 63451 2025-09-15T00:57:48.578784
15-09-2025 12:46 - WARNING - diff_pkt_count  , diff_gps_count ,  diff_pkt_timstamp
15-09-2025 12:46 - WARNING - 1882541 34 29207104 microseconds
15-09-2025 12:46 - WARNING - No packet loss: /data/dsp/GBD_TRANSIENT_BUFFER/J0557+1550/15_09_2025/PDR_GULP_data002.pcap_15_09_2025_06_28_1757897900.PCAP_PDR
15-09-2025 12:46 - WARNING - first_pkt_count, first_gps_count, first_pkt_Tstamp
15-09-2025 12:46 - WARNING - 3973548971 63451 2025-09-15T00:57:48.578877
15-09-2025 12:46 - WARNING - last_pkt_count, last_gps_count, last_pkt_Tstamp
15-09-2025 12:46 - WARNING - 3975431512 63486 2025-09-15T00:58:17.785970
15-09-2025 12:46 - WARNING - diff_pkt_count  , diff_gps_count ,  diff_pkt_timstamp
15-09-2025 12:46 - WARNING - 1882541 35 29207093 microseconds
15-09-2025 12:46 - WARNING - No packet loss: /data/dsp/GBD_TRANSIENT_BUFFER/J0557+1550/15_09_2025/PDR_GULP_data000.pcap_15_09_2025_06_28_1757897929.PCAP_PDR
15-09-2025 12:46 - WARNING - first_pkt_count, first_gps_count, first_pkt_Tstamp
15-09-2025 12:46 - WARNING - 3975431513 63486 2025-09-15T00:58:17.786062
15-09-2025 12:46 - WARNING - last_pkt_count, last_gps_count, last_pkt_Tstamp
15-09-2025 12:46 - WARNING - 3977314054 63522 2025-09-15T00:58:46.993223
15-09-2025 12:46 - WARNING - diff_pkt_count  , diff_gps_count ,  diff_pkt_timstamp
15-09-2025 12:46 - WARNING - 1882541 36 29207161 microseconds
15-09-2025 12:46 - WARNING - No packet loss: /data/dsp/GBD_TRANSIENT_BUFFER/J0557+1550/15_09_2025/PDR_GULP_data001.pcap_15_09_2025_06_29_1757897959.PCAP_PDR
15-09-2025 12:46 - WARNING - first_pkt_count, first_gps_count, first_pkt_Tstamp
15-09-2025 12:46 - WARNING - 3977314055 63522 2025-09-15T00:58:46.993223
15-09-2025 12:46 - WARNING - last_pkt_count, last_gps_count, last_pkt_Tstamp
15-09-2025 12:46 - WARNING - 3979196596 63555 2025-09-15T00:59:16.200467
15-09-2025 12:46 - WARNING - diff_pkt_count  , diff_gps_count ,  diff_pkt_timstamp
15-09-2025 12:46 - WARNING - 1882541 33 29207244 microseconds
15-09-2025 12:46 - WARNING - No packet loss: /data/dsp/GBD_TRANSIENT_BUFFER/J0557+1550/15_09_2025/PDR_GULP_data002.pcap_15_09_2025_06_29_1757897988.PCAP_PDR
15-09-2025 12:46 - WARNING - first_pkt_count, first_gps_count, first_pkt_Tstamp
15-09-2025 12:46 - WARNING - 3979196597 63555 2025-09-15T00:59:16.200468
15-09-2025 12:46 - WARNING - last_pkt_count, last_gps_count, last_pkt_Tstamp
15-09-2025 12:46 - WARNING - 3981079138 63590 2025-09-15T00:59:45.407785
15-09-2025 12:46 - WARNING - diff_pkt_count  , diff_gps_count ,  diff_pkt_timstamp
15-09-2025 12:46 - WARNING - 1882541 35 29207317 microseconds
15-09-2025 12:46 - WARNING - No packet loss: /data/dsp/GBD_TRANSIENT_BUFFER/J0557+1550/15_09_2025/PDR_GULP_data000.pcap_15_09_2025_06_30_1757898017.PCAP_PDR
15-09-2025 12:46 - WARNING - first_pkt_count, first_gps_count, first_pkt_Tstamp
15-09-2025 12:46 - WARNING - 3981079139 63590 2025-09-15T00:59:45.407785
15-09-2025 12:46 - WARNING - last_pkt_count, last_gps_count, last_pkt_Tstamp
15-09-2025 12:46 - WARNING - 3982961681 63621 2025-09-15T01:00:14.615096
15-09-2025 12:46 - WARNING - diff_pkt_count  , diff_gps_count ,  diff_pkt_timstamp
15-09-2025 12:46 - WARNING - 1882542 31 29207311 microseconds
15-09-2025 12:46 - WARNING - No packet loss: /data/dsp/GBD_TRANSIENT_BUFFER/J0557+1550/15_09_2025/PDR_GULP_data001.pcap_15_09_2025_06_30_1757898046.PCAP_PDR
15-09-2025 12:46 - WARNING - first_pkt_count, first_gps_count, first_pkt_Tstamp
15-09-2025 12:46 - WARNING - 3982961682 63621 2025-09-15T01:00:14.615188
15-09-2025 12:46 - WARNING - last_pkt_count, last_gps_count, last_pkt_Tstamp
15-09-2025 12:46 - WARNING - 3984844223 63658 2025-09-15T01:00:43.822466
15-09-2025 12:46 - WARNING - diff_pkt_count  , diff_gps_count ,  diff_pkt_timstamp
15-09-2025 12:46 - WARNING - 1882541 37 29207278 microseconds
15-09-2025 12:46 - WARNING - No packet loss: /data/dsp/GBD_TRANSIENT_BUFFER/J0557+1550/15_09_2025/PDR_GULP_data002.pcap_15_09_2025_06_31_1757898076.PCAP_PDR
15-09-2025 12:46 - WARNING - first_pkt_count, first_gps_count, first_pkt_Tstamp
15-09-2025 12:46 - WARNING - 3984844224 63658 2025-09-15T01:00:43.822466
15-09-2025 12:46 - WARNING - last_pkt_count, last_gps_count, last_pkt_Tstamp
15-09-2025 12:46 - WARNING - 3986726765 63692 2025-09-15T01:01:13.029886
15-09-2025 12:46 - WARNING - diff_pkt_count  , diff_gps_count ,  diff_pkt_timstamp
15-09-2025 12:46 - WARNING - 1882541 34 29207420 microseconds
15-09-2025 12:46 - WARNING - No packet loss: /data/dsp/GBD_TRANSIENT_BUFFER/J0557+1550/15_09_2025/PDR_GULP_data000.pcap_15_09_2025_06_31_1757898105.PCAP_PDR
15-09-2025 12:46 - WARNING - first_pkt_count, first_gps_count, first_pkt_Tstamp
15-09-2025 12:46 - WARNING - 3986726766 63692 2025-09-15T01:01:13.029886
15-09-2025 12:46 - WARNING - last_pkt_count, last_gps_count, last_pkt_Tstamp
15-09-2025 12:46 - WARNING - 3988609307 63724 2025-09-15T01:01:42.237257
15-09-2025 12:46 - WARNING - diff_pkt_count  , diff_gps_count ,  diff_pkt_timstamp
15-09-2025 12:46 - WARNING - 1882541 32 29207371 microseconds
15-09-2025 12:46 - WARNING - No packet loss: /data/dsp/GBD_TRANSIENT_BUFFER/J0557+1550/15_09_2025/PDR_GULP_data001.pcap_15_09_2025_06_32_1757898134.PCAP_PDR
15-09-2025 12:46 - WARNING - first_pkt_count, first_gps_count, first_pkt_Tstamp
15-09-2025 12:46 - WARNING - 3988609308 63724 2025-09-15T01:01:42.237258
15-09-2025 12:46 - WARNING - last_pkt_count, last_gps_count, last_pkt_Tstamp
15-09-2025 12:46 - WARNING - 3990491849 63760 2025-09-15T01:02:11.444668
15-09-2025 12:46 - WARNING - diff_pkt_count  , diff_gps_count ,  diff_pkt_timstamp
15-09-2025 12:46 - WARNING - 1882541 36 29207410 microseconds
15-09-2025 12:46 - WARNING - No packet loss: /data/dsp/GBD_TRANSIENT_BUFFER/J0557+1550/15_09_2025/PDR_GULP_data002.pcap_15_09_2025_06_32_1757898163.PCAP_PDR
15-09-2025 12:46 - WARNING - first_pkt_count, first_gps_count, first_pkt_Tstamp
15-09-2025 12:46 - WARNING - 3990491850 63760 2025-09-15T01:02:11.444734
15-09-2025 12:46 - WARNING - last_pkt_count, last_gps_count, last_pkt_Tstamp
15-09-2025 12:46 - WARNING - 3992374392 63796 2025-09-15T01:02:40.652194
15-09-2025 12:46 - WARNING - diff_pkt_count  , diff_gps_count ,  diff_pkt_timstamp
15-09-2025 12:46 - WARNING - 1882542 36 29207460 microseconds
15-09-2025 12:46 - WARNING - No packet loss: /data/dsp/GBD_TRANSIENT_BUFFER/J0557+1550/15_09_2025/PDR_GULP_data000.pcap_15_09_2025_06_33_1757898192.PCAP_PDR
15-09-2025 12:46 - WARNING - first_pkt_count, first_gps_count, first_pkt_Tstamp
15-09-2025 12:46 - WARNING - 3992374393 63796 2025-09-15T01:02:40.652194
15-09-2025 12:46 - WARNING - last_pkt_count, last_gps_count, last_pkt_Tstamp
15-09-2025 12:46 - WARNING - 3994256934 63830 2025-09-15T01:03:09.859646
15-09-2025 12:46 - WARNING - diff_pkt_count  , diff_gps_count ,  diff_pkt_timstamp
15-09-2025 12:46 - WARNING - 1882541 34 29207452 microseconds
15-09-2025 12:46 - WARNING - No packet loss: /data/dsp/GBD_TRANSIENT_BUFFER/J0557+1550/15_09_2025/PDR_GULP_data001.pcap_15_09_2025_06_33_1757898222.PCAP_PDR
15-09-2025 12:46 - WARNING - first_pkt_count, first_gps_count, first_pkt_Tstamp
15-09-2025 12:46 - WARNING - 3994256935 63830 2025-09-15T01:03:09.859647
15-09-2025 12:46 - WARNING - last_pkt_count, last_gps_count, last_pkt_Tstamp
15-09-2025 12:46 - WARNING - 3996139476 63864 2025-09-15T01:03:39.067168
15-09-2025 12:46 - WARNING - diff_pkt_count  , diff_gps_count ,  diff_pkt_timstamp
15-09-2025 12:46 - WARNING - 1882541 34 29207521 microseconds
15-09-2025 12:46 - WARNING - No packet loss: /data/dsp/GBD_TRANSIENT_BUFFER/J0557+1550/15_09_2025/PDR_GULP_data002.pcap_15_09_2025_06_34_1757898251.PCAP_PDR
15-09-2025 12:46 - WARNING - first_pkt_count, first_gps_count, first_pkt_Tstamp
15-09-2025 12:46 - WARNING - 3996139477 63864 2025-09-15T01:03:39.067169
15-09-2025 12:46 - WARNING - last_pkt_count, last_gps_count, last_pkt_Tstamp
15-09-2025 12:46 - WARNING - 3998022018 63901 2025-09-15T01:04:08.274674
15-09-2025 12:46 - WARNING - diff_pkt_count  , diff_gps_count ,  diff_pkt_timstamp
15-09-2025 12:46 - WARNING - 1882541 37 29207505 microseconds
15-09-2025 12:46 - WARNING - No packet loss: /data/dsp/GBD_TRANSIENT_BUFFER/J0557+1550/15_09_2025/PDR_GULP_data000.pcap_15_09_2025_06_34_1757898280.PCAP_PDR
15-09-2025 12:46 - WARNING - first_pkt_count, first_gps_count, first_pkt_Tstamp
15-09-2025 12:46 - WARNING - 3998022019 63901 2025-09-15T01:04:08.274674
15-09-2025 12:46 - WARNING - last_pkt_count, last_gps_count, last_pkt_Tstamp
15-09-2025 12:46 - WARNING - 3999904560 63936 2025-09-15T01:04:37.482241
15-09-2025 12:46 - WARNING - diff_pkt_count  , diff_gps_count ,  diff_pkt_timstamp
15-09-2025 12:46 - WARNING - 1882541 35 29207567 microseconds
15-09-2025 12:46 - WARNING - No packet loss: /data/dsp/GBD_TRANSIENT_BUFFER/J0557+1550/15_09_2025/PDR_GULP_data001.pcap_15_09_2025_06_35_1757898309.PCAP_PDR
15-09-2025 12:46 - WARNING - first_pkt_count, first_gps_count, first_pkt_Tstamp
15-09-2025 12:46 - WARNING - 3999904561 63936 2025-09-15T01:04:37.482241
15-09-2025 12:46 - WARNING - last_pkt_count, last_gps_count, last_pkt_Tstamp
15-09-2025 12:46 - WARNING - 4001787102 63970 2025-09-15T01:05:06.689773
15-09-2025 12:46 - WARNING - diff_pkt_count  , diff_gps_count ,  diff_pkt_timstamp
15-09-2025 12:46 - WARNING - 1882541 34 29207532 microseconds
15-09-2025 12:46 - WARNING - No packet loss: /data/dsp/GBD_TRANSIENT_BUFFER/J0557+1550/15_09_2025/PDR_GULP_data002.pcap_15_09_2025_06_35_1757898338.PCAP_PDR
15-09-2025 12:46 - WARNING - first_pkt_count, first_gps_count, first_pkt_Tstamp
15-09-2025 12:46 - WARNING - 4001787103 63970 2025-09-15T01:05:06.689836
15-09-2025 12:46 - WARNING - last_pkt_count, last_gps_count, last_pkt_Tstamp
15-09-2025 12:46 - WARNING - 4003669645 64004 2025-09-15T01:05:35.897393
15-09-2025 12:46 - WARNING - diff_pkt_count  , diff_gps_count ,  diff_pkt_timstamp
15-09-2025 12:46 - WARNING - 1882542 34 29207557 microseconds
15-09-2025 12:46 - WARNING - No packet loss: /data/dsp/GBD_TRANSIENT_BUFFER/J0557+1550/15_09_2025/PDR_GULP_data000.pcap_15_09_2025_06_36_1757898368.PCAP_PDR
15-09-2025 12:46 - WARNING - first_pkt_count, first_gps_count, first_pkt_Tstamp
15-09-2025 12:46 - WARNING - 4003669646 64004 2025-09-15T01:05:35.897393
15-09-2025 12:46 - WARNING - last_pkt_count, last_gps_count, last_pkt_Tstamp
15-09-2025 12:46 - WARNING - 4005552187 64039 2025-09-15T01:06:05.104994
15-09-2025 12:46 - WARNING - diff_pkt_count  , diff_gps_count ,  diff_pkt_timstamp
15-09-2025 12:46 - WARNING - 1882541 35 29207601 microseconds
15-09-2025 12:46 - WARNING - No packet loss: /data/dsp/GBD_TRANSIENT_BUFFER/J0557+1550/15_09_2025/PDR_GULP_data001.pcap_15_09_2025_06_36_1757898397.PCAP_PDR
15-09-2025 12:46 - WARNING - first_pkt_count, first_gps_count, first_pkt_Tstamp
15-09-2025 12:46 - WARNING - 4005552188 64039 2025-09-15T01:06:05.105073
15-09-2025 12:46 - WARNING - last_pkt_count, last_gps_count, last_pkt_Tstamp
15-09-2025 12:46 - WARNING - 4007434729 64079 2025-09-15T01:06:34.312613
15-09-2025 12:46 - WARNING - diff_pkt_count  , diff_gps_count ,  diff_pkt_timstamp
15-09-2025 12:46 - WARNING - 1882541 40 29207540 microseconds
15-09-2025 12:46 - WARNING - No packet loss: /data/dsp/GBD_TRANSIENT_BUFFER/J0557+1550/15_09_2025/PDR_GULP_data002.pcap_15_09_2025_06_37_1757898426.PCAP_PDR
15-09-2025 12:46 - WARNING - first_pkt_count, first_gps_count, first_pkt_Tstamp
15-09-2025 12:46 - WARNING - 4007434730 64079 2025-09-15T01:06:34.312614
15-09-2025 12:46 - WARNING - last_pkt_count, last_gps_count, last_pkt_Tstamp
15-09-2025 12:46 - WARNING - 4009317271 64114 2025-09-15T01:07:03.520268
15-09-2025 12:46 - WARNING - diff_pkt_count  , diff_gps_count ,  diff_pkt_timstamp
15-09-2025 12:46 - WARNING - 1882541 35 29207654 microseconds
15-09-2025 12:46 - WARNING - No packet loss: /data/dsp/GBD_TRANSIENT_BUFFER/J0557+1550/15_09_2025/PDR_GULP_data000.pcap_15_09_2025_06_37_1757898455.PCAP_PDR
15-09-2025 12:46 - WARNING - first_pkt_count, first_gps_count, first_pkt_Tstamp
15-09-2025 12:46 - WARNING - 4009317272 64114 2025-09-15T01:07:03.520268
15-09-2025 12:46 - WARNING - last_pkt_count, last_gps_count, last_pkt_Tstamp
15-09-2025 12:46 - WARNING - 4011199813 64148 2025-09-15T01:07:32.727906
15-09-2025 12:46 - WARNING - diff_pkt_count  , diff_gps_count ,  diff_pkt_timstamp
15-09-2025 12:46 - WARNING - 1882541 34 29207638 microseconds
15-09-2025 12:46 - WARNING - No packet loss: /data/dsp/GBD_TRANSIENT_BUFFER/J0557+1550/15_09_2025/PDR_GULP_data001.pcap_15_09_2025_06_38_1757898484.PCAP_PDR
15-09-2025 12:46 - WARNING - first_pkt_count, first_gps_count, first_pkt_Tstamp
15-09-2025 12:46 - WARNING - 4011199814 64148 2025-09-15T01:07:32.727906
15-09-2025 12:46 - WARNING - last_pkt_count, last_gps_count, last_pkt_Tstamp
15-09-2025 12:46 - WARNING - 4013082355 64180 2025-09-15T01:08:01.935549
15-09-2025 12:46 - WARNING - diff_pkt_count  , diff_gps_count ,  diff_pkt_timstamp
15-09-2025 12:46 - WARNING - 1882541 32 29207643 microseconds
15-09-2025 12:46 - WARNING - No packet loss: /data/dsp/GBD_TRANSIENT_BUFFER/J0557+1550/15_09_2025/PDR_GULP_data002.pcap_15_09_2025_06_38_1757898514.PCAP_PDR
15-09-2025 12:46 - WARNING - first_pkt_count, first_gps_count, first_pkt_Tstamp
15-09-2025 12:46 - WARNING - 4013082356 64180 2025-09-15T01:08:01.935549
15-09-2025 12:46 - WARNING - last_pkt_count, last_gps_count, last_pkt_Tstamp
15-09-2025 12:46 - WARNING - 4014964898 64214 2025-09-15T01:08:31.143241
15-09-2025 12:46 - WARNING - diff_pkt_count  , diff_gps_count ,  diff_pkt_timstamp
15-09-2025 12:46 - WARNING - 1882542 34 29207692 microseconds
15-09-2025 12:46 - WARNING - No packet loss: /data/dsp/GBD_TRANSIENT_BUFFER/J0557+1550/15_09_2025/PDR_GULP_data000.pcap_15_09_2025_06_39_1757898543.PCAP_PDR
15-09-2025 12:46 - WARNING - first_pkt_count, first_gps_count, first_pkt_Tstamp
15-09-2025 12:46 - WARNING - 4014964899 64214 2025-09-15T01:08:31.143241
15-09-2025 12:46 - WARNING - last_pkt_count, last_gps_count, last_pkt_Tstamp
15-09-2025 12:46 - WARNING - 4016847440 64248 2025-09-15T01:09:00.350871
15-09-2025 12:46 - WARNING - diff_pkt_count  , diff_gps_count ,  diff_pkt_timstamp
15-09-2025 12:46 - WARNING - 1882541 34 29207630 microseconds
15-09-2025 12:46 SLIP check Finished...
15-09-2025 12:46 Pulsar data reduction pipeline started ...
15-09-2025 12:46 - WARNING - Data Directory: /data/dsp/GBD_TRANSIENT_BUFFER/J0557+1550/15_09_2025
15-09-2025 12:46 - WARNING - Pulsar: J0557+1550
15-09-2025 12:46 - WARNING - CH selelction: 0
15-09-2025 12:46 - WARNING - Phase file: /home/dsp/PDR_acquire_setup/dada_scripts/phase/rf_path_phase.dat
15-09-2025 12:46 - WARNING - Obs. logfile: /home/dsp/PDR_acquire_setup/master_obs_log/J0557+1550_15_09_2025_observation.log
15-09-2025 12:46 - WARNING - Observation start time: 2025_09_15_06_00_32
15-09-2025 12:46 - WARNING - parfile: /home/dsp/parfiles/J0557+1550.par
15-09-2025 12:46 - WARNING - DM: 102.570587646217
15-09-2025 12:46 - WARNING - Period: 0.0025563670767829263
15-09-2025 12:46 - WARNING - RA_DEC: 05:57:31.44918+15:50:06.046
15-09-2025 12:46 - WARNING - out_dada_file: J0557+1550_2025_09_15_06_00_32_type_0.dada
15-09-2025 12:46 - WARNING - Number of files to process: 80
15-09-2025 12:46 - WARNING - Files per batch:  17
15-09-2025 13:08 - WARNING - Time taken for PDR2DADA convertion: 0:21:55.360052
15-09-2025 13:08 - WARNING - Center_freq: 175
15-09-2025 13:08 - WARNING - int_time: 3.0
15-09-2025 13:08 - WARNING - nbins: 256
15-09-2025 13:08 - WARNING - fil_chan: 256
15-09-2025 13:08 - WARNING - cpu: 2,3,4,5,6,7,8,9,10,11,12,13,14,15,16
15-09-2025 13:08 - WARNING - thread: 32
15-09-2025 13:08 - WARNING - nbit: 8
15-09-2025 13:08 - WARNING - time_avg: 0.000256
15-09-2025 13:08 - WARNING - MJD_START: 60933.02121459031
15-09-2025 13:08 - WARNING - output: J0557+1550_60933.02_175MHz_type_0_GBD_DART
15-09-2025 13:08 - WARNING - singularity_container: singularity exec /home/dsp/singularity_imag/pschive_py3.sif  
15-09-2025 13:08 - WARNING - ------ DIGIFITS ------
15-09-2025 13:08 - WARNING - ---- Search Mode FITS -------
15-09-2025 13:08 - WARNING - digifits_ful_stokes_cmd: singularity exec /home/dsp/singularity_imag/pschive_py3.sif  digifits  -F 256 -x 256 -b 8 -p 4 -t 0.000256 J0557+1550_2025_09_15_06_00_32_type_0.dada -o J0557+1550_2025_09_15_06_00_32_type_0.dada_stokes.fits
15-09-2025 13:12 - WARNING - ------ Total intensity FITS -------
15-09-2025 13:12 - WARNING - digifits_total_intensity_cmd: singularity exec /home/dsp/singularity_imag/pschive_py3.sif  digifits  -F 256 -x 256 -b 8 -p 1 -t 0.000256 J0557+1550_2025_09_15_06_00_32_type_0.dada -o J0557+1550_2025_09_15_06_00_32_type_0.dada_intensity.fits
15-09-2025 13:12 - WARNING - Nchan: 256
15-09-2025 13:12 - WARNING - Nbin: 256
15-09-2025 13:12 - WARNING - Tavg: 0.000256
15-09-2025 13:12 - WARNING - Time taken for DIGIFITS run: 0:04:35.562208
15-09-2025 13:12 - WARNING - ------ DSPSR ------
15-09-2025 13:12 - WARNING - ------- Coherent Dedispersion Folded archive -------
15-09-2025 13:12 - WARNING - dspsr_cmd: singularity exec /home/dsp/singularity_imag/pschive_py3.sif  dspsr J0557+1550_2025_09_15_06_00_32_type_0.dada -cpu 2,3,4,5,6,7,8,9,10,11,12,13,14,15,16 -t 32 -E /home/dsp/parfiles/J0557+1550.par -L 3.0 -b 256 -F 256:D -N J0557+1550 -a PSRFITS -A -e .fits -O J0557+1550_60933.02_175MHz_type_0_GBD_DART
15-09-2025 13:12 - WARNING - ------- Incoherent Dedispersion Folded archive -------
15-09-2025 13:12 - WARNING - Incoherent_DD_dspsr_cmd: singularity exec /home/dsp/singularity_imag/pschive_py3.sif  dspsr J0557+1550_2025_09_15_06_00_32_type_0.dada_stokes.fits -cpu 2,3,4,5,6,7,8,9,10,11,12,13,14,15,16 -t 32 -E /home/dsp/parfiles/J0557+1550.par -L 3.0 -b 256 -N J0557+1550 -A -e .fits -O J0557+1550_60933.02_175MHz_type_0_GBD_DART_stokes_Incoherent_DD
15-09-2025 13:12 - WARNING - Time taken for DSPSR run: 0:00:00.644004
15-09-2025 13:12 - WARNING - ------ PSREDIT ------
15-09-2025 13:12 - WARNING - psredit_cmd: singularity exec /home/dsp/singularity_imag/pschive_py3.sif  psredit -c name=J0557+1550,be:name=GSB,coord=05:57:31.44918+15:50:06.046 -m *_GBD_DART*fits
15-09-2025 13:12 - WARNING - Time taken for PSREDIT run: 0:00:00.079642
15-09-2025 13:12 - WARNING - ------ Iterative RFI Cleaner ------
15-09-2025 13:12 - WARNING - Iterative_cleaner_cmd: singularity exec /home/dsp/singularity_imag/pschive_py3.sif   python3 /home/dsp/PDR_acquire_setup/iterative_cleaner.py -s 3 -c 3 -m 10 *_GBD_DART*fits
15-09-2025 13:12 - WARNING - Time taken for Iterative_cleaner run: 0:00:00.018104
15-09-2025 13:12 - WARNING - ------ PDMP ------
