10-09-2025 09:22 Waiting for J0837+0610 observation...
10-09-2025 09:22 Observation started...
10-09-2025 09:22 Pulsar: J0837+0610 , parfile: /home/dsp/parfiles/J0837+0610.par , DM: 13.0209436694702
10-09-2025 09:22 Trigger sent to obs. PC [VELA].
10-09-2025 09:57 Acquired 80.
10-09-2025 09:57 ACQ over.
10-09-2025 09:57 Removing Trigger file from remote machine 
10-09-2025 09:57 Observation stoped.
-rw------- 1 dsp dsp 2.0G Sep 10 09:18 /data/TRANSIENT_BUFFER/PDR_GULP_data001.pcap_10_09_2025_09_18_1757476092.PCAP_PDR
-rw------- 1 dsp dsp 2.0G Sep 10 09:18 /data/TRANSIENT_BUFFER/PDR_GULP_data002.pcap_10_09_2025_09_18_1757476121.PCAP_PDR
-rw------- 1 dsp dsp 2.0G Sep 10 09:19 /data/TRANSIENT_BUFFER/PDR_GULP_data000.pcap_10_09_2025_09_19_1757476150.PCAP_PDR
-rw------- 1 dsp dsp 2.0G Sep 10 09:19 /data/TRANSIENT_BUFFER/PDR_GULP_data001.pcap_10_09_2025_09_19_1757476179.PCAP_PDR
-rw------- 1 dsp dsp 2.0G Sep 10 09:20 /data/TRANSIENT_BUFFER/PDR_GULP_data002.pcap_10_09_2025_09_20_1757476209.PCAP_PDR
-rw------- 1 dsp dsp 2.0G Sep 10 09:20 /data/TRANSIENT_BUFFER/PDR_GULP_data000.pcap_10_09_2025_09_20_1757476238.PCAP_PDR
-rw------- 1 dsp dsp 2.0G Sep 10 09:21 /data/TRANSIENT_BUFFER/PDR_GULP_data001.pcap_10_09_2025_09_21_1757476267.PCAP_PDR
-rw------- 1 dsp dsp 2.0G Sep 10 09:21 /data/TRANSIENT_BUFFER/PDR_GULP_data002.pcap_10_09_2025_09_21_1757476296.PCAP_PDR
-rw------- 1 dsp dsp 2.0G Sep 10 09:22 /data/TRANSIENT_BUFFER/PDR_GULP_data000.pcap_10_09_2025_09_22_1757476325.PCAP_PDR
-rw------- 1 dsp dsp 2.0G Sep 10 09:22 /data/TRANSIENT_BUFFER/PDR_GULP_data001.pcap_10_09_2025_09_22_1757476355.PCAP_PDR
-rw------- 1 dsp dsp 2.0G Sep 10 09:23 /data/TRANSIENT_BUFFER/PDR_GULP_data002.pcap_10_09_2025_09_23_1757476384.PCAP_PDR
-rw------- 1 dsp dsp 2.0G Sep 10 09:23 /data/TRANSIENT_BUFFER/PDR_GULP_data000.pcap_10_09_2025_09_23_1757476413.PCAP_PDR
-rw------- 1 dsp dsp 2.0G Sep 10 09:23 /data/TRANSIENT_BUFFER/PDR_GULP_data001.pcap_10_09_2025_09_24_1757476442.PCAP_PDR
-rw------- 1 dsp dsp 2.0G Sep 10 09:24 /data/TRANSIENT_BUFFER/PDR_GULP_data002.pcap_10_09_2025_09_24_1757476471.PCAP_PDR
-rw------- 1 dsp dsp 2.0G Sep 10 09:24 /data/TRANSIENT_BUFFER/PDR_GULP_data000.pcap_10_09_2025_09_25_1757476501.PCAP_PDR
-rw------- 1 dsp dsp 2.0G Sep 10 09:25 /data/TRANSIENT_BUFFER/PDR_GULP_data001.pcap_10_09_2025_09_25_1757476530.PCAP_PDR
-rw------- 1 dsp dsp 2.0G Sep 10 09:25 /data/TRANSIENT_BUFFER/PDR_GULP_data002.pcap_10_09_2025_09_25_1757476559.PCAP_PDR
-rw------- 1 dsp dsp 2.0G Sep 10 09:26 /data/TRANSIENT_BUFFER/PDR_GULP_data000.pcap_10_09_2025_09_26_1757476588.PCAP_PDR
-rw------- 1 dsp dsp 2.0G Sep 10 09:26 /data/TRANSIENT_BUFFER/PDR_GULP_data001.pcap_10_09_2025_09_26_1757476617.PCAP_PDR
-rw------- 1 dsp dsp 2.0G Sep 10 09:27 /data/TRANSIENT_BUFFER/PDR_GULP_data002.pcap_10_09_2025_09_27_1757476647.PCAP_PDR
-rw------- 1 dsp dsp 2.0G Sep 10 09:27 /data/TRANSIENT_BUFFER/PDR_GULP_data000.pcap_10_09_2025_09_27_1757476676.PCAP_PDR
-rw------- 1 dsp dsp 2.0G Sep 10 09:28 /data/TRANSIENT_BUFFER/PDR_GULP_data001.pcap_10_09_2025_09_28_1757476705.PCAP_PDR
-rw------- 1 dsp dsp 2.0G Sep 10 09:28 /data/TRANSIENT_BUFFER/PDR_GULP_data002.pcap_10_09_2025_09_28_1757476734.PCAP_PDR
-rw------- 1 dsp dsp 2.0G Sep 10 09:29 /data/TRANSIENT_BUFFER/PDR_GULP_data000.pcap_10_09_2025_09_29_1757476764.PCAP_PDR
-rw------- 1 dsp dsp 2.0G Sep 10 09:29 /data/TRANSIENT_BUFFER/PDR_GULP_data001.pcap_10_09_2025_09_29_1757476793.PCAP_PDR
-rw------- 1 dsp dsp 2.0G Sep 10 09:30 /data/TRANSIENT_BUFFER/PDR_GULP_data002.pcap_10_09_2025_09_30_1757476822.PCAP_PDR
-rw------- 1 dsp dsp 2.0G Sep 10 09:30 /data/TRANSIENT_BUFFER/PDR_GULP_data000.pcap_10_09_2025_09_30_1757476851.PCAP_PDR
-rw------- 1 dsp dsp 2.0G Sep 10 09:31 /data/TRANSIENT_BUFFER/PDR_GULP_data001.pcap_10_09_2025_09_31_1757476880.PCAP_PDR
-rw------- 1 dsp dsp 2.0G Sep 10 09:31 /data/TRANSIENT_BUFFER/PDR_GULP_data002.pcap_10_09_2025_09_31_1757476910.PCAP_PDR
-rw------- 1 dsp dsp 2.0G Sep 10 09:32 /data/TRANSIENT_BUFFER/PDR_GULP_data000.pcap_10_09_2025_09_32_1757476939.PCAP_PDR
-rw------- 1 dsp dsp 2.0G Sep 10 09:32 /data/TRANSIENT_BUFFER/PDR_GULP_data001.pcap_10_09_2025_09_32_1757476968.PCAP_PDR
-rw------- 1 dsp dsp 2.0G Sep 10 09:33 /data/TRANSIENT_BUFFER/PDR_GULP_data002.pcap_10_09_2025_09_33_1757476997.PCAP_PDR
-rw------- 1 dsp dsp 2.0G Sep 10 09:33 /data/TRANSIENT_BUFFER/PDR_GULP_data000.pcap_10_09_2025_09_33_1757477026.PCAP_PDR
-rw------- 1 dsp dsp 2.0G Sep 10 09:34 /data/TRANSIENT_BUFFER/PDR_GULP_data001.pcap_10_09_2025_09_34_1757477056.PCAP_PDR
-rw------- 1 dsp dsp 2.0G Sep 10 09:34 /data/TRANSIENT_BUFFER/PDR_GULP_data002.pcap_10_09_2025_09_34_1757477085.PCAP_PDR
-rw------- 1 dsp dsp 2.0G Sep 10 09:35 /data/TRANSIENT_BUFFER/PDR_GULP_data000.pcap_10_09_2025_09_35_1757477114.PCAP_PDR
-rw------- 1 dsp dsp 2.0G Sep 10 09:35 /data/TRANSIENT_BUFFER/PDR_GULP_data001.pcap_10_09_2025_09_35_1757477143.PCAP_PDR
-rw------- 1 dsp dsp 2.0G Sep 10 09:36 /data/TRANSIENT_BUFFER/PDR_GULP_data002.pcap_10_09_2025_09_36_1757477172.PCAP_PDR
-rw------- 1 dsp dsp 2.0G Sep 10 09:36 /data/TRANSIENT_BUFFER/PDR_GULP_data000.pcap_10_09_2025_09_36_1757477202.PCAP_PDR
-rw------- 1 dsp dsp 2.0G Sep 10 09:37 /data/TRANSIENT_BUFFER/PDR_GULP_data001.pcap_10_09_2025_09_37_1757477231.PCAP_PDR
-rw------- 1 dsp dsp 2.0G Sep 10 09:37 /data/TRANSIENT_BUFFER/PDR_GULP_data002.pcap_10_09_2025_09_37_1757477260.PCAP_PDR
-rw------- 1 dsp dsp 2.0G Sep 10 09:38 /data/TRANSIENT_BUFFER/PDR_GULP_data000.pcap_10_09_2025_09_38_1757477289.PCAP_PDR
-rw------- 1 dsp dsp 2.0G Sep 10 09:38 /data/TRANSIENT_BUFFER/PDR_GULP_data001.pcap_10_09_2025_09_38_1757477318.PCAP_PDR
-rw------- 1 dsp dsp 2.0G Sep 10 09:39 /data/TRANSIENT_BUFFER/PDR_GULP_data002.pcap_10_09_2025_09_39_1757477348.PCAP_PDR
-rw------- 1 dsp dsp 2.0G Sep 10 09:39 /data/TRANSIENT_BUFFER/PDR_GULP_data000.pcap_10_09_2025_09_39_1757477377.PCAP_PDR
-rw------- 1 dsp dsp 2.0G Sep 10 09:40 /data/TRANSIENT_BUFFER/PDR_GULP_data001.pcap_10_09_2025_09_40_1757477406.PCAP_PDR
-rw------- 1 dsp dsp 2.0G Sep 10 09:40 /data/TRANSIENT_BUFFER/PDR_GULP_data002.pcap_10_09_2025_09_40_1757477435.PCAP_PDR
-rw------- 1 dsp dsp 2.0G Sep 10 09:41 /data/TRANSIENT_BUFFER/PDR_GULP_data000.pcap_10_09_2025_09_41_1757477465.PCAP_PDR
-rw------- 1 dsp dsp 2.0G Sep 10 09:41 /data/TRANSIENT_BUFFER/PDR_GULP_data001.pcap_10_09_2025_09_41_1757477494.PCAP_PDR
-rw------- 1 dsp dsp 2.0G Sep 10 09:42 /data/TRANSIENT_BUFFER/PDR_GULP_data002.pcap_10_09_2025_09_42_1757477523.PCAP_PDR
-rw------- 1 dsp dsp 2.0G Sep 10 09:42 /data/TRANSIENT_BUFFER/PDR_GULP_data000.pcap_10_09_2025_09_42_1757477552.PCAP_PDR
-rw------- 1 dsp dsp 2.0G Sep 10 09:42 /data/TRANSIENT_BUFFER/PDR_GULP_data001.pcap_10_09_2025_09_43_1757477581.PCAP_PDR
-rw------- 1 dsp dsp 2.0G Sep 10 09:43 /data/TRANSIENT_BUFFER/PDR_GULP_data002.pcap_10_09_2025_09_43_1757477611.PCAP_PDR
-rw------- 1 dsp dsp 2.0G Sep 10 09:43 /data/TRANSIENT_BUFFER/PDR_GULP_data000.pcap_10_09_2025_09_44_1757477640.PCAP_PDR
-rw------- 1 dsp dsp 2.0G Sep 10 09:44 /data/TRANSIENT_BUFFER/PDR_GULP_data001.pcap_10_09_2025_09_44_1757477669.PCAP_PDR
-rw------- 1 dsp dsp 2.0G Sep 10 09:44 /data/TRANSIENT_BUFFER/PDR_GULP_data002.pcap_10_09_2025_09_44_1757477698.PCAP_PDR
-rw------- 1 dsp dsp 2.0G Sep 10 09:45 /data/TRANSIENT_BUFFER/PDR_GULP_data000.pcap_10_09_2025_09_45_1757477727.PCAP_PDR
-rw------- 1 dsp dsp 2.0G Sep 10 09:45 /data/TRANSIENT_BUFFER/PDR_GULP_data001.pcap_10_09_2025_09_45_1757477757.PCAP_PDR
-rw------- 1 dsp dsp 2.0G Sep 10 09:46 /data/TRANSIENT_BUFFER/PDR_GULP_data002.pcap_10_09_2025_09_46_1757477786.PCAP_PDR
-rw------- 1 dsp dsp 2.0G Sep 10 09:46 /data/TRANSIENT_BUFFER/PDR_GULP_data000.pcap_10_09_2025_09_46_1757477815.PCAP_PDR
-rw------- 1 dsp dsp 2.0G Sep 10 09:47 /data/TRANSIENT_BUFFER/PDR_GULP_data001.pcap_10_09_2025_09_47_1757477844.PCAP_PDR
-rw------- 1 dsp dsp 2.0G Sep 10 09:47 /data/TRANSIENT_BUFFER/PDR_GULP_data002.pcap_10_09_2025_09_47_1757477873.PCAP_PDR
-rw------- 1 dsp dsp 2.0G Sep 10 09:48 /data/TRANSIENT_BUFFER/PDR_GULP_data000.pcap_10_09_2025_09_48_1757477903.PCAP_PDR
-rw------- 1 dsp dsp 2.0G Sep 10 09:48 /data/TRANSIENT_BUFFER/PDR_GULP_data001.pcap_10_09_2025_09_48_1757477932.PCAP_PDR
-rw------- 1 dsp dsp 2.0G Sep 10 09:49 /data/TRANSIENT_BUFFER/PDR_GULP_data002.pcap_10_09_2025_09_49_1757477961.PCAP_PDR
-rw------- 1 dsp dsp 2.0G Sep 10 09:49 /data/TRANSIENT_BUFFER/PDR_GULP_data000.pcap_10_09_2025_09_49_1757477990.PCAP_PDR
-rw------- 1 dsp dsp 2.0G Sep 10 09:50 /data/TRANSIENT_BUFFER/PDR_GULP_data001.pcap_10_09_2025_09_50_1757478019.PCAP_PDR
-rw------- 1 dsp dsp 2.0G Sep 10 09:50 /data/TRANSIENT_BUFFER/PDR_GULP_data002.pcap_10_09_2025_09_50_1757478049.PCAP_PDR
-rw------- 1 dsp dsp 2.0G Sep 10 09:51 /data/TRANSIENT_BUFFER/PDR_GULP_data000.pcap_10_09_2025_09_51_1757478078.PCAP_PDR
-rw------- 1 dsp dsp 2.0G Sep 10 09:51 /data/TRANSIENT_BUFFER/PDR_GULP_data001.pcap_10_09_2025_09_51_1757478107.PCAP_PDR
-rw------- 1 dsp dsp 2.0G Sep 10 09:52 /data/TRANSIENT_BUFFER/PDR_GULP_data002.pcap_10_09_2025_09_52_1757478136.PCAP_PDR
-rw------- 1 dsp dsp 2.0G Sep 10 09:52 /data/TRANSIENT_BUFFER/PDR_GULP_data000.pcap_10_09_2025_09_52_1757478165.PCAP_PDR
-rw------- 1 dsp dsp 2.0G Sep 10 09:53 /data/TRANSIENT_BUFFER/PDR_GULP_data001.pcap_10_09_2025_09_53_1757478195.PCAP_PDR
-rw------- 1 dsp dsp 2.0G Sep 10 09:53 /data/TRANSIENT_BUFFER/PDR_GULP_data002.pcap_10_09_2025_09_53_1757478224.PCAP_PDR
-rw------- 1 dsp dsp 2.0G Sep 10 09:54 /data/TRANSIENT_BUFFER/PDR_GULP_data000.pcap_10_09_2025_09_54_1757478253.PCAP_PDR
-rw------- 1 dsp dsp 2.0G Sep 10 09:54 /data/TRANSIENT_BUFFER/PDR_GULP_data001.pcap_10_09_2025_09_54_1757478282.PCAP_PDR
-rw------- 1 dsp dsp 2.0G Sep 10 09:55 /data/TRANSIENT_BUFFER/PDR_GULP_data002.pcap_10_09_2025_09_55_1757478312.PCAP_PDR
-rw------- 1 dsp dsp 2.0G Sep 10 09:55 /data/TRANSIENT_BUFFER/PDR_GULP_data000.pcap_10_09_2025_09_55_1757478341.PCAP_PDR
-rw------- 1 dsp dsp 2.0G Sep 10 09:56 /data/TRANSIENT_BUFFER/PDR_GULP_data001.pcap_10_09_2025_09_56_1757478370.PCAP_PDR
-rw------- 1 dsp dsp 2.0G Sep 10 09:56 /data/TRANSIENT_BUFFER/PDR_GULP_data002.pcap_10_09_2025_09_56_1757478399.PCAP_PDR
10-09-2025 09:57 RAW PCAP data moved from Transient Buffer.
10-09-2025 09:57 SLIP check Started ...
10-09-2025 09:57 - WARNING - Data Directory: /data/dsp/GBD_TRANSIENT_BUFFER/J0837+0610/10_09_2025
10-09-2025 09:57 - WARNING - Number of Files: 80
10-09-2025 09:57 - WARNING - Packet loss: /data/dsp/GBD_TRANSIENT_BUFFER/J0837+0610/10_09_2025/PDR_GULP_data001.pcap_10_09_2025_09_18_1757476092.PCAP_PDR
10-09-2025 09:57 - WARNING - Packet loss found .... Being fixed ... Please wait ...
10-09-2025 09:57 - WARNING - PCAP filtering ... tcpdump -r /data/dsp/GBD_TRANSIENT_BUFFER/J0837+0610/10_09_2025/PDR_GULP_data001.pcap_10_09_2025_09_18_1757476092.PCAP_PDR.pcap -w PDR_GULP_data001.pcap_10_09_2025_09_18_1757476092_filtered.PCAP_PDR.pcap  host 172.10.10.1 and port 55000 
10-09-2025 09:57 - WARNING - Patched /data/dsp/GBD_TRANSIENT_BUFFER/J0837+0610/10_09_2025/PDR_GULP_data001.pcap_10_09_2025_09_18_1757476092.PCAP_PDR as PDR_GULP_data001.pcap_10_09_2025_09_18_1757476092_filtered.PCAP_PDR
10-09-2025 09:57 - WARNING - Gulped file moved to /data/dsp/GBD_TRANSIENT_BUFFER/J0837+0610/10_09_2025/GULPED
10-09-2025 09:57 - WARNING - first_pkt_count, first_gps_count, first_pkt_Tstamp
10-09-2025 09:57 - WARNING - 2591403506 47374 2025-09-10T03:47:40.021587
10-09-2025 09:57 - WARNING - last_pkt_count, last_gps_count, last_pkt_Tstamp
10-09-2025 09:57 - WARNING - 2593286047 47409 2025-09-10T03:48:09.229544
10-09-2025 09:57 - WARNING - diff_pkt_count  , diff_gps_count ,  diff_pkt_timstamp
10-09-2025 09:57 - WARNING - 1882541 35 29207957 microseconds
10-09-2025 09:57 - WARNING - No packet loss: /data/dsp/GBD_TRANSIENT_BUFFER/J0837+0610/10_09_2025/PDR_GULP_data002.pcap_10_09_2025_09_18_1757476121.PCAP_PDR
10-09-2025 09:57 - WARNING - first_pkt_count, first_gps_count, first_pkt_Tstamp
10-09-2025 09:57 - WARNING - 2593286048 47409 2025-09-10T03:48:09.229544
10-09-2025 09:57 - WARNING - last_pkt_count, last_gps_count, last_pkt_Tstamp
10-09-2025 09:57 - WARNING - 2595168589 47442 2025-09-10T03:48:38.437483
10-09-2025 09:57 - WARNING - diff_pkt_count  , diff_gps_count ,  diff_pkt_timstamp
10-09-2025 09:57 - WARNING - 1882541 33 29207939 microseconds
10-09-2025 09:57 - WARNING - No packet loss: /data/dsp/GBD_TRANSIENT_BUFFER/J0837+0610/10_09_2025/PDR_GULP_data000.pcap_10_09_2025_09_19_1757476150.PCAP_PDR
10-09-2025 09:57 - WARNING - first_pkt_count, first_gps_count, first_pkt_Tstamp
10-09-2025 09:57 - WARNING - 2595168590 47442 2025-09-10T03:48:38.437483
10-09-2025 09:57 - WARNING - last_pkt_count, last_gps_count, last_pkt_Tstamp
10-09-2025 09:57 - WARNING - 2597051132 47479 2025-09-10T03:49:07.645514
10-09-2025 09:57 - WARNING - diff_pkt_count  , diff_gps_count ,  diff_pkt_timstamp
10-09-2025 09:57 - WARNING - 1882542 37 29208031 microseconds
10-09-2025 09:57 - WARNING - No packet loss: /data/dsp/GBD_TRANSIENT_BUFFER/J0837+0610/10_09_2025/PDR_GULP_data001.pcap_10_09_2025_09_19_1757476179.PCAP_PDR
10-09-2025 09:57 - WARNING - first_pkt_count, first_gps_count, first_pkt_Tstamp
10-09-2025 09:57 - WARNING - 2597051133 47479 2025-09-10T03:49:07.645514
10-09-2025 09:57 - WARNING - last_pkt_count, last_gps_count, last_pkt_Tstamp
10-09-2025 09:57 - WARNING - 2598933674 47509 2025-09-10T03:49:36.853450
10-09-2025 09:57 - WARNING - diff_pkt_count  , diff_gps_count ,  diff_pkt_timstamp
10-09-2025 09:57 - WARNING - 1882541 30 29207936 microseconds
10-09-2025 09:57 - WARNING - No packet loss: /data/dsp/GBD_TRANSIENT_BUFFER/J0837+0610/10_09_2025/PDR_GULP_data002.pcap_10_09_2025_09_20_1757476209.PCAP_PDR
10-09-2025 09:57 - WARNING - first_pkt_count, first_gps_count, first_pkt_Tstamp
10-09-2025 09:57 - WARNING - 2598933675 47509 2025-09-10T03:49:36.853451
10-09-2025 09:57 - WARNING - last_pkt_count, last_gps_count, last_pkt_Tstamp
10-09-2025 09:57 - WARNING - 2600816216 47544 2025-09-10T03:50:06.061460
10-09-2025 09:57 - WARNING - diff_pkt_count  , diff_gps_count ,  diff_pkt_timstamp
10-09-2025 09:57 - WARNING - 1882541 35 29208009 microseconds
10-09-2025 09:57 - WARNING - No packet loss: /data/dsp/GBD_TRANSIENT_BUFFER/J0837+0610/10_09_2025/PDR_GULP_data000.pcap_10_09_2025_09_20_1757476238.PCAP_PDR
10-09-2025 09:57 - WARNING - first_pkt_count, first_gps_count, first_pkt_Tstamp
10-09-2025 09:57 - WARNING - 2600816217 47544 2025-09-10T03:50:06.061460
10-09-2025 09:57 - WARNING - last_pkt_count, last_gps_count, last_pkt_Tstamp
10-09-2025 09:57 - WARNING - 2602698758 47576 2025-09-10T03:50:35.269382
10-09-2025 09:57 - WARNING - diff_pkt_count  , diff_gps_count ,  diff_pkt_timstamp
10-09-2025 09:57 - WARNING - 1882541 32 29207922 microseconds
10-09-2025 09:57 - WARNING - No packet loss: /data/dsp/GBD_TRANSIENT_BUFFER/J0837+0610/10_09_2025/PDR_GULP_data001.pcap_10_09_2025_09_21_1757476267.PCAP_PDR
10-09-2025 09:57 - WARNING - first_pkt_count, first_gps_count, first_pkt_Tstamp
10-09-2025 09:57 - WARNING - 2602698759 47576 2025-09-10T03:50:35.269383
10-09-2025 09:57 - WARNING - last_pkt_count, last_gps_count, last_pkt_Tstamp
10-09-2025 09:57 - WARNING - 2604581300 47610 2025-09-10T03:51:04.477404
10-09-2025 09:57 - WARNING - diff_pkt_count  , diff_gps_count ,  diff_pkt_timstamp
10-09-2025 09:57 - WARNING - 1882541 34 29208021 microseconds
10-09-2025 09:57 - WARNING - No packet loss: /data/dsp/GBD_TRANSIENT_BUFFER/J0837+0610/10_09_2025/PDR_GULP_data002.pcap_10_09_2025_09_21_1757476296.PCAP_PDR
10-09-2025 09:57 - WARNING - first_pkt_count, first_gps_count, first_pkt_Tstamp
10-09-2025 09:57 - WARNING - 2604581301 47610 2025-09-10T03:51:04.477405
10-09-2025 09:57 - WARNING - last_pkt_count, last_gps_count, last_pkt_Tstamp
10-09-2025 09:57 - WARNING - 2606463842 47644 2025-09-10T03:51:33.685314
10-09-2025 09:57 - WARNING - diff_pkt_count  , diff_gps_count ,  diff_pkt_timstamp
10-09-2025 09:57 - WARNING - 1882541 34 29207909 microseconds
10-09-2025 09:57 - WARNING - No packet loss: /data/dsp/GBD_TRANSIENT_BUFFER/J0837+0610/10_09_2025/PDR_GULP_data000.pcap_10_09_2025_09_22_1757476325.PCAP_PDR
10-09-2025 09:57 - WARNING - first_pkt_count, first_gps_count, first_pkt_Tstamp
10-09-2025 09:57 - WARNING - 2606463843 47644 2025-09-10T03:51:33.685314
10-09-2025 09:57 - WARNING - last_pkt_count, last_gps_count, last_pkt_Tstamp
10-09-2025 09:57 - WARNING - 2608346385 47677 2025-09-10T03:52:02.893266
10-09-2025 09:57 - WARNING - diff_pkt_count  , diff_gps_count ,  diff_pkt_timstamp
10-09-2025 09:57 - WARNING - 1882542 33 29207952 microseconds
10-09-2025 09:57 - WARNING - No packet loss: /data/dsp/GBD_TRANSIENT_BUFFER/J0837+0610/10_09_2025/PDR_GULP_data001.pcap_10_09_2025_09_22_1757476355.PCAP_PDR
10-09-2025 09:57 - WARNING - first_pkt_count, first_gps_count, first_pkt_Tstamp
10-09-2025 09:57 - WARNING - 2608346386 47677 2025-09-10T03:52:02.893359
10-09-2025 09:57 - WARNING - last_pkt_count, last_gps_count, last_pkt_Tstamp
10-09-2025 09:57 - WARNING - 2610228927 47714 2025-09-10T03:52:32.101307
10-09-2025 09:57 - WARNING - diff_pkt_count  , diff_gps_count ,  diff_pkt_timstamp
10-09-2025 09:57 - WARNING - 1882541 37 29207948 microseconds
10-09-2025 09:57 - WARNING - No packet loss: /data/dsp/GBD_TRANSIENT_BUFFER/J0837+0610/10_09_2025/PDR_GULP_data002.pcap_10_09_2025_09_23_1757476384.PCAP_PDR
10-09-2025 09:57 - WARNING - first_pkt_count, first_gps_count, first_pkt_Tstamp
10-09-2025 09:57 - WARNING - 2610228928 47714 2025-09-10T03:52:32.101307
10-09-2025 09:57 - WARNING - last_pkt_count, last_gps_count, last_pkt_Tstamp
10-09-2025 09:57 - WARNING - 2612111469 47748 2025-09-10T03:53:01.309218
10-09-2025 09:57 - WARNING - diff_pkt_count  , diff_gps_count ,  diff_pkt_timstamp
10-09-2025 09:57 - WARNING - 1882541 34 29207911 microseconds
10-09-2025 09:57 - WARNING - No packet loss: /data/dsp/GBD_TRANSIENT_BUFFER/J0837+0610/10_09_2025/PDR_GULP_data000.pcap_10_09_2025_09_23_1757476413.PCAP_PDR
10-09-2025 09:57 - WARNING - first_pkt_count, first_gps_count, first_pkt_Tstamp
10-09-2025 09:57 - WARNING - 2612111470 47748 2025-09-10T03:53:01.309218
10-09-2025 09:57 - WARNING - last_pkt_count, last_gps_count, last_pkt_Tstamp
10-09-2025 09:57 - WARNING - 2613994011 47782 2025-09-10T03:53:30.517139
10-09-2025 09:57 - WARNING - diff_pkt_count  , diff_gps_count ,  diff_pkt_timstamp
10-09-2025 09:57 - WARNING - 1882541 34 29207921 microseconds
10-09-2025 09:57 - WARNING - No packet loss: /data/dsp/GBD_TRANSIENT_BUFFER/J0837+0610/10_09_2025/PDR_GULP_data001.pcap_10_09_2025_09_24_1757476442.PCAP_PDR
10-09-2025 09:57 - WARNING - first_pkt_count, first_gps_count, first_pkt_Tstamp
10-09-2025 09:57 - WARNING - 2613994012 47782 2025-09-10T03:53:30.517192
10-09-2025 09:57 - WARNING - last_pkt_count, last_gps_count, last_pkt_Tstamp
10-09-2025 09:57 - WARNING - 2615876553 47815 2025-09-10T03:53:59.725107
10-09-2025 09:57 - WARNING - diff_pkt_count  , diff_gps_count ,  diff_pkt_timstamp
10-09-2025 09:57 - WARNING - 1882541 33 29207915 microseconds
10-09-2025 09:57 - WARNING - No packet loss: /data/dsp/GBD_TRANSIENT_BUFFER/J0837+0610/10_09_2025/PDR_GULP_data002.pcap_10_09_2025_09_24_1757476471.PCAP_PDR
10-09-2025 09:57 - WARNING - first_pkt_count, first_gps_count, first_pkt_Tstamp
10-09-2025 09:57 - WARNING - 2615876554 47815 2025-09-10T03:53:59.725107
10-09-2025 09:57 - WARNING - last_pkt_count, last_gps_count, last_pkt_Tstamp
10-09-2025 09:57 - WARNING - 2617759095 47849 2025-09-10T03:54:28.933049
10-09-2025 09:57 - WARNING - diff_pkt_count  , diff_gps_count ,  diff_pkt_timstamp
10-09-2025 09:57 - WARNING - 1882541 34 29207942 microseconds
10-09-2025 09:57 - WARNING - No packet loss: /data/dsp/GBD_TRANSIENT_BUFFER/J0837+0610/10_09_2025/PDR_GULP_data000.pcap_10_09_2025_09_25_1757476501.PCAP_PDR
10-09-2025 09:57 - WARNING - first_pkt_count, first_gps_count, first_pkt_Tstamp
10-09-2025 09:57 - WARNING - 2617759096 47849 2025-09-10T03:54:28.933081
10-09-2025 09:57 - WARNING - last_pkt_count, last_gps_count, last_pkt_Tstamp
10-09-2025 09:57 - WARNING - 2619641638 47886 2025-09-10T03:54:58.141025
10-09-2025 09:57 - WARNING - diff_pkt_count  , diff_gps_count ,  diff_pkt_timstamp
10-09-2025 09:57 - WARNING - 1882542 37 29207944 microseconds
10-09-2025 09:57 - WARNING - No packet loss: /data/dsp/GBD_TRANSIENT_BUFFER/J0837+0610/10_09_2025/PDR_GULP_data001.pcap_10_09_2025_09_25_1757476530.PCAP_PDR
10-09-2025 09:57 - WARNING - first_pkt_count, first_gps_count, first_pkt_Tstamp
10-09-2025 09:57 - WARNING - 2619641639 47886 2025-09-10T03:54:58.141078
10-09-2025 09:57 - WARNING - last_pkt_count, last_gps_count, last_pkt_Tstamp
10-09-2025 09:57 - WARNING - 2621524180 47919 2025-09-10T03:55:27.348990
10-09-2025 09:57 - WARNING - diff_pkt_count  , diff_gps_count ,  diff_pkt_timstamp
10-09-2025 09:57 - WARNING - 1882541 33 29207912 microseconds
10-09-2025 09:57 - WARNING - No packet loss: /data/dsp/GBD_TRANSIENT_BUFFER/J0837+0610/10_09_2025/PDR_GULP_data002.pcap_10_09_2025_09_25_1757476559.PCAP_PDR
10-09-2025 09:57 - WARNING - first_pkt_count, first_gps_count, first_pkt_Tstamp
10-09-2025 09:57 - WARNING - 2621524181 47919 2025-09-10T03:55:27.348990
10-09-2025 09:57 - WARNING - last_pkt_count, last_gps_count, last_pkt_Tstamp
10-09-2025 09:57 - WARNING - 2623406722 47952 2025-09-10T03:55:56.556911
10-09-2025 09:57 - WARNING - diff_pkt_count  , diff_gps_count ,  diff_pkt_timstamp
10-09-2025 09:57 - WARNING - 1882541 33 29207921 microseconds
10-09-2025 09:57 - WARNING - No packet loss: /data/dsp/GBD_TRANSIENT_BUFFER/J0837+0610/10_09_2025/PDR_GULP_data000.pcap_10_09_2025_09_26_1757476588.PCAP_PDR
10-09-2025 09:57 - WARNING - first_pkt_count, first_gps_count, first_pkt_Tstamp
10-09-2025 09:57 - WARNING - 2623406723 47952 2025-09-10T03:55:56.556964
10-09-2025 09:57 - WARNING - last_pkt_count, last_gps_count, last_pkt_Tstamp
10-09-2025 09:57 - WARNING - 2625289264 47990 2025-09-10T03:56:25.764862
10-09-2025 09:57 - WARNING - diff_pkt_count  , diff_gps_count ,  diff_pkt_timstamp
10-09-2025 09:57 - WARNING - 1882541 38 29207898 microseconds
10-09-2025 09:57 - WARNING - No packet loss: /data/dsp/GBD_TRANSIENT_BUFFER/J0837+0610/10_09_2025/PDR_GULP_data001.pcap_10_09_2025_09_26_1757476617.PCAP_PDR
10-09-2025 09:57 - WARNING - first_pkt_count, first_gps_count, first_pkt_Tstamp
10-09-2025 09:57 - WARNING - 2625289265 47990 2025-09-10T03:56:25.764862
10-09-2025 09:57 - WARNING - last_pkt_count, last_gps_count, last_pkt_Tstamp
10-09-2025 09:57 - WARNING - 2627171806 48023 2025-09-10T03:56:54.972812
10-09-2025 09:57 - WARNING - diff_pkt_count  , diff_gps_count ,  diff_pkt_timstamp
10-09-2025 09:57 - WARNING - 1882541 33 29207950 microseconds
10-09-2025 09:57 - WARNING - No packet loss: /data/dsp/GBD_TRANSIENT_BUFFER/J0837+0610/10_09_2025/PDR_GULP_data002.pcap_10_09_2025_09_27_1757476647.PCAP_PDR
10-09-2025 09:57 - WARNING - first_pkt_count, first_gps_count, first_pkt_Tstamp
10-09-2025 09:57 - WARNING - 2627171807 48023 2025-09-10T03:56:54.972813
10-09-2025 09:57 - WARNING - last_pkt_count, last_gps_count, last_pkt_Tstamp
10-09-2025 09:57 - WARNING - 2629054348 48061 2025-09-10T03:57:24.180743
10-09-2025 09:57 - WARNING - diff_pkt_count  , diff_gps_count ,  diff_pkt_timstamp
10-09-2025 09:57 - WARNING - 1882541 38 29207930 microseconds
10-09-2025 09:57 - WARNING - No packet loss: /data/dsp/GBD_TRANSIENT_BUFFER/J0837+0610/10_09_2025/PDR_GULP_data000.pcap_10_09_2025_09_27_1757476676.PCAP_PDR
10-09-2025 09:57 - WARNING - first_pkt_count, first_gps_count, first_pkt_Tstamp
10-09-2025 09:57 - WARNING - 2629054349 48061 2025-09-10T03:57:24.180795
10-09-2025 09:57 - WARNING - last_pkt_count, last_gps_count, last_pkt_Tstamp
10-09-2025 09:57 - WARNING - 2630936891 48096 2025-09-10T03:57:53.388741
10-09-2025 09:57 - WARNING - diff_pkt_count  , diff_gps_count ,  diff_pkt_timstamp
10-09-2025 09:57 - WARNING - 1882542 35 29207946 microseconds
10-09-2025 09:57 - WARNING - No packet loss: /data/dsp/GBD_TRANSIENT_BUFFER/J0837+0610/10_09_2025/PDR_GULP_data001.pcap_10_09_2025_09_28_1757476705.PCAP_PDR
10-09-2025 09:57 - WARNING - first_pkt_count, first_gps_count, first_pkt_Tstamp
10-09-2025 09:57 - WARNING - 2630936892 48096 2025-09-10T03:57:53.388741
10-09-2025 09:57 - WARNING - last_pkt_count, last_gps_count, last_pkt_Tstamp
10-09-2025 09:57 - WARNING - 2632819433 48127 2025-09-10T03:58:22.596653
10-09-2025 09:57 - WARNING - diff_pkt_count  , diff_gps_count ,  diff_pkt_timstamp
10-09-2025 09:57 - WARNING - 1882541 31 29207912 microseconds
10-09-2025 09:57 - WARNING - No packet loss: /data/dsp/GBD_TRANSIENT_BUFFER/J0837+0610/10_09_2025/PDR_GULP_data002.pcap_10_09_2025_09_28_1757476734.PCAP_PDR
10-09-2025 09:57 - WARNING - first_pkt_count, first_gps_count, first_pkt_Tstamp
10-09-2025 09:57 - WARNING - 2632819434 48127 2025-09-10T03:58:22.596653
10-09-2025 09:57 - WARNING - last_pkt_count, last_gps_count, last_pkt_Tstamp
10-09-2025 09:57 - WARNING - 2634701975 48162 2025-09-10T03:58:51.804613
10-09-2025 09:57 - WARNING - diff_pkt_count  , diff_gps_count ,  diff_pkt_timstamp
10-09-2025 09:57 - WARNING - 1882541 35 29207960 microseconds
10-09-2025 09:57 - WARNING - No packet loss: /data/dsp/GBD_TRANSIENT_BUFFER/J0837+0610/10_09_2025/PDR_GULP_data000.pcap_10_09_2025_09_29_1757476764.PCAP_PDR
10-09-2025 09:57 - WARNING - first_pkt_count, first_gps_count, first_pkt_Tstamp
10-09-2025 09:57 - WARNING - 2634701976 48162 2025-09-10T03:58:51.804613
10-09-2025 09:57 - WARNING - last_pkt_count, last_gps_count, last_pkt_Tstamp
10-09-2025 09:57 - WARNING - 2636584517 48197 2025-09-10T03:59:21.012550
10-09-2025 09:57 - WARNING - diff_pkt_count  , diff_gps_count ,  diff_pkt_timstamp
10-09-2025 09:57 - WARNING - 1882541 35 29207937 microseconds
10-09-2025 09:57 - WARNING - No packet loss: /data/dsp/GBD_TRANSIENT_BUFFER/J0837+0610/10_09_2025/PDR_GULP_data001.pcap_10_09_2025_09_29_1757476793.PCAP_PDR
10-09-2025 09:57 - WARNING - first_pkt_count, first_gps_count, first_pkt_Tstamp
10-09-2025 09:57 - WARNING - 2636584518 48197 2025-09-10T03:59:21.012550
10-09-2025 09:57 - WARNING - last_pkt_count, last_gps_count, last_pkt_Tstamp
10-09-2025 09:57 - WARNING - 2638467059 48230 2025-09-10T03:59:50.220489
10-09-2025 09:57 - WARNING - diff_pkt_count  , diff_gps_count ,  diff_pkt_timstamp
10-09-2025 09:57 - WARNING - 1882541 33 29207939 microseconds
10-09-2025 09:57 - WARNING - No packet loss: /data/dsp/GBD_TRANSIENT_BUFFER/J0837+0610/10_09_2025/PDR_GULP_data002.pcap_10_09_2025_09_30_1757476822.PCAP_PDR
10-09-2025 09:57 - WARNING - first_pkt_count, first_gps_count, first_pkt_Tstamp
10-09-2025 09:57 - WARNING - 2638467060 48230 2025-09-10T03:59:50.220489
10-09-2025 09:57 - WARNING - last_pkt_count, last_gps_count, last_pkt_Tstamp
10-09-2025 09:57 - WARNING - 2640349601 48264 2025-09-10T04:00:19.428404
10-09-2025 09:57 - WARNING - diff_pkt_count  , diff_gps_count ,  diff_pkt_timstamp
10-09-2025 09:57 - WARNING - 1882541 34 29207915 microseconds
10-09-2025 09:57 - WARNING - No packet loss: /data/dsp/GBD_TRANSIENT_BUFFER/J0837+0610/10_09_2025/PDR_GULP_data000.pcap_10_09_2025_09_30_1757476851.PCAP_PDR
10-09-2025 09:57 - WARNING - first_pkt_count, first_gps_count, first_pkt_Tstamp
10-09-2025 09:57 - WARNING - 2640349602 48264 2025-09-10T04:00:19.428458
10-09-2025 09:57 - WARNING - last_pkt_count, last_gps_count, last_pkt_Tstamp
10-09-2025 09:57 - WARNING - 2642232144 48299 2025-09-10T04:00:48.636370
10-09-2025 09:57 - WARNING - diff_pkt_count  , diff_gps_count ,  diff_pkt_timstamp
10-09-2025 09:57 - WARNING - 1882542 35 29207912 microseconds
10-09-2025 09:57 - WARNING - No packet loss: /data/dsp/GBD_TRANSIENT_BUFFER/J0837+0610/10_09_2025/PDR_GULP_data001.pcap_10_09_2025_09_31_1757476880.PCAP_PDR
10-09-2025 09:57 - WARNING - first_pkt_count, first_gps_count, first_pkt_Tstamp
10-09-2025 09:57 - WARNING - 2642232145 48299 2025-09-10T04:00:48.636371
10-09-2025 09:57 - WARNING - last_pkt_count, last_gps_count, last_pkt_Tstamp
10-09-2025 09:57 - WARNING - 2644114686 48332 2025-09-10T04:01:17.844308
10-09-2025 09:57 - WARNING - diff_pkt_count  , diff_gps_count ,  diff_pkt_timstamp
10-09-2025 09:57 - WARNING - 1882541 33 29207937 microseconds
10-09-2025 09:57 - WARNING - No packet loss: /data/dsp/GBD_TRANSIENT_BUFFER/J0837+0610/10_09_2025/PDR_GULP_data002.pcap_10_09_2025_09_31_1757476910.PCAP_PDR
10-09-2025 09:57 - WARNING - first_pkt_count, first_gps_count, first_pkt_Tstamp
10-09-2025 09:57 - WARNING - 2644114687 48332 2025-09-10T04:01:17.844360
10-09-2025 09:57 - WARNING - last_pkt_count, last_gps_count, last_pkt_Tstamp
10-09-2025 09:57 - WARNING - 2645997228 48365 2025-09-10T04:01:47.052323
10-09-2025 09:57 - WARNING - diff_pkt_count  , diff_gps_count ,  diff_pkt_timstamp
10-09-2025 09:57 - WARNING - 1882541 33 29207963 microseconds
10-09-2025 09:57 - WARNING - No packet loss: /data/dsp/GBD_TRANSIENT_BUFFER/J0837+0610/10_09_2025/PDR_GULP_data000.pcap_10_09_2025_09_32_1757476939.PCAP_PDR
10-09-2025 09:57 - WARNING - first_pkt_count, first_gps_count, first_pkt_Tstamp
10-09-2025 09:57 - WARNING - 2645997229 48365 2025-09-10T04:01:47.052323
10-09-2025 09:57 - WARNING - last_pkt_count, last_gps_count, last_pkt_Tstamp
10-09-2025 09:57 - WARNING - 2647879770 48397 2025-09-10T04:02:16.260237
10-09-2025 09:57 - WARNING - diff_pkt_count  , diff_gps_count ,  diff_pkt_timstamp
10-09-2025 09:57 - WARNING - 1882541 32 29207914 microseconds
10-09-2025 09:57 - WARNING - No packet loss: /data/dsp/GBD_TRANSIENT_BUFFER/J0837+0610/10_09_2025/PDR_GULP_data001.pcap_10_09_2025_09_32_1757476968.PCAP_PDR
10-09-2025 09:57 - WARNING - first_pkt_count, first_gps_count, first_pkt_Tstamp
10-09-2025 09:57 - WARNING - 2647879771 48397 2025-09-10T04:02:16.260292
10-09-2025 09:57 - WARNING - last_pkt_count, last_gps_count, last_pkt_Tstamp
10-09-2025 09:57 - WARNING - 2649762312 48433 2025-09-10T04:02:45.468213
10-09-2025 09:57 - WARNING - diff_pkt_count  , diff_gps_count ,  diff_pkt_timstamp
10-09-2025 09:57 - WARNING - 1882541 36 29207921 microseconds
10-09-2025 09:57 - WARNING - No packet loss: /data/dsp/GBD_TRANSIENT_BUFFER/J0837+0610/10_09_2025/PDR_GULP_data002.pcap_10_09_2025_09_33_1757476997.PCAP_PDR
10-09-2025 09:57 - WARNING - first_pkt_count, first_gps_count, first_pkt_Tstamp
10-09-2025 09:57 - WARNING - 2649762313 48433 2025-09-10T04:02:45.468213
10-09-2025 09:57 - WARNING - last_pkt_count, last_gps_count, last_pkt_Tstamp
10-09-2025 09:57 - WARNING - 2651644854 48469 2025-09-10T04:03:14.676212
10-09-2025 09:57 - WARNING - diff_pkt_count  , diff_gps_count ,  diff_pkt_timstamp
10-09-2025 09:57 - WARNING - 1882541 36 29207999 microseconds
10-09-2025 09:57 - WARNING - No packet loss: /data/dsp/GBD_TRANSIENT_BUFFER/J0837+0610/10_09_2025/PDR_GULP_data000.pcap_10_09_2025_09_33_1757477026.PCAP_PDR
10-09-2025 09:57 - WARNING - first_pkt_count, first_gps_count, first_pkt_Tstamp
10-09-2025 09:57 - WARNING - 2651644855 48469 2025-09-10T04:03:14.676212
10-09-2025 09:57 - WARNING - last_pkt_count, last_gps_count, last_pkt_Tstamp
10-09-2025 09:57 - WARNING - 2653527397 48500 2025-09-10T04:03:43.884243
10-09-2025 09:57 - WARNING - diff_pkt_count  , diff_gps_count ,  diff_pkt_timstamp
10-09-2025 09:57 - WARNING - 1882542 31 29208031 microseconds
10-09-2025 09:57 - WARNING - No packet loss: /data/dsp/GBD_TRANSIENT_BUFFER/J0837+0610/10_09_2025/PDR_GULP_data001.pcap_10_09_2025_09_34_1757477056.PCAP_PDR
10-09-2025 09:57 - WARNING - first_pkt_count, first_gps_count, first_pkt_Tstamp
10-09-2025 09:57 - WARNING - 2653527398 48500 2025-09-10T04:03:43.884243
10-09-2025 09:57 - WARNING - last_pkt_count, last_gps_count, last_pkt_Tstamp
10-09-2025 09:57 - WARNING - 2655409939 48534 2025-09-10T04:04:13.092210
10-09-2025 09:57 - WARNING - diff_pkt_count  , diff_gps_count ,  diff_pkt_timstamp
10-09-2025 09:57 - WARNING - 1882541 34 29207967 microseconds
10-09-2025 09:57 - WARNING - No packet loss: /data/dsp/GBD_TRANSIENT_BUFFER/J0837+0610/10_09_2025/PDR_GULP_data002.pcap_10_09_2025_09_34_1757477085.PCAP_PDR
10-09-2025 09:57 - WARNING - first_pkt_count, first_gps_count, first_pkt_Tstamp
10-09-2025 09:57 - WARNING - 2655409940 48534 2025-09-10T04:04:13.092210
10-09-2025 09:57 - WARNING - last_pkt_count, last_gps_count, last_pkt_Tstamp
10-09-2025 09:57 - WARNING - 2657292481 48570 2025-09-10T04:04:42.300179
10-09-2025 09:57 - WARNING - diff_pkt_count  , diff_gps_count ,  diff_pkt_timstamp
10-09-2025 09:57 - WARNING - 1882541 36 29207969 microseconds
10-09-2025 09:57 - WARNING - No packet loss: /data/dsp/GBD_TRANSIENT_BUFFER/J0837+0610/10_09_2025/PDR_GULP_data000.pcap_10_09_2025_09_35_1757477114.PCAP_PDR
10-09-2025 09:57 - WARNING - first_pkt_count, first_gps_count, first_pkt_Tstamp
10-09-2025 09:57 - WARNING - 2657292482 48570 2025-09-10T04:04:42.300179
10-09-2025 09:57 - WARNING - last_pkt_count, last_gps_count, last_pkt_Tstamp
10-09-2025 09:57 - WARNING - 2659175023 48604 2025-09-10T04:05:11.508113
10-09-2025 09:57 - WARNING - diff_pkt_count  , diff_gps_count ,  diff_pkt_timstamp
10-09-2025 09:57 - WARNING - 1882541 34 29207934 microseconds
10-09-2025 09:57 - WARNING - No packet loss: /data/dsp/GBD_TRANSIENT_BUFFER/J0837+0610/10_09_2025/PDR_GULP_data001.pcap_10_09_2025_09_35_1757477143.PCAP_PDR
10-09-2025 09:57 - WARNING - first_pkt_count, first_gps_count, first_pkt_Tstamp
10-09-2025 09:57 - WARNING - 2659175024 48604 2025-09-10T04:05:11.508113
10-09-2025 09:57 - WARNING - last_pkt_count, last_gps_count, last_pkt_Tstamp
10-09-2025 09:57 - WARNING - 2661057565 48637 2025-09-10T04:05:40.716046
10-09-2025 09:57 - WARNING - diff_pkt_count  , diff_gps_count ,  diff_pkt_timstamp
10-09-2025 09:57 - WARNING - 1882541 33 29207933 microseconds
10-09-2025 09:57 - WARNING - No packet loss: /data/dsp/GBD_TRANSIENT_BUFFER/J0837+0610/10_09_2025/PDR_GULP_data002.pcap_10_09_2025_09_36_1757477172.PCAP_PDR
10-09-2025 09:57 - WARNING - first_pkt_count, first_gps_count, first_pkt_Tstamp
10-09-2025 09:57 - WARNING - 2661057566 48637 2025-09-10T04:05:40.716047
10-09-2025 09:57 - WARNING - last_pkt_count, last_gps_count, last_pkt_Tstamp
10-09-2025 09:57 - WARNING - 2662940107 48671 2025-09-10T04:06:09.924022
10-09-2025 09:57 - WARNING - diff_pkt_count  , diff_gps_count ,  diff_pkt_timstamp
10-09-2025 09:57 - WARNING - 1882541 34 29207975 microseconds
10-09-2025 09:57 - WARNING - No packet loss: /data/dsp/GBD_TRANSIENT_BUFFER/J0837+0610/10_09_2025/PDR_GULP_data000.pcap_10_09_2025_09_36_1757477202.PCAP_PDR
10-09-2025 09:57 - WARNING - first_pkt_count, first_gps_count, first_pkt_Tstamp
10-09-2025 09:57 - WARNING - 2662940108 48671 2025-09-10T04:06:09.924104
10-09-2025 09:57 - WARNING - last_pkt_count, last_gps_count, last_pkt_Tstamp
10-09-2025 09:57 - WARNING - 2664822650 48704 2025-09-10T04:06:39.131975
10-09-2025 09:57 - WARNING - diff_pkt_count  , diff_gps_count ,  diff_pkt_timstamp
10-09-2025 09:57 - WARNING - 1882542 33 29207871 microseconds
10-09-2025 09:57 - WARNING - No packet loss: /data/dsp/GBD_TRANSIENT_BUFFER/J0837+0610/10_09_2025/PDR_GULP_data001.pcap_10_09_2025_09_37_1757477231.PCAP_PDR
10-09-2025 09:57 - WARNING - first_pkt_count, first_gps_count, first_pkt_Tstamp
10-09-2025 09:57 - WARNING - 2664822651 48704 2025-09-10T04:06:39.132029
10-09-2025 09:57 - WARNING - last_pkt_count, last_gps_count, last_pkt_Tstamp
10-09-2025 09:57 - WARNING - 2666705192 48739 2025-09-10T04:07:08.339936
10-09-2025 09:57 - WARNING - diff_pkt_count  , diff_gps_count ,  diff_pkt_timstamp
10-09-2025 09:57 - WARNING - 1882541 35 29207907 microseconds
10-09-2025 09:57 - WARNING - No packet loss: /data/dsp/GBD_TRANSIENT_BUFFER/J0837+0610/10_09_2025/PDR_GULP_data002.pcap_10_09_2025_09_37_1757477260.PCAP_PDR
10-09-2025 09:57 - WARNING - first_pkt_count, first_gps_count, first_pkt_Tstamp
10-09-2025 09:57 - WARNING - 2666705193 48739 2025-09-10T04:07:08.340027
10-09-2025 09:57 - WARNING - last_pkt_count, last_gps_count, last_pkt_Tstamp
10-09-2025 09:57 - WARNING - 2668587734 48772 2025-09-10T04:07:37.547903
10-09-2025 09:57 - WARNING - diff_pkt_count  , diff_gps_count ,  diff_pkt_timstamp
10-09-2025 09:57 - WARNING - 1882541 33 29207876 microseconds
10-09-2025 09:57 - WARNING - No packet loss: /data/dsp/GBD_TRANSIENT_BUFFER/J0837+0610/10_09_2025/PDR_GULP_data000.pcap_10_09_2025_09_38_1757477289.PCAP_PDR
10-09-2025 09:57 - WARNING - first_pkt_count, first_gps_count, first_pkt_Tstamp
10-09-2025 09:57 - WARNING - 2668587735 48772 2025-09-10T04:07:37.547903
10-09-2025 09:57 - WARNING - last_pkt_count, last_gps_count, last_pkt_Tstamp
10-09-2025 09:57 - WARNING - 2670470276 48807 2025-09-10T04:08:06.755916
10-09-2025 09:57 - WARNING - diff_pkt_count  , diff_gps_count ,  diff_pkt_timstamp
10-09-2025 09:57 - WARNING - 1882541 35 29208013 microseconds
10-09-2025 09:57 - WARNING - No packet loss: /data/dsp/GBD_TRANSIENT_BUFFER/J0837+0610/10_09_2025/PDR_GULP_data001.pcap_10_09_2025_09_38_1757477318.PCAP_PDR
10-09-2025 09:57 - WARNING - first_pkt_count, first_gps_count, first_pkt_Tstamp
10-09-2025 09:57 - WARNING - 2670470277 48807 2025-09-10T04:08:06.755917
10-09-2025 09:57 - WARNING - last_pkt_count, last_gps_count, last_pkt_Tstamp
10-09-2025 09:57 - WARNING - 2672352818 48839 2025-09-10T04:08:35.963843
10-09-2025 09:57 - WARNING - diff_pkt_count  , diff_gps_count ,  diff_pkt_timstamp
10-09-2025 09:57 - WARNING - 1882541 32 29207926 microseconds
10-09-2025 09:57 - WARNING - No packet loss: /data/dsp/GBD_TRANSIENT_BUFFER/J0837+0610/10_09_2025/PDR_GULP_data002.pcap_10_09_2025_09_39_1757477348.PCAP_PDR
10-09-2025 09:57 - WARNING - first_pkt_count, first_gps_count, first_pkt_Tstamp
10-09-2025 09:57 - WARNING - 2672352819 48839 2025-09-10T04:08:35.963843
10-09-2025 09:57 - WARNING - last_pkt_count, last_gps_count, last_pkt_Tstamp
10-09-2025 09:57 - WARNING - 2674235360 48876 2025-09-10T04:09:05.171773
10-09-2025 09:57 - WARNING - diff_pkt_count  , diff_gps_count ,  diff_pkt_timstamp
10-09-2025 09:57 - WARNING - 1882541 37 29207930 microseconds
10-09-2025 09:57 - WARNING - No packet loss: /data/dsp/GBD_TRANSIENT_BUFFER/J0837+0610/10_09_2025/PDR_GULP_data000.pcap_10_09_2025_09_39_1757477377.PCAP_PDR
10-09-2025 09:57 - WARNING - first_pkt_count, first_gps_count, first_pkt_Tstamp
10-09-2025 09:57 - WARNING - 2674235361 48876 2025-09-10T04:09:05.171867
10-09-2025 09:57 - WARNING - last_pkt_count, last_gps_count, last_pkt_Tstamp
10-09-2025 09:57 - WARNING - 2676117903 48911 2025-09-10T04:09:34.379819
10-09-2025 09:57 - WARNING - diff_pkt_count  , diff_gps_count ,  diff_pkt_timstamp
10-09-2025 09:57 - WARNING - 1882542 35 29207952 microseconds
10-09-2025 09:57 - WARNING - No packet loss: /data/dsp/GBD_TRANSIENT_BUFFER/J0837+0610/10_09_2025/PDR_GULP_data001.pcap_10_09_2025_09_40_1757477406.PCAP_PDR
10-09-2025 09:57 - WARNING - first_pkt_count, first_gps_count, first_pkt_Tstamp
10-09-2025 09:57 - WARNING - 2676117904 48911 2025-09-10T04:09:34.379819
10-09-2025 09:57 - WARNING - last_pkt_count, last_gps_count, last_pkt_Tstamp
10-09-2025 09:57 - WARNING - 2678000445 48944 2025-09-10T04:10:03.587766
10-09-2025 09:57 - WARNING - diff_pkt_count  , diff_gps_count ,  diff_pkt_timstamp
10-09-2025 09:57 - WARNING - 1882541 33 29207947 microseconds
10-09-2025 09:57 - WARNING - No packet loss: /data/dsp/GBD_TRANSIENT_BUFFER/J0837+0610/10_09_2025/PDR_GULP_data002.pcap_10_09_2025_09_40_1757477435.PCAP_PDR
10-09-2025 09:57 - WARNING - first_pkt_count, first_gps_count, first_pkt_Tstamp
10-09-2025 09:57 - WARNING - 2678000446 48944 2025-09-10T04:10:03.587766
10-09-2025 09:57 - WARNING - last_pkt_count, last_gps_count, last_pkt_Tstamp
10-09-2025 09:57 - WARNING - 2679882987 48975 2025-09-10T04:10:32.795681
10-09-2025 09:57 - WARNING - diff_pkt_count  , diff_gps_count ,  diff_pkt_timstamp
10-09-2025 09:57 - WARNING - 1882541 31 29207915 microseconds
10-09-2025 09:57 - WARNING - No packet loss: /data/dsp/GBD_TRANSIENT_BUFFER/J0837+0610/10_09_2025/PDR_GULP_data000.pcap_10_09_2025_09_41_1757477465.PCAP_PDR
10-09-2025 09:57 - WARNING - first_pkt_count, first_gps_count, first_pkt_Tstamp
10-09-2025 09:57 - WARNING - 2679882988 48975 2025-09-10T04:10:32.795681
10-09-2025 09:57 - WARNING - last_pkt_count, last_gps_count, last_pkt_Tstamp
10-09-2025 09:57 - WARNING - 2681765529 49008 2025-09-10T04:11:02.003621
10-09-2025 09:57 - WARNING - diff_pkt_count  , diff_gps_count ,  diff_pkt_timstamp
10-09-2025 09:57 - WARNING - 1882541 33 29207940 microseconds
10-09-2025 09:57 - WARNING - No packet loss: /data/dsp/GBD_TRANSIENT_BUFFER/J0837+0610/10_09_2025/PDR_GULP_data001.pcap_10_09_2025_09_41_1757477494.PCAP_PDR
10-09-2025 09:57 - WARNING - first_pkt_count, first_gps_count, first_pkt_Tstamp
10-09-2025 09:57 - WARNING - 2681765530 49008 2025-09-10T04:11:02.003621
10-09-2025 09:57 - WARNING - last_pkt_count, last_gps_count, last_pkt_Tstamp
10-09-2025 09:57 - WARNING - 2683648071 49041 2025-09-10T04:11:31.211583
10-09-2025 09:57 - WARNING - diff_pkt_count  , diff_gps_count ,  diff_pkt_timstamp
10-09-2025 09:57 - WARNING - 1882541 33 29207962 microseconds
10-09-2025 09:57 - WARNING - No packet loss: /data/dsp/GBD_TRANSIENT_BUFFER/J0837+0610/10_09_2025/PDR_GULP_data002.pcap_10_09_2025_09_42_1757477523.PCAP_PDR
10-09-2025 09:57 - WARNING - first_pkt_count, first_gps_count, first_pkt_Tstamp
10-09-2025 09:57 - WARNING - 2683648072 49041 2025-09-10T04:11:31.211584
10-09-2025 09:57 - WARNING - last_pkt_count, last_gps_count, last_pkt_Tstamp
10-09-2025 09:57 - WARNING - 2685530613 49075 2025-09-10T04:12:00.419542
10-09-2025 09:57 - WARNING - diff_pkt_count  , diff_gps_count ,  diff_pkt_timstamp
10-09-2025 09:57 - WARNING - 1882541 34 29207958 microseconds
10-09-2025 09:57 - WARNING - No packet loss: /data/dsp/GBD_TRANSIENT_BUFFER/J0837+0610/10_09_2025/PDR_GULP_data000.pcap_10_09_2025_09_42_1757477552.PCAP_PDR
10-09-2025 09:57 - WARNING - first_pkt_count, first_gps_count, first_pkt_Tstamp
10-09-2025 09:57 - WARNING - 2685530614 49075 2025-09-10T04:12:00.419543
10-09-2025 09:57 - WARNING - last_pkt_count, last_gps_count, last_pkt_Tstamp
10-09-2025 09:57 - WARNING - 2687413156 49108 2025-09-10T04:12:29.627499
10-09-2025 09:57 - WARNING - diff_pkt_count  , diff_gps_count ,  diff_pkt_timstamp
10-09-2025 09:57 - WARNING - 1882542 33 29207956 microseconds
10-09-2025 09:57 - WARNING - No packet loss: /data/dsp/GBD_TRANSIENT_BUFFER/J0837+0610/10_09_2025/PDR_GULP_data001.pcap_10_09_2025_09_43_1757477581.PCAP_PDR
10-09-2025 09:57 - WARNING - first_pkt_count, first_gps_count, first_pkt_Tstamp
10-09-2025 09:57 - WARNING - 2687413157 49108 2025-09-10T04:12:29.627552
10-09-2025 09:57 - WARNING - last_pkt_count, last_gps_count, last_pkt_Tstamp
10-09-2025 09:57 - WARNING - 2689295698 49145 2025-09-10T04:12:58.835475
10-09-2025 09:57 - WARNING - diff_pkt_count  , diff_gps_count ,  diff_pkt_timstamp
10-09-2025 09:57 - WARNING - 1882541 37 29207923 microseconds
10-09-2025 09:57 - WARNING - No packet loss: /data/dsp/GBD_TRANSIENT_BUFFER/J0837+0610/10_09_2025/PDR_GULP_data002.pcap_10_09_2025_09_43_1757477611.PCAP_PDR
10-09-2025 09:57 - WARNING - first_pkt_count, first_gps_count, first_pkt_Tstamp
10-09-2025 09:57 - WARNING - 2689295699 49145 2025-09-10T04:12:58.835476
10-09-2025 09:57 - WARNING - last_pkt_count, last_gps_count, last_pkt_Tstamp
10-09-2025 09:57 - WARNING - 2691178240 49181 2025-09-10T04:13:28.043416
10-09-2025 09:57 - WARNING - diff_pkt_count  , diff_gps_count ,  diff_pkt_timstamp
10-09-2025 09:57 - WARNING - 1882541 36 29207940 microseconds
10-09-2025 09:57 - WARNING - No packet loss: /data/dsp/GBD_TRANSIENT_BUFFER/J0837+0610/10_09_2025/PDR_GULP_data000.pcap_10_09_2025_09_44_1757477640.PCAP_PDR
10-09-2025 09:57 - WARNING - first_pkt_count, first_gps_count, first_pkt_Tstamp
10-09-2025 09:57 - WARNING - 2691178241 49181 2025-09-10T04:13:28.043416
10-09-2025 09:57 - WARNING - last_pkt_count, last_gps_count, last_pkt_Tstamp
10-09-2025 09:57 - WARNING - 2693060782 49216 2025-09-10T04:13:57.251371
10-09-2025 09:57 - WARNING - diff_pkt_count  , diff_gps_count ,  diff_pkt_timstamp
10-09-2025 09:57 - WARNING - 1882541 35 29207955 microseconds
10-09-2025 09:57 - WARNING - No packet loss: /data/dsp/GBD_TRANSIENT_BUFFER/J0837+0610/10_09_2025/PDR_GULP_data001.pcap_10_09_2025_09_44_1757477669.PCAP_PDR
10-09-2025 09:57 - WARNING - first_pkt_count, first_gps_count, first_pkt_Tstamp
10-09-2025 09:57 - WARNING - 2693060783 49216 2025-09-10T04:13:57.251371
10-09-2025 09:57 - WARNING - last_pkt_count, last_gps_count, last_pkt_Tstamp
10-09-2025 09:57 - WARNING - 2694943324 49250 2025-09-10T04:14:26.459368
10-09-2025 09:57 - WARNING - diff_pkt_count  , diff_gps_count ,  diff_pkt_timstamp
10-09-2025 09:57 - WARNING - 1882541 34 29207997 microseconds
10-09-2025 09:57 - WARNING - No packet loss: /data/dsp/GBD_TRANSIENT_BUFFER/J0837+0610/10_09_2025/PDR_GULP_data002.pcap_10_09_2025_09_44_1757477698.PCAP_PDR
10-09-2025 09:57 - WARNING - first_pkt_count, first_gps_count, first_pkt_Tstamp
10-09-2025 09:57 - WARNING - 2694943325 49250 2025-09-10T04:14:26.459368
10-09-2025 09:57 - WARNING - last_pkt_count, last_gps_count, last_pkt_Tstamp
10-09-2025 09:57 - WARNING - 2696825867 49285 2025-09-10T04:14:55.667304
10-09-2025 09:57 - WARNING - diff_pkt_count  , diff_gps_count ,  diff_pkt_timstamp
10-09-2025 09:57 - WARNING - 1882542 35 29207936 microseconds
10-09-2025 09:57 - WARNING - No packet loss: /data/dsp/GBD_TRANSIENT_BUFFER/J0837+0610/10_09_2025/PDR_GULP_data000.pcap_10_09_2025_09_45_1757477727.PCAP_PDR
10-09-2025 09:57 - WARNING - first_pkt_count, first_gps_count, first_pkt_Tstamp
10-09-2025 09:57 - WARNING - 2696825868 49285 2025-09-10T04:14:55.667384
10-09-2025 09:57 - WARNING - last_pkt_count, last_gps_count, last_pkt_Tstamp
10-09-2025 09:57 - WARNING - 2698708409 49320 2025-09-10T04:15:24.875246
10-09-2025 09:57 - WARNING - diff_pkt_count  , diff_gps_count ,  diff_pkt_timstamp
10-09-2025 09:57 - WARNING - 1882541 35 29207862 microseconds
10-09-2025 09:57 - WARNING - No packet loss: /data/dsp/GBD_TRANSIENT_BUFFER/J0837+0610/10_09_2025/PDR_GULP_data001.pcap_10_09_2025_09_45_1757477757.PCAP_PDR
10-09-2025 09:57 - WARNING - first_pkt_count, first_gps_count, first_pkt_Tstamp
10-09-2025 09:57 - WARNING - 2698708410 49320 2025-09-10T04:15:24.875246
10-09-2025 09:57 - WARNING - last_pkt_count, last_gps_count, last_pkt_Tstamp
10-09-2025 09:57 - WARNING - 2700590951 49358 2025-09-10T04:15:54.083180
10-09-2025 09:57 - WARNING - diff_pkt_count  , diff_gps_count ,  diff_pkt_timstamp
10-09-2025 09:57 - WARNING - 1882541 38 29207934 microseconds
10-09-2025 09:57 - WARNING - No packet loss: /data/dsp/GBD_TRANSIENT_BUFFER/J0837+0610/10_09_2025/PDR_GULP_data002.pcap_10_09_2025_09_46_1757477786.PCAP_PDR
10-09-2025 09:57 - WARNING - first_pkt_count, first_gps_count, first_pkt_Tstamp
10-09-2025 09:57 - WARNING - 2700590952 49358 2025-09-10T04:15:54.083269
10-09-2025 09:57 - WARNING - last_pkt_count, last_gps_count, last_pkt_Tstamp
10-09-2025 09:57 - WARNING - 2702473493 49393 2025-09-10T04:16:23.291143
10-09-2025 09:57 - WARNING - diff_pkt_count  , diff_gps_count ,  diff_pkt_timstamp
10-09-2025 09:57 - WARNING - 1882541 35 29207874 microseconds
10-09-2025 09:57 - WARNING - No packet loss: /data/dsp/GBD_TRANSIENT_BUFFER/J0837+0610/10_09_2025/PDR_GULP_data000.pcap_10_09_2025_09_46_1757477815.PCAP_PDR
10-09-2025 09:57 - WARNING - first_pkt_count, first_gps_count, first_pkt_Tstamp
10-09-2025 09:57 - WARNING - 2702473494 49393 2025-09-10T04:16:23.291144
10-09-2025 09:57 - WARNING - last_pkt_count, last_gps_count, last_pkt_Tstamp
10-09-2025 09:57 - WARNING - 2704356035 49426 2025-09-10T04:16:52.499101
10-09-2025 09:57 - WARNING - diff_pkt_count  , diff_gps_count ,  diff_pkt_timstamp
10-09-2025 09:57 - WARNING - 1882541 33 29207957 microseconds
10-09-2025 09:57 - WARNING - No packet loss: /data/dsp/GBD_TRANSIENT_BUFFER/J0837+0610/10_09_2025/PDR_GULP_data001.pcap_10_09_2025_09_47_1757477844.PCAP_PDR
10-09-2025 09:57 - WARNING - first_pkt_count, first_gps_count, first_pkt_Tstamp
10-09-2025 09:57 - WARNING - 2704356036 49426 2025-09-10T04:16:52.499101
10-09-2025 09:57 - WARNING - last_pkt_count, last_gps_count, last_pkt_Tstamp
10-09-2025 09:57 - WARNING - 2706238577 49458 2025-09-10T04:17:21.707030
10-09-2025 09:57 - WARNING - diff_pkt_count  , diff_gps_count ,  diff_pkt_timstamp
10-09-2025 09:57 - WARNING - 1882541 32 29207929 microseconds
10-09-2025 09:57 - WARNING - No packet loss: /data/dsp/GBD_TRANSIENT_BUFFER/J0837+0610/10_09_2025/PDR_GULP_data002.pcap_10_09_2025_09_47_1757477873.PCAP_PDR
10-09-2025 09:57 - WARNING - first_pkt_count, first_gps_count, first_pkt_Tstamp
10-09-2025 09:57 - WARNING - 2706238578 49458 2025-09-10T04:17:21.707124
10-09-2025 09:57 - WARNING - last_pkt_count, last_gps_count, last_pkt_Tstamp
10-09-2025 09:57 - WARNING - 2708121120 49492 2025-09-10T04:17:50.914987
10-09-2025 09:57 - WARNING - diff_pkt_count  , diff_gps_count ,  diff_pkt_timstamp
10-09-2025 09:57 - WARNING - 1882542 34 29207863 microseconds
10-09-2025 09:57 - WARNING - No packet loss: /data/dsp/GBD_TRANSIENT_BUFFER/J0837+0610/10_09_2025/PDR_GULP_data000.pcap_10_09_2025_09_48_1757477903.PCAP_PDR
10-09-2025 09:57 - WARNING - first_pkt_count, first_gps_count, first_pkt_Tstamp
10-09-2025 09:57 - WARNING - 2708121121 49492 2025-09-10T04:17:50.915040
10-09-2025 09:57 - WARNING - last_pkt_count, last_gps_count, last_pkt_Tstamp
10-09-2025 09:57 - WARNING - 2710003662 49530 2025-09-10T04:18:20.123009
10-09-2025 09:57 - WARNING - diff_pkt_count  , diff_gps_count ,  diff_pkt_timstamp
10-09-2025 09:57 - WARNING - 1882541 38 29207969 microseconds
10-09-2025 09:57 - WARNING - No packet loss: /data/dsp/GBD_TRANSIENT_BUFFER/J0837+0610/10_09_2025/PDR_GULP_data001.pcap_10_09_2025_09_48_1757477932.PCAP_PDR
10-09-2025 09:57 - WARNING - first_pkt_count, first_gps_count, first_pkt_Tstamp
10-09-2025 09:57 - WARNING - 2710003663 49530 2025-09-10T04:18:20.123009
10-09-2025 09:57 - WARNING - last_pkt_count, last_gps_count, last_pkt_Tstamp
10-09-2025 09:57 - WARNING - 2711886204 49564 2025-09-10T04:18:49.330918
10-09-2025 09:57 - WARNING - diff_pkt_count  , diff_gps_count ,  diff_pkt_timstamp
10-09-2025 09:57 - WARNING - 1882541 34 29207909 microseconds
10-09-2025 09:57 - WARNING - No packet loss: /data/dsp/GBD_TRANSIENT_BUFFER/J0837+0610/10_09_2025/PDR_GULP_data002.pcap_10_09_2025_09_49_1757477961.PCAP_PDR
10-09-2025 09:57 - WARNING - first_pkt_count, first_gps_count, first_pkt_Tstamp
10-09-2025 09:57 - WARNING - 2711886205 49564 2025-09-10T04:18:49.330919
10-09-2025 09:57 - WARNING - last_pkt_count, last_gps_count, last_pkt_Tstamp
10-09-2025 09:57 - WARNING - 2713768746 49599 2025-09-10T04:19:18.538848
10-09-2025 09:57 - WARNING - diff_pkt_count  , diff_gps_count ,  diff_pkt_timstamp
10-09-2025 09:57 - WARNING - 1882541 35 29207929 microseconds
10-09-2025 09:57 - WARNING - No packet loss: /data/dsp/GBD_TRANSIENT_BUFFER/J0837+0610/10_09_2025/PDR_GULP_data000.pcap_10_09_2025_09_49_1757477990.PCAP_PDR
10-09-2025 09:57 - WARNING - first_pkt_count, first_gps_count, first_pkt_Tstamp
10-09-2025 09:57 - WARNING - 2713768747 49599 2025-09-10T04:19:18.538939
10-09-2025 09:57 - WARNING - last_pkt_count, last_gps_count, last_pkt_Tstamp
10-09-2025 09:57 - WARNING - 2715651288 49632 2025-09-10T04:19:47.746793
10-09-2025 09:57 - WARNING - diff_pkt_count  , diff_gps_count ,  diff_pkt_timstamp
10-09-2025 09:57 - WARNING - 1882541 33 29207854 microseconds
10-09-2025 09:57 - WARNING - No packet loss: /data/dsp/GBD_TRANSIENT_BUFFER/J0837+0610/10_09_2025/PDR_GULP_data001.pcap_10_09_2025_09_50_1757478019.PCAP_PDR
10-09-2025 09:57 - WARNING - first_pkt_count, first_gps_count, first_pkt_Tstamp
10-09-2025 09:57 - WARNING - 2715651289 49632 2025-09-10T04:19:47.746793
10-09-2025 09:57 - WARNING - last_pkt_count, last_gps_count, last_pkt_Tstamp
10-09-2025 09:57 - WARNING - 2717533830 49664 2025-09-10T04:20:16.954772
10-09-2025 09:57 - WARNING - diff_pkt_count  , diff_gps_count ,  diff_pkt_timstamp
10-09-2025 09:57 - WARNING - 1882541 32 29207979 microseconds
10-09-2025 09:57 - WARNING - No packet loss: /data/dsp/GBD_TRANSIENT_BUFFER/J0837+0610/10_09_2025/PDR_GULP_data002.pcap_10_09_2025_09_50_1757478049.PCAP_PDR
10-09-2025 09:57 - WARNING - first_pkt_count, first_gps_count, first_pkt_Tstamp
10-09-2025 09:57 - WARNING - 2717533831 49664 2025-09-10T04:20:16.954772
10-09-2025 09:57 - WARNING - last_pkt_count, last_gps_count, last_pkt_Tstamp
10-09-2025 09:57 - WARNING - 2719416373 49702 2025-09-10T04:20:46.162720
10-09-2025 09:57 - WARNING - diff_pkt_count  , diff_gps_count ,  diff_pkt_timstamp
10-09-2025 09:57 - WARNING - 1882542 38 29207948 microseconds
10-09-2025 09:57 - WARNING - No packet loss: /data/dsp/GBD_TRANSIENT_BUFFER/J0837+0610/10_09_2025/PDR_GULP_data000.pcap_10_09_2025_09_51_1757478078.PCAP_PDR
10-09-2025 09:57 - WARNING - first_pkt_count, first_gps_count, first_pkt_Tstamp
10-09-2025 09:57 - WARNING - 2719416374 49702 2025-09-10T04:20:46.162720
10-09-2025 09:57 - WARNING - last_pkt_count, last_gps_count, last_pkt_Tstamp
10-09-2025 09:57 - WARNING - 2721298915 49735 2025-09-10T04:21:15.370684
10-09-2025 09:57 - WARNING - diff_pkt_count  , diff_gps_count ,  diff_pkt_timstamp
10-09-2025 09:57 - WARNING - 1882541 33 29207964 microseconds
10-09-2025 09:57 - WARNING - No packet loss: /data/dsp/GBD_TRANSIENT_BUFFER/J0837+0610/10_09_2025/PDR_GULP_data001.pcap_10_09_2025_09_51_1757478107.PCAP_PDR
10-09-2025 09:57 - WARNING - first_pkt_count, first_gps_count, first_pkt_Tstamp
10-09-2025 09:57 - WARNING - 2721298916 49735 2025-09-10T04:21:15.370684
10-09-2025 09:57 - WARNING - last_pkt_count, last_gps_count, last_pkt_Tstamp
10-09-2025 09:57 - WARNING - 2723181457 49767 2025-09-10T04:21:44.578620
10-09-2025 09:57 - WARNING - diff_pkt_count  , diff_gps_count ,  diff_pkt_timstamp
10-09-2025 09:57 - WARNING - 1882541 32 29207936 microseconds
10-09-2025 09:57 - WARNING - No packet loss: /data/dsp/GBD_TRANSIENT_BUFFER/J0837+0610/10_09_2025/PDR_GULP_data002.pcap_10_09_2025_09_52_1757478136.PCAP_PDR
10-09-2025 09:57 - WARNING - first_pkt_count, first_gps_count, first_pkt_Tstamp
10-09-2025 09:57 - WARNING - 2723181458 49767 2025-09-10T04:21:44.578621
10-09-2025 09:57 - WARNING - last_pkt_count, last_gps_count, last_pkt_Tstamp
10-09-2025 09:57 - WARNING - 2725063999 49798 2025-09-10T04:22:13.786551
10-09-2025 09:57 - WARNING - diff_pkt_count  , diff_gps_count ,  diff_pkt_timstamp
10-09-2025 09:57 - WARNING - 1882541 31 29207930 microseconds
10-09-2025 09:57 - WARNING - No packet loss: /data/dsp/GBD_TRANSIENT_BUFFER/J0837+0610/10_09_2025/PDR_GULP_data000.pcap_10_09_2025_09_52_1757478165.PCAP_PDR
10-09-2025 09:57 - WARNING - first_pkt_count, first_gps_count, first_pkt_Tstamp
10-09-2025 09:57 - WARNING - 2725064000 49798 2025-09-10T04:22:13.786641
10-09-2025 09:57 - WARNING - last_pkt_count, last_gps_count, last_pkt_Tstamp
10-09-2025 09:57 - WARNING - 2726946541 49832 2025-09-10T04:22:42.994484
10-09-2025 09:57 - WARNING - diff_pkt_count  , diff_gps_count ,  diff_pkt_timstamp
10-09-2025 09:57 - WARNING - 1882541 34 29207843 microseconds
10-09-2025 09:57 - WARNING - No packet loss: /data/dsp/GBD_TRANSIENT_BUFFER/J0837+0610/10_09_2025/PDR_GULP_data001.pcap_10_09_2025_09_53_1757478195.PCAP_PDR
10-09-2025 09:57 - WARNING - first_pkt_count, first_gps_count, first_pkt_Tstamp
10-09-2025 09:57 - WARNING - 2726946542 49832 2025-09-10T04:22:42.994549
10-09-2025 09:57 - WARNING - last_pkt_count, last_gps_count, last_pkt_Tstamp
10-09-2025 09:57 - WARNING - 2728829083 49868 2025-09-10T04:23:12.202479
10-09-2025 09:57 - WARNING - diff_pkt_count  , diff_gps_count ,  diff_pkt_timstamp
10-09-2025 09:57 - WARNING - 1882541 36 29207930 microseconds
10-09-2025 09:57 - WARNING - No packet loss: /data/dsp/GBD_TRANSIENT_BUFFER/J0837+0610/10_09_2025/PDR_GULP_data002.pcap_10_09_2025_09_53_1757478224.PCAP_PDR
10-09-2025 09:57 - WARNING - first_pkt_count, first_gps_count, first_pkt_Tstamp
10-09-2025 09:57 - WARNING - 2728829084 49868 2025-09-10T04:23:12.202557
10-09-2025 09:57 - WARNING - last_pkt_count, last_gps_count, last_pkt_Tstamp
10-09-2025 09:57 - WARNING - 2730711626 49900 2025-09-10T04:23:41.410479
10-09-2025 09:57 - WARNING - diff_pkt_count  , diff_gps_count ,  diff_pkt_timstamp
10-09-2025 09:57 - WARNING - 1882542 32 29207922 microseconds
10-09-2025 09:57 - WARNING - No packet loss: /data/dsp/GBD_TRANSIENT_BUFFER/J0837+0610/10_09_2025/PDR_GULP_data000.pcap_10_09_2025_09_54_1757478253.PCAP_PDR
10-09-2025 09:57 - WARNING - first_pkt_count, first_gps_count, first_pkt_Tstamp
10-09-2025 09:57 - WARNING - 2730711627 49900 2025-09-10T04:23:41.410480
10-09-2025 09:57 - WARNING - last_pkt_count, last_gps_count, last_pkt_Tstamp
10-09-2025 09:57 - WARNING - 2732594168 49934 2025-09-10T04:24:10.618385
10-09-2025 09:57 - WARNING - diff_pkt_count  , diff_gps_count ,  diff_pkt_timstamp
10-09-2025 09:57 - WARNING - 1882541 34 29207905 microseconds
10-09-2025 09:57 - WARNING - No packet loss: /data/dsp/GBD_TRANSIENT_BUFFER/J0837+0610/10_09_2025/PDR_GULP_data001.pcap_10_09_2025_09_54_1757478282.PCAP_PDR
10-09-2025 09:57 - WARNING - first_pkt_count, first_gps_count, first_pkt_Tstamp
10-09-2025 09:57 - WARNING - 2732594169 49934 2025-09-10T04:24:10.618385
10-09-2025 09:57 - WARNING - last_pkt_count, last_gps_count, last_pkt_Tstamp
10-09-2025 09:57 - WARNING - 2734476710 49967 2025-09-10T04:24:39.826333
10-09-2025 09:57 - WARNING - diff_pkt_count  , diff_gps_count ,  diff_pkt_timstamp
10-09-2025 09:57 - WARNING - 1882541 33 29207948 microseconds
10-09-2025 09:57 - WARNING - No packet loss: /data/dsp/GBD_TRANSIENT_BUFFER/J0837+0610/10_09_2025/PDR_GULP_data002.pcap_10_09_2025_09_55_1757478312.PCAP_PDR
10-09-2025 09:57 - WARNING - first_pkt_count, first_gps_count, first_pkt_Tstamp
10-09-2025 09:57 - WARNING - 2734476711 49967 2025-09-10T04:24:39.826333
10-09-2025 09:57 - WARNING - last_pkt_count, last_gps_count, last_pkt_Tstamp
10-09-2025 09:57 - WARNING - 2736359252 50004 2025-09-10T04:25:09.034290
10-09-2025 09:57 - WARNING - diff_pkt_count  , diff_gps_count ,  diff_pkt_timstamp
10-09-2025 09:57 - WARNING - 1882541 37 29207957 microseconds
10-09-2025 09:57 - WARNING - No packet loss: /data/dsp/GBD_TRANSIENT_BUFFER/J0837+0610/10_09_2025/PDR_GULP_data000.pcap_10_09_2025_09_55_1757478341.PCAP_PDR
10-09-2025 09:57 - WARNING - first_pkt_count, first_gps_count, first_pkt_Tstamp
10-09-2025 09:57 - WARNING - 2736359253 50004 2025-09-10T04:25:09.034290
10-09-2025 09:57 - WARNING - last_pkt_count, last_gps_count, last_pkt_Tstamp
10-09-2025 09:57 - WARNING - 2738241794 50040 2025-09-10T04:25:38.242283
10-09-2025 09:57 - WARNING - diff_pkt_count  , diff_gps_count ,  diff_pkt_timstamp
10-09-2025 09:57 - WARNING - 1882541 36 29207993 microseconds
10-09-2025 09:57 - WARNING - No packet loss: /data/dsp/GBD_TRANSIENT_BUFFER/J0837+0610/10_09_2025/PDR_GULP_data001.pcap_10_09_2025_09_56_1757478370.PCAP_PDR
10-09-2025 09:57 - WARNING - first_pkt_count, first_gps_count, first_pkt_Tstamp
10-09-2025 09:57 - WARNING - 2738241795 50040 2025-09-10T04:25:38.242283
10-09-2025 09:57 - WARNING - last_pkt_count, last_gps_count, last_pkt_Tstamp
10-09-2025 09:57 - WARNING - 2740124336 50076 2025-09-10T04:26:07.450183
10-09-2025 09:57 - WARNING - diff_pkt_count  , diff_gps_count ,  diff_pkt_timstamp
10-09-2025 09:57 - WARNING - 1882541 36 29207900 microseconds
10-09-2025 09:57 - WARNING - No packet loss: /data/dsp/GBD_TRANSIENT_BUFFER/J0837+0610/10_09_2025/PDR_GULP_data002.pcap_10_09_2025_09_56_1757478399.PCAP_PDR
10-09-2025 09:57 - WARNING - first_pkt_count, first_gps_count, first_pkt_Tstamp
10-09-2025 09:57 - WARNING - 2740124337 50076 2025-09-10T04:26:07.450183
10-09-2025 09:57 - WARNING - last_pkt_count, last_gps_count, last_pkt_Tstamp
10-09-2025 09:57 - WARNING - 2742006879 50108 2025-09-10T04:26:36.658135
10-09-2025 09:57 - WARNING - diff_pkt_count  , diff_gps_count ,  diff_pkt_timstamp
10-09-2025 09:57 - WARNING - 1882542 32 29207952 microseconds
10-09-2025 09:57 SLIP check Finished...
10-09-2025 09:57 Pulsar data reduction pipeline started ...
10-09-2025 09:57 - WARNING - Data Directory: /data/dsp/GBD_TRANSIENT_BUFFER/J0837+0610/10_09_2025
10-09-2025 09:57 - WARNING - Pulsar: J0837+0610
10-09-2025 09:57 - WARNING - CH selelction: 0
10-09-2025 09:57 - WARNING - Phase file: /home/dsp/PDR_acquire_setup/dada_scripts/phase/rf_path_phase.dat
10-09-2025 09:57 - WARNING - Obs. logfile: /home/dsp/PDR_acquire_setup/master_obs_log/J0837+0610_10_09_2025_observation.log
10-09-2025 09:57 - WARNING - Observation start time: 2025_09_10_09_18_09
10-09-2025 09:57 - WARNING - parfile: /home/dsp/parfiles/J0837+0610.par
10-09-2025 09:57 - WARNING - DM: 13.0209436694702
10-09-2025 09:57 - WARNING - Period: 1.2737745847060131
10-09-2025 09:57 - WARNING - RA_DEC: 08:37:05.6485930+06:10:16.06361
10-09-2025 09:57 - WARNING - out_dada_file: J0837+0610_2025_09_10_09_18_09_type_0.dada
10-09-2025 09:57 - WARNING - Number of files to process: 80
10-09-2025 09:57 - WARNING - Files per batch:  17
10-09-2025 10:16 - WARNING - Time taken for PDR2DADA convertion: 0:19:28.984450
10-09-2025 10:16 - WARNING - Center_freq: 175
10-09-2025 10:16 - WARNING - int_time: 3.0
10-09-2025 10:16 - WARNING - nbins: 256
10-09-2025 10:16 - WARNING - fil_chan: 256:1024
10-09-2025 10:16 - WARNING - cpu: ,2,3,4,5,6,7,8,9,10,11,12,13,14,15,16
10-09-2025 10:16 - WARNING - thread: 32
10-09-2025 10:16 - WARNING - nbit: 8
10-09-2025 10:16 - WARNING - time_avg: 0.000256
10-09-2025 10:16 - WARNING - MJD_START: 60928.15844017902
10-09-2025 10:16 - WARNING - output: J0837+0610_60928.16_175MHz_type_0_GBD_DART
10-09-2025 10:16 - WARNING - singularity_container: singularity exec /home/dsp/singularity_imag/pschive_py3.sif  
10-09-2025 10:16 - WARNING - ------ DIGIFITS ------
10-09-2025 10:16 - WARNING - ---- Search Mode FITS -------
10-09-2025 10:16 - WARNING - digifits_ful_stokes_cmd: singularity exec /home/dsp/singularity_imag/pschive_py3.sif  digifits  -F 256:1024 -b 8 -p 4 -t 0.000256 J0837+0610_2025_09_10_09_18_09_type_0.dada -o J0837+0610_2025_09_10_09_18_09_type_0.dada_stokes.fits
10-09-2025 10:42 - WARNING - ------ Total intensity FITS -------
10-09-2025 10:42 - WARNING - digifits_total_intensity_cmd: singularity exec /home/dsp/singularity_imag/pschive_py3.sif  digifits  -F 256:1024 -b 8 -p 1 -t 0.000256 J0837+0610_2025_09_10_09_18_09_type_0.dada -o J0837+0610_2025_09_10_09_18_09_type_0.dada_intensity.fits
10-09-2025 11:07 - WARNING - Nchan: 256:1024
10-09-2025 11:07 - WARNING - Nbin: 256
10-09-2025 11:07 - WARNING - Tavg: 0.000256
10-09-2025 11:07 - WARNING - Time taken for DIGIFITS run: 0:50:49.778137
10-09-2025 11:07 - WARNING - ------ DSPSR ------
10-09-2025 11:07 - WARNING - ------- Coherent Dedispersion Folded archive -------
10-09-2025 11:07 - WARNING - dspsr_cmd: singularity exec /home/dsp/singularity_imag/pschive_py3.sif  dspsr J0837+0610_2025_09_10_09_18_09_type_0.dada -cpu ,2,3,4,5,6,7,8,9,10,11,12,13,14,15,16 -t 32 -E /home/dsp/parfiles/J0837+0610.par -L 3.0 -b 256 -F 256:1024 -N J0837+0610 -a PSRFITS -A -e .fits -O J0837+0610_60928.16_175MHz_type_0_GBD_DART
10-09-2025 11:19 - WARNING - ------- Incoherent Dedispersion Folded archive -------
10-09-2025 11:19 - WARNING - Incoherent_DD_dspsr_cmd: singularity exec /home/dsp/singularity_imag/pschive_py3.sif  dspsr J0837+0610_2025_09_10_09_18_09_type_0.dada_stokes.fits -cpu ,2,3,4,5,6,7,8,9,10,11,12,13,14,15,16 -t 32 -E /home/dsp/parfiles/J0837+0610.par -L 3.0 -b 256 -N J0837+0610 -A -e .fits -O J0837+0610_60928.16_175MHz_type_0_GBD_DART_stokes_Incoherent_DD
10-09-2025 11:20 - WARNING - Time taken for DSPSR run: 0:13:04.810795
10-09-2025 11:20 - WARNING - ------ PSREDIT ------
10-09-2025 11:20 - WARNING - psredit_cmd: singularity exec /home/dsp/singularity_imag/pschive_py3.sif  psredit -c name=J0837+0610,be:name=GSB,coord=08:37:05.6485930+06:10:16.06361 -m *_GBD_DART*fits
10-09-2025 11:20 - WARNING - Time taken for PSREDIT run: 0:00:09.775418
10-09-2025 11:20 - WARNING - ------ Iterative RFI Cleaner ------
10-09-2025 11:20 - WARNING - Iterative_cleaner_cmd: singularity exec /home/dsp/singularity_imag/pschive_py3.sif   python3 /home/dsp/PDR_acquire_setup/iterative_cleaner.py -s 3 -c 3 -m 10 *_GBD_DART*fits
10-09-2025 11:29 - WARNING - Time taken for Iterative_cleaner run: 0:08:36.699810
10-09-2025 11:29 - WARNING - ------ PDMP ------
10-09-2025 11:29 - WARNING - pdmp_cmd1: singularity exec /home/dsp/singularity_imag/pschive_py3.sif  pdmp -dr 2 -ds 0.05 -g J0837+0610_60928.16_175MHz_type_0_GBD_DART.fits_cleaned.ar.ps/cps J0837+0610_60928.16_175MHz_type_0_GBD_DART.fits_cleaned.ar
10-09-2025 11:35 - WARNING - pdmp_cmd2: singularity exec /home/dsp/singularity_imag/pschive_py3.sif  pdmp -dr 2 -ds 0.05 -g J0837+0610_60928.16_175MHz_type_0_GBD_DART_stokes_Incoherent_DD.fits_cleaned.ar.ps/cps J0837+0610_60928.16_175MHz_type_0_GBD_DART_stokes_Incoherent_DD.fits_cleaned.ar
10-09-2025 11:40 - WARNING - Time taken for PDMP run: 0:11:24.190252
10-09-2025 11:40 - WARNING - ------ PS2PDF ------
10-09-2025 11:40 - WARNING - ps2pdf_cmd1: singularity exec /home/dsp/singularity_imag/pschive_py3.sif  ps2pdf J0837+0610_60928.16_175MHz_type_0_GBD_DART.fits_cleaned.ar.ps J0837+0610_60928.16_175MHz_type_0_GBD_DART.fits_cleaned.ar.ps.pdf
10-09-2025 11:40 - WARNING - ps2pdf_cmd2: singularity exec /home/dsp/singularity_imag/pschive_py3.sif  ps2pdf J0837+0610_60928.16_175MHz_type_0_GBD_DART_stokes_Incoherent_DD.fits_cleaned.ar.ps J0837+0610_60928.16_175MHz_type_0_GBD_DART_stokes_Incoherent_DD.fits_cleaned.ar.ps.pdf
10-09-2025 11:40 - WARNING - Time taken for PDMP run: 0:00:02.412399
10-09-2025 11:40 - WARNING - Overall time taken for data reduction: 1:43:37.718342
10-09-2025 11:40 - WARNING - J0837+0610_2025_09_10_09_18_09_type_0.dada... file removed
10-09-2025 11:40 - WARNING - All done!
10-09-2025 11:41 --- PRESTO ---
10-09-2025 11:41 singularity_container: singularity exec /home/dsp/singularity_imag/pschive_py3.sif  
10-09-2025 11:41 Filterbank to Process for PULSAR: J0837+0610 with DM:13.0209436694702 : J0837+0610_2025_09_10_09_18_09_type_0.dada_intensity.fits
10-09-2025 11:41 --- RFIFIND ---
10-09-2025 11:41 RFIFIND: singularity exec /home/dsp/singularity_imag/pschive_py3.sif   rfifind -time 2.0 -o J0837+0610 J0837+0610_2025_09_10_09_18_09_type_0.dada_intensity.fits
10-09-2025 11:43 --- PREPDATA ---
10-09-2025 11:43 PREPDATA: singularity exec /home/dsp/singularity_imag/pschive_py3.sif   prepdata -nobary -o J0837+0610_2025_09_10_09_18_09_type_0.dada_intensity.fits -dm 13.0209436694702 -mask J0837+0610_rfifind.mask J0837+0610_2025_09_10_09_18_09_type_0.dada_intensity.fits
10-09-2025 11:44 --- REALFFT ---
10-09-2025 11:44 REALFFT: singularity exec /home/dsp/singularity_imag/pschive_py3.sif   realfft  J0837+0610_2025_09_10_09_18_09_type_0.dada_intensity.fits.dat
10-09-2025 11:44 --- ACCELSEARCH ---
10-09-2025 11:44 ACCELSEARCH: singularity exec /home/dsp/singularity_imag/pschive_py3.sif   accelsearch -numharm 8 -zmax 8  J0837+0610_2025_09_10_09_18_09_type_0.dada_intensity.fits.fft
10-09-2025 11:44 Observation Over.
