10-09-2025 10:46 Waiting for J0953+0755 observation...
10-09-2025 10:46 Observation started...
10-09-2025 10:46 Pulsar: J0953+0755 , parfile: /home/dsp/parfiles/J0953+0755.par , DM: 2.94368147353273
10-09-2025 10:46 Trigger sent to obs. PC [VELA].
10-09-2025 11:21 Acquired 80.
10-09-2025 11:21 ACQ over.
10-09-2025 11:21 Removing Trigger file from remote machine 
10-09-2025 11:21 Observation stoped.
-rw------- 1 dsp dsp 2.0G Sep 10 10:42 /data/TRANSIENT_BUFFER/PDR_GULP_data000.pcap_10_09_2025_10_42_1757481145.PCAP_PDR
-rw------- 1 dsp dsp 2.0G Sep 10 10:42 /data/TRANSIENT_BUFFER/PDR_GULP_data001.pcap_10_09_2025_10_42_1757481174.PCAP_PDR
-rw------- 1 dsp dsp 2.0G Sep 10 10:43 /data/TRANSIENT_BUFFER/PDR_GULP_data002.pcap_10_09_2025_10_43_1757481203.PCAP_PDR
-rw------- 1 dsp dsp 2.0G Sep 10 10:43 /data/TRANSIENT_BUFFER/PDR_GULP_data000.pcap_10_09_2025_10_43_1757481232.PCAP_PDR
-rw------- 1 dsp dsp 2.0G Sep 10 10:44 /data/TRANSIENT_BUFFER/PDR_GULP_data001.pcap_10_09_2025_10_44_1757481262.PCAP_PDR
-rw------- 1 dsp dsp 2.0G Sep 10 10:44 /data/TRANSIENT_BUFFER/PDR_GULP_data002.pcap_10_09_2025_10_44_1757481291.PCAP_PDR
-rw------- 1 dsp dsp 2.0G Sep 10 10:45 /data/TRANSIENT_BUFFER/PDR_GULP_data000.pcap_10_09_2025_10_45_1757481320.PCAP_PDR
-rw------- 1 dsp dsp 2.0G Sep 10 10:45 /data/TRANSIENT_BUFFER/PDR_GULP_data001.pcap_10_09_2025_10_45_1757481349.PCAP_PDR
-rw------- 1 dsp dsp 2.0G Sep 10 10:46 /data/TRANSIENT_BUFFER/PDR_GULP_data002.pcap_10_09_2025_10_46_1757481378.PCAP_PDR
-rw------- 1 dsp dsp 2.0G Sep 10 10:46 /data/TRANSIENT_BUFFER/PDR_GULP_data000.pcap_10_09_2025_10_46_1757481408.PCAP_PDR
-rw------- 1 dsp dsp 2.0G Sep 10 10:47 /data/TRANSIENT_BUFFER/PDR_GULP_data001.pcap_10_09_2025_10_47_1757481437.PCAP_PDR
-rw------- 1 dsp dsp 2.0G Sep 10 10:47 /data/TRANSIENT_BUFFER/PDR_GULP_data002.pcap_10_09_2025_10_47_1757481466.PCAP_PDR
-rw------- 1 dsp dsp 2.0G Sep 10 10:48 /data/TRANSIENT_BUFFER/PDR_GULP_data000.pcap_10_09_2025_10_48_1757481495.PCAP_PDR
-rw------- 1 dsp dsp 2.0G Sep 10 10:48 /data/TRANSIENT_BUFFER/PDR_GULP_data001.pcap_10_09_2025_10_48_1757481524.PCAP_PDR
-rw------- 1 dsp dsp 2.0G Sep 10 10:49 /data/TRANSIENT_BUFFER/PDR_GULP_data002.pcap_10_09_2025_10_49_1757481554.PCAP_PDR
-rw------- 1 dsp dsp 2.0G Sep 10 10:49 /data/TRANSIENT_BUFFER/PDR_GULP_data000.pcap_10_09_2025_10_49_1757481583.PCAP_PDR
-rw------- 1 dsp dsp 2.0G Sep 10 10:50 /data/TRANSIENT_BUFFER/PDR_GULP_data001.pcap_10_09_2025_10_50_1757481612.PCAP_PDR
-rw------- 1 dsp dsp 2.0G Sep 10 10:50 /data/TRANSIENT_BUFFER/PDR_GULP_data002.pcap_10_09_2025_10_50_1757481641.PCAP_PDR
-rw------- 1 dsp dsp 2.0G Sep 10 10:51 /data/TRANSIENT_BUFFER/PDR_GULP_data000.pcap_10_09_2025_10_51_1757481670.PCAP_PDR
-rw------- 1 dsp dsp 2.0G Sep 10 10:51 /data/TRANSIENT_BUFFER/PDR_GULP_data001.pcap_10_09_2025_10_51_1757481700.PCAP_PDR
-rw------- 1 dsp dsp 2.0G Sep 10 10:52 /data/TRANSIENT_BUFFER/PDR_GULP_data002.pcap_10_09_2025_10_52_1757481729.PCAP_PDR
-rw------- 1 dsp dsp 2.0G Sep 10 10:52 /data/TRANSIENT_BUFFER/PDR_GULP_data000.pcap_10_09_2025_10_52_1757481758.PCAP_PDR
-rw------- 1 dsp dsp 2.0G Sep 10 10:53 /data/TRANSIENT_BUFFER/PDR_GULP_data001.pcap_10_09_2025_10_53_1757481787.PCAP_PDR
-rw------- 1 dsp dsp 2.0G Sep 10 10:53 /data/TRANSIENT_BUFFER/PDR_GULP_data002.pcap_10_09_2025_10_53_1757481816.PCAP_PDR
-rw------- 1 dsp dsp 2.0G Sep 10 10:54 /data/TRANSIENT_BUFFER/PDR_GULP_data000.pcap_10_09_2025_10_54_1757481846.PCAP_PDR
-rw------- 1 dsp dsp 2.0G Sep 10 10:54 /data/TRANSIENT_BUFFER/PDR_GULP_data001.pcap_10_09_2025_10_54_1757481875.PCAP_PDR
-rw------- 1 dsp dsp 2.0G Sep 10 10:55 /data/TRANSIENT_BUFFER/PDR_GULP_data002.pcap_10_09_2025_10_55_1757481904.PCAP_PDR
-rw------- 1 dsp dsp 2.0G Sep 10 10:55 /data/TRANSIENT_BUFFER/PDR_GULP_data000.pcap_10_09_2025_10_55_1757481933.PCAP_PDR
-rw------- 1 dsp dsp 2.0G Sep 10 10:56 /data/TRANSIENT_BUFFER/PDR_GULP_data001.pcap_10_09_2025_10_56_1757481963.PCAP_PDR
-rw------- 1 dsp dsp 2.0G Sep 10 10:56 /data/TRANSIENT_BUFFER/PDR_GULP_data002.pcap_10_09_2025_10_56_1757481992.PCAP_PDR
-rw------- 1 dsp dsp 2.0G Sep 10 10:56 /data/TRANSIENT_BUFFER/PDR_GULP_data000.pcap_10_09_2025_10_57_1757482021.PCAP_PDR
-rw------- 1 dsp dsp 2.0G Sep 10 10:57 /data/TRANSIENT_BUFFER/PDR_GULP_data001.pcap_10_09_2025_10_57_1757482050.PCAP_PDR
-rw------- 1 dsp dsp 2.0G Sep 10 10:57 /data/TRANSIENT_BUFFER/PDR_GULP_data002.pcap_10_09_2025_10_57_1757482079.PCAP_PDR
-rw------- 1 dsp dsp 2.0G Sep 10 10:58 /data/TRANSIENT_BUFFER/PDR_GULP_data000.pcap_10_09_2025_10_58_1757482109.PCAP_PDR
-rw------- 1 dsp dsp 2.0G Sep 10 10:58 /data/TRANSIENT_BUFFER/PDR_GULP_data001.pcap_10_09_2025_10_58_1757482138.PCAP_PDR
-rw------- 1 dsp dsp 2.0G Sep 10 10:59 /data/TRANSIENT_BUFFER/PDR_GULP_data002.pcap_10_09_2025_10_59_1757482167.PCAP_PDR
-rw------- 1 dsp dsp 2.0G Sep 10 10:59 /data/TRANSIENT_BUFFER/PDR_GULP_data000.pcap_10_09_2025_10_59_1757482196.PCAP_PDR
-rw------- 1 dsp dsp 2.0G Sep 10 11:00 /data/TRANSIENT_BUFFER/PDR_GULP_data001.pcap_10_09_2025_11_00_1757482225.PCAP_PDR
-rw------- 1 dsp dsp 2.0G Sep 10 11:00 /data/TRANSIENT_BUFFER/PDR_GULP_data002.pcap_10_09_2025_11_00_1757482255.PCAP_PDR
-rw------- 1 dsp dsp 2.0G Sep 10 11:01 /data/TRANSIENT_BUFFER/PDR_GULP_data000.pcap_10_09_2025_11_01_1757482284.PCAP_PDR
-rw------- 1 dsp dsp 2.0G Sep 10 11:01 /data/TRANSIENT_BUFFER/PDR_GULP_data001.pcap_10_09_2025_11_01_1757482313.PCAP_PDR
-rw------- 1 dsp dsp 2.0G Sep 10 11:02 /data/TRANSIENT_BUFFER/PDR_GULP_data002.pcap_10_09_2025_11_02_1757482342.PCAP_PDR
-rw------- 1 dsp dsp 2.0G Sep 10 11:02 /data/TRANSIENT_BUFFER/PDR_GULP_data000.pcap_10_09_2025_11_02_1757482371.PCAP_PDR
-rw------- 1 dsp dsp 2.0G Sep 10 11:03 /data/TRANSIENT_BUFFER/PDR_GULP_data001.pcap_10_09_2025_11_03_1757482401.PCAP_PDR
-rw------- 1 dsp dsp 2.0G Sep 10 11:03 /data/TRANSIENT_BUFFER/PDR_GULP_data002.pcap_10_09_2025_11_03_1757482430.PCAP_PDR
-rw------- 1 dsp dsp 2.0G Sep 10 11:04 /data/TRANSIENT_BUFFER/PDR_GULP_data000.pcap_10_09_2025_11_04_1757482459.PCAP_PDR
-rw------- 1 dsp dsp 2.0G Sep 10 11:04 /data/TRANSIENT_BUFFER/PDR_GULP_data001.pcap_10_09_2025_11_04_1757482488.PCAP_PDR
-rw------- 1 dsp dsp 2.0G Sep 10 11:05 /data/TRANSIENT_BUFFER/PDR_GULP_data002.pcap_10_09_2025_11_05_1757482517.PCAP_PDR
-rw------- 1 dsp dsp 2.0G Sep 10 11:05 /data/TRANSIENT_BUFFER/PDR_GULP_data000.pcap_10_09_2025_11_05_1757482547.PCAP_PDR
-rw------- 1 dsp dsp 2.0G Sep 10 11:06 /data/TRANSIENT_BUFFER/PDR_GULP_data001.pcap_10_09_2025_11_06_1757482576.PCAP_PDR
-rw------- 1 dsp dsp 2.0G Sep 10 11:06 /data/TRANSIENT_BUFFER/PDR_GULP_data002.pcap_10_09_2025_11_06_1757482605.PCAP_PDR
-rw------- 1 dsp dsp 2.0G Sep 10 11:07 /data/TRANSIENT_BUFFER/PDR_GULP_data000.pcap_10_09_2025_11_07_1757482634.PCAP_PDR
-rw------- 1 dsp dsp 2.0G Sep 10 11:07 /data/TRANSIENT_BUFFER/PDR_GULP_data001.pcap_10_09_2025_11_07_1757482663.PCAP_PDR
-rw------- 1 dsp dsp 2.0G Sep 10 11:08 /data/TRANSIENT_BUFFER/PDR_GULP_data002.pcap_10_09_2025_11_08_1757482693.PCAP_PDR
-rw------- 1 dsp dsp 2.0G Sep 10 11:08 /data/TRANSIENT_BUFFER/PDR_GULP_data000.pcap_10_09_2025_11_08_1757482722.PCAP_PDR
-rw------- 1 dsp dsp 2.0G Sep 10 11:09 /data/TRANSIENT_BUFFER/PDR_GULP_data001.pcap_10_09_2025_11_09_1757482751.PCAP_PDR
-rw------- 1 dsp dsp 2.0G Sep 10 11:09 /data/TRANSIENT_BUFFER/PDR_GULP_data002.pcap_10_09_2025_11_09_1757482780.PCAP_PDR
-rw------- 1 dsp dsp 2.0G Sep 10 11:10 /data/TRANSIENT_BUFFER/PDR_GULP_data000.pcap_10_09_2025_11_10_1757482810.PCAP_PDR
-rw------- 1 dsp dsp 2.0G Sep 10 11:10 /data/TRANSIENT_BUFFER/PDR_GULP_data001.pcap_10_09_2025_11_10_1757482839.PCAP_PDR
-rw------- 1 dsp dsp 2.0G Sep 10 11:11 /data/TRANSIENT_BUFFER/PDR_GULP_data002.pcap_10_09_2025_11_11_1757482868.PCAP_PDR
-rw------- 1 dsp dsp 2.0G Sep 10 11:11 /data/TRANSIENT_BUFFER/PDR_GULP_data000.pcap_10_09_2025_11_11_1757482897.PCAP_PDR
-rw------- 1 dsp dsp 2.0G Sep 10 11:12 /data/TRANSIENT_BUFFER/PDR_GULP_data001.pcap_10_09_2025_11_12_1757482926.PCAP_PDR
-rw------- 1 dsp dsp 2.0G Sep 10 11:12 /data/TRANSIENT_BUFFER/PDR_GULP_data002.pcap_10_09_2025_11_12_1757482956.PCAP_PDR
-rw------- 1 dsp dsp 2.0G Sep 10 11:13 /data/TRANSIENT_BUFFER/PDR_GULP_data000.pcap_10_09_2025_11_13_1757482985.PCAP_PDR
-rw------- 1 dsp dsp 2.0G Sep 10 11:13 /data/TRANSIENT_BUFFER/PDR_GULP_data001.pcap_10_09_2025_11_13_1757483014.PCAP_PDR
-rw------- 1 dsp dsp 2.0G Sep 10 11:14 /data/TRANSIENT_BUFFER/PDR_GULP_data002.pcap_10_09_2025_11_14_1757483043.PCAP_PDR
-rw------- 1 dsp dsp 2.0G Sep 10 11:14 /data/TRANSIENT_BUFFER/PDR_GULP_data000.pcap_10_09_2025_11_14_1757483072.PCAP_PDR
-rw------- 1 dsp dsp 2.0G Sep 10 11:14 /data/TRANSIENT_BUFFER/PDR_GULP_data001.pcap_10_09_2025_11_15_1757483102.PCAP_PDR
-rw------- 1 dsp dsp 2.0G Sep 10 11:15 /data/TRANSIENT_BUFFER/PDR_GULP_data002.pcap_10_09_2025_11_15_1757483131.PCAP_PDR
-rw------- 1 dsp dsp 2.0G Sep 10 11:15 /data/TRANSIENT_BUFFER/PDR_GULP_data000.pcap_10_09_2025_11_16_1757483160.PCAP_PDR
-rw------- 1 dsp dsp 2.0G Sep 10 11:16 /data/TRANSIENT_BUFFER/PDR_GULP_data001.pcap_10_09_2025_11_16_1757483189.PCAP_PDR
-rw------- 1 dsp dsp 2.0G Sep 10 11:16 /data/TRANSIENT_BUFFER/PDR_GULP_data002.pcap_10_09_2025_11_16_1757483218.PCAP_PDR
-rw------- 1 dsp dsp 2.0G Sep 10 11:17 /data/TRANSIENT_BUFFER/PDR_GULP_data000.pcap_10_09_2025_11_17_1757483248.PCAP_PDR
-rw------- 1 dsp dsp 2.0G Sep 10 11:17 /data/TRANSIENT_BUFFER/PDR_GULP_data001.pcap_10_09_2025_11_17_1757483277.PCAP_PDR
-rw------- 1 dsp dsp 2.0G Sep 10 11:18 /data/TRANSIENT_BUFFER/PDR_GULP_data002.pcap_10_09_2025_11_18_1757483306.PCAP_PDR
-rw------- 1 dsp dsp 2.0G Sep 10 11:18 /data/TRANSIENT_BUFFER/PDR_GULP_data000.pcap_10_09_2025_11_18_1757483335.PCAP_PDR
-rw------- 1 dsp dsp 2.0G Sep 10 11:19 /data/TRANSIENT_BUFFER/PDR_GULP_data001.pcap_10_09_2025_11_19_1757483364.PCAP_PDR
-rw------- 1 dsp dsp 2.0G Sep 10 11:19 /data/TRANSIENT_BUFFER/PDR_GULP_data002.pcap_10_09_2025_11_19_1757483394.PCAP_PDR
-rw------- 1 dsp dsp 2.0G Sep 10 11:20 /data/TRANSIENT_BUFFER/PDR_GULP_data000.pcap_10_09_2025_11_20_1757483423.PCAP_PDR
-rw------- 1 dsp dsp 2.0G Sep 10 11:20 /data/TRANSIENT_BUFFER/PDR_GULP_data001.pcap_10_09_2025_11_20_1757483452.PCAP_PDR
10-09-2025 11:21 RAW PCAP data moved from Transient Buffer.
10-09-2025 11:21 SLIP check Started ...
10-09-2025 11:21 - WARNING - Data Directory: /data/dsp/GBD_TRANSIENT_BUFFER/J0953+0755/10_09_2025
10-09-2025 11:21 - WARNING - Number of Files: 80
10-09-2025 11:21 - WARNING - No packet loss: /data/dsp/GBD_TRANSIENT_BUFFER/J0953+0755/10_09_2025/PDR_GULP_data000.pcap_10_09_2025_10_42_1757481145.PCAP_PDR
10-09-2025 11:21 - WARNING - first_pkt_count, first_gps_count, first_pkt_Tstamp
10-09-2025 11:21 - WARNING - 2917083301 53298 2025-09-10T05:11:52.974358
10-09-2025 11:21 - WARNING - last_pkt_count, last_gps_count, last_pkt_Tstamp
10-09-2025 11:21 - WARNING - 2918965842 53338 2025-09-10T05:12:22.182210
10-09-2025 11:21 - WARNING - diff_pkt_count  , diff_gps_count ,  diff_pkt_timstamp
10-09-2025 11:21 - WARNING - 1882541 40 29207852 microseconds
10-09-2025 11:21 - WARNING - No packet loss: /data/dsp/GBD_TRANSIENT_BUFFER/J0953+0755/10_09_2025/PDR_GULP_data001.pcap_10_09_2025_10_42_1757481174.PCAP_PDR
10-09-2025 11:21 - WARNING - first_pkt_count, first_gps_count, first_pkt_Tstamp
10-09-2025 11:21 - WARNING - 2918965843 53338 2025-09-10T05:12:22.182210
10-09-2025 11:21 - WARNING - last_pkt_count, last_gps_count, last_pkt_Tstamp
10-09-2025 11:21 - WARNING - 2920848384 53374 2025-09-10T05:12:51.390013
10-09-2025 11:21 - WARNING - diff_pkt_count  , diff_gps_count ,  diff_pkt_timstamp
10-09-2025 11:21 - WARNING - 1882541 36 29207803 microseconds
10-09-2025 11:21 - WARNING - No packet loss: /data/dsp/GBD_TRANSIENT_BUFFER/J0953+0755/10_09_2025/PDR_GULP_data002.pcap_10_09_2025_10_43_1757481203.PCAP_PDR
10-09-2025 11:21 - WARNING - first_pkt_count, first_gps_count, first_pkt_Tstamp
10-09-2025 11:21 - WARNING - 2920848385 53374 2025-09-10T05:12:51.390013
10-09-2025 11:21 - WARNING - last_pkt_count, last_gps_count, last_pkt_Tstamp
10-09-2025 11:21 - WARNING - 2922730927 53411 2025-09-10T05:13:20.597836
10-09-2025 11:21 - WARNING - diff_pkt_count  , diff_gps_count ,  diff_pkt_timstamp
10-09-2025 11:21 - WARNING - 1882542 37 29207823 microseconds
10-09-2025 11:21 - WARNING - No packet loss: /data/dsp/GBD_TRANSIENT_BUFFER/J0953+0755/10_09_2025/PDR_GULP_data000.pcap_10_09_2025_10_43_1757481232.PCAP_PDR
10-09-2025 11:21 - WARNING - first_pkt_count, first_gps_count, first_pkt_Tstamp
10-09-2025 11:21 - WARNING - 2922730928 53411 2025-09-10T05:13:20.597836
10-09-2025 11:21 - WARNING - last_pkt_count, last_gps_count, last_pkt_Tstamp
10-09-2025 11:21 - WARNING - 2924613469 53442 2025-09-10T05:13:49.805648
10-09-2025 11:21 - WARNING - diff_pkt_count  , diff_gps_count ,  diff_pkt_timstamp
10-09-2025 11:21 - WARNING - 1882541 31 29207812 microseconds
10-09-2025 11:21 - WARNING - No packet loss: /data/dsp/GBD_TRANSIENT_BUFFER/J0953+0755/10_09_2025/PDR_GULP_data001.pcap_10_09_2025_10_44_1757481262.PCAP_PDR
10-09-2025 11:21 - WARNING - first_pkt_count, first_gps_count, first_pkt_Tstamp
10-09-2025 11:21 - WARNING - 2924613470 53442 2025-09-10T05:13:49.805648
10-09-2025 11:21 - WARNING - last_pkt_count, last_gps_count, last_pkt_Tstamp
10-09-2025 11:21 - WARNING - 2926496011 53477 2025-09-10T05:14:19.013390
10-09-2025 11:21 - WARNING - diff_pkt_count  , diff_gps_count ,  diff_pkt_timstamp
10-09-2025 11:21 - WARNING - 1882541 35 29207742 microseconds
10-09-2025 11:21 - WARNING - No packet loss: /data/dsp/GBD_TRANSIENT_BUFFER/J0953+0755/10_09_2025/PDR_GULP_data002.pcap_10_09_2025_10_44_1757481291.PCAP_PDR
10-09-2025 11:21 - WARNING - first_pkt_count, first_gps_count, first_pkt_Tstamp
10-09-2025 11:21 - WARNING - 2926496012 53477 2025-09-10T05:14:19.013469
10-09-2025 11:21 - WARNING - last_pkt_count, last_gps_count, last_pkt_Tstamp
10-09-2025 11:21 - WARNING - 2928378553 53513 2025-09-10T05:14:48.221209
10-09-2025 11:21 - WARNING - diff_pkt_count  , diff_gps_count ,  diff_pkt_timstamp
10-09-2025 11:21 - WARNING - 1882541 36 29207740 microseconds
10-09-2025 11:21 - WARNING - No packet loss: /data/dsp/GBD_TRANSIENT_BUFFER/J0953+0755/10_09_2025/PDR_GULP_data000.pcap_10_09_2025_10_45_1757481320.PCAP_PDR
10-09-2025 11:21 - WARNING - first_pkt_count, first_gps_count, first_pkt_Tstamp
10-09-2025 11:21 - WARNING - 2928378554 53513 2025-09-10T05:14:48.221209
10-09-2025 11:21 - WARNING - last_pkt_count, last_gps_count, last_pkt_Tstamp
10-09-2025 11:21 - WARNING - 2930261095 53549 2025-09-10T05:15:17.429025
10-09-2025 11:21 - WARNING - diff_pkt_count  , diff_gps_count ,  diff_pkt_timstamp
10-09-2025 11:21 - WARNING - 1882541 36 29207816 microseconds
10-09-2025 11:21 - WARNING - No packet loss: /data/dsp/GBD_TRANSIENT_BUFFER/J0953+0755/10_09_2025/PDR_GULP_data001.pcap_10_09_2025_10_45_1757481349.PCAP_PDR
10-09-2025 11:21 - WARNING - first_pkt_count, first_gps_count, first_pkt_Tstamp
10-09-2025 11:21 - WARNING - 2930261096 53549 2025-09-10T05:15:17.429025
10-09-2025 11:21 - WARNING - last_pkt_count, last_gps_count, last_pkt_Tstamp
10-09-2025 11:21 - WARNING - 2932143638 53581 2025-09-10T05:15:46.636822
10-09-2025 11:21 - WARNING - diff_pkt_count  , diff_gps_count ,  diff_pkt_timstamp
10-09-2025 11:21 - WARNING - 1882542 32 29207797 microseconds
10-09-2025 11:21 - WARNING - No packet loss: /data/dsp/GBD_TRANSIENT_BUFFER/J0953+0755/10_09_2025/PDR_GULP_data002.pcap_10_09_2025_10_46_1757481378.PCAP_PDR
10-09-2025 11:21 - WARNING - first_pkt_count, first_gps_count, first_pkt_Tstamp
10-09-2025 11:21 - WARNING - 2932143639 53581 2025-09-10T05:15:46.636911
10-09-2025 11:21 - WARNING - last_pkt_count, last_gps_count, last_pkt_Tstamp
10-09-2025 11:21 - WARNING - 2934026180 53617 2025-09-10T05:16:15.844689
10-09-2025 11:21 - WARNING - diff_pkt_count  , diff_gps_count ,  diff_pkt_timstamp
10-09-2025 11:21 - WARNING - 1882541 36 29207778 microseconds
10-09-2025 11:21 - WARNING - No packet loss: /data/dsp/GBD_TRANSIENT_BUFFER/J0953+0755/10_09_2025/PDR_GULP_data000.pcap_10_09_2025_10_46_1757481408.PCAP_PDR
10-09-2025 11:21 - WARNING - first_pkt_count, first_gps_count, first_pkt_Tstamp
10-09-2025 11:21 - WARNING - 2934026181 53617 2025-09-10T05:16:15.844689
10-09-2025 11:21 - WARNING - last_pkt_count, last_gps_count, last_pkt_Tstamp
10-09-2025 11:21 - WARNING - 2935908722 53652 2025-09-10T05:16:45.052501
10-09-2025 11:21 - WARNING - diff_pkt_count  , diff_gps_count ,  diff_pkt_timstamp
10-09-2025 11:21 - WARNING - 1882541 35 29207812 microseconds
10-09-2025 11:21 - WARNING - No packet loss: /data/dsp/GBD_TRANSIENT_BUFFER/J0953+0755/10_09_2025/PDR_GULP_data001.pcap_10_09_2025_10_47_1757481437.PCAP_PDR
10-09-2025 11:21 - WARNING - first_pkt_count, first_gps_count, first_pkt_Tstamp
10-09-2025 11:21 - WARNING - 2935908723 53652 2025-09-10T05:16:45.052501
10-09-2025 11:21 - WARNING - last_pkt_count, last_gps_count, last_pkt_Tstamp
10-09-2025 11:21 - WARNING - 2937791264 53685 2025-09-10T05:17:14.260268
10-09-2025 11:21 - WARNING - diff_pkt_count  , diff_gps_count ,  diff_pkt_timstamp
10-09-2025 11:21 - WARNING - 1882541 33 29207767 microseconds
10-09-2025 11:21 - WARNING - No packet loss: /data/dsp/GBD_TRANSIENT_BUFFER/J0953+0755/10_09_2025/PDR_GULP_data002.pcap_10_09_2025_10_47_1757481466.PCAP_PDR
10-09-2025 11:21 - WARNING - first_pkt_count, first_gps_count, first_pkt_Tstamp
10-09-2025 11:21 - WARNING - 2937791265 53685 2025-09-10T05:17:14.260268
10-09-2025 11:21 - WARNING - last_pkt_count, last_gps_count, last_pkt_Tstamp
10-09-2025 11:21 - WARNING - 2939673806 53721 2025-09-10T05:17:43.468065
10-09-2025 11:21 - WARNING - diff_pkt_count  , diff_gps_count ,  diff_pkt_timstamp
10-09-2025 11:21 - WARNING - 1882541 36 29207797 microseconds
10-09-2025 11:21 - WARNING - No packet loss: /data/dsp/GBD_TRANSIENT_BUFFER/J0953+0755/10_09_2025/PDR_GULP_data000.pcap_10_09_2025_10_48_1757481495.PCAP_PDR
10-09-2025 11:21 - WARNING - first_pkt_count, first_gps_count, first_pkt_Tstamp
10-09-2025 11:21 - WARNING - 2939673807 53721 2025-09-10T05:17:43.468065
10-09-2025 11:21 - WARNING - last_pkt_count, last_gps_count, last_pkt_Tstamp
10-09-2025 11:21 - WARNING - 2941556348 53756 2025-09-10T05:18:12.675841
10-09-2025 11:21 - WARNING - diff_pkt_count  , diff_gps_count ,  diff_pkt_timstamp
10-09-2025 11:21 - WARNING - 1882541 35 29207776 microseconds
10-09-2025 11:21 - WARNING - No packet loss: /data/dsp/GBD_TRANSIENT_BUFFER/J0953+0755/10_09_2025/PDR_GULP_data001.pcap_10_09_2025_10_48_1757481524.PCAP_PDR
10-09-2025 11:21 - WARNING - first_pkt_count, first_gps_count, first_pkt_Tstamp
10-09-2025 11:21 - WARNING - 2941556349 53756 2025-09-10T05:18:12.675894
10-09-2025 11:21 - WARNING - last_pkt_count, last_gps_count, last_pkt_Tstamp
10-09-2025 11:21 - WARNING - 2943438891 53791 2025-09-10T05:18:41.883649
10-09-2025 11:21 - WARNING - diff_pkt_count  , diff_gps_count ,  diff_pkt_timstamp
10-09-2025 11:21 - WARNING - 1882542 35 29207755 microseconds
10-09-2025 11:21 - WARNING - No packet loss: /data/dsp/GBD_TRANSIENT_BUFFER/J0953+0755/10_09_2025/PDR_GULP_data002.pcap_10_09_2025_10_49_1757481554.PCAP_PDR
10-09-2025 11:21 - WARNING - first_pkt_count, first_gps_count, first_pkt_Tstamp
10-09-2025 11:21 - WARNING - 2943438892 53791 2025-09-10T05:18:41.883701
10-09-2025 11:21 - WARNING - last_pkt_count, last_gps_count, last_pkt_Tstamp
10-09-2025 11:21 - WARNING - 2945321433 53827 2025-09-10T05:19:11.091477
10-09-2025 11:21 - WARNING - diff_pkt_count  , diff_gps_count ,  diff_pkt_timstamp
10-09-2025 11:21 - WARNING - 1882541 36 29207776 microseconds
10-09-2025 11:21 - WARNING - No packet loss: /data/dsp/GBD_TRANSIENT_BUFFER/J0953+0755/10_09_2025/PDR_GULP_data000.pcap_10_09_2025_10_49_1757481583.PCAP_PDR
10-09-2025 11:21 - WARNING - first_pkt_count, first_gps_count, first_pkt_Tstamp
10-09-2025 11:21 - WARNING - 2945321434 53827 2025-09-10T05:19:11.091477
10-09-2025 11:21 - WARNING - last_pkt_count, last_gps_count, last_pkt_Tstamp
10-09-2025 11:21 - WARNING - 2947203975 53860 2025-09-10T05:19:40.299283
10-09-2025 11:21 - WARNING - diff_pkt_count  , diff_gps_count ,  diff_pkt_timstamp
10-09-2025 11:21 - WARNING - 1882541 33 29207806 microseconds
10-09-2025 11:21 - WARNING - No packet loss: /data/dsp/GBD_TRANSIENT_BUFFER/J0953+0755/10_09_2025/PDR_GULP_data001.pcap_10_09_2025_10_50_1757481612.PCAP_PDR
10-09-2025 11:21 - WARNING - first_pkt_count, first_gps_count, first_pkt_Tstamp
10-09-2025 11:21 - WARNING - 2947203976 53860 2025-09-10T05:19:40.299283
10-09-2025 11:21 - WARNING - last_pkt_count, last_gps_count, last_pkt_Tstamp
10-09-2025 11:21 - WARNING - 2949086517 53895 2025-09-10T05:20:09.507057
10-09-2025 11:21 - WARNING - diff_pkt_count  , diff_gps_count ,  diff_pkt_timstamp
10-09-2025 11:21 - WARNING - 1882541 35 29207774 microseconds
10-09-2025 11:21 - WARNING - No packet loss: /data/dsp/GBD_TRANSIENT_BUFFER/J0953+0755/10_09_2025/PDR_GULP_data002.pcap_10_09_2025_10_50_1757481641.PCAP_PDR
10-09-2025 11:21 - WARNING - first_pkt_count, first_gps_count, first_pkt_Tstamp
10-09-2025 11:21 - WARNING - 2949086518 53895 2025-09-10T05:20:09.507058
10-09-2025 11:21 - WARNING - last_pkt_count, last_gps_count, last_pkt_Tstamp
10-09-2025 11:21 - WARNING - 2950969059 53932 2025-09-10T05:20:38.714842
10-09-2025 11:21 - WARNING - diff_pkt_count  , diff_gps_count ,  diff_pkt_timstamp
10-09-2025 11:21 - WARNING - 1882541 37 29207784 microseconds
10-09-2025 11:21 - WARNING - No packet loss: /data/dsp/GBD_TRANSIENT_BUFFER/J0953+0755/10_09_2025/PDR_GULP_data000.pcap_10_09_2025_10_51_1757481670.PCAP_PDR
10-09-2025 11:21 - WARNING - first_pkt_count, first_gps_count, first_pkt_Tstamp
10-09-2025 11:21 - WARNING - 2950969060 53932 2025-09-10T05:20:38.714894
10-09-2025 11:21 - WARNING - last_pkt_count, last_gps_count, last_pkt_Tstamp
10-09-2025 11:21 - WARNING - 2952851601 53965 2025-09-10T05:21:07.922625
10-09-2025 11:21 - WARNING - diff_pkt_count  , diff_gps_count ,  diff_pkt_timstamp
10-09-2025 11:21 - WARNING - 1882541 33 29207731 microseconds
10-09-2025 11:21 - WARNING - No packet loss: /data/dsp/GBD_TRANSIENT_BUFFER/J0953+0755/10_09_2025/PDR_GULP_data001.pcap_10_09_2025_10_51_1757481700.PCAP_PDR
10-09-2025 11:21 - WARNING - first_pkt_count, first_gps_count, first_pkt_Tstamp
10-09-2025 11:21 - WARNING - 2952851602 53965 2025-09-10T05:21:07.922677
10-09-2025 11:21 - WARNING - last_pkt_count, last_gps_count, last_pkt_Tstamp
10-09-2025 11:21 - WARNING - 2954734144 53999 2025-09-10T05:21:37.130484
10-09-2025 11:21 - WARNING - diff_pkt_count  , diff_gps_count ,  diff_pkt_timstamp
10-09-2025 11:21 - WARNING - 1882542 34 29207807 microseconds
10-09-2025 11:21 - WARNING - No packet loss: /data/dsp/GBD_TRANSIENT_BUFFER/J0953+0755/10_09_2025/PDR_GULP_data002.pcap_10_09_2025_10_52_1757481729.PCAP_PDR
10-09-2025 11:21 - WARNING - first_pkt_count, first_gps_count, first_pkt_Tstamp
10-09-2025 11:21 - WARNING - 2954734145 53999 2025-09-10T05:21:37.130484
10-09-2025 11:21 - WARNING - last_pkt_count, last_gps_count, last_pkt_Tstamp
10-09-2025 11:21 - WARNING - 2956616686 54035 2025-09-10T05:22:06.338218
10-09-2025 11:21 - WARNING - diff_pkt_count  , diff_gps_count ,  diff_pkt_timstamp
10-09-2025 11:21 - WARNING - 1882541 36 29207734 microseconds
10-09-2025 11:21 - WARNING - No packet loss: /data/dsp/GBD_TRANSIENT_BUFFER/J0953+0755/10_09_2025/PDR_GULP_data000.pcap_10_09_2025_10_52_1757481758.PCAP_PDR
10-09-2025 11:21 - WARNING - first_pkt_count, first_gps_count, first_pkt_Tstamp
10-09-2025 11:21 - WARNING - 2956616687 54035 2025-09-10T05:22:06.338272
10-09-2025 11:21 - WARNING - last_pkt_count, last_gps_count, last_pkt_Tstamp
10-09-2025 11:21 - WARNING - 2958499228 54070 2025-09-10T05:22:35.546014
10-09-2025 11:21 - WARNING - diff_pkt_count  , diff_gps_count ,  diff_pkt_timstamp
10-09-2025 11:21 - WARNING - 1882541 35 29207742 microseconds
10-09-2025 11:21 - WARNING - No packet loss: /data/dsp/GBD_TRANSIENT_BUFFER/J0953+0755/10_09_2025/PDR_GULP_data001.pcap_10_09_2025_10_53_1757481787.PCAP_PDR
10-09-2025 11:21 - WARNING - first_pkt_count, first_gps_count, first_pkt_Tstamp
10-09-2025 11:21 - WARNING - 2958499229 54070 2025-09-10T05:22:35.546068
10-09-2025 11:21 - WARNING - last_pkt_count, last_gps_count, last_pkt_Tstamp
10-09-2025 11:21 - WARNING - 2960381770 54107 2025-09-10T05:23:04.753823
10-09-2025 11:21 - WARNING - diff_pkt_count  , diff_gps_count ,  diff_pkt_timstamp
10-09-2025 11:21 - WARNING - 1882541 37 29207755 microseconds
10-09-2025 11:21 - WARNING - No packet loss: /data/dsp/GBD_TRANSIENT_BUFFER/J0953+0755/10_09_2025/PDR_GULP_data002.pcap_10_09_2025_10_53_1757481816.PCAP_PDR
10-09-2025 11:21 - WARNING - first_pkt_count, first_gps_count, first_pkt_Tstamp
10-09-2025 11:21 - WARNING - 2960381771 54107 2025-09-10T05:23:04.753875
10-09-2025 11:21 - WARNING - last_pkt_count, last_gps_count, last_pkt_Tstamp
10-09-2025 11:21 - WARNING - 2962264312 54140 2025-09-10T05:23:33.961633
10-09-2025 11:21 - WARNING - diff_pkt_count  , diff_gps_count ,  diff_pkt_timstamp
10-09-2025 11:21 - WARNING - 1882541 33 29207758 microseconds
10-09-2025 11:21 - WARNING - No packet loss: /data/dsp/GBD_TRANSIENT_BUFFER/J0953+0755/10_09_2025/PDR_GULP_data000.pcap_10_09_2025_10_54_1757481846.PCAP_PDR
10-09-2025 11:21 - WARNING - first_pkt_count, first_gps_count, first_pkt_Tstamp
10-09-2025 11:21 - WARNING - 2962264313 54140 2025-09-10T05:23:33.961633
10-09-2025 11:21 - WARNING - last_pkt_count, last_gps_count, last_pkt_Tstamp
10-09-2025 11:21 - WARNING - 2964146854 54174 2025-09-10T05:24:03.169435
10-09-2025 11:21 - WARNING - diff_pkt_count  , diff_gps_count ,  diff_pkt_timstamp
10-09-2025 11:21 - WARNING - 1882541 34 29207802 microseconds
10-09-2025 11:21 - WARNING - No packet loss: /data/dsp/GBD_TRANSIENT_BUFFER/J0953+0755/10_09_2025/PDR_GULP_data001.pcap_10_09_2025_10_54_1757481875.PCAP_PDR
10-09-2025 11:21 - WARNING - first_pkt_count, first_gps_count, first_pkt_Tstamp
10-09-2025 11:21 - WARNING - 2964146855 54174 2025-09-10T05:24:03.169435
10-09-2025 11:21 - WARNING - last_pkt_count, last_gps_count, last_pkt_Tstamp
10-09-2025 11:21 - WARNING - 2966029397 54206 2025-09-10T05:24:32.377214
10-09-2025 11:21 - WARNING - diff_pkt_count  , diff_gps_count ,  diff_pkt_timstamp
10-09-2025 11:21 - WARNING - 1882542 32 29207779 microseconds
10-09-2025 11:21 - WARNING - No packet loss: /data/dsp/GBD_TRANSIENT_BUFFER/J0953+0755/10_09_2025/PDR_GULP_data002.pcap_10_09_2025_10_55_1757481904.PCAP_PDR
10-09-2025 11:21 - WARNING - first_pkt_count, first_gps_count, first_pkt_Tstamp
10-09-2025 11:21 - WARNING - 2966029398 54206 2025-09-10T05:24:32.377267
10-09-2025 11:21 - WARNING - last_pkt_count, last_gps_count, last_pkt_Tstamp
10-09-2025 11:21 - WARNING - 2967911939 54239 2025-09-10T05:25:01.585035
10-09-2025 11:21 - WARNING - diff_pkt_count  , diff_gps_count ,  diff_pkt_timstamp
10-09-2025 11:21 - WARNING - 1882541 33 29207768 microseconds
10-09-2025 11:21 - WARNING - No packet loss: /data/dsp/GBD_TRANSIENT_BUFFER/J0953+0755/10_09_2025/PDR_GULP_data000.pcap_10_09_2025_10_55_1757481933.PCAP_PDR
10-09-2025 11:21 - WARNING - first_pkt_count, first_gps_count, first_pkt_Tstamp
10-09-2025 11:21 - WARNING - 2967911940 54239 2025-09-10T05:25:01.585035
10-09-2025 11:21 - WARNING - last_pkt_count, last_gps_count, last_pkt_Tstamp
10-09-2025 11:21 - WARNING - 2969794481 54274 2025-09-10T05:25:30.792818
10-09-2025 11:21 - WARNING - diff_pkt_count  , diff_gps_count ,  diff_pkt_timstamp
10-09-2025 11:21 - WARNING - 1882541 35 29207783 microseconds
10-09-2025 11:21 - WARNING - No packet loss: /data/dsp/GBD_TRANSIENT_BUFFER/J0953+0755/10_09_2025/PDR_GULP_data001.pcap_10_09_2025_10_56_1757481963.PCAP_PDR
10-09-2025 11:21 - WARNING - first_pkt_count, first_gps_count, first_pkt_Tstamp
10-09-2025 11:21 - WARNING - 2969794482 54274 2025-09-10T05:25:30.792819
10-09-2025 11:21 - WARNING - last_pkt_count, last_gps_count, last_pkt_Tstamp
10-09-2025 11:21 - WARNING - 2971677023 54309 2025-09-10T05:26:00.000587
10-09-2025 11:21 - WARNING - diff_pkt_count  , diff_gps_count ,  diff_pkt_timstamp
10-09-2025 11:21 - WARNING - 1882541 35 29207768 microseconds
10-09-2025 11:21 - WARNING - No packet loss: /data/dsp/GBD_TRANSIENT_BUFFER/J0953+0755/10_09_2025/PDR_GULP_data002.pcap_10_09_2025_10_56_1757481992.PCAP_PDR
10-09-2025 11:21 - WARNING - first_pkt_count, first_gps_count, first_pkt_Tstamp
10-09-2025 11:21 - WARNING - 2971677024 54309 2025-09-10T05:26:00.000638
10-09-2025 11:21 - WARNING - last_pkt_count, last_gps_count, last_pkt_Tstamp
10-09-2025 11:21 - WARNING - 2973559565 54340 2025-09-10T05:26:29.208410
10-09-2025 11:21 - WARNING - diff_pkt_count  , diff_gps_count ,  diff_pkt_timstamp
10-09-2025 11:21 - WARNING - 1882541 31 29207772 microseconds
10-09-2025 11:21 - WARNING - No packet loss: /data/dsp/GBD_TRANSIENT_BUFFER/J0953+0755/10_09_2025/PDR_GULP_data000.pcap_10_09_2025_10_57_1757482021.PCAP_PDR
10-09-2025 11:21 - WARNING - first_pkt_count, first_gps_count, first_pkt_Tstamp
10-09-2025 11:21 - WARNING - 2973559566 54340 2025-09-10T05:26:29.208410
10-09-2025 11:21 - WARNING - last_pkt_count, last_gps_count, last_pkt_Tstamp
10-09-2025 11:21 - WARNING - 2975442107 54373 2025-09-10T05:26:58.416254
10-09-2025 11:21 - WARNING - diff_pkt_count  , diff_gps_count ,  diff_pkt_timstamp
10-09-2025 11:21 - WARNING - 1882541 33 29207844 microseconds
10-09-2025 11:21 - WARNING - No packet loss: /data/dsp/GBD_TRANSIENT_BUFFER/J0953+0755/10_09_2025/PDR_GULP_data001.pcap_10_09_2025_10_57_1757482050.PCAP_PDR
10-09-2025 11:21 - WARNING - first_pkt_count, first_gps_count, first_pkt_Tstamp
10-09-2025 11:21 - WARNING - 2975442108 54373 2025-09-10T05:26:58.416254
10-09-2025 11:21 - WARNING - last_pkt_count, last_gps_count, last_pkt_Tstamp
10-09-2025 11:21 - WARNING - 2977324650 54409 2025-09-10T05:27:27.624011
10-09-2025 11:21 - WARNING - diff_pkt_count  , diff_gps_count ,  diff_pkt_timstamp
10-09-2025 11:21 - WARNING - 1882542 36 29207757 microseconds
10-09-2025 11:21 - WARNING - No packet loss: /data/dsp/GBD_TRANSIENT_BUFFER/J0953+0755/10_09_2025/PDR_GULP_data002.pcap_10_09_2025_10_57_1757482079.PCAP_PDR
10-09-2025 11:21 - WARNING - first_pkt_count, first_gps_count, first_pkt_Tstamp
10-09-2025 11:21 - WARNING - 2977324651 54409 2025-09-10T05:27:27.624012
10-09-2025 11:21 - WARNING - last_pkt_count, last_gps_count, last_pkt_Tstamp
10-09-2025 11:21 - WARNING - 2979207192 54441 2025-09-10T05:27:56.831812
10-09-2025 11:21 - WARNING - diff_pkt_count  , diff_gps_count ,  diff_pkt_timstamp
10-09-2025 11:21 - WARNING - 1882541 32 29207800 microseconds
10-09-2025 11:21 - WARNING - No packet loss: /data/dsp/GBD_TRANSIENT_BUFFER/J0953+0755/10_09_2025/PDR_GULP_data000.pcap_10_09_2025_10_58_1757482109.PCAP_PDR
10-09-2025 11:21 - WARNING - first_pkt_count, first_gps_count, first_pkt_Tstamp
10-09-2025 11:21 - WARNING - 2979207193 54441 2025-09-10T05:27:56.831812
10-09-2025 11:21 - WARNING - last_pkt_count, last_gps_count, last_pkt_Tstamp
10-09-2025 11:21 - WARNING - 2981089734 54475 2025-09-10T05:28:26.039626
10-09-2025 11:21 - WARNING - diff_pkt_count  , diff_gps_count ,  diff_pkt_timstamp
10-09-2025 11:21 - WARNING - 1882541 34 29207814 microseconds
10-09-2025 11:21 - WARNING - No packet loss: /data/dsp/GBD_TRANSIENT_BUFFER/J0953+0755/10_09_2025/PDR_GULP_data001.pcap_10_09_2025_10_58_1757482138.PCAP_PDR
10-09-2025 11:21 - WARNING - first_pkt_count, first_gps_count, first_pkt_Tstamp
10-09-2025 11:21 - WARNING - 2981089735 54475 2025-09-10T05:28:26.039627
10-09-2025 11:21 - WARNING - last_pkt_count, last_gps_count, last_pkt_Tstamp
10-09-2025 11:21 - WARNING - 2982972276 54510 2025-09-10T05:28:55.247464
10-09-2025 11:21 - WARNING - diff_pkt_count  , diff_gps_count ,  diff_pkt_timstamp
10-09-2025 11:21 - WARNING - 1882541 35 29207837 microseconds
10-09-2025 11:21 - WARNING - No packet loss: /data/dsp/GBD_TRANSIENT_BUFFER/J0953+0755/10_09_2025/PDR_GULP_data002.pcap_10_09_2025_10_59_1757482167.PCAP_PDR
10-09-2025 11:21 - WARNING - first_pkt_count, first_gps_count, first_pkt_Tstamp
10-09-2025 11:21 - WARNING - 2982972277 54510 2025-09-10T05:28:55.247464
10-09-2025 11:21 - WARNING - last_pkt_count, last_gps_count, last_pkt_Tstamp
10-09-2025 11:21 - WARNING - 2984854818 54543 2025-09-10T05:29:24.455213
10-09-2025 11:21 - WARNING - diff_pkt_count  , diff_gps_count ,  diff_pkt_timstamp
10-09-2025 11:21 - WARNING - 1882541 33 29207749 microseconds
10-09-2025 11:21 - WARNING - No packet loss: /data/dsp/GBD_TRANSIENT_BUFFER/J0953+0755/10_09_2025/PDR_GULP_data000.pcap_10_09_2025_10_59_1757482196.PCAP_PDR
10-09-2025 11:21 - WARNING - first_pkt_count, first_gps_count, first_pkt_Tstamp
10-09-2025 11:21 - WARNING - 2984854819 54543 2025-09-10T05:29:24.455213
10-09-2025 11:21 - WARNING - last_pkt_count, last_gps_count, last_pkt_Tstamp
10-09-2025 11:21 - WARNING - 2986737360 54574 2025-09-10T05:29:53.662979
10-09-2025 11:21 - WARNING - diff_pkt_count  , diff_gps_count ,  diff_pkt_timstamp
10-09-2025 11:21 - WARNING - 1882541 31 29207766 microseconds
10-09-2025 11:21 - WARNING - No packet loss: /data/dsp/GBD_TRANSIENT_BUFFER/J0953+0755/10_09_2025/PDR_GULP_data001.pcap_10_09_2025_11_00_1757482225.PCAP_PDR
10-09-2025 11:21 - WARNING - first_pkt_count, first_gps_count, first_pkt_Tstamp
10-09-2025 11:21 - WARNING - 2986737361 54574 2025-09-10T05:29:53.663069
10-09-2025 11:21 - WARNING - last_pkt_count, last_gps_count, last_pkt_Tstamp
10-09-2025 11:21 - WARNING - 2988619903 54608 2025-09-10T05:30:22.870784
10-09-2025 11:21 - WARNING - diff_pkt_count  , diff_gps_count ,  diff_pkt_timstamp
10-09-2025 11:21 - WARNING - 1882542 34 29207715 microseconds
10-09-2025 11:21 - WARNING - No packet loss: /data/dsp/GBD_TRANSIENT_BUFFER/J0953+0755/10_09_2025/PDR_GULP_data002.pcap_10_09_2025_11_00_1757482255.PCAP_PDR
10-09-2025 11:21 - WARNING - first_pkt_count, first_gps_count, first_pkt_Tstamp
10-09-2025 11:21 - WARNING - 2988619904 54608 2025-09-10T05:30:22.870785
10-09-2025 11:21 - WARNING - last_pkt_count, last_gps_count, last_pkt_Tstamp
10-09-2025 11:21 - WARNING - 2990502445 54641 2025-09-10T05:30:52.078633
10-09-2025 11:21 - WARNING - diff_pkt_count  , diff_gps_count ,  diff_pkt_timstamp
10-09-2025 11:21 - WARNING - 1882541 33 29207848 microseconds
10-09-2025 11:21 - WARNING - No packet loss: /data/dsp/GBD_TRANSIENT_BUFFER/J0953+0755/10_09_2025/PDR_GULP_data000.pcap_10_09_2025_11_01_1757482284.PCAP_PDR
10-09-2025 11:21 - WARNING - first_pkt_count, first_gps_count, first_pkt_Tstamp
10-09-2025 11:21 - WARNING - 2990502446 54641 2025-09-10T05:30:52.078633
10-09-2025 11:21 - WARNING - last_pkt_count, last_gps_count, last_pkt_Tstamp
10-09-2025 11:21 - WARNING - 2992384987 54674 2025-09-10T05:31:21.286414
10-09-2025 11:21 - WARNING - diff_pkt_count  , diff_gps_count ,  diff_pkt_timstamp
10-09-2025 11:21 - WARNING - 1882541 33 29207781 microseconds
10-09-2025 11:21 - WARNING - No packet loss: /data/dsp/GBD_TRANSIENT_BUFFER/J0953+0755/10_09_2025/PDR_GULP_data001.pcap_10_09_2025_11_01_1757482313.PCAP_PDR
10-09-2025 11:21 - WARNING - first_pkt_count, first_gps_count, first_pkt_Tstamp
10-09-2025 11:21 - WARNING - 2992384988 54674 2025-09-10T05:31:21.286414
10-09-2025 11:21 - WARNING - last_pkt_count, last_gps_count, last_pkt_Tstamp
10-09-2025 11:21 - WARNING - 2994267529 54709 2025-09-10T05:31:50.494195
10-09-2025 11:21 - WARNING - diff_pkt_count  , diff_gps_count ,  diff_pkt_timstamp
10-09-2025 11:21 - WARNING - 1882541 35 29207781 microseconds
10-09-2025 11:21 - WARNING - No packet loss: /data/dsp/GBD_TRANSIENT_BUFFER/J0953+0755/10_09_2025/PDR_GULP_data002.pcap_10_09_2025_11_02_1757482342.PCAP_PDR
10-09-2025 11:21 - WARNING - first_pkt_count, first_gps_count, first_pkt_Tstamp
10-09-2025 11:21 - WARNING - 2994267530 54709 2025-09-10T05:31:50.494195
10-09-2025 11:21 - WARNING - last_pkt_count, last_gps_count, last_pkt_Tstamp
10-09-2025 11:21 - WARNING - 2996150071 54746 2025-09-10T05:32:19.701987
10-09-2025 11:21 - WARNING - diff_pkt_count  , diff_gps_count ,  diff_pkt_timstamp
10-09-2025 11:21 - WARNING - 1882541 37 29207792 microseconds
10-09-2025 11:21 - WARNING - No packet loss: /data/dsp/GBD_TRANSIENT_BUFFER/J0953+0755/10_09_2025/PDR_GULP_data000.pcap_10_09_2025_11_02_1757482371.PCAP_PDR
10-09-2025 11:21 - WARNING - first_pkt_count, first_gps_count, first_pkt_Tstamp
10-09-2025 11:21 - WARNING - 2996150072 54746 2025-09-10T05:32:19.701988
10-09-2025 11:21 - WARNING - last_pkt_count, last_gps_count, last_pkt_Tstamp
10-09-2025 11:21 - WARNING - 2998032613 54778 2025-09-10T05:32:48.909790
10-09-2025 11:21 - WARNING - diff_pkt_count  , diff_gps_count ,  diff_pkt_timstamp
10-09-2025 11:21 - WARNING - 1882541 32 29207802 microseconds
10-09-2025 11:21 - WARNING - No packet loss: /data/dsp/GBD_TRANSIENT_BUFFER/J0953+0755/10_09_2025/PDR_GULP_data001.pcap_10_09_2025_11_03_1757482401.PCAP_PDR
10-09-2025 11:21 - WARNING - first_pkt_count, first_gps_count, first_pkt_Tstamp
10-09-2025 11:21 - WARNING - 2998032614 54778 2025-09-10T05:32:48.909791
10-09-2025 11:21 - WARNING - last_pkt_count, last_gps_count, last_pkt_Tstamp
10-09-2025 11:21 - WARNING - 2999915156 54808 2025-09-10T05:33:18.117622
10-09-2025 11:21 - WARNING - diff_pkt_count  , diff_gps_count ,  diff_pkt_timstamp
10-09-2025 11:21 - WARNING - 1882542 30 29207831 microseconds
10-09-2025 11:21 - WARNING - No packet loss: /data/dsp/GBD_TRANSIENT_BUFFER/J0953+0755/10_09_2025/PDR_GULP_data002.pcap_10_09_2025_11_03_1757482430.PCAP_PDR
10-09-2025 11:21 - WARNING - first_pkt_count, first_gps_count, first_pkt_Tstamp
10-09-2025 11:21 - WARNING - 2999915157 54808 2025-09-10T05:33:18.117623
10-09-2025 11:21 - WARNING - last_pkt_count, last_gps_count, last_pkt_Tstamp
10-09-2025 11:21 - WARNING - 3001797698 54842 2025-09-10T05:33:47.325384
10-09-2025 11:21 - WARNING - diff_pkt_count  , diff_gps_count ,  diff_pkt_timstamp
10-09-2025 11:21 - WARNING - 1882541 34 29207761 microseconds
10-09-2025 11:21 - WARNING - No packet loss: /data/dsp/GBD_TRANSIENT_BUFFER/J0953+0755/10_09_2025/PDR_GULP_data000.pcap_10_09_2025_11_04_1757482459.PCAP_PDR
10-09-2025 11:21 - WARNING - first_pkt_count, first_gps_count, first_pkt_Tstamp
10-09-2025 11:21 - WARNING - 3001797699 54842 2025-09-10T05:33:47.325437
10-09-2025 11:21 - WARNING - last_pkt_count, last_gps_count, last_pkt_Tstamp
10-09-2025 11:21 - WARNING - 3003680240 54873 2025-09-10T05:34:16.533194
10-09-2025 11:21 - WARNING - diff_pkt_count  , diff_gps_count ,  diff_pkt_timstamp
10-09-2025 11:21 - WARNING - 1882541 31 29207757 microseconds
10-09-2025 11:21 - WARNING - No packet loss: /data/dsp/GBD_TRANSIENT_BUFFER/J0953+0755/10_09_2025/PDR_GULP_data001.pcap_10_09_2025_11_04_1757482488.PCAP_PDR
10-09-2025 11:21 - WARNING - first_pkt_count, first_gps_count, first_pkt_Tstamp
10-09-2025 11:21 - WARNING - 3003680241 54873 2025-09-10T05:34:16.533194
10-09-2025 11:21 - WARNING - last_pkt_count, last_gps_count, last_pkt_Tstamp
10-09-2025 11:21 - WARNING - 3005562782 54907 2025-09-10T05:34:45.740974
10-09-2025 11:21 - WARNING - diff_pkt_count  , diff_gps_count ,  diff_pkt_timstamp
10-09-2025 11:21 - WARNING - 1882541 34 29207780 microseconds
10-09-2025 11:21 - WARNING - No packet loss: /data/dsp/GBD_TRANSIENT_BUFFER/J0953+0755/10_09_2025/PDR_GULP_data002.pcap_10_09_2025_11_05_1757482517.PCAP_PDR
10-09-2025 11:21 - WARNING - first_pkt_count, first_gps_count, first_pkt_Tstamp
10-09-2025 11:21 - WARNING - 3005562783 54907 2025-09-10T05:34:45.741062
10-09-2025 11:21 - WARNING - last_pkt_count, last_gps_count, last_pkt_Tstamp
10-09-2025 11:21 - WARNING - 3007445324 54940 2025-09-10T05:35:14.948777
10-09-2025 11:21 - WARNING - diff_pkt_count  , diff_gps_count ,  diff_pkt_timstamp
10-09-2025 11:21 - WARNING - 1882541 33 29207715 microseconds
10-09-2025 11:21 - WARNING - No packet loss: /data/dsp/GBD_TRANSIENT_BUFFER/J0953+0755/10_09_2025/PDR_GULP_data000.pcap_10_09_2025_11_05_1757482547.PCAP_PDR
10-09-2025 11:21 - WARNING - first_pkt_count, first_gps_count, first_pkt_Tstamp
10-09-2025 11:21 - WARNING - 3007445325 54940 2025-09-10T05:35:14.948778
10-09-2025 11:21 - WARNING - last_pkt_count, last_gps_count, last_pkt_Tstamp
10-09-2025 11:21 - WARNING - 3009327866 54977 2025-09-10T05:35:44.156590
10-09-2025 11:21 - WARNING - diff_pkt_count  , diff_gps_count ,  diff_pkt_timstamp
10-09-2025 11:21 - WARNING - 1882541 37 29207812 microseconds
10-09-2025 11:21 - WARNING - No packet loss: /data/dsp/GBD_TRANSIENT_BUFFER/J0953+0755/10_09_2025/PDR_GULP_data001.pcap_10_09_2025_11_06_1757482576.PCAP_PDR
10-09-2025 11:21 - WARNING - first_pkt_count, first_gps_count, first_pkt_Tstamp
10-09-2025 11:21 - WARNING - 3009327867 54977 2025-09-10T05:35:44.156590
10-09-2025 11:21 - WARNING - last_pkt_count, last_gps_count, last_pkt_Tstamp
10-09-2025 11:21 - WARNING - 3011210409 55012 2025-09-10T05:36:13.364397
10-09-2025 11:21 - WARNING - diff_pkt_count  , diff_gps_count ,  diff_pkt_timstamp
10-09-2025 11:21 - WARNING - 1882542 35 29207807 microseconds
10-09-2025 11:21 - WARNING - No packet loss: /data/dsp/GBD_TRANSIENT_BUFFER/J0953+0755/10_09_2025/PDR_GULP_data002.pcap_10_09_2025_11_06_1757482605.PCAP_PDR
10-09-2025 11:21 - WARNING - first_pkt_count, first_gps_count, first_pkt_Tstamp
10-09-2025 11:21 - WARNING - 3011210410 55012 2025-09-10T05:36:13.364398
10-09-2025 11:21 - WARNING - last_pkt_count, last_gps_count, last_pkt_Tstamp
10-09-2025 11:21 - WARNING - 3013092951 55049 2025-09-10T05:36:42.572161
10-09-2025 11:21 - WARNING - diff_pkt_count  , diff_gps_count ,  diff_pkt_timstamp
10-09-2025 11:21 - WARNING - 1882541 37 29207763 microseconds
10-09-2025 11:21 - WARNING - No packet loss: /data/dsp/GBD_TRANSIENT_BUFFER/J0953+0755/10_09_2025/PDR_GULP_data000.pcap_10_09_2025_11_07_1757482634.PCAP_PDR
10-09-2025 11:21 - WARNING - first_pkt_count, first_gps_count, first_pkt_Tstamp
10-09-2025 11:21 - WARNING - 3013092952 55049 2025-09-10T05:36:42.572226
10-09-2025 11:21 - WARNING - last_pkt_count, last_gps_count, last_pkt_Tstamp
10-09-2025 11:21 - WARNING - 3014975493 55084 2025-09-10T05:37:11.780056
10-09-2025 11:21 - WARNING - diff_pkt_count  , diff_gps_count ,  diff_pkt_timstamp
10-09-2025 11:21 - WARNING - 1882541 35 29207830 microseconds
10-09-2025 11:21 - WARNING - No packet loss: /data/dsp/GBD_TRANSIENT_BUFFER/J0953+0755/10_09_2025/PDR_GULP_data001.pcap_10_09_2025_11_07_1757482663.PCAP_PDR
10-09-2025 11:21 - WARNING - first_pkt_count, first_gps_count, first_pkt_Tstamp
10-09-2025 11:21 - WARNING - 3014975494 55084 2025-09-10T05:37:11.780056
10-09-2025 11:21 - WARNING - last_pkt_count, last_gps_count, last_pkt_Tstamp
10-09-2025 11:21 - WARNING - 3016858035 55126 2025-09-10T05:37:40.987797
10-09-2025 11:21 - WARNING - diff_pkt_count  , diff_gps_count ,  diff_pkt_timstamp
10-09-2025 11:21 - WARNING - 1882541 42 29207741 microseconds
10-09-2025 11:21 - WARNING - No packet loss: /data/dsp/GBD_TRANSIENT_BUFFER/J0953+0755/10_09_2025/PDR_GULP_data002.pcap_10_09_2025_11_08_1757482693.PCAP_PDR
10-09-2025 11:21 - WARNING - first_pkt_count, first_gps_count, first_pkt_Tstamp
10-09-2025 11:21 - WARNING - 3016858036 55126 2025-09-10T05:37:40.987880
10-09-2025 11:21 - WARNING - last_pkt_count, last_gps_count, last_pkt_Tstamp
10-09-2025 11:21 - WARNING - 3018740577 55161 2025-09-10T05:38:10.195626
10-09-2025 11:21 - WARNING - diff_pkt_count  , diff_gps_count ,  diff_pkt_timstamp
10-09-2025 11:21 - WARNING - 1882541 35 29207746 microseconds
10-09-2025 11:21 - WARNING - No packet loss: /data/dsp/GBD_TRANSIENT_BUFFER/J0953+0755/10_09_2025/PDR_GULP_data000.pcap_10_09_2025_11_08_1757482722.PCAP_PDR
10-09-2025 11:21 - WARNING - first_pkt_count, first_gps_count, first_pkt_Tstamp
10-09-2025 11:21 - WARNING - 3018740578 55161 2025-09-10T05:38:10.195626
10-09-2025 11:21 - WARNING - last_pkt_count, last_gps_count, last_pkt_Tstamp
10-09-2025 11:21 - WARNING - 3020623119 55194 2025-09-10T05:38:39.403412
10-09-2025 11:21 - WARNING - diff_pkt_count  , diff_gps_count ,  diff_pkt_timstamp
10-09-2025 11:21 - WARNING - 1882541 33 29207786 microseconds
10-09-2025 11:21 - WARNING - No packet loss: /data/dsp/GBD_TRANSIENT_BUFFER/J0953+0755/10_09_2025/PDR_GULP_data001.pcap_10_09_2025_11_09_1757482751.PCAP_PDR
10-09-2025 11:21 - WARNING - first_pkt_count, first_gps_count, first_pkt_Tstamp
10-09-2025 11:21 - WARNING - 3020623120 55194 2025-09-10T05:38:39.403412
10-09-2025 11:21 - WARNING - last_pkt_count, last_gps_count, last_pkt_Tstamp
10-09-2025 11:21 - WARNING - 3022505662 55228 2025-09-10T05:39:08.611161
10-09-2025 11:21 - WARNING - diff_pkt_count  , diff_gps_count ,  diff_pkt_timstamp
10-09-2025 11:21 - WARNING - 1882542 34 29207749 microseconds
10-09-2025 11:21 - WARNING - No packet loss: /data/dsp/GBD_TRANSIENT_BUFFER/J0953+0755/10_09_2025/PDR_GULP_data002.pcap_10_09_2025_11_09_1757482780.PCAP_PDR
10-09-2025 11:21 - WARNING - first_pkt_count, first_gps_count, first_pkt_Tstamp
10-09-2025 11:21 - WARNING - 3022505663 55228 2025-09-10T05:39:08.611212
10-09-2025 11:21 - WARNING - last_pkt_count, last_gps_count, last_pkt_Tstamp
10-09-2025 11:21 - WARNING - 3024388204 55265 2025-09-10T05:39:37.818999
10-09-2025 11:21 - WARNING - diff_pkt_count  , diff_gps_count ,  diff_pkt_timstamp
10-09-2025 11:21 - WARNING - 1882541 37 29207787 microseconds
10-09-2025 11:21 - WARNING - No packet loss: /data/dsp/GBD_TRANSIENT_BUFFER/J0953+0755/10_09_2025/PDR_GULP_data000.pcap_10_09_2025_11_10_1757482810.PCAP_PDR
10-09-2025 11:21 - WARNING - first_pkt_count, first_gps_count, first_pkt_Tstamp
10-09-2025 11:21 - WARNING - 3024388205 55265 2025-09-10T05:39:37.818999
10-09-2025 11:21 - WARNING - last_pkt_count, last_gps_count, last_pkt_Tstamp
10-09-2025 11:21 - WARNING - 3026270746 55301 2025-09-10T05:40:07.026834
10-09-2025 11:21 - WARNING - diff_pkt_count  , diff_gps_count ,  diff_pkt_timstamp
10-09-2025 11:21 - WARNING - 1882541 36 29207835 microseconds
10-09-2025 11:21 - WARNING - No packet loss: /data/dsp/GBD_TRANSIENT_BUFFER/J0953+0755/10_09_2025/PDR_GULP_data001.pcap_10_09_2025_11_10_1757482839.PCAP_PDR
10-09-2025 11:21 - WARNING - first_pkt_count, first_gps_count, first_pkt_Tstamp
10-09-2025 11:21 - WARNING - 3026270747 55301 2025-09-10T05:40:07.026834
10-09-2025 11:21 - WARNING - last_pkt_count, last_gps_count, last_pkt_Tstamp
10-09-2025 11:21 - WARNING - 3028153288 55335 2025-09-10T05:40:36.234589
10-09-2025 11:21 - WARNING - diff_pkt_count  , diff_gps_count ,  diff_pkt_timstamp
10-09-2025 11:21 - WARNING - 1882541 34 29207755 microseconds
10-09-2025 11:21 - WARNING - No packet loss: /data/dsp/GBD_TRANSIENT_BUFFER/J0953+0755/10_09_2025/PDR_GULP_data002.pcap_10_09_2025_11_11_1757482868.PCAP_PDR
10-09-2025 11:21 - WARNING - first_pkt_count, first_gps_count, first_pkt_Tstamp
10-09-2025 11:21 - WARNING - 3028153289 55335 2025-09-10T05:40:36.234590
10-09-2025 11:21 - WARNING - last_pkt_count, last_gps_count, last_pkt_Tstamp
10-09-2025 11:21 - WARNING - 3030035830 55370 2025-09-10T05:41:05.442381
10-09-2025 11:21 - WARNING - diff_pkt_count  , diff_gps_count ,  diff_pkt_timstamp
10-09-2025 11:21 - WARNING - 1882541 35 29207791 microseconds
10-09-2025 11:21 - WARNING - No packet loss: /data/dsp/GBD_TRANSIENT_BUFFER/J0953+0755/10_09_2025/PDR_GULP_data000.pcap_10_09_2025_11_11_1757482897.PCAP_PDR
10-09-2025 11:21 - WARNING - first_pkt_count, first_gps_count, first_pkt_Tstamp
10-09-2025 11:21 - WARNING - 3030035831 55370 2025-09-10T05:41:05.442381
10-09-2025 11:21 - WARNING - last_pkt_count, last_gps_count, last_pkt_Tstamp
10-09-2025 11:21 - WARNING - 3031918372 55405 2025-09-10T05:41:34.650210
10-09-2025 11:21 - WARNING - diff_pkt_count  , diff_gps_count ,  diff_pkt_timstamp
10-09-2025 11:21 - WARNING - 1882541 35 29207829 microseconds
10-09-2025 11:21 - WARNING - No packet loss: /data/dsp/GBD_TRANSIENT_BUFFER/J0953+0755/10_09_2025/PDR_GULP_data001.pcap_10_09_2025_11_12_1757482926.PCAP_PDR
10-09-2025 11:21 - WARNING - first_pkt_count, first_gps_count, first_pkt_Tstamp
10-09-2025 11:21 - WARNING - 3031918373 55405 2025-09-10T05:41:34.650210
10-09-2025 11:21 - WARNING - last_pkt_count, last_gps_count, last_pkt_Tstamp
10-09-2025 11:21 - WARNING - 3033800915 55438 2025-09-10T05:42:03.858003
10-09-2025 11:21 - WARNING - diff_pkt_count  , diff_gps_count ,  diff_pkt_timstamp
10-09-2025 11:21 - WARNING - 1882542 33 29207793 microseconds
10-09-2025 11:21 - WARNING - No packet loss: /data/dsp/GBD_TRANSIENT_BUFFER/J0953+0755/10_09_2025/PDR_GULP_data002.pcap_10_09_2025_11_12_1757482956.PCAP_PDR
10-09-2025 11:21 - WARNING - first_pkt_count, first_gps_count, first_pkt_Tstamp
10-09-2025 11:21 - WARNING - 3033800916 55438 2025-09-10T05:42:03.858086
10-09-2025 11:21 - WARNING - last_pkt_count, last_gps_count, last_pkt_Tstamp
10-09-2025 11:21 - WARNING - 3035683457 55470 2025-09-10T05:42:33.065794
10-09-2025 11:21 - WARNING - diff_pkt_count  , diff_gps_count ,  diff_pkt_timstamp
10-09-2025 11:21 - WARNING - 1882541 32 29207708 microseconds
10-09-2025 11:21 - WARNING - No packet loss: /data/dsp/GBD_TRANSIENT_BUFFER/J0953+0755/10_09_2025/PDR_GULP_data000.pcap_10_09_2025_11_13_1757482985.PCAP_PDR
10-09-2025 11:21 - WARNING - first_pkt_count, first_gps_count, first_pkt_Tstamp
10-09-2025 11:21 - WARNING - 3035683458 55470 2025-09-10T05:42:33.065794
10-09-2025 11:21 - WARNING - last_pkt_count, last_gps_count, last_pkt_Tstamp
10-09-2025 11:21 - WARNING - 3037565999 55509 2025-09-10T05:43:02.273589
10-09-2025 11:21 - WARNING - diff_pkt_count  , diff_gps_count ,  diff_pkt_timstamp
10-09-2025 11:21 - WARNING - 1882541 39 29207795 microseconds
10-09-2025 11:21 - WARNING - No packet loss: /data/dsp/GBD_TRANSIENT_BUFFER/J0953+0755/10_09_2025/PDR_GULP_data001.pcap_10_09_2025_11_13_1757483014.PCAP_PDR
10-09-2025 11:21 - WARNING - first_pkt_count, first_gps_count, first_pkt_Tstamp
10-09-2025 11:21 - WARNING - 3037566000 55509 2025-09-10T05:43:02.273590
10-09-2025 11:21 - WARNING - last_pkt_count, last_gps_count, last_pkt_Tstamp
10-09-2025 11:21 - WARNING - 3039448541 55543 2025-09-10T05:43:31.481398
10-09-2025 11:21 - WARNING - diff_pkt_count  , diff_gps_count ,  diff_pkt_timstamp
10-09-2025 11:21 - WARNING - 1882541 34 29207808 microseconds
10-09-2025 11:21 - WARNING - No packet loss: /data/dsp/GBD_TRANSIENT_BUFFER/J0953+0755/10_09_2025/PDR_GULP_data002.pcap_10_09_2025_11_14_1757483043.PCAP_PDR
10-09-2025 11:21 - WARNING - first_pkt_count, first_gps_count, first_pkt_Tstamp
10-09-2025 11:21 - WARNING - 3039448542 55543 2025-09-10T05:43:31.481398
10-09-2025 11:21 - WARNING - last_pkt_count, last_gps_count, last_pkt_Tstamp
10-09-2025 11:21 - WARNING - 3041331083 55579 2025-09-10T05:44:00.689191
10-09-2025 11:21 - WARNING - diff_pkt_count  , diff_gps_count ,  diff_pkt_timstamp
10-09-2025 11:21 - WARNING - 1882541 36 29207793 microseconds
10-09-2025 11:21 - WARNING - No packet loss: /data/dsp/GBD_TRANSIENT_BUFFER/J0953+0755/10_09_2025/PDR_GULP_data000.pcap_10_09_2025_11_14_1757483072.PCAP_PDR
10-09-2025 11:21 - WARNING - first_pkt_count, first_gps_count, first_pkt_Tstamp
10-09-2025 11:21 - WARNING - 3041331084 55579 2025-09-10T05:44:00.689192
10-09-2025 11:21 - WARNING - last_pkt_count, last_gps_count, last_pkt_Tstamp
10-09-2025 11:21 - WARNING - 3043213625 55614 2025-09-10T05:44:29.897967
10-09-2025 11:21 - WARNING - diff_pkt_count  , diff_gps_count ,  diff_pkt_timstamp
10-09-2025 11:21 - WARNING - 1882541 35 29208775 microseconds
10-09-2025 11:21 - WARNING - No packet loss: /data/dsp/GBD_TRANSIENT_BUFFER/J0953+0755/10_09_2025/PDR_GULP_data001.pcap_10_09_2025_11_15_1757483102.PCAP_PDR
10-09-2025 11:21 - WARNING - first_pkt_count, first_gps_count, first_pkt_Tstamp
10-09-2025 11:21 - WARNING - 3043213626 55614 2025-09-10T05:44:29.898018
10-09-2025 11:21 - WARNING - last_pkt_count, last_gps_count, last_pkt_Tstamp
10-09-2025 11:21 - WARNING - 3045096168 55653 2025-09-10T05:44:59.107364
10-09-2025 11:21 - WARNING - diff_pkt_count  , diff_gps_count ,  diff_pkt_timstamp
10-09-2025 11:21 - WARNING - 1882542 39 29209346 microseconds
10-09-2025 11:21 - WARNING - No packet loss: /data/dsp/GBD_TRANSIENT_BUFFER/J0953+0755/10_09_2025/PDR_GULP_data002.pcap_10_09_2025_11_15_1757483131.PCAP_PDR
10-09-2025 11:21 - WARNING - first_pkt_count, first_gps_count, first_pkt_Tstamp
10-09-2025 11:21 - WARNING - 3045096169 55653 2025-09-10T05:44:59.107365
10-09-2025 11:21 - WARNING - last_pkt_count, last_gps_count, last_pkt_Tstamp
10-09-2025 11:21 - WARNING - 3046978710 55692 2025-09-10T05:45:28.316575
10-09-2025 11:21 - WARNING - diff_pkt_count  , diff_gps_count ,  diff_pkt_timstamp
10-09-2025 11:21 - WARNING - 1882541 39 29209210 microseconds
10-09-2025 11:21 - WARNING - No packet loss: /data/dsp/GBD_TRANSIENT_BUFFER/J0953+0755/10_09_2025/PDR_GULP_data000.pcap_10_09_2025_11_16_1757483160.PCAP_PDR
10-09-2025 11:21 - WARNING - first_pkt_count, first_gps_count, first_pkt_Tstamp
10-09-2025 11:21 - WARNING - 3046978711 55692 2025-09-10T05:45:28.316575
10-09-2025 11:21 - WARNING - last_pkt_count, last_gps_count, last_pkt_Tstamp
10-09-2025 11:21 - WARNING - 3048861252 55726 2025-09-10T05:45:57.525696
10-09-2025 11:21 - WARNING - diff_pkt_count  , diff_gps_count ,  diff_pkt_timstamp
10-09-2025 11:21 - WARNING - 1882541 34 29209121 microseconds
10-09-2025 11:21 - WARNING - No packet loss: /data/dsp/GBD_TRANSIENT_BUFFER/J0953+0755/10_09_2025/PDR_GULP_data001.pcap_10_09_2025_11_16_1757483189.PCAP_PDR
10-09-2025 11:21 - WARNING - first_pkt_count, first_gps_count, first_pkt_Tstamp
10-09-2025 11:21 - WARNING - 3048861253 55726 2025-09-10T05:45:57.525751
10-09-2025 11:21 - WARNING - last_pkt_count, last_gps_count, last_pkt_Tstamp
10-09-2025 11:21 - WARNING - 3050743794 55757 2025-09-10T05:46:26.734837
10-09-2025 11:21 - WARNING - diff_pkt_count  , diff_gps_count ,  diff_pkt_timstamp
10-09-2025 11:21 - WARNING - 1882541 31 29209086 microseconds
10-09-2025 11:21 - WARNING - No packet loss: /data/dsp/GBD_TRANSIENT_BUFFER/J0953+0755/10_09_2025/PDR_GULP_data002.pcap_10_09_2025_11_16_1757483218.PCAP_PDR
10-09-2025 11:21 - WARNING - first_pkt_count, first_gps_count, first_pkt_Tstamp
10-09-2025 11:21 - WARNING - 3050743795 55757 2025-09-10T05:46:26.734838
10-09-2025 11:21 - WARNING - last_pkt_count, last_gps_count, last_pkt_Tstamp
10-09-2025 11:21 - WARNING - 3052626336 55789 2025-09-10T05:46:55.943887
10-09-2025 11:21 - WARNING - diff_pkt_count  , diff_gps_count ,  diff_pkt_timstamp
10-09-2025 11:21 - WARNING - 1882541 32 29209049 microseconds
10-09-2025 11:21 - WARNING - No packet loss: /data/dsp/GBD_TRANSIENT_BUFFER/J0953+0755/10_09_2025/PDR_GULP_data000.pcap_10_09_2025_11_17_1757483248.PCAP_PDR
10-09-2025 11:21 - WARNING - first_pkt_count, first_gps_count, first_pkt_Tstamp
10-09-2025 11:21 - WARNING - 3052626337 55789 2025-09-10T05:46:55.943887
10-09-2025 11:21 - WARNING - last_pkt_count, last_gps_count, last_pkt_Tstamp
10-09-2025 11:21 - WARNING - 3054508878 55823 2025-09-10T05:47:25.152893
10-09-2025 11:21 - WARNING - diff_pkt_count  , diff_gps_count ,  diff_pkt_timstamp
10-09-2025 11:21 - WARNING - 1882541 34 29209006 microseconds
10-09-2025 11:21 - WARNING - No packet loss: /data/dsp/GBD_TRANSIENT_BUFFER/J0953+0755/10_09_2025/PDR_GULP_data001.pcap_10_09_2025_11_17_1757483277.PCAP_PDR
10-09-2025 11:21 - WARNING - first_pkt_count, first_gps_count, first_pkt_Tstamp
10-09-2025 11:21 - WARNING - 3054508879 55823 2025-09-10T05:47:25.152893
10-09-2025 11:21 - WARNING - last_pkt_count, last_gps_count, last_pkt_Tstamp
10-09-2025 11:21 - WARNING - 3056391421 55854 2025-09-10T05:47:54.361841
10-09-2025 11:21 - WARNING - diff_pkt_count  , diff_gps_count ,  diff_pkt_timstamp
10-09-2025 11:21 - WARNING - 1882542 31 29208948 microseconds
10-09-2025 11:21 - WARNING - Packet loss: /data/dsp/GBD_TRANSIENT_BUFFER/J0953+0755/10_09_2025/PDR_GULP_data002.pcap_10_09_2025_11_18_1757483306.PCAP_PDR
10-09-2025 11:21 - WARNING - Packet loss found .... Being fixed ... Please wait ...
10-09-2025 11:21 - WARNING - PCAP filtering ... tcpdump -r /data/dsp/GBD_TRANSIENT_BUFFER/J0953+0755/10_09_2025/PDR_GULP_data002.pcap_10_09_2025_11_18_1757483306.PCAP_PDR.pcap -w PDR_GULP_data002.pcap_10_09_2025_11_18_1757483306_filtered.PCAP_PDR.pcap  host 172.10.10.1 and port 55000 
10-09-2025 11:21 - WARNING - Patched /data/dsp/GBD_TRANSIENT_BUFFER/J0953+0755/10_09_2025/PDR_GULP_data002.pcap_10_09_2025_11_18_1757483306.PCAP_PDR as PDR_GULP_data002.pcap_10_09_2025_11_18_1757483306_filtered.PCAP_PDR
10-09-2025 11:21 - WARNING - Gulped file moved to /data/dsp/GBD_TRANSIENT_BUFFER/J0953+0755/10_09_2025/GULPED
10-09-2025 11:21 - WARNING - first_pkt_count, first_gps_count, first_pkt_Tstamp
10-09-2025 11:21 - WARNING - 3056391422 55854 2025-09-10T05:47:54.361841
10-09-2025 11:21 - WARNING - last_pkt_count, last_gps_count, last_pkt_Tstamp
10-09-2025 11:21 - WARNING - 3058273963 55886 2025-09-10T05:48:23.570683
10-09-2025 11:21 - WARNING - diff_pkt_count  , diff_gps_count ,  diff_pkt_timstamp
10-09-2025 11:21 - WARNING - 1882541 32 29208842 microseconds
10-09-2025 11:21 - WARNING - No packet loss: /data/dsp/GBD_TRANSIENT_BUFFER/J0953+0755/10_09_2025/PDR_GULP_data000.pcap_10_09_2025_11_18_1757483335.PCAP_PDR
10-09-2025 11:21 - WARNING - first_pkt_count, first_gps_count, first_pkt_Tstamp
10-09-2025 11:21 - WARNING - 3058273964 55886 2025-09-10T05:48:23.570764
10-09-2025 11:21 - WARNING - last_pkt_count, last_gps_count, last_pkt_Tstamp
10-09-2025 11:21 - WARNING - 3060156505 55918 2025-09-10T05:48:52.779561
10-09-2025 11:21 - WARNING - diff_pkt_count  , diff_gps_count ,  diff_pkt_timstamp
10-09-2025 11:21 - WARNING - 1882541 32 29208797 microseconds
10-09-2025 11:21 - WARNING - No packet loss: /data/dsp/GBD_TRANSIENT_BUFFER/J0953+0755/10_09_2025/PDR_GULP_data001.pcap_10_09_2025_11_19_1757483364.PCAP_PDR
10-09-2025 11:21 - WARNING - first_pkt_count, first_gps_count, first_pkt_Tstamp
10-09-2025 11:21 - WARNING - 3060156506 55918 2025-09-10T05:48:52.779561
10-09-2025 11:21 - WARNING - last_pkt_count, last_gps_count, last_pkt_Tstamp
10-09-2025 11:21 - WARNING - 3062039047 55954 2025-09-10T05:49:21.988307
10-09-2025 11:21 - WARNING - diff_pkt_count  , diff_gps_count ,  diff_pkt_timstamp
10-09-2025 11:21 - WARNING - 1882541 36 29208746 microseconds
10-09-2025 11:21 - WARNING - No packet loss: /data/dsp/GBD_TRANSIENT_BUFFER/J0953+0755/10_09_2025/PDR_GULP_data002.pcap_10_09_2025_11_19_1757483394.PCAP_PDR
10-09-2025 11:21 - WARNING - first_pkt_count, first_gps_count, first_pkt_Tstamp
10-09-2025 11:21 - WARNING - 3062039048 55954 2025-09-10T05:49:21.988307
10-09-2025 11:21 - WARNING - last_pkt_count, last_gps_count, last_pkt_Tstamp
10-09-2025 11:21 - WARNING - 3063921589 55990 2025-09-10T05:49:51.197068
10-09-2025 11:21 - WARNING - diff_pkt_count  , diff_gps_count ,  diff_pkt_timstamp
10-09-2025 11:21 - WARNING - 1882541 36 29208761 microseconds
10-09-2025 11:21 - WARNING - No packet loss: /data/dsp/GBD_TRANSIENT_BUFFER/J0953+0755/10_09_2025/PDR_GULP_data000.pcap_10_09_2025_11_20_1757483423.PCAP_PDR
10-09-2025 11:21 - WARNING - first_pkt_count, first_gps_count, first_pkt_Tstamp
10-09-2025 11:21 - WARNING - 3063921590 55990 2025-09-10T05:49:51.197068
10-09-2025 11:21 - WARNING - last_pkt_count, last_gps_count, last_pkt_Tstamp
10-09-2025 11:21 - WARNING - 3065804131 56024 2025-09-10T05:50:20.405769
10-09-2025 11:21 - WARNING - diff_pkt_count  , diff_gps_count ,  diff_pkt_timstamp
10-09-2025 11:21 - WARNING - 1882541 34 29208701 microseconds
10-09-2025 11:21 - WARNING - No packet loss: /data/dsp/GBD_TRANSIENT_BUFFER/J0953+0755/10_09_2025/PDR_GULP_data001.pcap_10_09_2025_11_20_1757483452.PCAP_PDR
10-09-2025 11:21 - WARNING - first_pkt_count, first_gps_count, first_pkt_Tstamp
10-09-2025 11:21 - WARNING - 3065804132 56024 2025-09-10T05:50:20.405851
10-09-2025 11:21 - WARNING - last_pkt_count, last_gps_count, last_pkt_Tstamp
10-09-2025 11:21 - WARNING - 3067686674 56060 2025-09-10T05:50:49.614457
10-09-2025 11:21 - WARNING - diff_pkt_count  , diff_gps_count ,  diff_pkt_timstamp
10-09-2025 11:21 - WARNING - 1882542 36 29208606 microseconds
10-09-2025 11:21 SLIP check Finished...
10-09-2025 11:21 Pulsar data reduction pipeline started ...
10-09-2025 11:21 - WARNING - Data Directory: /data/dsp/GBD_TRANSIENT_BUFFER/J0953+0755/10_09_2025
10-09-2025 11:21 - WARNING - Pulsar: J0953+0755
10-09-2025 11:21 - WARNING - CH selelction: 0
10-09-2025 11:21 - WARNING - Phase file: /home/dsp/PDR_acquire_setup/dada_scripts/phase/rf_path_phase.dat
10-09-2025 11:21 - WARNING - Obs. logfile: /home/dsp/PDR_acquire_setup/master_obs_log/J0953+0755_10_09_2025_observation.log
10-09-2025 11:21 - WARNING - Observation start time: 2025_09_10_10_42_22
10-09-2025 11:21 - WARNING - parfile: /home/dsp/parfiles/J0953+0755.par
10-09-2025 11:21 - WARNING - DM: 2.94368147353273
10-09-2025 11:21 - WARNING - Period: 0.2530654277592862
10-09-2025 11:21 - WARNING - RA_DEC: 09:53:09.3023078+07:55:36.65806
10-09-2025 11:21 - WARNING - out_dada_file: J0953+0755_2025_09_10_10_42_22_type_0.dada
10-09-2025 11:21 - WARNING - Number of files to process: 80
10-09-2025 11:21 - WARNING - Files per batch:  17
10-09-2025 11:47 - WARNING - Time taken for PDR2DADA convertion: 0:25:48.842713
10-09-2025 11:47 - WARNING - Center_freq: 175
10-09-2025 11:47 - WARNING - int_time: 3.0
10-09-2025 11:47 - WARNING - nbins: 256
10-09-2025 11:47 - WARNING - fil_chan: 256:1024
10-09-2025 11:47 - WARNING - cpu: ,2,3,4,5,6,7,8,9,10,11,12,13,14,15,16
10-09-2025 11:47 - WARNING - thread: 32
10-09-2025 11:47 - WARNING - nbit: 8
10-09-2025 11:47 - WARNING - time_avg: 0.000256
10-09-2025 11:47 - WARNING - MJD_START: 60928.21692342522
10-09-2025 11:47 - WARNING - output: J0953+0755_60928.22_175MHz_type_0_GBD_DART
10-09-2025 11:47 - WARNING - singularity_container: singularity exec /home/dsp/singularity_imag/pschive_py3.sif  
10-09-2025 11:47 - WARNING - ------ DIGIFITS ------
10-09-2025 11:47 - WARNING - ---- Search Mode FITS -------
10-09-2025 11:47 - WARNING - digifits_ful_stokes_cmd: singularity exec /home/dsp/singularity_imag/pschive_py3.sif  digifits  -F 256:1024 -b 8 -p 4 -t 0.000256 J0953+0755_2025_09_10_10_42_22_type_0.dada -o J0953+0755_2025_09_10_10_42_22_type_0.dada_stokes.fits
10-09-2025 12:12 - WARNING - ------ Total intensity FITS -------
10-09-2025 12:12 - WARNING - digifits_total_intensity_cmd: singularity exec /home/dsp/singularity_imag/pschive_py3.sif  digifits  -F 256:1024 -b 8 -p 1 -t 0.000256 J0953+0755_2025_09_10_10_42_22_type_0.dada -o J0953+0755_2025_09_10_10_42_22_type_0.dada_intensity.fits
10-09-2025 12:36 - WARNING - Nchan: 256:1024
10-09-2025 12:36 - WARNING - Nbin: 256
10-09-2025 12:36 - WARNING - Tavg: 0.000256
10-09-2025 12:36 - WARNING - Time taken for DIGIFITS run: 0:49:38.447527
10-09-2025 12:36 - WARNING - ------ DSPSR ------
10-09-2025 12:36 - WARNING - ------- Coherent Dedispersion Folded archive -------
10-09-2025 12:36 - WARNING - dspsr_cmd: singularity exec /home/dsp/singularity_imag/pschive_py3.sif  dspsr J0953+0755_2025_09_10_10_42_22_type_0.dada -cpu ,2,3,4,5,6,7,8,9,10,11,12,13,14,15,16 -t 32 -E /home/dsp/parfiles/J0953+0755.par -L 3.0 -b 256 -F 256:1024 -N J0953+0755 -a PSRFITS -A -e .fits -O J0953+0755_60928.22_175MHz_type_0_GBD_DART
10-09-2025 12:49 - WARNING - ------- Incoherent Dedispersion Folded archive -------
10-09-2025 12:49 - WARNING - Incoherent_DD_dspsr_cmd: singularity exec /home/dsp/singularity_imag/pschive_py3.sif  dspsr J0953+0755_2025_09_10_10_42_22_type_0.dada_stokes.fits -cpu ,2,3,4,5,6,7,8,9,10,11,12,13,14,15,16 -t 32 -E /home/dsp/parfiles/J0953+0755.par -L 3.0 -b 256 -N J0953+0755 -A -e .fits -O J0953+0755_60928.22_175MHz_type_0_GBD_DART_stokes_Incoherent_DD
10-09-2025 12:50 - WARNING - Time taken for DSPSR run: 0:13:37.817855
10-09-2025 12:50 - WARNING - ------ PSREDIT ------
10-09-2025 12:50 - WARNING - psredit_cmd: singularity exec /home/dsp/singularity_imag/pschive_py3.sif  psredit -c name=J0953+0755,be:name=GSB,coord=09:53:09.3023078+07:55:36.65806 -m *_GBD_DART*fits
10-09-2025 12:50 - WARNING - Time taken for PSREDIT run: 0:00:08.943617
10-09-2025 12:50 - WARNING - ------ Iterative RFI Cleaner ------
10-09-2025 12:50 - WARNING - Iterative_cleaner_cmd: singularity exec /home/dsp/singularity_imag/pschive_py3.sif   python3 /home/dsp/PDR_acquire_setup/iterative_cleaner.py -s 3 -c 3 -m 10 *_GBD_DART*fits
10-09-2025 12:56 - WARNING - Time taken for Iterative_cleaner run: 0:05:36.431929
10-09-2025 12:56 - WARNING - ------ PDMP ------
10-09-2025 12:56 - WARNING - pdmp_cmd1: singularity exec /home/dsp/singularity_imag/pschive_py3.sif  pdmp -dr 2 -ds 0.05 -g J0953+0755_60928.22_175MHz_type_0_GBD_DART.fits_cleaned.ar.ps/cps J0953+0755_60928.22_175MHz_type_0_GBD_DART.fits_cleaned.ar
10-09-2025 13:03 - WARNING - pdmp_cmd2: singularity exec /home/dsp/singularity_imag/pschive_py3.sif  pdmp -dr 2 -ds 0.05 -g J0953+0755_60928.22_175MHz_type_0_GBD_DART_stokes_Incoherent_DD.fits_cleaned.ar.ps/cps J0953+0755_60928.22_175MHz_type_0_GBD_DART_stokes_Incoherent_DD.fits_cleaned.ar
10-09-2025 13:11 - WARNING - Time taken for PDMP run: 0:15:38.577290
10-09-2025 13:11 - WARNING - ------ PS2PDF ------
10-09-2025 13:11 - WARNING - ps2pdf_cmd1: singularity exec /home/dsp/singularity_imag/pschive_py3.sif  ps2pdf J0953+0755_60928.22_175MHz_type_0_GBD_DART.fits_cleaned.ar.ps J0953+0755_60928.22_175MHz_type_0_GBD_DART.fits_cleaned.ar.ps.pdf
10-09-2025 13:12 - WARNING - ps2pdf_cmd2: singularity exec /home/dsp/singularity_imag/pschive_py3.sif  ps2pdf J0953+0755_60928.22_175MHz_type_0_GBD_DART_stokes_Incoherent_DD.fits_cleaned.ar.ps J0953+0755_60928.22_175MHz_type_0_GBD_DART_stokes_Incoherent_DD.fits_cleaned.ar.ps.pdf
10-09-2025 13:12 - WARNING - Time taken for PDMP run: 0:00:07.451833
10-09-2025 13:12 - WARNING - Overall time taken for data reduction: 1:50:37.118141
10-09-2025 13:12 - WARNING - J0953+0755_2025_09_10_10_42_22_type_0.dada... file removed
10-09-2025 13:12 - WARNING - All done!
10-09-2025 13:12 --- PRESTO ---
10-09-2025 13:12 singularity_container: singularity exec /home/dsp/singularity_imag/pschive_py3.sif  
10-09-2025 13:12 Filterbank to Process for PULSAR: J0953+0755 with DM:2.94368147353273 : J0953+0755_2025_09_10_10_42_22_type_0.dada_intensity.fits
10-09-2025 13:12 --- RFIFIND ---
10-09-2025 13:12 RFIFIND: singularity exec /home/dsp/singularity_imag/pschive_py3.sif   rfifind -time 2.0 -o J0953+0755 J0953+0755_2025_09_10_10_42_22_type_0.dada_intensity.fits
10-09-2025 13:15 --- PREPDATA ---
10-09-2025 13:15 PREPDATA: singularity exec /home/dsp/singularity_imag/pschive_py3.sif   prepdata -nobary -o J0953+0755_2025_09_10_10_42_22_type_0.dada_intensity.fits -dm 2.94368147353273 -mask J0953+0755_rfifind.mask J0953+0755_2025_09_10_10_42_22_type_0.dada_intensity.fits
10-09-2025 13:15 --- REALFFT ---
10-09-2025 13:15 REALFFT: singularity exec /home/dsp/singularity_imag/pschive_py3.sif   realfft  J0953+0755_2025_09_10_10_42_22_type_0.dada_intensity.fits.dat
10-09-2025 13:15 --- ACCELSEARCH ---
10-09-2025 13:15 ACCELSEARCH: singularity exec /home/dsp/singularity_imag/pschive_py3.sif   accelsearch -numharm 8 -zmax 8  J0953+0755_2025_09_10_10_42_22_type_0.dada_intensity.fits.fft
10-09-2025 13:15 Observation Over.
