12-09-2025 10:35 Waiting for J0953+0755 observation...
12-09-2025 10:35 Observation started...
12-09-2025 10:35 Pulsar: J0953+0755 , parfile: /home/dsp/parfiles/J0953+0755.par , DM: 2.94368147353273
12-09-2025 10:35 Trigger sent to obs. PC [VELA].
12-09-2025 11:10 Acquired 80.
12-09-2025 11:10 ACQ over.
12-09-2025 11:10 Removing Trigger file from remote machine 
12-09-2025 11:10 Observation stoped.
-rw------- 1 dsp dsp 2.0G Sep 12 10:31 /data/TRANSIENT_BUFFER/PDR_GULP_data001.pcap_12_09_2025_10_31_1757653313.PCAP_PDR
-rw------- 1 dsp dsp 2.0G Sep 12 10:32 /data/TRANSIENT_BUFFER/PDR_GULP_data002.pcap_12_09_2025_10_32_1757653342.PCAP_PDR
-rw------- 1 dsp dsp 2.0G Sep 12 10:32 /data/TRANSIENT_BUFFER/PDR_GULP_data000.pcap_12_09_2025_10_32_1757653372.PCAP_PDR
-rw------- 1 dsp dsp 2.0G Sep 12 10:33 /data/TRANSIENT_BUFFER/PDR_GULP_data001.pcap_12_09_2025_10_33_1757653401.PCAP_PDR
-rw------- 1 dsp dsp 2.0G Sep 12 10:33 /data/TRANSIENT_BUFFER/PDR_GULP_data002.pcap_12_09_2025_10_33_1757653430.PCAP_PDR
-rw------- 1 dsp dsp 2.0G Sep 12 10:34 /data/TRANSIENT_BUFFER/PDR_GULP_data000.pcap_12_09_2025_10_34_1757653459.PCAP_PDR
-rw------- 1 dsp dsp 2.0G Sep 12 10:34 /data/TRANSIENT_BUFFER/PDR_GULP_data001.pcap_12_09_2025_10_34_1757653488.PCAP_PDR
-rw------- 1 dsp dsp 2.0G Sep 12 10:35 /data/TRANSIENT_BUFFER/PDR_GULP_data002.pcap_12_09_2025_10_35_1757653518.PCAP_PDR
-rw------- 1 dsp dsp 2.0G Sep 12 10:35 /data/TRANSIENT_BUFFER/PDR_GULP_data000.pcap_12_09_2025_10_35_1757653547.PCAP_PDR
-rw------- 1 dsp dsp 2.0G Sep 12 10:36 /data/TRANSIENT_BUFFER/PDR_GULP_data001.pcap_12_09_2025_10_36_1757653576.PCAP_PDR
-rw------- 1 dsp dsp 2.0G Sep 12 10:36 /data/TRANSIENT_BUFFER/PDR_GULP_data002.pcap_12_09_2025_10_36_1757653605.PCAP_PDR
-rw------- 1 dsp dsp 2.0G Sep 12 10:37 /data/TRANSIENT_BUFFER/PDR_GULP_data000.pcap_12_09_2025_10_37_1757653634.PCAP_PDR
-rw------- 1 dsp dsp 2.0G Sep 12 10:37 /data/TRANSIENT_BUFFER/PDR_GULP_data001.pcap_12_09_2025_10_37_1757653664.PCAP_PDR
-rw------- 1 dsp dsp 2.0G Sep 12 10:38 /data/TRANSIENT_BUFFER/PDR_GULP_data002.pcap_12_09_2025_10_38_1757653693.PCAP_PDR
-rw------- 1 dsp dsp 2.0G Sep 12 10:38 /data/TRANSIENT_BUFFER/PDR_GULP_data000.pcap_12_09_2025_10_38_1757653722.PCAP_PDR
-rw------- 1 dsp dsp 2.0G Sep 12 10:39 /data/TRANSIENT_BUFFER/PDR_GULP_data001.pcap_12_09_2025_10_39_1757653751.PCAP_PDR
-rw------- 1 dsp dsp 2.0G Sep 12 10:39 /data/TRANSIENT_BUFFER/PDR_GULP_data002.pcap_12_09_2025_10_39_1757653780.PCAP_PDR
-rw------- 1 dsp dsp 2.0G Sep 12 10:40 /data/TRANSIENT_BUFFER/PDR_GULP_data000.pcap_12_09_2025_10_40_1757653810.PCAP_PDR
-rw------- 1 dsp dsp 2.0G Sep 12 10:40 /data/TRANSIENT_BUFFER/PDR_GULP_data001.pcap_12_09_2025_10_40_1757653839.PCAP_PDR
-rw------- 1 dsp dsp 2.0G Sep 12 10:41 /data/TRANSIENT_BUFFER/PDR_GULP_data002.pcap_12_09_2025_10_41_1757653868.PCAP_PDR
-rw------- 1 dsp dsp 2.0G Sep 12 10:41 /data/TRANSIENT_BUFFER/PDR_GULP_data000.pcap_12_09_2025_10_41_1757653897.PCAP_PDR
-rw------- 1 dsp dsp 2.0G Sep 12 10:42 /data/TRANSIENT_BUFFER/PDR_GULP_data001.pcap_12_09_2025_10_42_1757653926.PCAP_PDR
-rw------- 1 dsp dsp 2.0G Sep 12 10:42 /data/TRANSIENT_BUFFER/PDR_GULP_data002.pcap_12_09_2025_10_42_1757653956.PCAP_PDR
-rw------- 1 dsp dsp 2.0G Sep 12 10:43 /data/TRANSIENT_BUFFER/PDR_GULP_data000.pcap_12_09_2025_10_43_1757653985.PCAP_PDR
-rw------- 1 dsp dsp 2.0G Sep 12 10:43 /data/TRANSIENT_BUFFER/PDR_GULP_data001.pcap_12_09_2025_10_43_1757654014.PCAP_PDR
-rw------- 1 dsp dsp 2.0G Sep 12 10:44 /data/TRANSIENT_BUFFER/PDR_GULP_data002.pcap_12_09_2025_10_44_1757654043.PCAP_PDR
-rw------- 1 dsp dsp 2.0G Sep 12 10:44 /data/TRANSIENT_BUFFER/PDR_GULP_data000.pcap_12_09_2025_10_44_1757654073.PCAP_PDR
-rw------- 1 dsp dsp 2.0G Sep 12 10:44 /data/TRANSIENT_BUFFER/PDR_GULP_data001.pcap_12_09_2025_10_45_1757654102.PCAP_PDR
-rw------- 1 dsp dsp 2.0G Sep 12 10:45 /data/TRANSIENT_BUFFER/PDR_GULP_data002.pcap_12_09_2025_10_45_1757654131.PCAP_PDR
-rw------- 1 dsp dsp 2.0G Sep 12 10:45 /data/TRANSIENT_BUFFER/PDR_GULP_data000.pcap_12_09_2025_10_46_1757654160.PCAP_PDR
-rw------- 1 dsp dsp 2.0G Sep 12 10:46 /data/TRANSIENT_BUFFER/PDR_GULP_data001.pcap_12_09_2025_10_46_1757654189.PCAP_PDR
-rw------- 1 dsp dsp 2.0G Sep 12 10:46 /data/TRANSIENT_BUFFER/PDR_GULP_data002.pcap_12_09_2025_10_46_1757654219.PCAP_PDR
-rw------- 1 dsp dsp 2.0G Sep 12 10:47 /data/TRANSIENT_BUFFER/PDR_GULP_data000.pcap_12_09_2025_10_47_1757654248.PCAP_PDR
-rw------- 1 dsp dsp 2.0G Sep 12 10:47 /data/TRANSIENT_BUFFER/PDR_GULP_data001.pcap_12_09_2025_10_47_1757654277.PCAP_PDR
-rw------- 1 dsp dsp 2.0G Sep 12 10:48 /data/TRANSIENT_BUFFER/PDR_GULP_data002.pcap_12_09_2025_10_48_1757654306.PCAP_PDR
-rw------- 1 dsp dsp 2.0G Sep 12 10:48 /data/TRANSIENT_BUFFER/PDR_GULP_data000.pcap_12_09_2025_10_48_1757654335.PCAP_PDR
-rw------- 1 dsp dsp 2.0G Sep 12 10:49 /data/TRANSIENT_BUFFER/PDR_GULP_data001.pcap_12_09_2025_10_49_1757654365.PCAP_PDR
-rw------- 1 dsp dsp 2.0G Sep 12 10:49 /data/TRANSIENT_BUFFER/PDR_GULP_data002.pcap_12_09_2025_10_49_1757654394.PCAP_PDR
-rw------- 1 dsp dsp 2.0G Sep 12 10:50 /data/TRANSIENT_BUFFER/PDR_GULP_data000.pcap_12_09_2025_10_50_1757654423.PCAP_PDR
-rw------- 1 dsp dsp 2.0G Sep 12 10:50 /data/TRANSIENT_BUFFER/PDR_GULP_data001.pcap_12_09_2025_10_50_1757654452.PCAP_PDR
-rw------- 1 dsp dsp 2.0G Sep 12 10:51 /data/TRANSIENT_BUFFER/PDR_GULP_data002.pcap_12_09_2025_10_51_1757654481.PCAP_PDR
-rw------- 1 dsp dsp 2.0G Sep 12 10:51 /data/TRANSIENT_BUFFER/PDR_GULP_data000.pcap_12_09_2025_10_51_1757654511.PCAP_PDR
-rw------- 1 dsp dsp 2.0G Sep 12 10:52 /data/TRANSIENT_BUFFER/PDR_GULP_data001.pcap_12_09_2025_10_52_1757654540.PCAP_PDR
-rw------- 1 dsp dsp 2.0G Sep 12 10:52 /data/TRANSIENT_BUFFER/PDR_GULP_data002.pcap_12_09_2025_10_52_1757654569.PCAP_PDR
-rw------- 1 dsp dsp 2.0G Sep 12 10:53 /data/TRANSIENT_BUFFER/PDR_GULP_data000.pcap_12_09_2025_10_53_1757654598.PCAP_PDR
-rw------- 1 dsp dsp 2.0G Sep 12 10:53 /data/TRANSIENT_BUFFER/PDR_GULP_data001.pcap_12_09_2025_10_53_1757654627.PCAP_PDR
-rw------- 1 dsp dsp 2.0G Sep 12 10:54 /data/TRANSIENT_BUFFER/PDR_GULP_data002.pcap_12_09_2025_10_54_1757654657.PCAP_PDR
-rw------- 1 dsp dsp 2.0G Sep 12 10:54 /data/TRANSIENT_BUFFER/PDR_GULP_data000.pcap_12_09_2025_10_54_1757654686.PCAP_PDR
-rw------- 1 dsp dsp 2.0G Sep 12 10:55 /data/TRANSIENT_BUFFER/PDR_GULP_data001.pcap_12_09_2025_10_55_1757654715.PCAP_PDR
-rw------- 1 dsp dsp 2.0G Sep 12 10:55 /data/TRANSIENT_BUFFER/PDR_GULP_data002.pcap_12_09_2025_10_55_1757654744.PCAP_PDR
-rw------- 1 dsp dsp 2.0G Sep 12 10:56 /data/TRANSIENT_BUFFER/PDR_GULP_data000.pcap_12_09_2025_10_56_1757654773.PCAP_PDR
-rw------- 1 dsp dsp 2.0G Sep 12 10:56 /data/TRANSIENT_BUFFER/PDR_GULP_data001.pcap_12_09_2025_10_56_1757654803.PCAP_PDR
-rw------- 1 dsp dsp 2.0G Sep 12 10:57 /data/TRANSIENT_BUFFER/PDR_GULP_data002.pcap_12_09_2025_10_57_1757654832.PCAP_PDR
-rw------- 1 dsp dsp 2.0G Sep 12 10:57 /data/TRANSIENT_BUFFER/PDR_GULP_data000.pcap_12_09_2025_10_57_1757654861.PCAP_PDR
-rw------- 1 dsp dsp 2.0G Sep 12 10:58 /data/TRANSIENT_BUFFER/PDR_GULP_data001.pcap_12_09_2025_10_58_1757654890.PCAP_PDR
-rw------- 1 dsp dsp 2.0G Sep 12 10:58 /data/TRANSIENT_BUFFER/PDR_GULP_data002.pcap_12_09_2025_10_58_1757654920.PCAP_PDR
-rw------- 1 dsp dsp 2.0G Sep 12 10:59 /data/TRANSIENT_BUFFER/PDR_GULP_data000.pcap_12_09_2025_10_59_1757654949.PCAP_PDR
-rw------- 1 dsp dsp 2.0G Sep 12 10:59 /data/TRANSIENT_BUFFER/PDR_GULP_data001.pcap_12_09_2025_10_59_1757654978.PCAP_PDR
-rw------- 1 dsp dsp 2.0G Sep 12 11:00 /data/TRANSIENT_BUFFER/PDR_GULP_data002.pcap_12_09_2025_11_00_1757655007.PCAP_PDR
-rw------- 1 dsp dsp 2.0G Sep 12 11:00 /data/TRANSIENT_BUFFER/PDR_GULP_data000.pcap_12_09_2025_11_00_1757655036.PCAP_PDR
-rw------- 1 dsp dsp 2.0G Sep 12 11:01 /data/TRANSIENT_BUFFER/PDR_GULP_data001.pcap_12_09_2025_11_01_1757655066.PCAP_PDR
-rw------- 1 dsp dsp 2.0G Sep 12 11:01 /data/TRANSIENT_BUFFER/PDR_GULP_data002.pcap_12_09_2025_11_01_1757655095.PCAP_PDR
-rw------- 1 dsp dsp 2.0G Sep 12 11:02 /data/TRANSIENT_BUFFER/PDR_GULP_data000.pcap_12_09_2025_11_02_1757655124.PCAP_PDR
-rw------- 1 dsp dsp 2.0G Sep 12 11:02 /data/TRANSIENT_BUFFER/PDR_GULP_data001.pcap_12_09_2025_11_02_1757655153.PCAP_PDR
-rw------- 1 dsp dsp 2.0G Sep 12 11:02 /data/TRANSIENT_BUFFER/PDR_GULP_data002.pcap_12_09_2025_11_03_1757655182.PCAP_PDR
-rw------- 1 dsp dsp 2.0G Sep 12 11:03 /data/TRANSIENT_BUFFER/PDR_GULP_data000.pcap_12_09_2025_11_03_1757655212.PCAP_PDR
-rw------- 1 dsp dsp 2.0G Sep 12 11:03 /data/TRANSIENT_BUFFER/PDR_GULP_data001.pcap_12_09_2025_11_04_1757655241.PCAP_PDR
-rw------- 1 dsp dsp 2.0G Sep 12 11:04 /data/TRANSIENT_BUFFER/PDR_GULP_data002.pcap_12_09_2025_11_04_1757655270.PCAP_PDR
-rw------- 1 dsp dsp 2.0G Sep 12 11:04 /data/TRANSIENT_BUFFER/PDR_GULP_data000.pcap_12_09_2025_11_04_1757655299.PCAP_PDR
-rw------- 1 dsp dsp 2.0G Sep 12 11:05 /data/TRANSIENT_BUFFER/PDR_GULP_data001.pcap_12_09_2025_11_05_1757655328.PCAP_PDR
-rw------- 1 dsp dsp 2.0G Sep 12 11:05 /data/TRANSIENT_BUFFER/PDR_GULP_data002.pcap_12_09_2025_11_05_1757655358.PCAP_PDR
-rw------- 1 dsp dsp 2.0G Sep 12 11:06 /data/TRANSIENT_BUFFER/PDR_GULP_data000.pcap_12_09_2025_11_06_1757655387.PCAP_PDR
-rw------- 1 dsp dsp 2.0G Sep 12 11:06 /data/TRANSIENT_BUFFER/PDR_GULP_data001.pcap_12_09_2025_11_06_1757655416.PCAP_PDR
-rw------- 1 dsp dsp 2.0G Sep 12 11:07 /data/TRANSIENT_BUFFER/PDR_GULP_data002.pcap_12_09_2025_11_07_1757655445.PCAP_PDR
-rw------- 1 dsp dsp 2.0G Sep 12 11:07 /data/TRANSIENT_BUFFER/PDR_GULP_data000.pcap_12_09_2025_11_07_1757655474.PCAP_PDR
-rw------- 1 dsp dsp 2.0G Sep 12 11:08 /data/TRANSIENT_BUFFER/PDR_GULP_data001.pcap_12_09_2025_11_08_1757655504.PCAP_PDR
-rw------- 1 dsp dsp 2.0G Sep 12 11:08 /data/TRANSIENT_BUFFER/PDR_GULP_data002.pcap_12_09_2025_11_08_1757655533.PCAP_PDR
-rw------- 1 dsp dsp 2.0G Sep 12 11:09 /data/TRANSIENT_BUFFER/PDR_GULP_data000.pcap_12_09_2025_11_09_1757655562.PCAP_PDR
-rw------- 1 dsp dsp 2.0G Sep 12 11:09 /data/TRANSIENT_BUFFER/PDR_GULP_data001.pcap_12_09_2025_11_09_1757655591.PCAP_PDR
-rw------- 1 dsp dsp 2.0G Sep 12 11:10 /data/TRANSIENT_BUFFER/PDR_GULP_data002.pcap_12_09_2025_11_10_1757655621.PCAP_PDR
12-09-2025 11:11 RAW PCAP data moved from Transient Buffer.
12-09-2025 11:11 SLIP check Started ...
12-09-2025 11:11 - WARNING - Data Directory: /data/dsp/GBD_TRANSIENT_BUFFER/J0953+0755/12_09_2025
12-09-2025 11:11 - WARNING - Number of Files: 80
12-09-2025 11:11 - WARNING - No packet loss: /data/dsp/GBD_TRANSIENT_BUFFER/J0953+0755/12_09_2025/PDR_GULP_data001.pcap_12_09_2025_10_31_1757653313.PCAP_PDR
12-09-2025 11:11 - WARNING - first_pkt_count, first_gps_count, first_pkt_Tstamp
12-09-2025 11:11 - WARNING - 1094042737 42284 2025-09-12T05:01:21.398486
12-09-2025 11:11 - WARNING - last_pkt_count, last_gps_count, last_pkt_Tstamp
12-09-2025 11:11 - WARNING - 1095925279 42315 2025-09-12T05:01:50.606482
12-09-2025 11:11 - WARNING - diff_pkt_count  , diff_gps_count ,  diff_pkt_timstamp
12-09-2025 11:11 - WARNING - 1882542 31 29207996 microseconds
12-09-2025 11:11 - WARNING - No packet loss: /data/dsp/GBD_TRANSIENT_BUFFER/J0953+0755/12_09_2025/PDR_GULP_data002.pcap_12_09_2025_10_32_1757653342.PCAP_PDR
12-09-2025 11:11 - WARNING - first_pkt_count, first_gps_count, first_pkt_Tstamp
12-09-2025 11:11 - WARNING - 1095925280 42315 2025-09-12T05:01:50.606482
12-09-2025 11:11 - WARNING - last_pkt_count, last_gps_count, last_pkt_Tstamp
12-09-2025 11:11 - WARNING - 1097807821 42346 2025-09-12T05:02:19.814523
12-09-2025 11:11 - WARNING - diff_pkt_count  , diff_gps_count ,  diff_pkt_timstamp
12-09-2025 11:11 - WARNING - 1882541 31 29208041 microseconds
12-09-2025 11:11 - WARNING - No packet loss: /data/dsp/GBD_TRANSIENT_BUFFER/J0953+0755/12_09_2025/PDR_GULP_data000.pcap_12_09_2025_10_32_1757653372.PCAP_PDR
12-09-2025 11:11 - WARNING - first_pkt_count, first_gps_count, first_pkt_Tstamp
12-09-2025 11:11 - WARNING - 1097807822 42346 2025-09-12T05:02:19.814523
12-09-2025 11:11 - WARNING - last_pkt_count, last_gps_count, last_pkt_Tstamp
12-09-2025 11:11 - WARNING - 1099690363 42380 2025-09-12T05:02:49.022532
12-09-2025 11:11 - WARNING - diff_pkt_count  , diff_gps_count ,  diff_pkt_timstamp
12-09-2025 11:11 - WARNING - 1882541 34 29208009 microseconds
12-09-2025 11:11 - WARNING - Packet loss: /data/dsp/GBD_TRANSIENT_BUFFER/J0953+0755/12_09_2025/PDR_GULP_data001.pcap_12_09_2025_10_33_1757653401.PCAP_PDR
12-09-2025 11:11 - WARNING - Packet loss found .... Being fixed ... Please wait ...
12-09-2025 11:11 - WARNING - PCAP filtering ... tcpdump -r /data/dsp/GBD_TRANSIENT_BUFFER/J0953+0755/12_09_2025/PDR_GULP_data001.pcap_12_09_2025_10_33_1757653401.PCAP_PDR.pcap -w PDR_GULP_data001.pcap_12_09_2025_10_33_1757653401_filtered.PCAP_PDR.pcap  host 172.10.10.1 and port 55000 
12-09-2025 11:11 - WARNING - Patched /data/dsp/GBD_TRANSIENT_BUFFER/J0953+0755/12_09_2025/PDR_GULP_data001.pcap_12_09_2025_10_33_1757653401.PCAP_PDR as PDR_GULP_data001.pcap_12_09_2025_10_33_1757653401_filtered.PCAP_PDR
12-09-2025 11:11 - WARNING - Gulped file moved to /data/dsp/GBD_TRANSIENT_BUFFER/J0953+0755/12_09_2025/GULPED
12-09-2025 11:11 - WARNING - first_pkt_count, first_gps_count, first_pkt_Tstamp
12-09-2025 11:11 - WARNING - 1099690364 42380 2025-09-12T05:02:49.022532
12-09-2025 11:11 - WARNING - last_pkt_count, last_gps_count, last_pkt_Tstamp
12-09-2025 11:11 - WARNING - 1101572905 42416 2025-09-12T05:03:18.230463
12-09-2025 11:11 - WARNING - diff_pkt_count  , diff_gps_count ,  diff_pkt_timstamp
12-09-2025 11:11 - WARNING - 1882541 36 29207931 microseconds
12-09-2025 11:11 - WARNING - Packet loss: /data/dsp/GBD_TRANSIENT_BUFFER/J0953+0755/12_09_2025/PDR_GULP_data002.pcap_12_09_2025_10_33_1757653430.PCAP_PDR
12-09-2025 11:11 - WARNING - Packet loss found .... Being fixed ... Please wait ...
12-09-2025 11:11 - WARNING - PCAP filtering ... tcpdump -r /data/dsp/GBD_TRANSIENT_BUFFER/J0953+0755/12_09_2025/PDR_GULP_data002.pcap_12_09_2025_10_33_1757653430.PCAP_PDR.pcap -w PDR_GULP_data002.pcap_12_09_2025_10_33_1757653430_filtered.PCAP_PDR.pcap  host 172.10.10.1 and port 55000 
12-09-2025 11:11 - WARNING - Patched /data/dsp/GBD_TRANSIENT_BUFFER/J0953+0755/12_09_2025/PDR_GULP_data002.pcap_12_09_2025_10_33_1757653430.PCAP_PDR as PDR_GULP_data002.pcap_12_09_2025_10_33_1757653430_filtered.PCAP_PDR
12-09-2025 11:11 - WARNING - Gulped file moved to /data/dsp/GBD_TRANSIENT_BUFFER/J0953+0755/12_09_2025/GULPED
12-09-2025 11:11 - WARNING - first_pkt_count, first_gps_count, first_pkt_Tstamp
12-09-2025 11:11 - WARNING - 1101572906 42416 2025-09-12T05:03:18.230464
12-09-2025 11:11 - WARNING - last_pkt_count, last_gps_count, last_pkt_Tstamp
12-09-2025 11:11 - WARNING - 1103455447 42447 2025-09-12T05:03:47.438231
12-09-2025 11:11 - WARNING - diff_pkt_count  , diff_gps_count ,  diff_pkt_timstamp
12-09-2025 11:11 - WARNING - 1882541 31 29207767 microseconds
12-09-2025 11:11 - WARNING - Packet loss: /data/dsp/GBD_TRANSIENT_BUFFER/J0953+0755/12_09_2025/PDR_GULP_data000.pcap_12_09_2025_10_34_1757653459.PCAP_PDR
12-09-2025 11:11 - WARNING - Packet loss found .... Being fixed ... Please wait ...
12-09-2025 11:11 - WARNING - PCAP filtering ... tcpdump -r /data/dsp/GBD_TRANSIENT_BUFFER/J0953+0755/12_09_2025/PDR_GULP_data000.pcap_12_09_2025_10_34_1757653459.PCAP_PDR.pcap -w PDR_GULP_data000.pcap_12_09_2025_10_34_1757653459_filtered.PCAP_PDR.pcap  host 172.10.10.1 and port 55000 
12-09-2025 11:11 - WARNING - Patched /data/dsp/GBD_TRANSIENT_BUFFER/J0953+0755/12_09_2025/PDR_GULP_data000.pcap_12_09_2025_10_34_1757653459.PCAP_PDR as PDR_GULP_data000.pcap_12_09_2025_10_34_1757653459_filtered.PCAP_PDR
12-09-2025 11:11 - WARNING - Gulped file moved to /data/dsp/GBD_TRANSIENT_BUFFER/J0953+0755/12_09_2025/GULPED
12-09-2025 11:11 - WARNING - first_pkt_count, first_gps_count, first_pkt_Tstamp
12-09-2025 11:11 - WARNING - 1103455448 42447 2025-09-12T05:03:47.438316
12-09-2025 11:11 - WARNING - last_pkt_count, last_gps_count, last_pkt_Tstamp
12-09-2025 11:11 - WARNING - 1105337989 42480 2025-09-12T05:04:16.645730
12-09-2025 11:11 - WARNING - diff_pkt_count  , diff_gps_count ,  diff_pkt_timstamp
12-09-2025 11:11 - WARNING - 1882541 33 29207414 microseconds
12-09-2025 11:11 - WARNING - No packet loss: /data/dsp/GBD_TRANSIENT_BUFFER/J0953+0755/12_09_2025/PDR_GULP_data001.pcap_12_09_2025_10_34_1757653488.PCAP_PDR
12-09-2025 11:11 - WARNING - first_pkt_count, first_gps_count, first_pkt_Tstamp
12-09-2025 11:11 - WARNING - 1105337990 42480 2025-09-12T05:04:16.645731
12-09-2025 11:11 - WARNING - last_pkt_count, last_gps_count, last_pkt_Tstamp
12-09-2025 11:11 - WARNING - 1107220531 42510 2025-09-12T05:04:45.853107
12-09-2025 11:11 - WARNING - diff_pkt_count  , diff_gps_count ,  diff_pkt_timstamp
12-09-2025 11:11 - WARNING - 1882541 30 29207376 microseconds
12-09-2025 11:11 - WARNING - No packet loss: /data/dsp/GBD_TRANSIENT_BUFFER/J0953+0755/12_09_2025/PDR_GULP_data002.pcap_12_09_2025_10_35_1757653518.PCAP_PDR
12-09-2025 11:11 - WARNING - first_pkt_count, first_gps_count, first_pkt_Tstamp
12-09-2025 11:11 - WARNING - 1107220532 42510 2025-09-12T05:04:45.853107
12-09-2025 11:11 - WARNING - last_pkt_count, last_gps_count, last_pkt_Tstamp
12-09-2025 11:11 - WARNING - 1109103073 42545 2025-09-12T05:05:15.060575
12-09-2025 11:11 - WARNING - diff_pkt_count  , diff_gps_count ,  diff_pkt_timstamp
12-09-2025 11:11 - WARNING - 1882541 35 29207468 microseconds
12-09-2025 11:11 - WARNING - No packet loss: /data/dsp/GBD_TRANSIENT_BUFFER/J0953+0755/12_09_2025/PDR_GULP_data000.pcap_12_09_2025_10_35_1757653547.PCAP_PDR
12-09-2025 11:11 - WARNING - first_pkt_count, first_gps_count, first_pkt_Tstamp
12-09-2025 11:11 - WARNING - 1109103074 42545 2025-09-12T05:05:15.060667
12-09-2025 11:11 - WARNING - last_pkt_count, last_gps_count, last_pkt_Tstamp
12-09-2025 11:11 - WARNING - 1110985615 42581 2025-09-12T05:05:44.268086
12-09-2025 11:11 - WARNING - diff_pkt_count  , diff_gps_count ,  diff_pkt_timstamp
12-09-2025 11:11 - WARNING - 1882541 36 29207419 microseconds
12-09-2025 11:11 - WARNING - No packet loss: /data/dsp/GBD_TRANSIENT_BUFFER/J0953+0755/12_09_2025/PDR_GULP_data001.pcap_12_09_2025_10_36_1757653576.PCAP_PDR
12-09-2025 11:11 - WARNING - first_pkt_count, first_gps_count, first_pkt_Tstamp
12-09-2025 11:11 - WARNING - 1110985616 42581 2025-09-12T05:05:44.268086
12-09-2025 11:11 - WARNING - last_pkt_count, last_gps_count, last_pkt_Tstamp
12-09-2025 11:11 - WARNING - 1112868158 42618 2025-09-12T05:06:13.475601
12-09-2025 11:11 - WARNING - diff_pkt_count  , diff_gps_count ,  diff_pkt_timstamp
12-09-2025 11:11 - WARNING - 1882542 37 29207515 microseconds
12-09-2025 11:11 - WARNING - No packet loss: /data/dsp/GBD_TRANSIENT_BUFFER/J0953+0755/12_09_2025/PDR_GULP_data002.pcap_12_09_2025_10_36_1757653605.PCAP_PDR
12-09-2025 11:11 - WARNING - first_pkt_count, first_gps_count, first_pkt_Tstamp
12-09-2025 11:11 - WARNING - 1112868159 42618 2025-09-12T05:06:13.475601
12-09-2025 11:11 - WARNING - last_pkt_count, last_gps_count, last_pkt_Tstamp
12-09-2025 11:11 - WARNING - 1114750700 42649 2025-09-12T05:06:42.683131
12-09-2025 11:11 - WARNING - diff_pkt_count  , diff_gps_count ,  diff_pkt_timstamp
12-09-2025 11:11 - WARNING - 1882541 31 29207530 microseconds
12-09-2025 11:11 - WARNING - No packet loss: /data/dsp/GBD_TRANSIENT_BUFFER/J0953+0755/12_09_2025/PDR_GULP_data000.pcap_12_09_2025_10_37_1757653634.PCAP_PDR
12-09-2025 11:11 - WARNING - first_pkt_count, first_gps_count, first_pkt_Tstamp
12-09-2025 11:11 - WARNING - 1114750701 42649 2025-09-12T05:06:42.683184
12-09-2025 11:11 - WARNING - last_pkt_count, last_gps_count, last_pkt_Tstamp
12-09-2025 11:11 - WARNING - 1116633242 42680 2025-09-12T05:07:11.890689
12-09-2025 11:11 - WARNING - diff_pkt_count  , diff_gps_count ,  diff_pkt_timstamp
12-09-2025 11:11 - WARNING - 1882541 31 29207505 microseconds
12-09-2025 11:11 - WARNING - No packet loss: /data/dsp/GBD_TRANSIENT_BUFFER/J0953+0755/12_09_2025/PDR_GULP_data001.pcap_12_09_2025_10_37_1757653664.PCAP_PDR
12-09-2025 11:11 - WARNING - first_pkt_count, first_gps_count, first_pkt_Tstamp
12-09-2025 11:11 - WARNING - 1116633243 42680 2025-09-12T05:07:11.890742
12-09-2025 11:11 - WARNING - last_pkt_count, last_gps_count, last_pkt_Tstamp
12-09-2025 11:11 - WARNING - 1118515784 42711 2025-09-12T05:07:41.098264
12-09-2025 11:11 - WARNING - diff_pkt_count  , diff_gps_count ,  diff_pkt_timstamp
12-09-2025 11:11 - WARNING - 1882541 31 29207522 microseconds
12-09-2025 11:11 - WARNING - No packet loss: /data/dsp/GBD_TRANSIENT_BUFFER/J0953+0755/12_09_2025/PDR_GULP_data002.pcap_12_09_2025_10_38_1757653693.PCAP_PDR
12-09-2025 11:11 - WARNING - first_pkt_count, first_gps_count, first_pkt_Tstamp
12-09-2025 11:11 - WARNING - 1118515785 42711 2025-09-12T05:07:41.098264
12-09-2025 11:11 - WARNING - last_pkt_count, last_gps_count, last_pkt_Tstamp
12-09-2025 11:11 - WARNING - 1120398326 42741 2025-09-12T05:08:10.305823
12-09-2025 11:11 - WARNING - diff_pkt_count  , diff_gps_count ,  diff_pkt_timstamp
12-09-2025 11:11 - WARNING - 1882541 30 29207559 microseconds
12-09-2025 11:11 - WARNING - No packet loss: /data/dsp/GBD_TRANSIENT_BUFFER/J0953+0755/12_09_2025/PDR_GULP_data000.pcap_12_09_2025_10_38_1757653722.PCAP_PDR
12-09-2025 11:11 - WARNING - first_pkt_count, first_gps_count, first_pkt_Tstamp
12-09-2025 11:11 - WARNING - 1120398327 42741 2025-09-12T05:08:10.305876
12-09-2025 11:11 - WARNING - last_pkt_count, last_gps_count, last_pkt_Tstamp
12-09-2025 11:11 - WARNING - 1122280868 42772 2025-09-12T05:08:39.513468
12-09-2025 11:11 - WARNING - diff_pkt_count  , diff_gps_count ,  diff_pkt_timstamp
12-09-2025 11:11 - WARNING - 1882541 31 29207592 microseconds
12-09-2025 11:11 - WARNING - No packet loss: /data/dsp/GBD_TRANSIENT_BUFFER/J0953+0755/12_09_2025/PDR_GULP_data001.pcap_12_09_2025_10_39_1757653751.PCAP_PDR
12-09-2025 11:11 - WARNING - first_pkt_count, first_gps_count, first_pkt_Tstamp
12-09-2025 11:11 - WARNING - 1122280869 42772 2025-09-12T05:08:39.513468
12-09-2025 11:11 - WARNING - last_pkt_count, last_gps_count, last_pkt_Tstamp
12-09-2025 11:11 - WARNING - 1124163411 42804 2025-09-12T05:09:08.721071
12-09-2025 11:11 - WARNING - diff_pkt_count  , diff_gps_count ,  diff_pkt_timstamp
12-09-2025 11:11 - WARNING - 1882542 32 29207603 microseconds
12-09-2025 11:11 - WARNING - No packet loss: /data/dsp/GBD_TRANSIENT_BUFFER/J0953+0755/12_09_2025/PDR_GULP_data002.pcap_12_09_2025_10_39_1757653780.PCAP_PDR
12-09-2025 11:11 - WARNING - first_pkt_count, first_gps_count, first_pkt_Tstamp
12-09-2025 11:11 - WARNING - 1124163412 42804 2025-09-12T05:09:08.721071
12-09-2025 11:11 - WARNING - last_pkt_count, last_gps_count, last_pkt_Tstamp
12-09-2025 11:11 - WARNING - 1126045953 42836 2025-09-12T05:09:37.928730
12-09-2025 11:11 - WARNING - diff_pkt_count  , diff_gps_count ,  diff_pkt_timstamp
12-09-2025 11:11 - WARNING - 1882541 32 29207659 microseconds
12-09-2025 11:11 - WARNING - No packet loss: /data/dsp/GBD_TRANSIENT_BUFFER/J0953+0755/12_09_2025/PDR_GULP_data000.pcap_12_09_2025_10_40_1757653810.PCAP_PDR
12-09-2025 11:11 - WARNING - first_pkt_count, first_gps_count, first_pkt_Tstamp
12-09-2025 11:11 - WARNING - 1126045954 42836 2025-09-12T05:09:37.928731
12-09-2025 11:11 - WARNING - last_pkt_count, last_gps_count, last_pkt_Tstamp
12-09-2025 11:11 - WARNING - 1127928495 42867 2025-09-12T05:10:07.136342
12-09-2025 11:11 - WARNING - diff_pkt_count  , diff_gps_count ,  diff_pkt_timstamp
12-09-2025 11:11 - WARNING - 1882541 31 29207611 microseconds
12-09-2025 11:11 - WARNING - No packet loss: /data/dsp/GBD_TRANSIENT_BUFFER/J0953+0755/12_09_2025/PDR_GULP_data001.pcap_12_09_2025_10_40_1757653839.PCAP_PDR
12-09-2025 11:11 - WARNING - first_pkt_count, first_gps_count, first_pkt_Tstamp
12-09-2025 11:11 - WARNING - 1127928496 42867 2025-09-12T05:10:07.136342
12-09-2025 11:11 - WARNING - last_pkt_count, last_gps_count, last_pkt_Tstamp
12-09-2025 11:11 - WARNING - 1129811037 42902 2025-09-12T05:10:36.343979
12-09-2025 11:11 - WARNING - diff_pkt_count  , diff_gps_count ,  diff_pkt_timstamp
12-09-2025 11:11 - WARNING - 1882541 35 29207637 microseconds
12-09-2025 11:11 - WARNING - No packet loss: /data/dsp/GBD_TRANSIENT_BUFFER/J0953+0755/12_09_2025/PDR_GULP_data002.pcap_12_09_2025_10_41_1757653868.PCAP_PDR
12-09-2025 11:11 - WARNING - first_pkt_count, first_gps_count, first_pkt_Tstamp
12-09-2025 11:11 - WARNING - 1129811038 42902 2025-09-12T05:10:36.344031
12-09-2025 11:11 - WARNING - last_pkt_count, last_gps_count, last_pkt_Tstamp
12-09-2025 11:11 - WARNING - 1131693579 42936 2025-09-12T05:11:05.551735
12-09-2025 11:11 - WARNING - diff_pkt_count  , diff_gps_count ,  diff_pkt_timstamp
12-09-2025 11:11 - WARNING - 1882541 34 29207704 microseconds
12-09-2025 11:11 - WARNING - No packet loss: /data/dsp/GBD_TRANSIENT_BUFFER/J0953+0755/12_09_2025/PDR_GULP_data000.pcap_12_09_2025_10_41_1757653897.PCAP_PDR
12-09-2025 11:11 - WARNING - first_pkt_count, first_gps_count, first_pkt_Tstamp
12-09-2025 11:11 - WARNING - 1131693580 42936 2025-09-12T05:11:05.551736
12-09-2025 11:11 - WARNING - last_pkt_count, last_gps_count, last_pkt_Tstamp
12-09-2025 11:11 - WARNING - 1133576121 42972 2025-09-12T05:11:34.759329
12-09-2025 11:11 - WARNING - diff_pkt_count  , diff_gps_count ,  diff_pkt_timstamp
12-09-2025 11:11 - WARNING - 1882541 36 29207593 microseconds
12-09-2025 11:11 - WARNING - No packet loss: /data/dsp/GBD_TRANSIENT_BUFFER/J0953+0755/12_09_2025/PDR_GULP_data001.pcap_12_09_2025_10_42_1757653926.PCAP_PDR
12-09-2025 11:11 - WARNING - first_pkt_count, first_gps_count, first_pkt_Tstamp
12-09-2025 11:11 - WARNING - 1133576122 42972 2025-09-12T05:11:34.759382
12-09-2025 11:11 - WARNING - last_pkt_count, last_gps_count, last_pkt_Tstamp
12-09-2025 11:11 - WARNING - 1135458664 43005 2025-09-12T05:12:03.967057
12-09-2025 11:11 - WARNING - diff_pkt_count  , diff_gps_count ,  diff_pkt_timstamp
12-09-2025 11:11 - WARNING - 1882542 33 29207675 microseconds
12-09-2025 11:11 - WARNING - No packet loss: /data/dsp/GBD_TRANSIENT_BUFFER/J0953+0755/12_09_2025/PDR_GULP_data002.pcap_12_09_2025_10_42_1757653956.PCAP_PDR
12-09-2025 11:11 - WARNING - first_pkt_count, first_gps_count, first_pkt_Tstamp
12-09-2025 11:11 - WARNING - 1135458665 43005 2025-09-12T05:12:03.967057
12-09-2025 11:11 - WARNING - last_pkt_count, last_gps_count, last_pkt_Tstamp
12-09-2025 11:11 - WARNING - 1137341206 43040 2025-09-12T05:12:33.174740
12-09-2025 11:11 - WARNING - diff_pkt_count  , diff_gps_count ,  diff_pkt_timstamp
12-09-2025 11:11 - WARNING - 1882541 35 29207683 microseconds
12-09-2025 11:11 - WARNING - No packet loss: /data/dsp/GBD_TRANSIENT_BUFFER/J0953+0755/12_09_2025/PDR_GULP_data000.pcap_12_09_2025_10_43_1757653985.PCAP_PDR
12-09-2025 11:11 - WARNING - first_pkt_count, first_gps_count, first_pkt_Tstamp
12-09-2025 11:11 - WARNING - 1137341207 43040 2025-09-12T05:12:33.174740
12-09-2025 11:11 - WARNING - last_pkt_count, last_gps_count, last_pkt_Tstamp
12-09-2025 11:11 - WARNING - 1139223748 43072 2025-09-12T05:13:02.382438
12-09-2025 11:11 - WARNING - diff_pkt_count  , diff_gps_count ,  diff_pkt_timstamp
12-09-2025 11:11 - WARNING - 1882541 32 29207698 microseconds
12-09-2025 11:11 - WARNING - No packet loss: /data/dsp/GBD_TRANSIENT_BUFFER/J0953+0755/12_09_2025/PDR_GULP_data001.pcap_12_09_2025_10_43_1757654014.PCAP_PDR
12-09-2025 11:11 - WARNING - first_pkt_count, first_gps_count, first_pkt_Tstamp
12-09-2025 11:11 - WARNING - 1139223749 43072 2025-09-12T05:13:02.382438
12-09-2025 11:11 - WARNING - last_pkt_count, last_gps_count, last_pkt_Tstamp
12-09-2025 11:11 - WARNING - 1141106290 43108 2025-09-12T05:13:31.590161
12-09-2025 11:11 - WARNING - diff_pkt_count  , diff_gps_count ,  diff_pkt_timstamp
12-09-2025 11:11 - WARNING - 1882541 36 29207723 microseconds
12-09-2025 11:11 - WARNING - No packet loss: /data/dsp/GBD_TRANSIENT_BUFFER/J0953+0755/12_09_2025/PDR_GULP_data002.pcap_12_09_2025_10_44_1757654043.PCAP_PDR
12-09-2025 11:11 - WARNING - first_pkt_count, first_gps_count, first_pkt_Tstamp
12-09-2025 11:11 - WARNING - 1141106291 43108 2025-09-12T05:13:31.590162
12-09-2025 11:11 - WARNING - last_pkt_count, last_gps_count, last_pkt_Tstamp
12-09-2025 11:11 - WARNING - 1142988832 43141 2025-09-12T05:14:00.797890
12-09-2025 11:11 - WARNING - diff_pkt_count  , diff_gps_count ,  diff_pkt_timstamp
12-09-2025 11:11 - WARNING - 1882541 33 29207728 microseconds
12-09-2025 11:11 - WARNING - No packet loss: /data/dsp/GBD_TRANSIENT_BUFFER/J0953+0755/12_09_2025/PDR_GULP_data000.pcap_12_09_2025_10_44_1757654073.PCAP_PDR
12-09-2025 11:11 - WARNING - first_pkt_count, first_gps_count, first_pkt_Tstamp
12-09-2025 11:11 - WARNING - 1142988833 43141 2025-09-12T05:14:00.797891
12-09-2025 11:11 - WARNING - last_pkt_count, last_gps_count, last_pkt_Tstamp
12-09-2025 11:11 - WARNING - 1144871374 43176 2025-09-12T05:14:30.005661
12-09-2025 11:11 - WARNING - diff_pkt_count  , diff_gps_count ,  diff_pkt_timstamp
12-09-2025 11:11 - WARNING - 1882541 35 29207770 microseconds
12-09-2025 11:11 - WARNING - No packet loss: /data/dsp/GBD_TRANSIENT_BUFFER/J0953+0755/12_09_2025/PDR_GULP_data001.pcap_12_09_2025_10_45_1757654102.PCAP_PDR
12-09-2025 11:11 - WARNING - first_pkt_count, first_gps_count, first_pkt_Tstamp
12-09-2025 11:11 - WARNING - 1144871375 43176 2025-09-12T05:14:30.005661
12-09-2025 11:11 - WARNING - last_pkt_count, last_gps_count, last_pkt_Tstamp
12-09-2025 11:11 - WARNING - 1146753917 43210 2025-09-12T05:14:59.213402
12-09-2025 11:11 - WARNING - diff_pkt_count  , diff_gps_count ,  diff_pkt_timstamp
12-09-2025 11:11 - WARNING - 1882542 34 29207741 microseconds
12-09-2025 11:11 - WARNING - No packet loss: /data/dsp/GBD_TRANSIENT_BUFFER/J0953+0755/12_09_2025/PDR_GULP_data002.pcap_12_09_2025_10_45_1757654131.PCAP_PDR
12-09-2025 11:11 - WARNING - first_pkt_count, first_gps_count, first_pkt_Tstamp
12-09-2025 11:11 - WARNING - 1146753918 43210 2025-09-12T05:14:59.213402
12-09-2025 11:11 - WARNING - last_pkt_count, last_gps_count, last_pkt_Tstamp
12-09-2025 11:11 - WARNING - 1148636459 43243 2025-09-12T05:15:28.421090
12-09-2025 11:11 - WARNING - diff_pkt_count  , diff_gps_count ,  diff_pkt_timstamp
12-09-2025 11:11 - WARNING - 1882541 33 29207688 microseconds
12-09-2025 11:11 - WARNING - No packet loss: /data/dsp/GBD_TRANSIENT_BUFFER/J0953+0755/12_09_2025/PDR_GULP_data000.pcap_12_09_2025_10_46_1757654160.PCAP_PDR
12-09-2025 11:11 - WARNING - first_pkt_count, first_gps_count, first_pkt_Tstamp
12-09-2025 11:11 - WARNING - 1148636460 43243 2025-09-12T05:15:28.421143
12-09-2025 11:11 - WARNING - last_pkt_count, last_gps_count, last_pkt_Tstamp
12-09-2025 11:11 - WARNING - 1150519001 43274 2025-09-12T05:15:57.628843
12-09-2025 11:11 - WARNING - diff_pkt_count  , diff_gps_count ,  diff_pkt_timstamp
12-09-2025 11:11 - WARNING - 1882541 31 29207700 microseconds
12-09-2025 11:11 - WARNING - No packet loss: /data/dsp/GBD_TRANSIENT_BUFFER/J0953+0755/12_09_2025/PDR_GULP_data001.pcap_12_09_2025_10_46_1757654189.PCAP_PDR
12-09-2025 11:11 - WARNING - first_pkt_count, first_gps_count, first_pkt_Tstamp
12-09-2025 11:11 - WARNING - 1150519002 43274 2025-09-12T05:15:57.628896
12-09-2025 11:11 - WARNING - last_pkt_count, last_gps_count, last_pkt_Tstamp
12-09-2025 11:11 - WARNING - 1152401543 43305 2025-09-12T05:16:26.836608
12-09-2025 11:11 - WARNING - diff_pkt_count  , diff_gps_count ,  diff_pkt_timstamp
12-09-2025 11:11 - WARNING - 1882541 31 29207712 microseconds
12-09-2025 11:11 - WARNING - No packet loss: /data/dsp/GBD_TRANSIENT_BUFFER/J0953+0755/12_09_2025/PDR_GULP_data002.pcap_12_09_2025_10_46_1757654219.PCAP_PDR
12-09-2025 11:11 - WARNING - first_pkt_count, first_gps_count, first_pkt_Tstamp
12-09-2025 11:11 - WARNING - 1152401544 43305 2025-09-12T05:16:26.836661
12-09-2025 11:11 - WARNING - last_pkt_count, last_gps_count, last_pkt_Tstamp
12-09-2025 11:11 - WARNING - 1154284085 43335 2025-09-12T05:16:56.044395
12-09-2025 11:11 - WARNING - diff_pkt_count  , diff_gps_count ,  diff_pkt_timstamp
12-09-2025 11:11 - WARNING - 1882541 30 29207734 microseconds
12-09-2025 11:11 - WARNING - No packet loss: /data/dsp/GBD_TRANSIENT_BUFFER/J0953+0755/12_09_2025/PDR_GULP_data000.pcap_12_09_2025_10_47_1757654248.PCAP_PDR
12-09-2025 11:11 - WARNING - first_pkt_count, first_gps_count, first_pkt_Tstamp
12-09-2025 11:11 - WARNING - 1154284086 43335 2025-09-12T05:16:56.044395
12-09-2025 11:11 - WARNING - last_pkt_count, last_gps_count, last_pkt_Tstamp
12-09-2025 11:11 - WARNING - 1156166627 43365 2025-09-12T05:17:25.252160
12-09-2025 11:11 - WARNING - diff_pkt_count  , diff_gps_count ,  diff_pkt_timstamp
12-09-2025 11:11 - WARNING - 1882541 30 29207765 microseconds
12-09-2025 11:11 - WARNING - No packet loss: /data/dsp/GBD_TRANSIENT_BUFFER/J0953+0755/12_09_2025/PDR_GULP_data001.pcap_12_09_2025_10_47_1757654277.PCAP_PDR
12-09-2025 11:11 - WARNING - first_pkt_count, first_gps_count, first_pkt_Tstamp
12-09-2025 11:11 - WARNING - 1156166628 43365 2025-09-12T05:17:25.252160
12-09-2025 11:11 - WARNING - last_pkt_count, last_gps_count, last_pkt_Tstamp
12-09-2025 11:11 - WARNING - 1158049170 43397 2025-09-12T05:17:54.459980
12-09-2025 11:11 - WARNING - diff_pkt_count  , diff_gps_count ,  diff_pkt_timstamp
12-09-2025 11:11 - WARNING - 1882542 32 29207820 microseconds
12-09-2025 11:11 - WARNING - No packet loss: /data/dsp/GBD_TRANSIENT_BUFFER/J0953+0755/12_09_2025/PDR_GULP_data002.pcap_12_09_2025_10_48_1757654306.PCAP_PDR
12-09-2025 11:11 - WARNING - first_pkt_count, first_gps_count, first_pkt_Tstamp
12-09-2025 11:11 - WARNING - 1158049171 43397 2025-09-12T05:17:54.459980
12-09-2025 11:11 - WARNING - last_pkt_count, last_gps_count, last_pkt_Tstamp
12-09-2025 11:11 - WARNING - 1159931712 43435 2025-09-12T05:18:23.667716
12-09-2025 11:11 - WARNING - diff_pkt_count  , diff_gps_count ,  diff_pkt_timstamp
12-09-2025 11:11 - WARNING - 1882541 38 29207736 microseconds
12-09-2025 11:11 - WARNING - No packet loss: /data/dsp/GBD_TRANSIENT_BUFFER/J0953+0755/12_09_2025/PDR_GULP_data000.pcap_12_09_2025_10_48_1757654335.PCAP_PDR
12-09-2025 11:11 - WARNING - first_pkt_count, first_gps_count, first_pkt_Tstamp
12-09-2025 11:11 - WARNING - 1159931713 43435 2025-09-12T05:18:23.667768
12-09-2025 11:11 - WARNING - last_pkt_count, last_gps_count, last_pkt_Tstamp
12-09-2025 11:11 - WARNING - 1161814254 43469 2025-09-12T05:18:52.875541
12-09-2025 11:11 - WARNING - diff_pkt_count  , diff_gps_count ,  diff_pkt_timstamp
12-09-2025 11:11 - WARNING - 1882541 34 29207773 microseconds
12-09-2025 11:11 - WARNING - No packet loss: /data/dsp/GBD_TRANSIENT_BUFFER/J0953+0755/12_09_2025/PDR_GULP_data001.pcap_12_09_2025_10_49_1757654365.PCAP_PDR
12-09-2025 11:11 - WARNING - first_pkt_count, first_gps_count, first_pkt_Tstamp
12-09-2025 11:11 - WARNING - 1161814255 43469 2025-09-12T05:18:52.875541
12-09-2025 11:11 - WARNING - last_pkt_count, last_gps_count, last_pkt_Tstamp
12-09-2025 11:11 - WARNING - 1163696796 43504 2025-09-12T05:19:22.083294
12-09-2025 11:11 - WARNING - diff_pkt_count  , diff_gps_count ,  diff_pkt_timstamp
12-09-2025 11:11 - WARNING - 1882541 35 29207753 microseconds
12-09-2025 11:11 - WARNING - No packet loss: /data/dsp/GBD_TRANSIENT_BUFFER/J0953+0755/12_09_2025/PDR_GULP_data002.pcap_12_09_2025_10_49_1757654394.PCAP_PDR
12-09-2025 11:11 - WARNING - first_pkt_count, first_gps_count, first_pkt_Tstamp
12-09-2025 11:11 - WARNING - 1163696797 43504 2025-09-12T05:19:22.083346
12-09-2025 11:11 - WARNING - last_pkt_count, last_gps_count, last_pkt_Tstamp
12-09-2025 11:11 - WARNING - 1165579338 43534 2025-09-12T05:19:51.291137
12-09-2025 11:11 - WARNING - diff_pkt_count  , diff_gps_count ,  diff_pkt_timstamp
12-09-2025 11:11 - WARNING - 1882541 30 29207791 microseconds
12-09-2025 11:11 - WARNING - No packet loss: /data/dsp/GBD_TRANSIENT_BUFFER/J0953+0755/12_09_2025/PDR_GULP_data000.pcap_12_09_2025_10_50_1757654423.PCAP_PDR
12-09-2025 11:11 - WARNING - first_pkt_count, first_gps_count, first_pkt_Tstamp
12-09-2025 11:11 - WARNING - 1165579339 43534 2025-09-12T05:19:51.291137
12-09-2025 11:11 - WARNING - last_pkt_count, last_gps_count, last_pkt_Tstamp
12-09-2025 11:11 - WARNING - 1167461880 43564 2025-09-12T05:20:20.498918
12-09-2025 11:11 - WARNING - diff_pkt_count  , diff_gps_count ,  diff_pkt_timstamp
12-09-2025 11:11 - WARNING - 1882541 30 29207781 microseconds
12-09-2025 11:11 - WARNING - No packet loss: /data/dsp/GBD_TRANSIENT_BUFFER/J0953+0755/12_09_2025/PDR_GULP_data001.pcap_12_09_2025_10_50_1757654452.PCAP_PDR
12-09-2025 11:11 - WARNING - first_pkt_count, first_gps_count, first_pkt_Tstamp
12-09-2025 11:11 - WARNING - 1167461881 43564 2025-09-12T05:20:20.498918
12-09-2025 11:11 - WARNING - last_pkt_count, last_gps_count, last_pkt_Tstamp
12-09-2025 11:11 - WARNING - 1169344423 43600 2025-09-12T05:20:49.706714
12-09-2025 11:11 - WARNING - diff_pkt_count  , diff_gps_count ,  diff_pkt_timstamp
12-09-2025 11:11 - WARNING - 1882542 36 29207796 microseconds
12-09-2025 11:11 - WARNING - No packet loss: /data/dsp/GBD_TRANSIENT_BUFFER/J0953+0755/12_09_2025/PDR_GULP_data002.pcap_12_09_2025_10_51_1757654481.PCAP_PDR
12-09-2025 11:11 - WARNING - first_pkt_count, first_gps_count, first_pkt_Tstamp
12-09-2025 11:11 - WARNING - 1169344424 43600 2025-09-12T05:20:49.706714
12-09-2025 11:11 - WARNING - last_pkt_count, last_gps_count, last_pkt_Tstamp
12-09-2025 11:11 - WARNING - 1171226965 43632 2025-09-12T05:21:18.914532
12-09-2025 11:11 - WARNING - diff_pkt_count  , diff_gps_count ,  diff_pkt_timstamp
12-09-2025 11:11 - WARNING - 1882541 32 29207818 microseconds
12-09-2025 11:11 - WARNING - No packet loss: /data/dsp/GBD_TRANSIENT_BUFFER/J0953+0755/12_09_2025/PDR_GULP_data000.pcap_12_09_2025_10_51_1757654511.PCAP_PDR
12-09-2025 11:11 - WARNING - first_pkt_count, first_gps_count, first_pkt_Tstamp
12-09-2025 11:11 - WARNING - 1171226966 43632 2025-09-12T05:21:18.914532
12-09-2025 11:11 - WARNING - last_pkt_count, last_gps_count, last_pkt_Tstamp
12-09-2025 11:11 - WARNING - 1173109507 43668 2025-09-12T05:21:48.122317
12-09-2025 11:11 - WARNING - diff_pkt_count  , diff_gps_count ,  diff_pkt_timstamp
12-09-2025 11:11 - WARNING - 1882541 36 29207785 microseconds
12-09-2025 11:11 - WARNING - No packet loss: /data/dsp/GBD_TRANSIENT_BUFFER/J0953+0755/12_09_2025/PDR_GULP_data001.pcap_12_09_2025_10_52_1757654540.PCAP_PDR
12-09-2025 11:11 - WARNING - first_pkt_count, first_gps_count, first_pkt_Tstamp
12-09-2025 11:11 - WARNING - 1173109508 43668 2025-09-12T05:21:48.122370
12-09-2025 11:11 - WARNING - last_pkt_count, last_gps_count, last_pkt_Tstamp
12-09-2025 11:11 - WARNING - 1174992049 43702 2025-09-12T05:22:17.330156
12-09-2025 11:11 - WARNING - diff_pkt_count  , diff_gps_count ,  diff_pkt_timstamp
12-09-2025 11:11 - WARNING - 1882541 34 29207786 microseconds
12-09-2025 11:11 - WARNING - No packet loss: /data/dsp/GBD_TRANSIENT_BUFFER/J0953+0755/12_09_2025/PDR_GULP_data002.pcap_12_09_2025_10_52_1757654569.PCAP_PDR
12-09-2025 11:11 - WARNING - first_pkt_count, first_gps_count, first_pkt_Tstamp
12-09-2025 11:11 - WARNING - 1174992050 43702 2025-09-12T05:22:17.330157
12-09-2025 11:11 - WARNING - last_pkt_count, last_gps_count, last_pkt_Tstamp
12-09-2025 11:11 - WARNING - 1176874591 43738 2025-09-12T05:22:46.537970
12-09-2025 11:11 - WARNING - diff_pkt_count  , diff_gps_count ,  diff_pkt_timstamp
12-09-2025 11:11 - WARNING - 1882541 36 29207813 microseconds
12-09-2025 11:11 - WARNING - No packet loss: /data/dsp/GBD_TRANSIENT_BUFFER/J0953+0755/12_09_2025/PDR_GULP_data000.pcap_12_09_2025_10_53_1757654598.PCAP_PDR
12-09-2025 11:11 - WARNING - first_pkt_count, first_gps_count, first_pkt_Tstamp
12-09-2025 11:11 - WARNING - 1176874592 43738 2025-09-12T05:22:46.537971
12-09-2025 11:11 - WARNING - last_pkt_count, last_gps_count, last_pkt_Tstamp
12-09-2025 11:11 - WARNING - 1178757133 43773 2025-09-12T05:23:15.745782
12-09-2025 11:11 - WARNING - diff_pkt_count  , diff_gps_count ,  diff_pkt_timstamp
12-09-2025 11:11 - WARNING - 1882541 35 29207811 microseconds
12-09-2025 11:11 - WARNING - No packet loss: /data/dsp/GBD_TRANSIENT_BUFFER/J0953+0755/12_09_2025/PDR_GULP_data001.pcap_12_09_2025_10_53_1757654627.PCAP_PDR
12-09-2025 11:11 - WARNING - first_pkt_count, first_gps_count, first_pkt_Tstamp
12-09-2025 11:11 - WARNING - 1178757134 43773 2025-09-12T05:23:15.745783
12-09-2025 11:11 - WARNING - last_pkt_count, last_gps_count, last_pkt_Tstamp
12-09-2025 11:11 - WARNING - 1180639676 43806 2025-09-12T05:23:44.953692
12-09-2025 11:11 - WARNING - diff_pkt_count  , diff_gps_count ,  diff_pkt_timstamp
12-09-2025 11:11 - WARNING - 1882542 33 29207909 microseconds
12-09-2025 11:11 - WARNING - No packet loss: /data/dsp/GBD_TRANSIENT_BUFFER/J0953+0755/12_09_2025/PDR_GULP_data002.pcap_12_09_2025_10_54_1757654657.PCAP_PDR
12-09-2025 11:11 - WARNING - first_pkt_count, first_gps_count, first_pkt_Tstamp
12-09-2025 11:11 - WARNING - 1180639677 43806 2025-09-12T05:23:44.953692
12-09-2025 11:11 - WARNING - last_pkt_count, last_gps_count, last_pkt_Tstamp
12-09-2025 11:11 - WARNING - 1182522218 43839 2025-09-12T05:24:14.161459
12-09-2025 11:11 - WARNING - diff_pkt_count  , diff_gps_count ,  diff_pkt_timstamp
12-09-2025 11:11 - WARNING - 1882541 33 29207767 microseconds
12-09-2025 11:11 - WARNING - No packet loss: /data/dsp/GBD_TRANSIENT_BUFFER/J0953+0755/12_09_2025/PDR_GULP_data000.pcap_12_09_2025_10_54_1757654686.PCAP_PDR
12-09-2025 11:11 - WARNING - first_pkt_count, first_gps_count, first_pkt_Tstamp
12-09-2025 11:11 - WARNING - 1182522219 43839 2025-09-12T05:24:14.161459
12-09-2025 11:11 - WARNING - last_pkt_count, last_gps_count, last_pkt_Tstamp
12-09-2025 11:11 - WARNING - 1184404760 43870 2025-09-12T05:24:43.369258
12-09-2025 11:11 - WARNING - diff_pkt_count  , diff_gps_count ,  diff_pkt_timstamp
12-09-2025 11:11 - WARNING - 1882541 31 29207799 microseconds
12-09-2025 11:11 - WARNING - No packet loss: /data/dsp/GBD_TRANSIENT_BUFFER/J0953+0755/12_09_2025/PDR_GULP_data001.pcap_12_09_2025_10_55_1757654715.PCAP_PDR
12-09-2025 11:11 - WARNING - first_pkt_count, first_gps_count, first_pkt_Tstamp
12-09-2025 11:11 - WARNING - 1184404761 43870 2025-09-12T05:24:43.369258
12-09-2025 11:11 - WARNING - last_pkt_count, last_gps_count, last_pkt_Tstamp
12-09-2025 11:11 - WARNING - 1186287302 43902 2025-09-12T05:25:12.577140
12-09-2025 11:11 - WARNING - diff_pkt_count  , diff_gps_count ,  diff_pkt_timstamp
12-09-2025 11:11 - WARNING - 1882541 32 29207882 microseconds
12-09-2025 11:11 - WARNING - No packet loss: /data/dsp/GBD_TRANSIENT_BUFFER/J0953+0755/12_09_2025/PDR_GULP_data002.pcap_12_09_2025_10_55_1757654744.PCAP_PDR
12-09-2025 11:11 - WARNING - first_pkt_count, first_gps_count, first_pkt_Tstamp
12-09-2025 11:11 - WARNING - 1186287303 43902 2025-09-12T05:25:12.577141
12-09-2025 11:11 - WARNING - last_pkt_count, last_gps_count, last_pkt_Tstamp
12-09-2025 11:11 - WARNING - 1188169844 43934 2025-09-12T05:25:41.784976
12-09-2025 11:11 - WARNING - diff_pkt_count  , diff_gps_count ,  diff_pkt_timstamp
12-09-2025 11:11 - WARNING - 1882541 32 29207835 microseconds
12-09-2025 11:11 - WARNING - No packet loss: /data/dsp/GBD_TRANSIENT_BUFFER/J0953+0755/12_09_2025/PDR_GULP_data000.pcap_12_09_2025_10_56_1757654773.PCAP_PDR
12-09-2025 11:11 - WARNING - first_pkt_count, first_gps_count, first_pkt_Tstamp
12-09-2025 11:11 - WARNING - 1188169845 43934 2025-09-12T05:25:41.784976
12-09-2025 11:11 - WARNING - last_pkt_count, last_gps_count, last_pkt_Tstamp
12-09-2025 11:11 - WARNING - 1190052387 43967 2025-09-12T05:26:10.992795
12-09-2025 11:11 - WARNING - diff_pkt_count  , diff_gps_count ,  diff_pkt_timstamp
12-09-2025 11:11 - WARNING - 1882542 33 29207819 microseconds
12-09-2025 11:11 - WARNING - No packet loss: /data/dsp/GBD_TRANSIENT_BUFFER/J0953+0755/12_09_2025/PDR_GULP_data001.pcap_12_09_2025_10_56_1757654803.PCAP_PDR
12-09-2025 11:11 - WARNING - first_pkt_count, first_gps_count, first_pkt_Tstamp
12-09-2025 11:11 - WARNING - 1190052388 43967 2025-09-12T05:26:10.992795
12-09-2025 11:11 - WARNING - last_pkt_count, last_gps_count, last_pkt_Tstamp
12-09-2025 11:11 - WARNING - 1191934929 43997 2025-09-12T05:26:40.200615
12-09-2025 11:11 - WARNING - diff_pkt_count  , diff_gps_count ,  diff_pkt_timstamp
12-09-2025 11:11 - WARNING - 1882541 30 29207820 microseconds
12-09-2025 11:11 - WARNING - No packet loss: /data/dsp/GBD_TRANSIENT_BUFFER/J0953+0755/12_09_2025/PDR_GULP_data002.pcap_12_09_2025_10_57_1757654832.PCAP_PDR
12-09-2025 11:11 - WARNING - first_pkt_count, first_gps_count, first_pkt_Tstamp
12-09-2025 11:11 - WARNING - 1191934930 43997 2025-09-12T05:26:40.200615
12-09-2025 11:11 - WARNING - last_pkt_count, last_gps_count, last_pkt_Tstamp
12-09-2025 11:11 - WARNING - 1193817471 44030 2025-09-12T05:27:09.408480
12-09-2025 11:11 - WARNING - diff_pkt_count  , diff_gps_count ,  diff_pkt_timstamp
12-09-2025 11:11 - WARNING - 1882541 33 29207865 microseconds
12-09-2025 11:11 - WARNING - No packet loss: /data/dsp/GBD_TRANSIENT_BUFFER/J0953+0755/12_09_2025/PDR_GULP_data000.pcap_12_09_2025_10_57_1757654861.PCAP_PDR
12-09-2025 11:11 - WARNING - first_pkt_count, first_gps_count, first_pkt_Tstamp
12-09-2025 11:11 - WARNING - 1193817472 44030 2025-09-12T05:27:09.408480
12-09-2025 11:11 - WARNING - last_pkt_count, last_gps_count, last_pkt_Tstamp
12-09-2025 11:11 - WARNING - 1195700013 44060 2025-09-12T05:27:38.616294
12-09-2025 11:11 - WARNING - diff_pkt_count  , diff_gps_count ,  diff_pkt_timstamp
12-09-2025 11:11 - WARNING - 1882541 30 29207814 microseconds
12-09-2025 11:11 - WARNING - No packet loss: /data/dsp/GBD_TRANSIENT_BUFFER/J0953+0755/12_09_2025/PDR_GULP_data001.pcap_12_09_2025_10_58_1757654890.PCAP_PDR
12-09-2025 11:11 - WARNING - first_pkt_count, first_gps_count, first_pkt_Tstamp
12-09-2025 11:11 - WARNING - 1195700014 44060 2025-09-12T05:27:38.616295
12-09-2025 11:11 - WARNING - last_pkt_count, last_gps_count, last_pkt_Tstamp
12-09-2025 11:11 - WARNING - 1197582555 44091 2025-09-12T05:28:07.824153
12-09-2025 11:11 - WARNING - diff_pkt_count  , diff_gps_count ,  diff_pkt_timstamp
12-09-2025 11:11 - WARNING - 1882541 31 29207858 microseconds
12-09-2025 11:11 - WARNING - No packet loss: /data/dsp/GBD_TRANSIENT_BUFFER/J0953+0755/12_09_2025/PDR_GULP_data002.pcap_12_09_2025_10_58_1757654920.PCAP_PDR
12-09-2025 11:11 - WARNING - first_pkt_count, first_gps_count, first_pkt_Tstamp
12-09-2025 11:11 - WARNING - 1197582556 44091 2025-09-12T05:28:07.824154
12-09-2025 11:11 - WARNING - last_pkt_count, last_gps_count, last_pkt_Tstamp
12-09-2025 11:11 - WARNING - 1199465097 44126 2025-09-12T05:28:37.032001
12-09-2025 11:11 - WARNING - diff_pkt_count  , diff_gps_count ,  diff_pkt_timstamp
12-09-2025 11:11 - WARNING - 1882541 35 29207847 microseconds
12-09-2025 11:11 - WARNING - Packet loss: /data/dsp/GBD_TRANSIENT_BUFFER/J0953+0755/12_09_2025/PDR_GULP_data000.pcap_12_09_2025_10_59_1757654949.PCAP_PDR
12-09-2025 11:11 - WARNING - Packet loss found .... Being fixed ... Please wait ...
12-09-2025 11:11 - WARNING - PCAP filtering ... tcpdump -r /data/dsp/GBD_TRANSIENT_BUFFER/J0953+0755/12_09_2025/PDR_GULP_data000.pcap_12_09_2025_10_59_1757654949.PCAP_PDR.pcap -w PDR_GULP_data000.pcap_12_09_2025_10_59_1757654949_filtered.PCAP_PDR.pcap  host 172.10.10.1 and port 55000 
12-09-2025 11:11 - WARNING - Patched /data/dsp/GBD_TRANSIENT_BUFFER/J0953+0755/12_09_2025/PDR_GULP_data000.pcap_12_09_2025_10_59_1757654949.PCAP_PDR as PDR_GULP_data000.pcap_12_09_2025_10_59_1757654949_filtered.PCAP_PDR
12-09-2025 11:11 - WARNING - Gulped file moved to /data/dsp/GBD_TRANSIENT_BUFFER/J0953+0755/12_09_2025/GULPED
12-09-2025 11:11 - WARNING - first_pkt_count, first_gps_count, first_pkt_Tstamp
12-09-2025 11:11 - WARNING - 1199465098 44126 2025-09-12T05:28:37.032001
12-09-2025 11:11 - WARNING - last_pkt_count, last_gps_count, last_pkt_Tstamp
12-09-2025 11:11 - WARNING - 1201347639 44158 2025-09-12T05:29:06.239847
12-09-2025 11:11 - WARNING - diff_pkt_count  , diff_gps_count ,  diff_pkt_timstamp
12-09-2025 11:11 - WARNING - 1882541 32 29207846 microseconds
12-09-2025 11:11 - WARNING - No packet loss: /data/dsp/GBD_TRANSIENT_BUFFER/J0953+0755/12_09_2025/PDR_GULP_data001.pcap_12_09_2025_10_59_1757654978.PCAP_PDR
12-09-2025 11:11 - WARNING - first_pkt_count, first_gps_count, first_pkt_Tstamp
12-09-2025 11:11 - WARNING - 1201347640 44158 2025-09-12T05:29:06.239847
12-09-2025 11:11 - WARNING - last_pkt_count, last_gps_count, last_pkt_Tstamp
12-09-2025 11:11 - WARNING - 1203230182 44188 2025-09-12T05:29:35.447702
12-09-2025 11:11 - WARNING - diff_pkt_count  , diff_gps_count ,  diff_pkt_timstamp
12-09-2025 11:11 - WARNING - 1882542 30 29207855 microseconds
12-09-2025 11:11 - WARNING - No packet loss: /data/dsp/GBD_TRANSIENT_BUFFER/J0953+0755/12_09_2025/PDR_GULP_data002.pcap_12_09_2025_11_00_1757655007.PCAP_PDR
12-09-2025 11:11 - WARNING - first_pkt_count, first_gps_count, first_pkt_Tstamp
12-09-2025 11:11 - WARNING - 1203230183 44188 2025-09-12T05:29:35.447702
12-09-2025 11:11 - WARNING - last_pkt_count, last_gps_count, last_pkt_Tstamp
12-09-2025 11:11 - WARNING - 1205112724 44223 2025-09-12T05:30:04.655540
12-09-2025 11:11 - WARNING - diff_pkt_count  , diff_gps_count ,  diff_pkt_timstamp
12-09-2025 11:11 - WARNING - 1882541 35 29207838 microseconds
12-09-2025 11:11 - WARNING - No packet loss: /data/dsp/GBD_TRANSIENT_BUFFER/J0953+0755/12_09_2025/PDR_GULP_data000.pcap_12_09_2025_11_00_1757655036.PCAP_PDR
12-09-2025 11:11 - WARNING - first_pkt_count, first_gps_count, first_pkt_Tstamp
12-09-2025 11:11 - WARNING - 1205112725 44223 2025-09-12T05:30:04.655540
12-09-2025 11:11 - WARNING - last_pkt_count, last_gps_count, last_pkt_Tstamp
12-09-2025 11:11 - WARNING - 1206995266 44258 2025-09-12T05:30:33.863418
12-09-2025 11:11 - WARNING - diff_pkt_count  , diff_gps_count ,  diff_pkt_timstamp
12-09-2025 11:11 - WARNING - 1882541 35 29207878 microseconds
12-09-2025 11:11 - WARNING - No packet loss: /data/dsp/GBD_TRANSIENT_BUFFER/J0953+0755/12_09_2025/PDR_GULP_data001.pcap_12_09_2025_11_01_1757655066.PCAP_PDR
12-09-2025 11:11 - WARNING - first_pkt_count, first_gps_count, first_pkt_Tstamp
12-09-2025 11:11 - WARNING - 1206995267 44258 2025-09-12T05:30:33.863418
12-09-2025 11:11 - WARNING - last_pkt_count, last_gps_count, last_pkt_Tstamp
12-09-2025 11:11 - WARNING - 1208877808 44291 2025-09-12T05:31:03.071245
12-09-2025 11:11 - WARNING - diff_pkt_count  , diff_gps_count ,  diff_pkt_timstamp
12-09-2025 11:11 - WARNING - 1882541 33 29207827 microseconds
12-09-2025 11:11 - WARNING - No packet loss: /data/dsp/GBD_TRANSIENT_BUFFER/J0953+0755/12_09_2025/PDR_GULP_data002.pcap_12_09_2025_11_01_1757655095.PCAP_PDR
12-09-2025 11:11 - WARNING - first_pkt_count, first_gps_count, first_pkt_Tstamp
12-09-2025 11:11 - WARNING - 1208877809 44291 2025-09-12T05:31:03.071245
12-09-2025 11:11 - WARNING - last_pkt_count, last_gps_count, last_pkt_Tstamp
12-09-2025 11:11 - WARNING - 1210760350 44322 2025-09-12T05:31:32.279071
12-09-2025 11:11 - WARNING - diff_pkt_count  , diff_gps_count ,  diff_pkt_timstamp
12-09-2025 11:11 - WARNING - 1882541 31 29207826 microseconds
12-09-2025 11:11 - WARNING - No packet loss: /data/dsp/GBD_TRANSIENT_BUFFER/J0953+0755/12_09_2025/PDR_GULP_data000.pcap_12_09_2025_11_02_1757655124.PCAP_PDR
12-09-2025 11:11 - WARNING - first_pkt_count, first_gps_count, first_pkt_Tstamp
12-09-2025 11:11 - WARNING - 1210760351 44322 2025-09-12T05:31:32.279135
12-09-2025 11:11 - WARNING - last_pkt_count, last_gps_count, last_pkt_Tstamp
12-09-2025 11:11 - WARNING - 1212642892 44354 2025-09-12T05:32:01.486952
12-09-2025 11:11 - WARNING - diff_pkt_count  , diff_gps_count ,  diff_pkt_timstamp
12-09-2025 11:11 - WARNING - 1882541 32 29207817 microseconds
12-09-2025 11:11 - WARNING - No packet loss: /data/dsp/GBD_TRANSIENT_BUFFER/J0953+0755/12_09_2025/PDR_GULP_data001.pcap_12_09_2025_11_02_1757655153.PCAP_PDR
12-09-2025 11:11 - WARNING - first_pkt_count, first_gps_count, first_pkt_Tstamp
12-09-2025 11:11 - WARNING - 1212642893 44354 2025-09-12T05:32:01.486953
12-09-2025 11:11 - WARNING - last_pkt_count, last_gps_count, last_pkt_Tstamp
12-09-2025 11:11 - WARNING - 1214525435 44386 2025-09-12T05:32:30.694808
12-09-2025 11:11 - WARNING - diff_pkt_count  , diff_gps_count ,  diff_pkt_timstamp
12-09-2025 11:11 - WARNING - 1882542 32 29207855 microseconds
12-09-2025 11:11 - WARNING - No packet loss: /data/dsp/GBD_TRANSIENT_BUFFER/J0953+0755/12_09_2025/PDR_GULP_data002.pcap_12_09_2025_11_03_1757655182.PCAP_PDR
12-09-2025 11:11 - WARNING - first_pkt_count, first_gps_count, first_pkt_Tstamp
12-09-2025 11:11 - WARNING - 1214525436 44386 2025-09-12T05:32:30.694809
12-09-2025 11:11 - WARNING - last_pkt_count, last_gps_count, last_pkt_Tstamp
12-09-2025 11:11 - WARNING - 1216407977 44418 2025-09-12T05:32:59.902697
12-09-2025 11:11 - WARNING - diff_pkt_count  , diff_gps_count ,  diff_pkt_timstamp
12-09-2025 11:11 - WARNING - 1882541 32 29207888 microseconds
12-09-2025 11:11 - WARNING - No packet loss: /data/dsp/GBD_TRANSIENT_BUFFER/J0953+0755/12_09_2025/PDR_GULP_data000.pcap_12_09_2025_11_03_1757655212.PCAP_PDR
12-09-2025 11:11 - WARNING - first_pkt_count, first_gps_count, first_pkt_Tstamp
12-09-2025 11:11 - WARNING - 1216407978 44418 2025-09-12T05:32:59.902697
12-09-2025 11:11 - WARNING - last_pkt_count, last_gps_count, last_pkt_Tstamp
12-09-2025 11:11 - WARNING - 1218290519 44449 2025-09-12T05:33:29.110525
12-09-2025 11:11 - WARNING - diff_pkt_count  , diff_gps_count ,  diff_pkt_timstamp
12-09-2025 11:11 - WARNING - 1882541 31 29207828 microseconds
12-09-2025 11:11 - WARNING - No packet loss: /data/dsp/GBD_TRANSIENT_BUFFER/J0953+0755/12_09_2025/PDR_GULP_data001.pcap_12_09_2025_11_04_1757655241.PCAP_PDR
12-09-2025 11:11 - WARNING - first_pkt_count, first_gps_count, first_pkt_Tstamp
12-09-2025 11:11 - WARNING - 1218290520 44449 2025-09-12T05:33:29.110579
12-09-2025 11:11 - WARNING - last_pkt_count, last_gps_count, last_pkt_Tstamp
12-09-2025 11:11 - WARNING - 1220173061 44486 2025-09-12T05:33:58.318409
12-09-2025 11:11 - WARNING - diff_pkt_count  , diff_gps_count ,  diff_pkt_timstamp
12-09-2025 11:11 - WARNING - 1882541 37 29207830 microseconds
12-09-2025 11:11 - WARNING - No packet loss: /data/dsp/GBD_TRANSIENT_BUFFER/J0953+0755/12_09_2025/PDR_GULP_data002.pcap_12_09_2025_11_04_1757655270.PCAP_PDR
12-09-2025 11:11 - WARNING - first_pkt_count, first_gps_count, first_pkt_Tstamp
12-09-2025 11:11 - WARNING - 1220173062 44486 2025-09-12T05:33:58.318409
12-09-2025 11:11 - WARNING - last_pkt_count, last_gps_count, last_pkt_Tstamp
12-09-2025 11:11 - WARNING - 1222055603 44520 2025-09-12T05:34:27.526229
12-09-2025 11:11 - WARNING - diff_pkt_count  , diff_gps_count ,  diff_pkt_timstamp
12-09-2025 11:11 - WARNING - 1882541 34 29207820 microseconds
12-09-2025 11:11 - WARNING - No packet loss: /data/dsp/GBD_TRANSIENT_BUFFER/J0953+0755/12_09_2025/PDR_GULP_data000.pcap_12_09_2025_11_04_1757655299.PCAP_PDR
12-09-2025 11:11 - WARNING - first_pkt_count, first_gps_count, first_pkt_Tstamp
12-09-2025 11:11 - WARNING - 1222055604 44520 2025-09-12T05:34:27.526229
12-09-2025 11:11 - WARNING - last_pkt_count, last_gps_count, last_pkt_Tstamp
12-09-2025 11:11 - WARNING - 1223938145 44556 2025-09-12T05:34:56.734153
12-09-2025 11:11 - WARNING - diff_pkt_count  , diff_gps_count ,  diff_pkt_timstamp
12-09-2025 11:11 - WARNING - 1882541 36 29207924 microseconds
12-09-2025 11:11 - WARNING - No packet loss: /data/dsp/GBD_TRANSIENT_BUFFER/J0953+0755/12_09_2025/PDR_GULP_data001.pcap_12_09_2025_11_05_1757655328.PCAP_PDR
12-09-2025 11:11 - WARNING - first_pkt_count, first_gps_count, first_pkt_Tstamp
12-09-2025 11:11 - WARNING - 1223938146 44556 2025-09-12T05:34:56.734153
12-09-2025 11:11 - WARNING - last_pkt_count, last_gps_count, last_pkt_Tstamp
12-09-2025 11:11 - WARNING - 1225820688 44586 2025-09-12T05:35:25.942045
12-09-2025 11:11 - WARNING - diff_pkt_count  , diff_gps_count ,  diff_pkt_timstamp
12-09-2025 11:11 - WARNING - 1882542 30 29207892 microseconds
12-09-2025 11:11 - WARNING - No packet loss: /data/dsp/GBD_TRANSIENT_BUFFER/J0953+0755/12_09_2025/PDR_GULP_data002.pcap_12_09_2025_11_05_1757655358.PCAP_PDR
12-09-2025 11:11 - WARNING - first_pkt_count, first_gps_count, first_pkt_Tstamp
12-09-2025 11:11 - WARNING - 1225820689 44586 2025-09-12T05:35:25.942045
12-09-2025 11:11 - WARNING - last_pkt_count, last_gps_count, last_pkt_Tstamp
12-09-2025 11:11 - WARNING - 1227703230 44618 2025-09-12T05:35:55.149823
12-09-2025 11:11 - WARNING - diff_pkt_count  , diff_gps_count ,  diff_pkt_timstamp
12-09-2025 11:11 - WARNING - 1882541 32 29207778 microseconds
12-09-2025 11:11 - WARNING - No packet loss: /data/dsp/GBD_TRANSIENT_BUFFER/J0953+0755/12_09_2025/PDR_GULP_data000.pcap_12_09_2025_11_06_1757655387.PCAP_PDR
12-09-2025 11:11 - WARNING - first_pkt_count, first_gps_count, first_pkt_Tstamp
12-09-2025 11:11 - WARNING - 1227703231 44618 2025-09-12T05:35:55.149875
12-09-2025 11:11 - WARNING - last_pkt_count, last_gps_count, last_pkt_Tstamp
12-09-2025 11:11 - WARNING - 1229585772 44650 2025-09-12T05:36:24.357708
12-09-2025 11:11 - WARNING - diff_pkt_count  , diff_gps_count ,  diff_pkt_timstamp
12-09-2025 11:11 - WARNING - 1882541 32 29207833 microseconds
12-09-2025 11:11 - WARNING - No packet loss: /data/dsp/GBD_TRANSIENT_BUFFER/J0953+0755/12_09_2025/PDR_GULP_data001.pcap_12_09_2025_11_06_1757655416.PCAP_PDR
12-09-2025 11:11 - WARNING - first_pkt_count, first_gps_count, first_pkt_Tstamp
12-09-2025 11:11 - WARNING - 1229585773 44650 2025-09-12T05:36:24.357708
12-09-2025 11:11 - WARNING - last_pkt_count, last_gps_count, last_pkt_Tstamp
12-09-2025 11:11 - WARNING - 1231468314 44682 2025-09-12T05:36:53.565575
12-09-2025 11:11 - WARNING - diff_pkt_count  , diff_gps_count ,  diff_pkt_timstamp
12-09-2025 11:11 - WARNING - 1882541 32 29207867 microseconds
12-09-2025 11:11 - WARNING - No packet loss: /data/dsp/GBD_TRANSIENT_BUFFER/J0953+0755/12_09_2025/PDR_GULP_data002.pcap_12_09_2025_11_07_1757655445.PCAP_PDR
12-09-2025 11:11 - WARNING - first_pkt_count, first_gps_count, first_pkt_Tstamp
12-09-2025 11:11 - WARNING - 1231468315 44682 2025-09-12T05:36:53.565575
12-09-2025 11:11 - WARNING - last_pkt_count, last_gps_count, last_pkt_Tstamp
12-09-2025 11:11 - WARNING - 1233350856 44721 2025-09-12T05:37:22.773453
12-09-2025 11:11 - WARNING - diff_pkt_count  , diff_gps_count ,  diff_pkt_timstamp
12-09-2025 11:11 - WARNING - 1882541 39 29207878 microseconds
12-09-2025 11:11 - WARNING - No packet loss: /data/dsp/GBD_TRANSIENT_BUFFER/J0953+0755/12_09_2025/PDR_GULP_data000.pcap_12_09_2025_11_07_1757655474.PCAP_PDR
12-09-2025 11:11 - WARNING - first_pkt_count, first_gps_count, first_pkt_Tstamp
12-09-2025 11:11 - WARNING - 1233350857 44721 2025-09-12T05:37:22.773453
12-09-2025 11:11 - WARNING - last_pkt_count, last_gps_count, last_pkt_Tstamp
12-09-2025 11:11 - WARNING - 1235233398 44753 2025-09-12T05:37:51.981317
12-09-2025 11:11 - WARNING - diff_pkt_count  , diff_gps_count ,  diff_pkt_timstamp
12-09-2025 11:11 - WARNING - 1882541 32 29207864 microseconds
12-09-2025 11:11 - WARNING - No packet loss: /data/dsp/GBD_TRANSIENT_BUFFER/J0953+0755/12_09_2025/PDR_GULP_data001.pcap_12_09_2025_11_08_1757655504.PCAP_PDR
12-09-2025 11:11 - WARNING - first_pkt_count, first_gps_count, first_pkt_Tstamp
12-09-2025 11:11 - WARNING - 1235233399 44753 2025-09-12T05:37:51.981317
12-09-2025 11:11 - WARNING - last_pkt_count, last_gps_count, last_pkt_Tstamp
12-09-2025 11:11 - WARNING - 1237115941 44785 2025-09-12T05:38:21.189222
12-09-2025 11:11 - WARNING - diff_pkt_count  , diff_gps_count ,  diff_pkt_timstamp
12-09-2025 11:11 - WARNING - 1882542 32 29207905 microseconds
12-09-2025 11:11 - WARNING - No packet loss: /data/dsp/GBD_TRANSIENT_BUFFER/J0953+0755/12_09_2025/PDR_GULP_data002.pcap_12_09_2025_11_08_1757655533.PCAP_PDR
12-09-2025 11:11 - WARNING - first_pkt_count, first_gps_count, first_pkt_Tstamp
12-09-2025 11:11 - WARNING - 1237115942 44785 2025-09-12T05:38:21.189276
12-09-2025 11:11 - WARNING - last_pkt_count, last_gps_count, last_pkt_Tstamp
12-09-2025 11:11 - WARNING - 1238998483 44815 2025-09-12T05:38:50.397134
12-09-2025 11:11 - WARNING - diff_pkt_count  , diff_gps_count ,  diff_pkt_timstamp
12-09-2025 11:11 - WARNING - 1882541 30 29207858 microseconds
12-09-2025 11:11 - WARNING - No packet loss: /data/dsp/GBD_TRANSIENT_BUFFER/J0953+0755/12_09_2025/PDR_GULP_data000.pcap_12_09_2025_11_09_1757655562.PCAP_PDR
12-09-2025 11:11 - WARNING - first_pkt_count, first_gps_count, first_pkt_Tstamp
12-09-2025 11:11 - WARNING - 1238998484 44815 2025-09-12T05:38:50.397185
12-09-2025 11:11 - WARNING - last_pkt_count, last_gps_count, last_pkt_Tstamp
12-09-2025 11:11 - WARNING - 1240881025 44848 2025-09-12T05:39:19.605080
12-09-2025 11:11 - WARNING - diff_pkt_count  , diff_gps_count ,  diff_pkt_timstamp
12-09-2025 11:11 - WARNING - 1882541 33 29207895 microseconds
12-09-2025 11:11 - WARNING - No packet loss: /data/dsp/GBD_TRANSIENT_BUFFER/J0953+0755/12_09_2025/PDR_GULP_data001.pcap_12_09_2025_11_09_1757655591.PCAP_PDR
12-09-2025 11:11 - WARNING - first_pkt_count, first_gps_count, first_pkt_Tstamp
12-09-2025 11:11 - WARNING - 1240881026 44848 2025-09-12T05:39:19.605081
12-09-2025 11:11 - WARNING - last_pkt_count, last_gps_count, last_pkt_Tstamp
12-09-2025 11:11 - WARNING - 1242763567 44879 2025-09-12T05:39:48.813037
12-09-2025 11:11 - WARNING - diff_pkt_count  , diff_gps_count ,  diff_pkt_timstamp
12-09-2025 11:11 - WARNING - 1882541 31 29207956 microseconds
12-09-2025 11:11 - WARNING - No packet loss: /data/dsp/GBD_TRANSIENT_BUFFER/J0953+0755/12_09_2025/PDR_GULP_data002.pcap_12_09_2025_11_10_1757655621.PCAP_PDR
12-09-2025 11:11 - WARNING - first_pkt_count, first_gps_count, first_pkt_Tstamp
12-09-2025 11:11 - WARNING - 1242763568 44879 2025-09-12T05:39:48.813037
12-09-2025 11:11 - WARNING - last_pkt_count, last_gps_count, last_pkt_Tstamp
12-09-2025 11:11 - WARNING - 1244646109 44911 2025-09-12T05:40:18.020881
12-09-2025 11:11 - WARNING - diff_pkt_count  , diff_gps_count ,  diff_pkt_timstamp
12-09-2025 11:11 - WARNING - 1882541 32 29207844 microseconds
12-09-2025 11:11 SLIP check Finished...
12-09-2025 11:11 Pulsar data reduction pipeline started ...
12-09-2025 11:11 - WARNING - Data Directory: /data/dsp/GBD_TRANSIENT_BUFFER/J0953+0755/12_09_2025
12-09-2025 11:11 - WARNING - Pulsar: J0953+0755
12-09-2025 11:11 - WARNING - CH selelction: 0
12-09-2025 11:11 - WARNING - Phase file: /home/dsp/PDR_acquire_setup/dada_scripts/phase/rf_path_phase.dat
12-09-2025 11:11 - WARNING - Obs. logfile: /home/dsp/PDR_acquire_setup/master_obs_log/J0953+0755_12_09_2025_observation.log
12-09-2025 11:11 - WARNING - Observation start time: 2025_09_12_10_31_50
12-09-2025 11:11 - WARNING - parfile: /home/dsp/parfiles/J0953+0755.par
12-09-2025 11:11 - WARNING - DM: 2.94368147353273
12-09-2025 11:11 - WARNING - Period: 0.2530654277592862
12-09-2025 11:11 - WARNING - RA_DEC: 09:53:09.3023078+07:55:36.65806
12-09-2025 11:11 - WARNING - out_dada_file: J0953+0755_2025_09_12_10_31_50_type_0.dada
12-09-2025 11:11 - WARNING - Number of files to process: 80
12-09-2025 11:11 - WARNING - Files per batch:  17
12-09-2025 11:35 - WARNING - Time taken for PDR2DADA convertion: 0:23:50.134897
12-09-2025 11:35 - WARNING - Center_freq: 175
12-09-2025 11:35 - WARNING - int_time: 3.0
12-09-2025 11:35 - WARNING - nbins: 256
12-09-2025 11:35 - WARNING - fil_chan: 256
12-09-2025 11:35 - WARNING - cpu: 2,3,4,5,6,7,8,9,10,11,12,13,14,15,16
12-09-2025 11:35 - WARNING - thread: 32
12-09-2025 11:35 - WARNING - nbit: 8
12-09-2025 11:35 - WARNING - time_avg: 0.000256
12-09-2025 11:35 - WARNING - MJD_START: 60930.20961351596
12-09-2025 11:35 - WARNING - output: J0953+0755_60930.21_175MHz_type_0_GBD_DART
12-09-2025 11:35 - WARNING - singularity_container: singularity exec /home/dsp/singularity_imag/pschive_py3.sif  
12-09-2025 11:35 - WARNING - ------ DIGIFITS ------
12-09-2025 11:35 - WARNING - ---- Search Mode FITS -------
12-09-2025 11:35 - WARNING - digifits_ful_stokes_cmd: singularity exec /home/dsp/singularity_imag/pschive_py3.sif  digifits  -F 256 -x 256 -b 8 -p 4 -t 0.000256 J0953+0755_2025_09_12_10_31_50_type_0.dada -o J0953+0755_2025_09_12_10_31_50_type_0.dada_stokes.fits
12-09-2025 12:02 - WARNING - ------ Total intensity FITS -------
12-09-2025 12:02 - WARNING - digifits_total_intensity_cmd: singularity exec /home/dsp/singularity_imag/pschive_py3.sif  digifits  -F 256 -x 256 -b 8 -p 1 -t 0.000256 J0953+0755_2025_09_12_10_31_50_type_0.dada -o J0953+0755_2025_09_12_10_31_50_type_0.dada_intensity.fits
12-09-2025 12:23 - WARNING - Nchan: 256
12-09-2025 12:23 - WARNING - Nbin: 256
12-09-2025 12:23 - WARNING - Tavg: 0.000256
12-09-2025 12:23 - WARNING - Time taken for DIGIFITS run: 0:48:09.496473
12-09-2025 12:23 - WARNING - ------ DSPSR ------
12-09-2025 12:23 - WARNING - ------- Coherent Dedispersion Folded archive -------
12-09-2025 12:23 - WARNING - dspsr_cmd: singularity exec /home/dsp/singularity_imag/pschive_py3.sif  dspsr J0953+0755_2025_09_12_10_31_50_type_0.dada -cpu 2,3,4,5,6,7,8,9,10,11,12,13,14,15,16 -t 32 -E /home/dsp/parfiles/J0953+0755.par -L 3.0 -b 256 -F 256:D -N J0953+0755 -a PSRFITS -A -e .fits -O J0953+0755_60930.21_175MHz_type_0_GBD_DART
12-09-2025 12:31 - WARNING - ------- Incoherent Dedispersion Folded archive -------
12-09-2025 12:31 - WARNING - Incoherent_DD_dspsr_cmd: singularity exec /home/dsp/singularity_imag/pschive_py3.sif  dspsr J0953+0755_2025_09_12_10_31_50_type_0.dada_stokes.fits -cpu 2,3,4,5,6,7,8,9,10,11,12,13,14,15,16 -t 32 -E /home/dsp/parfiles/J0953+0755.par -L 3.0 -b 256 -N J0953+0755 -A -e .fits -O J0953+0755_60930.21_175MHz_type_0_GBD_DART_stokes_Incoherent_DD
12-09-2025 12:33 - WARNING - Time taken for DSPSR run: 0:09:08.674565
12-09-2025 12:33 - WARNING - ------ PSREDIT ------
12-09-2025 12:33 - WARNING - psredit_cmd: singularity exec /home/dsp/singularity_imag/pschive_py3.sif  psredit -c name=J0953+0755,be:name=GSB,coord=09:53:09.3023078+07:55:36.65806 -m *_GBD_DART*fits
12-09-2025 12:33 - WARNING - Time taken for PSREDIT run: 0:00:09.315261
12-09-2025 12:33 - WARNING - ------ Iterative RFI Cleaner ------
12-09-2025 12:33 - WARNING - Iterative_cleaner_cmd: singularity exec /home/dsp/singularity_imag/pschive_py3.sif   python3 /home/dsp/PDR_acquire_setup/iterative_cleaner.py -s 3 -c 3 -m 10 *_GBD_DART*fits
12-09-2025 12:38 - WARNING - Time taken for Iterative_cleaner run: 0:05:32.427274
12-09-2025 12:38 - WARNING - ------ PDMP ------
12-09-2025 12:38 - WARNING - pdmp_cmd1: singularity exec /home/dsp/singularity_imag/pschive_py3.sif  pdmp -dr 2 -ds 0.05 -g J0953+0755_60930.21_175MHz_type_0_GBD_DART.fits_cleaned.ar.ps/cps J0953+0755_60930.21_175MHz_type_0_GBD_DART.fits_cleaned.ar
12-09-2025 13:10 - WARNING - pdmp_cmd2: singularity exec /home/dsp/singularity_imag/pschive_py3.sif  pdmp -dr 2 -ds 0.05 -g J0953+0755_60930.21_175MHz_type_0_GBD_DART_stokes_Incoherent_DD.fits_cleaned.ar.ps/cps J0953+0755_60930.21_175MHz_type_0_GBD_DART_stokes_Incoherent_DD.fits_cleaned.ar
12-09-2025 13:37 - WARNING - Time taken for PDMP run: 0:58:27.060461
12-09-2025 13:37 - WARNING - ------ PS2PDF ------
12-09-2025 13:37 - WARNING - ps2pdf_cmd1: singularity exec /home/dsp/singularity_imag/pschive_py3.sif  ps2pdf J0953+0755_60930.21_175MHz_type_0_GBD_DART.fits_cleaned.ar.ps J0953+0755_60930.21_175MHz_type_0_GBD_DART.fits_cleaned.ar.ps.pdf
12-09-2025 13:37 - WARNING - ps2pdf_cmd2: singularity exec /home/dsp/singularity_imag/pschive_py3.sif  ps2pdf J0953+0755_60930.21_175MHz_type_0_GBD_DART_stokes_Incoherent_DD.fits_cleaned.ar.ps J0953+0755_60930.21_175MHz_type_0_GBD_DART_stokes_Incoherent_DD.fits_cleaned.ar.ps.pdf
12-09-2025 13:37 - WARNING - Time taken for PDMP run: 0:00:01.589566
12-09-2025 13:37 - WARNING - Overall time taken for data reduction: 2:25:21.197611
12-09-2025 13:37 - WARNING - J0953+0755_2025_09_12_10_31_50_type_0.dada... file removed
12-09-2025 13:37 - WARNING - All done!
12-09-2025 13:37 --- PRESTO ---
12-09-2025 13:37 singularity_container: singularity exec /home/dsp/singularity_imag/pschive_py3.sif  
12-09-2025 13:37 Filterbank to Process for PULSAR: J0953+0755 with DM:2.94368147353273 : J0953+0755_2025_09_12_10_31_50_type_0.dada_intensity.fits
12-09-2025 13:37 --- RFIFIND ---
12-09-2025 13:37 RFIFIND: singularity exec /home/dsp/singularity_imag/pschive_py3.sif   rfifind -time 2.0 -o J0953+0755 J0953+0755_2025_09_12_10_31_50_type_0.dada_intensity.fits
12-09-2025 13:38 --- PREPDATA ---
12-09-2025 13:38 PREPDATA: singularity exec /home/dsp/singularity_imag/pschive_py3.sif   prepdata -nobary -o J0953+0755_2025_09_12_10_31_50_type_0.dada_intensity.fits -dm 2.94368147353273 -mask J0953+0755_rfifind.mask J0953+0755_2025_09_12_10_31_50_type_0.dada_intensity.fits
12-09-2025 13:38 --- REALFFT ---
12-09-2025 13:38 REALFFT: singularity exec /home/dsp/singularity_imag/pschive_py3.sif   realfft  J0953+0755_2025_09_12_10_31_50_type_0.dada_intensity.fits.dat
12-09-2025 13:38 --- ACCELSEARCH ---
12-09-2025 13:38 ACCELSEARCH: singularity exec /home/dsp/singularity_imag/pschive_py3.sif   accelsearch -numharm 8 -zmax 8  J0953+0755_2025_09_12_10_31_50_type_0.dada_intensity.fits.fft
12-09-2025 13:38 Observation Over.
