10-09-2025 20:11 Waiting for J1921+2153 observation...
10-09-2025 20:11 Observation started...
10-09-2025 20:11 Pulsar: J1921+2153 , parfile: /home/dsp/parfiles/J1921+2153.par , DM: 12.44399
10-09-2025 20:11 Trigger sent to obs. PC [VELA].
10-09-2025 20:46 Acquired 80.
10-09-2025 20:46 ACQ over.
10-09-2025 20:46 Removing Trigger file from remote machine 
10-09-2025 20:46 Observation stoped.
-rw------- 1 dsp dsp 2.0G Sep 10 20:07 /data/TRANSIENT_BUFFER/PDR_GULP_data002.pcap_10_09_2025_20_07_1757515068.PCAP_PDR
-rw------- 1 dsp dsp 2.0G Sep 10 20:08 /data/TRANSIENT_BUFFER/PDR_GULP_data000.pcap_10_09_2025_20_08_1757515097.PCAP_PDR
-rw------- 1 dsp dsp 2.0G Sep 10 20:08 /data/TRANSIENT_BUFFER/PDR_GULP_data001.pcap_10_09_2025_20_08_1757515126.PCAP_PDR
-rw------- 1 dsp dsp 2.0G Sep 10 20:09 /data/TRANSIENT_BUFFER/PDR_GULP_data002.pcap_10_09_2025_20_09_1757515155.PCAP_PDR
-rw------- 1 dsp dsp 2.0G Sep 10 20:09 /data/TRANSIENT_BUFFER/PDR_GULP_data000.pcap_10_09_2025_20_09_1757515185.PCAP_PDR
-rw------- 1 dsp dsp 2.0G Sep 10 20:10 /data/TRANSIENT_BUFFER/PDR_GULP_data001.pcap_10_09_2025_20_10_1757515214.PCAP_PDR
-rw------- 1 dsp dsp 2.0G Sep 10 20:10 /data/TRANSIENT_BUFFER/PDR_GULP_data002.pcap_10_09_2025_20_10_1757515243.PCAP_PDR
-rw------- 1 dsp dsp 2.0G Sep 10 20:11 /data/TRANSIENT_BUFFER/PDR_GULP_data000.pcap_10_09_2025_20_11_1757515272.PCAP_PDR
-rw------- 1 dsp dsp 2.0G Sep 10 20:11 /data/TRANSIENT_BUFFER/PDR_GULP_data001.pcap_10_09_2025_20_11_1757515301.PCAP_PDR
-rw------- 1 dsp dsp 2.0G Sep 10 20:12 /data/TRANSIENT_BUFFER/PDR_GULP_data002.pcap_10_09_2025_20_12_1757515331.PCAP_PDR
-rw------- 1 dsp dsp 2.0G Sep 10 20:12 /data/TRANSIENT_BUFFER/PDR_GULP_data000.pcap_10_09_2025_20_12_1757515360.PCAP_PDR
-rw------- 1 dsp dsp 2.0G Sep 10 20:13 /data/TRANSIENT_BUFFER/PDR_GULP_data001.pcap_10_09_2025_20_13_1757515389.PCAP_PDR
-rw------- 1 dsp dsp 2.0G Sep 10 20:13 /data/TRANSIENT_BUFFER/PDR_GULP_data002.pcap_10_09_2025_20_13_1757515418.PCAP_PDR
-rw------- 1 dsp dsp 2.0G Sep 10 20:14 /data/TRANSIENT_BUFFER/PDR_GULP_data000.pcap_10_09_2025_20_14_1757515448.PCAP_PDR
-rw------- 1 dsp dsp 2.0G Sep 10 20:14 /data/TRANSIENT_BUFFER/PDR_GULP_data001.pcap_10_09_2025_20_14_1757515477.PCAP_PDR
-rw------- 1 dsp dsp 2.0G Sep 10 20:15 /data/TRANSIENT_BUFFER/PDR_GULP_data002.pcap_10_09_2025_20_15_1757515506.PCAP_PDR
-rw------- 1 dsp dsp 2.0G Sep 10 20:15 /data/TRANSIENT_BUFFER/PDR_GULP_data000.pcap_10_09_2025_20_15_1757515535.PCAP_PDR
-rw------- 1 dsp dsp 2.0G Sep 10 20:16 /data/TRANSIENT_BUFFER/PDR_GULP_data001.pcap_10_09_2025_20_16_1757515564.PCAP_PDR
-rw------- 1 dsp dsp 2.0G Sep 10 20:16 /data/TRANSIENT_BUFFER/PDR_GULP_data002.pcap_10_09_2025_20_16_1757515594.PCAP_PDR
-rw------- 1 dsp dsp 2.0G Sep 10 20:17 /data/TRANSIENT_BUFFER/PDR_GULP_data000.pcap_10_09_2025_20_17_1757515623.PCAP_PDR
-rw------- 1 dsp dsp 2.0G Sep 10 20:17 /data/TRANSIENT_BUFFER/PDR_GULP_data001.pcap_10_09_2025_20_17_1757515652.PCAP_PDR
-rw------- 1 dsp dsp 2.0G Sep 10 20:17 /data/TRANSIENT_BUFFER/PDR_GULP_data002.pcap_10_09_2025_20_18_1757515681.PCAP_PDR
-rw------- 1 dsp dsp 2.0G Sep 10 20:18 /data/TRANSIENT_BUFFER/PDR_GULP_data000.pcap_10_09_2025_20_18_1757515710.PCAP_PDR
-rw------- 1 dsp dsp 2.0G Sep 10 20:18 /data/TRANSIENT_BUFFER/PDR_GULP_data001.pcap_10_09_2025_20_19_1757515740.PCAP_PDR
-rw------- 1 dsp dsp 2.0G Sep 10 20:19 /data/TRANSIENT_BUFFER/PDR_GULP_data002.pcap_10_09_2025_20_19_1757515769.PCAP_PDR
-rw------- 1 dsp dsp 2.0G Sep 10 20:19 /data/TRANSIENT_BUFFER/PDR_GULP_data000.pcap_10_09_2025_20_19_1757515798.PCAP_PDR
-rw------- 1 dsp dsp 2.0G Sep 10 20:20 /data/TRANSIENT_BUFFER/PDR_GULP_data001.pcap_10_09_2025_20_20_1757515827.PCAP_PDR
-rw------- 1 dsp dsp 2.0G Sep 10 20:20 /data/TRANSIENT_BUFFER/PDR_GULP_data002.pcap_10_09_2025_20_20_1757515856.PCAP_PDR
-rw------- 1 dsp dsp 2.0G Sep 10 20:21 /data/TRANSIENT_BUFFER/PDR_GULP_data000.pcap_10_09_2025_20_21_1757515886.PCAP_PDR
-rw------- 1 dsp dsp 2.0G Sep 10 20:21 /data/TRANSIENT_BUFFER/PDR_GULP_data001.pcap_10_09_2025_20_21_1757515915.PCAP_PDR
-rw------- 1 dsp dsp 2.0G Sep 10 20:22 /data/TRANSIENT_BUFFER/PDR_GULP_data002.pcap_10_09_2025_20_22_1757515944.PCAP_PDR
-rw------- 1 dsp dsp 2.0G Sep 10 20:22 /data/TRANSIENT_BUFFER/PDR_GULP_data000.pcap_10_09_2025_20_22_1757515973.PCAP_PDR
-rw------- 1 dsp dsp 2.0G Sep 10 20:23 /data/TRANSIENT_BUFFER/PDR_GULP_data001.pcap_10_09_2025_20_23_1757516002.PCAP_PDR
-rw------- 1 dsp dsp 2.0G Sep 10 20:23 /data/TRANSIENT_BUFFER/PDR_GULP_data002.pcap_10_09_2025_20_23_1757516032.PCAP_PDR
-rw------- 1 dsp dsp 2.0G Sep 10 20:24 /data/TRANSIENT_BUFFER/PDR_GULP_data000.pcap_10_09_2025_20_24_1757516061.PCAP_PDR
-rw------- 1 dsp dsp 2.0G Sep 10 20:24 /data/TRANSIENT_BUFFER/PDR_GULP_data001.pcap_10_09_2025_20_24_1757516090.PCAP_PDR
-rw------- 1 dsp dsp 2.0G Sep 10 20:25 /data/TRANSIENT_BUFFER/PDR_GULP_data002.pcap_10_09_2025_20_25_1757516119.PCAP_PDR
-rw------- 1 dsp dsp 2.0G Sep 10 20:25 /data/TRANSIENT_BUFFER/PDR_GULP_data000.pcap_10_09_2025_20_25_1757516149.PCAP_PDR
-rw------- 1 dsp dsp 2.0G Sep 10 20:26 /data/TRANSIENT_BUFFER/PDR_GULP_data001.pcap_10_09_2025_20_26_1757516178.PCAP_PDR
-rw------- 1 dsp dsp 2.0G Sep 10 20:26 /data/TRANSIENT_BUFFER/PDR_GULP_data002.pcap_10_09_2025_20_26_1757516207.PCAP_PDR
-rw------- 1 dsp dsp 2.0G Sep 10 20:27 /data/TRANSIENT_BUFFER/PDR_GULP_data000.pcap_10_09_2025_20_27_1757516236.PCAP_PDR
-rw------- 1 dsp dsp 2.0G Sep 10 20:27 /data/TRANSIENT_BUFFER/PDR_GULP_data001.pcap_10_09_2025_20_27_1757516265.PCAP_PDR
-rw------- 1 dsp dsp 2.0G Sep 10 20:28 /data/TRANSIENT_BUFFER/PDR_GULP_data002.pcap_10_09_2025_20_28_1757516295.PCAP_PDR
-rw------- 1 dsp dsp 2.0G Sep 10 20:28 /data/TRANSIENT_BUFFER/PDR_GULP_data000.pcap_10_09_2025_20_28_1757516324.PCAP_PDR
-rw------- 1 dsp dsp 2.0G Sep 10 20:29 /data/TRANSIENT_BUFFER/PDR_GULP_data001.pcap_10_09_2025_20_29_1757516353.PCAP_PDR
-rw------- 1 dsp dsp 2.0G Sep 10 20:29 /data/TRANSIENT_BUFFER/PDR_GULP_data002.pcap_10_09_2025_20_29_1757516382.PCAP_PDR
-rw------- 1 dsp dsp 2.0G Sep 10 20:30 /data/TRANSIENT_BUFFER/PDR_GULP_data000.pcap_10_09_2025_20_30_1757516411.PCAP_PDR
-rw------- 1 dsp dsp 2.0G Sep 10 20:30 /data/TRANSIENT_BUFFER/PDR_GULP_data001.pcap_10_09_2025_20_30_1757516441.PCAP_PDR
-rw------- 1 dsp dsp 2.0G Sep 10 20:31 /data/TRANSIENT_BUFFER/PDR_GULP_data002.pcap_10_09_2025_20_31_1757516470.PCAP_PDR
-rw------- 1 dsp dsp 2.0G Sep 10 20:31 /data/TRANSIENT_BUFFER/PDR_GULP_data000.pcap_10_09_2025_20_31_1757516499.PCAP_PDR
-rw------- 1 dsp dsp 2.0G Sep 10 20:32 /data/TRANSIENT_BUFFER/PDR_GULP_data001.pcap_10_09_2025_20_32_1757516528.PCAP_PDR
-rw------- 1 dsp dsp 2.0G Sep 10 20:32 /data/TRANSIENT_BUFFER/PDR_GULP_data002.pcap_10_09_2025_20_32_1757516557.PCAP_PDR
-rw------- 1 dsp dsp 2.0G Sep 10 20:33 /data/TRANSIENT_BUFFER/PDR_GULP_data000.pcap_10_09_2025_20_33_1757516587.PCAP_PDR
-rw------- 1 dsp dsp 2.0G Sep 10 20:33 /data/TRANSIENT_BUFFER/PDR_GULP_data001.pcap_10_09_2025_20_33_1757516616.PCAP_PDR
-rw------- 1 dsp dsp 2.0G Sep 10 20:34 /data/TRANSIENT_BUFFER/PDR_GULP_data002.pcap_10_09_2025_20_34_1757516645.PCAP_PDR
-rw------- 1 dsp dsp 2.0G Sep 10 20:34 /data/TRANSIENT_BUFFER/PDR_GULP_data000.pcap_10_09_2025_20_34_1757516674.PCAP_PDR
-rw------- 1 dsp dsp 2.0G Sep 10 20:35 /data/TRANSIENT_BUFFER/PDR_GULP_data001.pcap_10_09_2025_20_35_1757516703.PCAP_PDR
-rw------- 1 dsp dsp 2.0G Sep 10 20:35 /data/TRANSIENT_BUFFER/PDR_GULP_data002.pcap_10_09_2025_20_35_1757516733.PCAP_PDR
-rw------- 1 dsp dsp 2.0G Sep 10 20:35 /data/TRANSIENT_BUFFER/PDR_GULP_data000.pcap_10_09_2025_20_36_1757516762.PCAP_PDR
-rw------- 1 dsp dsp 2.0G Sep 10 20:36 /data/TRANSIENT_BUFFER/PDR_GULP_data001.pcap_10_09_2025_20_36_1757516791.PCAP_PDR
-rw------- 1 dsp dsp 2.0G Sep 10 20:36 /data/TRANSIENT_BUFFER/PDR_GULP_data002.pcap_10_09_2025_20_37_1757516820.PCAP_PDR
-rw------- 1 dsp dsp 2.0G Sep 10 20:37 /data/TRANSIENT_BUFFER/PDR_GULP_data000.pcap_10_09_2025_20_37_1757516849.PCAP_PDR
-rw------- 1 dsp dsp 2.0G Sep 10 20:37 /data/TRANSIENT_BUFFER/PDR_GULP_data001.pcap_10_09_2025_20_37_1757516879.PCAP_PDR
-rw------- 1 dsp dsp 2.0G Sep 10 20:38 /data/TRANSIENT_BUFFER/PDR_GULP_data002.pcap_10_09_2025_20_38_1757516908.PCAP_PDR
-rw------- 1 dsp dsp 2.0G Sep 10 20:38 /data/TRANSIENT_BUFFER/PDR_GULP_data000.pcap_10_09_2025_20_38_1757516937.PCAP_PDR
-rw------- 1 dsp dsp 2.0G Sep 10 20:39 /data/TRANSIENT_BUFFER/PDR_GULP_data001.pcap_10_09_2025_20_39_1757516966.PCAP_PDR
-rw------- 1 dsp dsp 2.0G Sep 10 20:39 /data/TRANSIENT_BUFFER/PDR_GULP_data002.pcap_10_09_2025_20_39_1757516996.PCAP_PDR
-rw------- 1 dsp dsp 2.0G Sep 10 20:40 /data/TRANSIENT_BUFFER/PDR_GULP_data000.pcap_10_09_2025_20_40_1757517025.PCAP_PDR
-rw------- 1 dsp dsp 2.0G Sep 10 20:40 /data/TRANSIENT_BUFFER/PDR_GULP_data001.pcap_10_09_2025_20_40_1757517054.PCAP_PDR
-rw------- 1 dsp dsp 2.0G Sep 10 20:41 /data/TRANSIENT_BUFFER/PDR_GULP_data002.pcap_10_09_2025_20_41_1757517083.PCAP_PDR
-rw------- 1 dsp dsp 2.0G Sep 10 20:41 /data/TRANSIENT_BUFFER/PDR_GULP_data000.pcap_10_09_2025_20_41_1757517112.PCAP_PDR
-rw------- 1 dsp dsp 2.0G Sep 10 20:42 /data/TRANSIENT_BUFFER/PDR_GULP_data001.pcap_10_09_2025_20_42_1757517142.PCAP_PDR
-rw------- 1 dsp dsp 2.0G Sep 10 20:42 /data/TRANSIENT_BUFFER/PDR_GULP_data002.pcap_10_09_2025_20_42_1757517171.PCAP_PDR
-rw------- 1 dsp dsp 2.0G Sep 10 20:43 /data/TRANSIENT_BUFFER/PDR_GULP_data000.pcap_10_09_2025_20_43_1757517200.PCAP_PDR
-rw------- 1 dsp dsp 2.0G Sep 10 20:43 /data/TRANSIENT_BUFFER/PDR_GULP_data001.pcap_10_09_2025_20_43_1757517229.PCAP_PDR
-rw------- 1 dsp dsp 2.0G Sep 10 20:44 /data/TRANSIENT_BUFFER/PDR_GULP_data002.pcap_10_09_2025_20_44_1757517258.PCAP_PDR
-rw------- 1 dsp dsp 2.0G Sep 10 20:44 /data/TRANSIENT_BUFFER/PDR_GULP_data000.pcap_10_09_2025_20_44_1757517288.PCAP_PDR
-rw------- 1 dsp dsp 2.0G Sep 10 20:45 /data/TRANSIENT_BUFFER/PDR_GULP_data001.pcap_10_09_2025_20_45_1757517317.PCAP_PDR
-rw------- 1 dsp dsp 2.0G Sep 10 20:45 /data/TRANSIENT_BUFFER/PDR_GULP_data002.pcap_10_09_2025_20_45_1757517346.PCAP_PDR
-rw------- 1 dsp dsp 2.0G Sep 10 20:46 /data/TRANSIENT_BUFFER/PDR_GULP_data000.pcap_10_09_2025_20_46_1757517375.PCAP_PDR
10-09-2025 20:46 RAW PCAP data moved from Transient Buffer.
10-09-2025 20:46 SLIP check Started ...
10-09-2025 20:46 - WARNING - Data Directory: /data/dsp/GBD_TRANSIENT_BUFFER/J1921+2153/10_09_2025
10-09-2025 20:46 - WARNING - Number of Files: 80
10-09-2025 20:46 - WARNING - No packet loss: /data/dsp/GBD_TRANSIENT_BUFFER/J1921+2153/10_09_2025/PDR_GULP_data002.pcap_10_09_2025_20_07_1757515068.PCAP_PDR
10-09-2025 20:46 - WARNING - first_pkt_count, first_gps_count, first_pkt_Tstamp
10-09-2025 20:46 - WARNING - 773637455 14062 2025-09-10T14:37:16.099047
10-09-2025 20:46 - WARNING - last_pkt_count, last_gps_count, last_pkt_Tstamp
10-09-2025 20:46 - WARNING - 775519997 14096 2025-09-10T14:37:45.306958
10-09-2025 20:46 - WARNING - diff_pkt_count  , diff_gps_count ,  diff_pkt_timstamp
10-09-2025 20:46 - WARNING - 1882542 34 29207911 microseconds
10-09-2025 20:46 - WARNING - No packet loss: /data/dsp/GBD_TRANSIENT_BUFFER/J1921+2153/10_09_2025/PDR_GULP_data000.pcap_10_09_2025_20_08_1757515097.PCAP_PDR
10-09-2025 20:46 - WARNING - first_pkt_count, first_gps_count, first_pkt_Tstamp
10-09-2025 20:46 - WARNING - 775519998 14096 2025-09-10T14:37:45.306958
10-09-2025 20:46 - WARNING - last_pkt_count, last_gps_count, last_pkt_Tstamp
10-09-2025 20:46 - WARNING - 777402539 14130 2025-09-10T14:38:14.514870
10-09-2025 20:46 - WARNING - diff_pkt_count  , diff_gps_count ,  diff_pkt_timstamp
10-09-2025 20:46 - WARNING - 1882541 34 29207912 microseconds
10-09-2025 20:46 - WARNING - No packet loss: /data/dsp/GBD_TRANSIENT_BUFFER/J1921+2153/10_09_2025/PDR_GULP_data001.pcap_10_09_2025_20_08_1757515126.PCAP_PDR
10-09-2025 20:46 - WARNING - first_pkt_count, first_gps_count, first_pkt_Tstamp
10-09-2025 20:46 - WARNING - 777402540 14130 2025-09-10T14:38:14.514870
10-09-2025 20:46 - WARNING - last_pkt_count, last_gps_count, last_pkt_Tstamp
10-09-2025 20:46 - WARNING - 779285081 14164 2025-09-10T14:38:43.722812
10-09-2025 20:46 - WARNING - diff_pkt_count  , diff_gps_count ,  diff_pkt_timstamp
10-09-2025 20:46 - WARNING - 1882541 34 29207942 microseconds
10-09-2025 20:46 - WARNING - No packet loss: /data/dsp/GBD_TRANSIENT_BUFFER/J1921+2153/10_09_2025/PDR_GULP_data002.pcap_10_09_2025_20_09_1757515155.PCAP_PDR
10-09-2025 20:46 - WARNING - first_pkt_count, first_gps_count, first_pkt_Tstamp
10-09-2025 20:46 - WARNING - 779285082 14164 2025-09-10T14:38:43.722813
10-09-2025 20:46 - WARNING - last_pkt_count, last_gps_count, last_pkt_Tstamp
10-09-2025 20:46 - WARNING - 781167623 14200 2025-09-10T14:39:12.930649
10-09-2025 20:46 - WARNING - diff_pkt_count  , diff_gps_count ,  diff_pkt_timstamp
10-09-2025 20:46 - WARNING - 1882541 36 29207836 microseconds
10-09-2025 20:46 - WARNING - No packet loss: /data/dsp/GBD_TRANSIENT_BUFFER/J1921+2153/10_09_2025/PDR_GULP_data000.pcap_10_09_2025_20_09_1757515185.PCAP_PDR
10-09-2025 20:46 - WARNING - first_pkt_count, first_gps_count, first_pkt_Tstamp
10-09-2025 20:46 - WARNING - 781167624 14200 2025-09-10T14:39:12.930736
10-09-2025 20:46 - WARNING - last_pkt_count, last_gps_count, last_pkt_Tstamp
10-09-2025 20:46 - WARNING - 783050165 14233 2025-09-10T14:39:42.138574
10-09-2025 20:46 - WARNING - diff_pkt_count  , diff_gps_count ,  diff_pkt_timstamp
10-09-2025 20:46 - WARNING - 1882541 33 29207838 microseconds
10-09-2025 20:46 - WARNING - No packet loss: /data/dsp/GBD_TRANSIENT_BUFFER/J1921+2153/10_09_2025/PDR_GULP_data001.pcap_10_09_2025_20_10_1757515214.PCAP_PDR
10-09-2025 20:46 - WARNING - first_pkt_count, first_gps_count, first_pkt_Tstamp
10-09-2025 20:46 - WARNING - 783050166 14233 2025-09-10T14:39:42.138655
10-09-2025 20:46 - WARNING - last_pkt_count, last_gps_count, last_pkt_Tstamp
10-09-2025 20:46 - WARNING - 784932707 14267 2025-09-10T14:40:11.346552
10-09-2025 20:46 - WARNING - diff_pkt_count  , diff_gps_count ,  diff_pkt_timstamp
10-09-2025 20:46 - WARNING - 1882541 34 29207897 microseconds
10-09-2025 20:46 - WARNING - No packet loss: /data/dsp/GBD_TRANSIENT_BUFFER/J1921+2153/10_09_2025/PDR_GULP_data002.pcap_10_09_2025_20_10_1757515243.PCAP_PDR
10-09-2025 20:46 - WARNING - first_pkt_count, first_gps_count, first_pkt_Tstamp
10-09-2025 20:46 - WARNING - 784932708 14267 2025-09-10T14:40:11.346552
10-09-2025 20:46 - WARNING - last_pkt_count, last_gps_count, last_pkt_Tstamp
10-09-2025 20:46 - WARNING - 786815250 14304 2025-09-10T14:40:40.554432
10-09-2025 20:46 - WARNING - diff_pkt_count  , diff_gps_count ,  diff_pkt_timstamp
10-09-2025 20:46 - WARNING - 1882542 37 29207880 microseconds
10-09-2025 20:46 - WARNING - No packet loss: /data/dsp/GBD_TRANSIENT_BUFFER/J1921+2153/10_09_2025/PDR_GULP_data000.pcap_10_09_2025_20_11_1757515272.PCAP_PDR
10-09-2025 20:46 - WARNING - first_pkt_count, first_gps_count, first_pkt_Tstamp
10-09-2025 20:46 - WARNING - 786815251 14304 2025-09-10T14:40:40.554432
10-09-2025 20:46 - WARNING - last_pkt_count, last_gps_count, last_pkt_Tstamp
10-09-2025 20:46 - WARNING - 788697792 14340 2025-09-10T14:41:09.762318
10-09-2025 20:46 - WARNING - diff_pkt_count  , diff_gps_count ,  diff_pkt_timstamp
10-09-2025 20:46 - WARNING - 1882541 36 29207886 microseconds
10-09-2025 20:46 - WARNING - No packet loss: /data/dsp/GBD_TRANSIENT_BUFFER/J1921+2153/10_09_2025/PDR_GULP_data001.pcap_10_09_2025_20_11_1757515301.PCAP_PDR
10-09-2025 20:46 - WARNING - first_pkt_count, first_gps_count, first_pkt_Tstamp
10-09-2025 20:46 - WARNING - 788697793 14340 2025-09-10T14:41:09.762410
10-09-2025 20:46 - WARNING - last_pkt_count, last_gps_count, last_pkt_Tstamp
10-09-2025 20:46 - WARNING - 790580334 14376 2025-09-10T14:41:38.970293
10-09-2025 20:46 - WARNING - diff_pkt_count  , diff_gps_count ,  diff_pkt_timstamp
10-09-2025 20:46 - WARNING - 1882541 36 29207883 microseconds
10-09-2025 20:46 - WARNING - No packet loss: /data/dsp/GBD_TRANSIENT_BUFFER/J1921+2153/10_09_2025/PDR_GULP_data002.pcap_10_09_2025_20_12_1757515331.PCAP_PDR
10-09-2025 20:46 - WARNING - first_pkt_count, first_gps_count, first_pkt_Tstamp
10-09-2025 20:46 - WARNING - 790580335 14376 2025-09-10T14:41:38.970293
10-09-2025 20:46 - WARNING - last_pkt_count, last_gps_count, last_pkt_Tstamp
10-09-2025 20:46 - WARNING - 792462876 14408 2025-09-10T14:42:08.178170
10-09-2025 20:46 - WARNING - diff_pkt_count  , diff_gps_count ,  diff_pkt_timstamp
10-09-2025 20:46 - WARNING - 1882541 32 29207877 microseconds
10-09-2025 20:46 - WARNING - No packet loss: /data/dsp/GBD_TRANSIENT_BUFFER/J1921+2153/10_09_2025/PDR_GULP_data000.pcap_10_09_2025_20_12_1757515360.PCAP_PDR
10-09-2025 20:46 - WARNING - first_pkt_count, first_gps_count, first_pkt_Tstamp
10-09-2025 20:46 - WARNING - 792462877 14408 2025-09-10T14:42:08.178170
10-09-2025 20:46 - WARNING - last_pkt_count, last_gps_count, last_pkt_Tstamp
10-09-2025 20:46 - WARNING - 794345418 14441 2025-09-10T14:42:37.386057
10-09-2025 20:46 - WARNING - diff_pkt_count  , diff_gps_count ,  diff_pkt_timstamp
10-09-2025 20:46 - WARNING - 1882541 33 29207887 microseconds
10-09-2025 20:46 - WARNING - No packet loss: /data/dsp/GBD_TRANSIENT_BUFFER/J1921+2153/10_09_2025/PDR_GULP_data001.pcap_10_09_2025_20_13_1757515389.PCAP_PDR
10-09-2025 20:46 - WARNING - first_pkt_count, first_gps_count, first_pkt_Tstamp
10-09-2025 20:46 - WARNING - 794345419 14441 2025-09-10T14:42:37.386057
10-09-2025 20:46 - WARNING - last_pkt_count, last_gps_count, last_pkt_Tstamp
10-09-2025 20:46 - WARNING - 796227960 14474 2025-09-10T14:43:06.593946
10-09-2025 20:46 - WARNING - diff_pkt_count  , diff_gps_count ,  diff_pkt_timstamp
10-09-2025 20:46 - WARNING - 1882541 33 29207889 microseconds
10-09-2025 20:46 - WARNING - No packet loss: /data/dsp/GBD_TRANSIENT_BUFFER/J1921+2153/10_09_2025/PDR_GULP_data002.pcap_10_09_2025_20_13_1757515418.PCAP_PDR
10-09-2025 20:46 - WARNING - first_pkt_count, first_gps_count, first_pkt_Tstamp
10-09-2025 20:46 - WARNING - 796227961 14474 2025-09-10T14:43:06.593999
10-09-2025 20:46 - WARNING - last_pkt_count, last_gps_count, last_pkt_Tstamp
10-09-2025 20:46 - WARNING - 798110503 14510 2025-09-10T14:43:35.801898
10-09-2025 20:46 - WARNING - diff_pkt_count  , diff_gps_count ,  diff_pkt_timstamp
10-09-2025 20:46 - WARNING - 1882542 36 29207899 microseconds
10-09-2025 20:46 - WARNING - No packet loss: /data/dsp/GBD_TRANSIENT_BUFFER/J1921+2153/10_09_2025/PDR_GULP_data000.pcap_10_09_2025_20_14_1757515448.PCAP_PDR
10-09-2025 20:46 - WARNING - first_pkt_count, first_gps_count, first_pkt_Tstamp
10-09-2025 20:46 - WARNING - 798110504 14510 2025-09-10T14:43:35.801898
10-09-2025 20:46 - WARNING - last_pkt_count, last_gps_count, last_pkt_Tstamp
10-09-2025 20:46 - WARNING - 799993045 14543 2025-09-10T14:44:05.009792
10-09-2025 20:46 - WARNING - diff_pkt_count  , diff_gps_count ,  diff_pkt_timstamp
10-09-2025 20:46 - WARNING - 1882541 33 29207894 microseconds
10-09-2025 20:46 - WARNING - No packet loss: /data/dsp/GBD_TRANSIENT_BUFFER/J1921+2153/10_09_2025/PDR_GULP_data001.pcap_10_09_2025_20_14_1757515477.PCAP_PDR
10-09-2025 20:46 - WARNING - first_pkt_count, first_gps_count, first_pkt_Tstamp
10-09-2025 20:46 - WARNING - 799993046 14543 2025-09-10T14:44:05.009792
10-09-2025 20:46 - WARNING - last_pkt_count, last_gps_count, last_pkt_Tstamp
10-09-2025 20:46 - WARNING - 801875587 14576 2025-09-10T14:44:34.217678
10-09-2025 20:46 - WARNING - diff_pkt_count  , diff_gps_count ,  diff_pkt_timstamp
10-09-2025 20:46 - WARNING - 1882541 33 29207886 microseconds
10-09-2025 20:46 - WARNING - No packet loss: /data/dsp/GBD_TRANSIENT_BUFFER/J1921+2153/10_09_2025/PDR_GULP_data002.pcap_10_09_2025_20_15_1757515506.PCAP_PDR
10-09-2025 20:46 - WARNING - first_pkt_count, first_gps_count, first_pkt_Tstamp
10-09-2025 20:46 - WARNING - 801875588 14576 2025-09-10T14:44:34.217678
10-09-2025 20:46 - WARNING - last_pkt_count, last_gps_count, last_pkt_Tstamp
10-09-2025 20:46 - WARNING - 803758129 14611 2025-09-10T14:45:03.425566
10-09-2025 20:46 - WARNING - diff_pkt_count  , diff_gps_count ,  diff_pkt_timstamp
10-09-2025 20:46 - WARNING - 1882541 35 29207888 microseconds
10-09-2025 20:46 - WARNING - No packet loss: /data/dsp/GBD_TRANSIENT_BUFFER/J1921+2153/10_09_2025/PDR_GULP_data000.pcap_10_09_2025_20_15_1757515535.PCAP_PDR
10-09-2025 20:46 - WARNING - first_pkt_count, first_gps_count, first_pkt_Tstamp
10-09-2025 20:46 - WARNING - 803758130 14611 2025-09-10T14:45:03.425566
10-09-2025 20:46 - WARNING - last_pkt_count, last_gps_count, last_pkt_Tstamp
10-09-2025 20:46 - WARNING - 805640671 14644 2025-09-10T14:45:32.633487
10-09-2025 20:46 - WARNING - diff_pkt_count  , diff_gps_count ,  diff_pkt_timstamp
10-09-2025 20:46 - WARNING - 1882541 33 29207921 microseconds
10-09-2025 20:46 - WARNING - No packet loss: /data/dsp/GBD_TRANSIENT_BUFFER/J1921+2153/10_09_2025/PDR_GULP_data001.pcap_10_09_2025_20_16_1757515564.PCAP_PDR
10-09-2025 20:46 - WARNING - first_pkt_count, first_gps_count, first_pkt_Tstamp
10-09-2025 20:46 - WARNING - 805640672 14644 2025-09-10T14:45:32.633487
10-09-2025 20:46 - WARNING - last_pkt_count, last_gps_count, last_pkt_Tstamp
10-09-2025 20:46 - WARNING - 807523213 14675 2025-09-10T14:46:01.841326
10-09-2025 20:46 - WARNING - diff_pkt_count  , diff_gps_count ,  diff_pkt_timstamp
10-09-2025 20:46 - WARNING - 1882541 31 29207839 microseconds
10-09-2025 20:46 - WARNING - No packet loss: /data/dsp/GBD_TRANSIENT_BUFFER/J1921+2153/10_09_2025/PDR_GULP_data002.pcap_10_09_2025_20_16_1757515594.PCAP_PDR
10-09-2025 20:46 - WARNING - first_pkt_count, first_gps_count, first_pkt_Tstamp
10-09-2025 20:46 - WARNING - 807523214 14675 2025-09-10T14:46:01.841378
10-09-2025 20:46 - WARNING - last_pkt_count, last_gps_count, last_pkt_Tstamp
10-09-2025 20:46 - WARNING - 809405756 14710 2025-09-10T14:46:31.049270
10-09-2025 20:46 - WARNING - diff_pkt_count  , diff_gps_count ,  diff_pkt_timstamp
10-09-2025 20:46 - WARNING - 1882542 35 29207892 microseconds
10-09-2025 20:46 - WARNING - No packet loss: /data/dsp/GBD_TRANSIENT_BUFFER/J1921+2153/10_09_2025/PDR_GULP_data000.pcap_10_09_2025_20_17_1757515623.PCAP_PDR
10-09-2025 20:46 - WARNING - first_pkt_count, first_gps_count, first_pkt_Tstamp
10-09-2025 20:46 - WARNING - 809405757 14710 2025-09-10T14:46:31.049270
10-09-2025 20:46 - WARNING - last_pkt_count, last_gps_count, last_pkt_Tstamp
10-09-2025 20:46 - WARNING - 811288298 14741 2025-09-10T14:47:00.257135
10-09-2025 20:46 - WARNING - diff_pkt_count  , diff_gps_count ,  diff_pkt_timstamp
10-09-2025 20:46 - WARNING - 1882541 31 29207865 microseconds
10-09-2025 20:46 - WARNING - No packet loss: /data/dsp/GBD_TRANSIENT_BUFFER/J1921+2153/10_09_2025/PDR_GULP_data001.pcap_10_09_2025_20_17_1757515652.PCAP_PDR
10-09-2025 20:46 - WARNING - first_pkt_count, first_gps_count, first_pkt_Tstamp
10-09-2025 20:46 - WARNING - 811288299 14741 2025-09-10T14:47:00.257202
10-09-2025 20:46 - WARNING - last_pkt_count, last_gps_count, last_pkt_Tstamp
10-09-2025 20:46 - WARNING - 813170840 14776 2025-09-10T14:47:29.465024
10-09-2025 20:46 - WARNING - diff_pkt_count  , diff_gps_count ,  diff_pkt_timstamp
10-09-2025 20:46 - WARNING - 1882541 35 29207822 microseconds
10-09-2025 20:46 - WARNING - No packet loss: /data/dsp/GBD_TRANSIENT_BUFFER/J1921+2153/10_09_2025/PDR_GULP_data002.pcap_10_09_2025_20_18_1757515681.PCAP_PDR
10-09-2025 20:46 - WARNING - first_pkt_count, first_gps_count, first_pkt_Tstamp
10-09-2025 20:46 - WARNING - 813170841 14776 2025-09-10T14:47:29.465024
10-09-2025 20:46 - WARNING - last_pkt_count, last_gps_count, last_pkt_Tstamp
10-09-2025 20:46 - WARNING - 815053382 14813 2025-09-10T14:47:58.672940
10-09-2025 20:46 - WARNING - diff_pkt_count  , diff_gps_count ,  diff_pkt_timstamp
10-09-2025 20:46 - WARNING - 1882541 37 29207916 microseconds
10-09-2025 20:46 - WARNING - No packet loss: /data/dsp/GBD_TRANSIENT_BUFFER/J1921+2153/10_09_2025/PDR_GULP_data000.pcap_10_09_2025_20_18_1757515710.PCAP_PDR
10-09-2025 20:46 - WARNING - first_pkt_count, first_gps_count, first_pkt_Tstamp
10-09-2025 20:46 - WARNING - 815053383 14813 2025-09-10T14:47:58.672940
10-09-2025 20:46 - WARNING - last_pkt_count, last_gps_count, last_pkt_Tstamp
10-09-2025 20:46 - WARNING - 816935924 14845 2025-09-10T14:48:27.880824
10-09-2025 20:46 - WARNING - diff_pkt_count  , diff_gps_count ,  diff_pkt_timstamp
10-09-2025 20:46 - WARNING - 1882541 32 29207884 microseconds
10-09-2025 20:46 - WARNING - No packet loss: /data/dsp/GBD_TRANSIENT_BUFFER/J1921+2153/10_09_2025/PDR_GULP_data001.pcap_10_09_2025_20_19_1757515740.PCAP_PDR
10-09-2025 20:46 - WARNING - first_pkt_count, first_gps_count, first_pkt_Tstamp
10-09-2025 20:46 - WARNING - 816935925 14845 2025-09-10T14:48:27.880824
10-09-2025 20:46 - WARNING - last_pkt_count, last_gps_count, last_pkt_Tstamp
10-09-2025 20:46 - WARNING - 818818466 14882 2025-09-10T14:48:57.088737
10-09-2025 20:46 - WARNING - diff_pkt_count  , diff_gps_count ,  diff_pkt_timstamp
10-09-2025 20:46 - WARNING - 1882541 37 29207913 microseconds
10-09-2025 20:46 - WARNING - No packet loss: /data/dsp/GBD_TRANSIENT_BUFFER/J1921+2153/10_09_2025/PDR_GULP_data002.pcap_10_09_2025_20_19_1757515769.PCAP_PDR
10-09-2025 20:46 - WARNING - first_pkt_count, first_gps_count, first_pkt_Tstamp
10-09-2025 20:46 - WARNING - 818818467 14882 2025-09-10T14:48:57.088737
10-09-2025 20:46 - WARNING - last_pkt_count, last_gps_count, last_pkt_Tstamp
10-09-2025 20:46 - WARNING - 820701009 14916 2025-09-10T14:49:26.296598
10-09-2025 20:46 - WARNING - diff_pkt_count  , diff_gps_count ,  diff_pkt_timstamp
10-09-2025 20:46 - WARNING - 1882542 34 29207861 microseconds
10-09-2025 20:46 - WARNING - No packet loss: /data/dsp/GBD_TRANSIENT_BUFFER/J1921+2153/10_09_2025/PDR_GULP_data000.pcap_10_09_2025_20_19_1757515798.PCAP_PDR
10-09-2025 20:46 - WARNING - first_pkt_count, first_gps_count, first_pkt_Tstamp
10-09-2025 20:46 - WARNING - 820701010 14916 2025-09-10T14:49:26.296665
10-09-2025 20:46 - WARNING - last_pkt_count, last_gps_count, last_pkt_Tstamp
10-09-2025 20:46 - WARNING - 822583551 14949 2025-09-10T14:49:55.504549
10-09-2025 20:46 - WARNING - diff_pkt_count  , diff_gps_count ,  diff_pkt_timstamp
10-09-2025 20:46 - WARNING - 1882541 33 29207884 microseconds
10-09-2025 20:46 - WARNING - No packet loss: /data/dsp/GBD_TRANSIENT_BUFFER/J1921+2153/10_09_2025/PDR_GULP_data001.pcap_10_09_2025_20_20_1757515827.PCAP_PDR
10-09-2025 20:46 - WARNING - first_pkt_count, first_gps_count, first_pkt_Tstamp
10-09-2025 20:46 - WARNING - 822583552 14949 2025-09-10T14:49:55.504549
10-09-2025 20:46 - WARNING - last_pkt_count, last_gps_count, last_pkt_Tstamp
10-09-2025 20:46 - WARNING - 824466093 14984 2025-09-10T14:50:24.712417
10-09-2025 20:46 - WARNING - diff_pkt_count  , diff_gps_count ,  diff_pkt_timstamp
10-09-2025 20:46 - WARNING - 1882541 35 29207868 microseconds
10-09-2025 20:46 - WARNING - No packet loss: /data/dsp/GBD_TRANSIENT_BUFFER/J1921+2153/10_09_2025/PDR_GULP_data002.pcap_10_09_2025_20_20_1757515856.PCAP_PDR
10-09-2025 20:46 - WARNING - first_pkt_count, first_gps_count, first_pkt_Tstamp
10-09-2025 20:46 - WARNING - 824466094 14984 2025-09-10T14:50:24.712417
10-09-2025 20:46 - WARNING - last_pkt_count, last_gps_count, last_pkt_Tstamp
10-09-2025 20:46 - WARNING - 826348635 15015 2025-09-10T14:50:53.920308
10-09-2025 20:46 - WARNING - diff_pkt_count  , diff_gps_count ,  diff_pkt_timstamp
10-09-2025 20:46 - WARNING - 1882541 31 29207891 microseconds
10-09-2025 20:46 - WARNING - No packet loss: /data/dsp/GBD_TRANSIENT_BUFFER/J1921+2153/10_09_2025/PDR_GULP_data000.pcap_10_09_2025_20_21_1757515886.PCAP_PDR
10-09-2025 20:46 - WARNING - first_pkt_count, first_gps_count, first_pkt_Tstamp
10-09-2025 20:46 - WARNING - 826348636 15015 2025-09-10T14:50:53.920308
10-09-2025 20:46 - WARNING - last_pkt_count, last_gps_count, last_pkt_Tstamp
10-09-2025 20:46 - WARNING - 828231177 15053 2025-09-10T14:51:23.128272
10-09-2025 20:46 - WARNING - diff_pkt_count  , diff_gps_count ,  diff_pkt_timstamp
10-09-2025 20:46 - WARNING - 1882541 38 29207964 microseconds
10-09-2025 20:46 - WARNING - No packet loss: /data/dsp/GBD_TRANSIENT_BUFFER/J1921+2153/10_09_2025/PDR_GULP_data001.pcap_10_09_2025_20_21_1757515915.PCAP_PDR
10-09-2025 20:46 - WARNING - first_pkt_count, first_gps_count, first_pkt_Tstamp
10-09-2025 20:46 - WARNING - 828231178 15053 2025-09-10T14:51:23.128273
10-09-2025 20:46 - WARNING - last_pkt_count, last_gps_count, last_pkt_Tstamp
10-09-2025 20:46 - WARNING - 830113719 15088 2025-09-10T14:51:52.336135
10-09-2025 20:46 - WARNING - diff_pkt_count  , diff_gps_count ,  diff_pkt_timstamp
10-09-2025 20:46 - WARNING - 1882541 35 29207862 microseconds
10-09-2025 20:46 - WARNING - No packet loss: /data/dsp/GBD_TRANSIENT_BUFFER/J1921+2153/10_09_2025/PDR_GULP_data002.pcap_10_09_2025_20_22_1757515944.PCAP_PDR
10-09-2025 20:46 - WARNING - first_pkt_count, first_gps_count, first_pkt_Tstamp
10-09-2025 20:46 - WARNING - 830113720 15088 2025-09-10T14:51:52.336135
10-09-2025 20:46 - WARNING - last_pkt_count, last_gps_count, last_pkt_Tstamp
10-09-2025 20:46 - WARNING - 831996262 15124 2025-09-10T14:52:21.544029
10-09-2025 20:46 - WARNING - diff_pkt_count  , diff_gps_count ,  diff_pkt_timstamp
10-09-2025 20:46 - WARNING - 1882542 36 29207894 microseconds
10-09-2025 20:46 - WARNING - No packet loss: /data/dsp/GBD_TRANSIENT_BUFFER/J1921+2153/10_09_2025/PDR_GULP_data000.pcap_10_09_2025_20_22_1757515973.PCAP_PDR
10-09-2025 20:46 - WARNING - first_pkt_count, first_gps_count, first_pkt_Tstamp
10-09-2025 20:46 - WARNING - 831996263 15124 2025-09-10T14:52:21.544029
10-09-2025 20:46 - WARNING - last_pkt_count, last_gps_count, last_pkt_Tstamp
10-09-2025 20:46 - WARNING - 833878804 15156 2025-09-10T14:52:50.751898
10-09-2025 20:46 - WARNING - diff_pkt_count  , diff_gps_count ,  diff_pkt_timstamp
10-09-2025 20:46 - WARNING - 1882541 32 29207869 microseconds
10-09-2025 20:46 - WARNING - No packet loss: /data/dsp/GBD_TRANSIENT_BUFFER/J1921+2153/10_09_2025/PDR_GULP_data001.pcap_10_09_2025_20_23_1757516002.PCAP_PDR
10-09-2025 20:46 - WARNING - first_pkt_count, first_gps_count, first_pkt_Tstamp
10-09-2025 20:46 - WARNING - 833878805 15156 2025-09-10T14:52:50.751898
10-09-2025 20:46 - WARNING - last_pkt_count, last_gps_count, last_pkt_Tstamp
10-09-2025 20:46 - WARNING - 835761346 15191 2025-09-10T14:53:19.959798
10-09-2025 20:46 - WARNING - diff_pkt_count  , diff_gps_count ,  diff_pkt_timstamp
10-09-2025 20:46 - WARNING - 1882541 35 29207900 microseconds
10-09-2025 20:46 - WARNING - No packet loss: /data/dsp/GBD_TRANSIENT_BUFFER/J1921+2153/10_09_2025/PDR_GULP_data002.pcap_10_09_2025_20_23_1757516032.PCAP_PDR
10-09-2025 20:46 - WARNING - first_pkt_count, first_gps_count, first_pkt_Tstamp
10-09-2025 20:46 - WARNING - 835761347 15191 2025-09-10T14:53:19.959798
10-09-2025 20:46 - WARNING - last_pkt_count, last_gps_count, last_pkt_Tstamp
10-09-2025 20:46 - WARNING - 837643888 15228 2025-09-10T14:53:49.167759
10-09-2025 20:46 - WARNING - diff_pkt_count  , diff_gps_count ,  diff_pkt_timstamp
10-09-2025 20:46 - WARNING - 1882541 37 29207961 microseconds
10-09-2025 20:46 - WARNING - No packet loss: /data/dsp/GBD_TRANSIENT_BUFFER/J1921+2153/10_09_2025/PDR_GULP_data000.pcap_10_09_2025_20_24_1757516061.PCAP_PDR
10-09-2025 20:46 - WARNING - first_pkt_count, first_gps_count, first_pkt_Tstamp
10-09-2025 20:46 - WARNING - 837643889 15228 2025-09-10T14:53:49.167759
10-09-2025 20:46 - WARNING - last_pkt_count, last_gps_count, last_pkt_Tstamp
10-09-2025 20:46 - WARNING - 839526430 15262 2025-09-10T14:54:18.375826
10-09-2025 20:46 - WARNING - diff_pkt_count  , diff_gps_count ,  diff_pkt_timstamp
10-09-2025 20:46 - WARNING - 1882541 34 29208067 microseconds
10-09-2025 20:46 - WARNING - No packet loss: /data/dsp/GBD_TRANSIENT_BUFFER/J1921+2153/10_09_2025/PDR_GULP_data001.pcap_10_09_2025_20_24_1757516090.PCAP_PDR
10-09-2025 20:46 - WARNING - first_pkt_count, first_gps_count, first_pkt_Tstamp
10-09-2025 20:46 - WARNING - 839526431 15262 2025-09-10T14:54:18.375826
10-09-2025 20:46 - WARNING - last_pkt_count, last_gps_count, last_pkt_Tstamp
10-09-2025 20:46 - WARNING - 841408973 15297 2025-09-10T14:54:47.584035
10-09-2025 20:46 - WARNING - diff_pkt_count  , diff_gps_count ,  diff_pkt_timstamp
10-09-2025 20:46 - WARNING - 1882542 35 29208209 microseconds
10-09-2025 20:46 - WARNING - No packet loss: /data/dsp/GBD_TRANSIENT_BUFFER/J1921+2153/10_09_2025/PDR_GULP_data002.pcap_10_09_2025_20_25_1757516119.PCAP_PDR
10-09-2025 20:46 - WARNING - first_pkt_count, first_gps_count, first_pkt_Tstamp
10-09-2025 20:46 - WARNING - 841408974 15297 2025-09-10T14:54:47.584035
10-09-2025 20:46 - WARNING - last_pkt_count, last_gps_count, last_pkt_Tstamp
10-09-2025 20:46 - WARNING - 843291515 15332 2025-09-10T14:55:16.792186
10-09-2025 20:46 - WARNING - diff_pkt_count  , diff_gps_count ,  diff_pkt_timstamp
10-09-2025 20:46 - WARNING - 1882541 35 29208151 microseconds
10-09-2025 20:46 - WARNING - No packet loss: /data/dsp/GBD_TRANSIENT_BUFFER/J1921+2153/10_09_2025/PDR_GULP_data000.pcap_10_09_2025_20_25_1757516149.PCAP_PDR
10-09-2025 20:46 - WARNING - first_pkt_count, first_gps_count, first_pkt_Tstamp
10-09-2025 20:46 - WARNING - 843291516 15332 2025-09-10T14:55:16.792269
10-09-2025 20:46 - WARNING - last_pkt_count, last_gps_count, last_pkt_Tstamp
10-09-2025 20:46 - WARNING - 845174057 15369 2025-09-10T14:55:46.000373
10-09-2025 20:46 - WARNING - diff_pkt_count  , diff_gps_count ,  diff_pkt_timstamp
10-09-2025 20:46 - WARNING - 1882541 37 29208104 microseconds
10-09-2025 20:46 - WARNING - No packet loss: /data/dsp/GBD_TRANSIENT_BUFFER/J1921+2153/10_09_2025/PDR_GULP_data001.pcap_10_09_2025_20_26_1757516178.PCAP_PDR
10-09-2025 20:46 - WARNING - first_pkt_count, first_gps_count, first_pkt_Tstamp
10-09-2025 20:46 - WARNING - 845174058 15369 2025-09-10T14:55:46.000374
10-09-2025 20:46 - WARNING - last_pkt_count, last_gps_count, last_pkt_Tstamp
10-09-2025 20:46 - WARNING - 847056599 15403 2025-09-10T14:56:15.208490
10-09-2025 20:46 - WARNING - diff_pkt_count  , diff_gps_count ,  diff_pkt_timstamp
10-09-2025 20:46 - WARNING - 1882541 34 29208116 microseconds
10-09-2025 20:46 - WARNING - No packet loss: /data/dsp/GBD_TRANSIENT_BUFFER/J1921+2153/10_09_2025/PDR_GULP_data002.pcap_10_09_2025_20_26_1757516207.PCAP_PDR
10-09-2025 20:46 - WARNING - first_pkt_count, first_gps_count, first_pkt_Tstamp
10-09-2025 20:46 - WARNING - 847056600 15403 2025-09-10T14:56:15.208490
10-09-2025 20:46 - WARNING - last_pkt_count, last_gps_count, last_pkt_Tstamp
10-09-2025 20:46 - WARNING - 848939141 15443 2025-09-10T14:56:44.416605
10-09-2025 20:46 - WARNING - diff_pkt_count  , diff_gps_count ,  diff_pkt_timstamp
10-09-2025 20:46 - WARNING - 1882541 40 29208115 microseconds
10-09-2025 20:46 - WARNING - No packet loss: /data/dsp/GBD_TRANSIENT_BUFFER/J1921+2153/10_09_2025/PDR_GULP_data000.pcap_10_09_2025_20_27_1757516236.PCAP_PDR
10-09-2025 20:46 - WARNING - first_pkt_count, first_gps_count, first_pkt_Tstamp
10-09-2025 20:46 - WARNING - 848939142 15443 2025-09-10T14:56:44.416605
10-09-2025 20:46 - WARNING - last_pkt_count, last_gps_count, last_pkt_Tstamp
10-09-2025 20:46 - WARNING - 850821683 15476 2025-09-10T14:57:13.624759
10-09-2025 20:46 - WARNING - diff_pkt_count  , diff_gps_count ,  diff_pkt_timstamp
10-09-2025 20:46 - WARNING - 1882541 33 29208154 microseconds
10-09-2025 20:46 - WARNING - No packet loss: /data/dsp/GBD_TRANSIENT_BUFFER/J1921+2153/10_09_2025/PDR_GULP_data001.pcap_10_09_2025_20_27_1757516265.PCAP_PDR
10-09-2025 20:46 - WARNING - first_pkt_count, first_gps_count, first_pkt_Tstamp
10-09-2025 20:46 - WARNING - 850821684 15476 2025-09-10T14:57:13.624759
10-09-2025 20:46 - WARNING - last_pkt_count, last_gps_count, last_pkt_Tstamp
10-09-2025 20:46 - WARNING - 852704226 15510 2025-09-10T14:57:42.832873
10-09-2025 20:46 - WARNING - diff_pkt_count  , diff_gps_count ,  diff_pkt_timstamp
10-09-2025 20:46 - WARNING - 1882542 34 29208114 microseconds
10-09-2025 20:46 - WARNING - No packet loss: /data/dsp/GBD_TRANSIENT_BUFFER/J1921+2153/10_09_2025/PDR_GULP_data002.pcap_10_09_2025_20_28_1757516295.PCAP_PDR
10-09-2025 20:46 - WARNING - first_pkt_count, first_gps_count, first_pkt_Tstamp
10-09-2025 20:46 - WARNING - 852704227 15510 2025-09-10T14:57:42.832875
10-09-2025 20:46 - WARNING - last_pkt_count, last_gps_count, last_pkt_Tstamp
10-09-2025 20:46 - WARNING - 854586768 15541 2025-09-10T14:58:12.040954
10-09-2025 20:46 - WARNING - diff_pkt_count  , diff_gps_count ,  diff_pkt_timstamp
10-09-2025 20:46 - WARNING - 1882541 31 29208079 microseconds
10-09-2025 20:46 - WARNING - No packet loss: /data/dsp/GBD_TRANSIENT_BUFFER/J1921+2153/10_09_2025/PDR_GULP_data000.pcap_10_09_2025_20_28_1757516324.PCAP_PDR
10-09-2025 20:46 - WARNING - first_pkt_count, first_gps_count, first_pkt_Tstamp
10-09-2025 20:46 - WARNING - 854586769 15541 2025-09-10T14:58:12.040954
10-09-2025 20:46 - WARNING - last_pkt_count, last_gps_count, last_pkt_Tstamp
10-09-2025 20:46 - WARNING - 856469310 15573 2025-09-10T14:58:41.249030
10-09-2025 20:46 - WARNING - diff_pkt_count  , diff_gps_count ,  diff_pkt_timstamp
10-09-2025 20:46 - WARNING - 1882541 32 29208076 microseconds
10-09-2025 20:46 - WARNING - No packet loss: /data/dsp/GBD_TRANSIENT_BUFFER/J1921+2153/10_09_2025/PDR_GULP_data001.pcap_10_09_2025_20_29_1757516353.PCAP_PDR
10-09-2025 20:46 - WARNING - first_pkt_count, first_gps_count, first_pkt_Tstamp
10-09-2025 20:46 - WARNING - 856469311 15573 2025-09-10T14:58:41.249115
10-09-2025 20:46 - WARNING - last_pkt_count, last_gps_count, last_pkt_Tstamp
10-09-2025 20:46 - WARNING - 858351852 15607 2025-09-10T14:59:10.457170
10-09-2025 20:46 - WARNING - diff_pkt_count  , diff_gps_count ,  diff_pkt_timstamp
10-09-2025 20:46 - WARNING - 1882541 34 29208055 microseconds
10-09-2025 20:46 - WARNING - No packet loss: /data/dsp/GBD_TRANSIENT_BUFFER/J1921+2153/10_09_2025/PDR_GULP_data002.pcap_10_09_2025_20_29_1757516382.PCAP_PDR
10-09-2025 20:46 - WARNING - first_pkt_count, first_gps_count, first_pkt_Tstamp
10-09-2025 20:46 - WARNING - 858351853 15607 2025-09-10T14:59:10.457171
10-09-2025 20:46 - WARNING - last_pkt_count, last_gps_count, last_pkt_Tstamp
10-09-2025 20:46 - WARNING - 860234394 15644 2025-09-10T14:59:39.665210
10-09-2025 20:46 - WARNING - diff_pkt_count  , diff_gps_count ,  diff_pkt_timstamp
10-09-2025 20:46 - WARNING - 1882541 37 29208039 microseconds
10-09-2025 20:46 - WARNING - No packet loss: /data/dsp/GBD_TRANSIENT_BUFFER/J1921+2153/10_09_2025/PDR_GULP_data000.pcap_10_09_2025_20_30_1757516411.PCAP_PDR
10-09-2025 20:46 - WARNING - first_pkt_count, first_gps_count, first_pkt_Tstamp
10-09-2025 20:46 - WARNING - 860234395 15644 2025-09-10T14:59:39.665211
10-09-2025 20:46 - WARNING - last_pkt_count, last_gps_count, last_pkt_Tstamp
10-09-2025 20:46 - WARNING - 862116936 15677 2025-09-10T15:00:08.873257
10-09-2025 20:46 - WARNING - diff_pkt_count  , diff_gps_count ,  diff_pkt_timstamp
10-09-2025 20:46 - WARNING - 1882541 33 29208046 microseconds
10-09-2025 20:46 - WARNING - No packet loss: /data/dsp/GBD_TRANSIENT_BUFFER/J1921+2153/10_09_2025/PDR_GULP_data001.pcap_10_09_2025_20_30_1757516441.PCAP_PDR
10-09-2025 20:46 - WARNING - first_pkt_count, first_gps_count, first_pkt_Tstamp
10-09-2025 20:46 - WARNING - 862116937 15677 2025-09-10T15:00:08.873257
10-09-2025 20:46 - WARNING - last_pkt_count, last_gps_count, last_pkt_Tstamp
10-09-2025 20:46 - WARNING - 863999479 15714 2025-09-10T15:00:38.081331
10-09-2025 20:46 - WARNING - diff_pkt_count  , diff_gps_count ,  diff_pkt_timstamp
10-09-2025 20:46 - WARNING - 1882542 37 29208074 microseconds
10-09-2025 20:46 - WARNING - No packet loss: /data/dsp/GBD_TRANSIENT_BUFFER/J1921+2153/10_09_2025/PDR_GULP_data002.pcap_10_09_2025_20_31_1757516470.PCAP_PDR
10-09-2025 20:46 - WARNING - first_pkt_count, first_gps_count, first_pkt_Tstamp
10-09-2025 20:46 - WARNING - 863999480 15714 2025-09-10T15:00:38.081331
10-09-2025 20:46 - WARNING - last_pkt_count, last_gps_count, last_pkt_Tstamp
10-09-2025 20:46 - WARNING - 865882021 15749 2025-09-10T15:01:07.289403
10-09-2025 20:46 - WARNING - diff_pkt_count  , diff_gps_count ,  diff_pkt_timstamp
10-09-2025 20:46 - WARNING - 1882541 35 29208072 microseconds
10-09-2025 20:46 - WARNING - No packet loss: /data/dsp/GBD_TRANSIENT_BUFFER/J1921+2153/10_09_2025/PDR_GULP_data000.pcap_10_09_2025_20_31_1757516499.PCAP_PDR
10-09-2025 20:46 - WARNING - first_pkt_count, first_gps_count, first_pkt_Tstamp
10-09-2025 20:46 - WARNING - 865882022 15749 2025-09-10T15:01:07.289403
10-09-2025 20:46 - WARNING - last_pkt_count, last_gps_count, last_pkt_Tstamp
10-09-2025 20:46 - WARNING - 867764563 15782 2025-09-10T15:01:36.497393
10-09-2025 20:46 - WARNING - diff_pkt_count  , diff_gps_count ,  diff_pkt_timstamp
10-09-2025 20:46 - WARNING - 1882541 33 29207990 microseconds
10-09-2025 20:46 - WARNING - No packet loss: /data/dsp/GBD_TRANSIENT_BUFFER/J1921+2153/10_09_2025/PDR_GULP_data001.pcap_10_09_2025_20_32_1757516528.PCAP_PDR
10-09-2025 20:46 - WARNING - first_pkt_count, first_gps_count, first_pkt_Tstamp
10-09-2025 20:46 - WARNING - 867764564 15782 2025-09-10T15:01:36.497465
10-09-2025 20:46 - WARNING - last_pkt_count, last_gps_count, last_pkt_Tstamp
10-09-2025 20:46 - WARNING - 869647105 15818 2025-09-10T15:02:05.705483
10-09-2025 20:46 - WARNING - diff_pkt_count  , diff_gps_count ,  diff_pkt_timstamp
10-09-2025 20:46 - WARNING - 1882541 36 29208018 microseconds
10-09-2025 20:46 - WARNING - No packet loss: /data/dsp/GBD_TRANSIENT_BUFFER/J1921+2153/10_09_2025/PDR_GULP_data002.pcap_10_09_2025_20_32_1757516557.PCAP_PDR
10-09-2025 20:46 - WARNING - first_pkt_count, first_gps_count, first_pkt_Tstamp
10-09-2025 20:46 - WARNING - 869647106 15818 2025-09-10T15:02:05.705483
10-09-2025 20:46 - WARNING - last_pkt_count, last_gps_count, last_pkt_Tstamp
10-09-2025 20:46 - WARNING - 871529647 15854 2025-09-10T15:02:34.913465
10-09-2025 20:46 - WARNING - diff_pkt_count  , diff_gps_count ,  diff_pkt_timstamp
10-09-2025 20:46 - WARNING - 1882541 36 29207982 microseconds
10-09-2025 20:46 - WARNING - No packet loss: /data/dsp/GBD_TRANSIENT_BUFFER/J1921+2153/10_09_2025/PDR_GULP_data000.pcap_10_09_2025_20_33_1757516587.PCAP_PDR
10-09-2025 20:46 - WARNING - first_pkt_count, first_gps_count, first_pkt_Tstamp
10-09-2025 20:46 - WARNING - 871529648 15854 2025-09-10T15:02:34.913533
10-09-2025 20:46 - WARNING - last_pkt_count, last_gps_count, last_pkt_Tstamp
10-09-2025 20:46 - WARNING - 873412189 15892 2025-09-10T15:03:04.121528
10-09-2025 20:46 - WARNING - diff_pkt_count  , diff_gps_count ,  diff_pkt_timstamp
10-09-2025 20:46 - WARNING - 1882541 38 29207995 microseconds
10-09-2025 20:46 - WARNING - No packet loss: /data/dsp/GBD_TRANSIENT_BUFFER/J1921+2153/10_09_2025/PDR_GULP_data001.pcap_10_09_2025_20_33_1757516616.PCAP_PDR
10-09-2025 20:46 - WARNING - first_pkt_count, first_gps_count, first_pkt_Tstamp
10-09-2025 20:46 - WARNING - 873412190 15892 2025-09-10T15:03:04.121528
10-09-2025 20:46 - WARNING - last_pkt_count, last_gps_count, last_pkt_Tstamp
10-09-2025 20:46 - WARNING - 875294732 15925 2025-09-10T15:03:33.329642
10-09-2025 20:46 - WARNING - diff_pkt_count  , diff_gps_count ,  diff_pkt_timstamp
10-09-2025 20:46 - WARNING - 1882542 33 29208114 microseconds
10-09-2025 20:46 - WARNING - No packet loss: /data/dsp/GBD_TRANSIENT_BUFFER/J1921+2153/10_09_2025/PDR_GULP_data002.pcap_10_09_2025_20_34_1757516645.PCAP_PDR
10-09-2025 20:46 - WARNING - first_pkt_count, first_gps_count, first_pkt_Tstamp
10-09-2025 20:46 - WARNING - 875294733 15925 2025-09-10T15:03:33.329642
10-09-2025 20:46 - WARNING - last_pkt_count, last_gps_count, last_pkt_Tstamp
10-09-2025 20:46 - WARNING - 877177274 15962 2025-09-10T15:04:02.537642
10-09-2025 20:46 - WARNING - diff_pkt_count  , diff_gps_count ,  diff_pkt_timstamp
10-09-2025 20:46 - WARNING - 1882541 37 29208000 microseconds
10-09-2025 20:46 - WARNING - No packet loss: /data/dsp/GBD_TRANSIENT_BUFFER/J1921+2153/10_09_2025/PDR_GULP_data000.pcap_10_09_2025_20_34_1757516674.PCAP_PDR
10-09-2025 20:46 - WARNING - first_pkt_count, first_gps_count, first_pkt_Tstamp
10-09-2025 20:46 - WARNING - 877177275 15962 2025-09-10T15:04:02.537642
10-09-2025 20:46 - WARNING - last_pkt_count, last_gps_count, last_pkt_Tstamp
10-09-2025 20:46 - WARNING - 879059816 15995 2025-09-10T15:04:31.745649
10-09-2025 20:46 - WARNING - diff_pkt_count  , diff_gps_count ,  diff_pkt_timstamp
10-09-2025 20:46 - WARNING - 1882541 33 29208007 microseconds
10-09-2025 20:46 - WARNING - No packet loss: /data/dsp/GBD_TRANSIENT_BUFFER/J1921+2153/10_09_2025/PDR_GULP_data001.pcap_10_09_2025_20_35_1757516703.PCAP_PDR
10-09-2025 20:46 - WARNING - first_pkt_count, first_gps_count, first_pkt_Tstamp
10-09-2025 20:46 - WARNING - 879059817 15995 2025-09-10T15:04:31.745650
10-09-2025 20:46 - WARNING - last_pkt_count, last_gps_count, last_pkt_Tstamp
10-09-2025 20:46 - WARNING - 880942358 16025 2025-09-10T15:05:00.953645
10-09-2025 20:46 - WARNING - diff_pkt_count  , diff_gps_count ,  diff_pkt_timstamp
10-09-2025 20:46 - WARNING - 1882541 30 29207995 microseconds
10-09-2025 20:46 - WARNING - No packet loss: /data/dsp/GBD_TRANSIENT_BUFFER/J1921+2153/10_09_2025/PDR_GULP_data002.pcap_10_09_2025_20_35_1757516733.PCAP_PDR
10-09-2025 20:46 - WARNING - first_pkt_count, first_gps_count, first_pkt_Tstamp
10-09-2025 20:46 - WARNING - 880942359 16025 2025-09-10T15:05:00.953645
10-09-2025 20:46 - WARNING - last_pkt_count, last_gps_count, last_pkt_Tstamp
10-09-2025 20:46 - WARNING - 882824900 16060 2025-09-10T15:05:30.161595
10-09-2025 20:46 - WARNING - diff_pkt_count  , diff_gps_count ,  diff_pkt_timstamp
10-09-2025 20:46 - WARNING - 1882541 35 29207950 microseconds
10-09-2025 20:46 - WARNING - No packet loss: /data/dsp/GBD_TRANSIENT_BUFFER/J1921+2153/10_09_2025/PDR_GULP_data000.pcap_10_09_2025_20_36_1757516762.PCAP_PDR
10-09-2025 20:46 - WARNING - first_pkt_count, first_gps_count, first_pkt_Tstamp
10-09-2025 20:46 - WARNING - 882824901 16060 2025-09-10T15:05:30.161595
10-09-2025 20:46 - WARNING - last_pkt_count, last_gps_count, last_pkt_Tstamp
10-09-2025 20:46 - WARNING - 884707442 16095 2025-09-10T15:05:59.369613
10-09-2025 20:46 - WARNING - diff_pkt_count  , diff_gps_count ,  diff_pkt_timstamp
10-09-2025 20:46 - WARNING - 1882541 35 29208018 microseconds
10-09-2025 20:46 - WARNING - No packet loss: /data/dsp/GBD_TRANSIENT_BUFFER/J1921+2153/10_09_2025/PDR_GULP_data001.pcap_10_09_2025_20_36_1757516791.PCAP_PDR
10-09-2025 20:46 - WARNING - first_pkt_count, first_gps_count, first_pkt_Tstamp
10-09-2025 20:46 - WARNING - 884707443 16095 2025-09-10T15:05:59.369613
10-09-2025 20:46 - WARNING - last_pkt_count, last_gps_count, last_pkt_Tstamp
10-09-2025 20:46 - WARNING - 886589985 16127 2025-09-10T15:06:28.577671
10-09-2025 20:46 - WARNING - diff_pkt_count  , diff_gps_count ,  diff_pkt_timstamp
10-09-2025 20:46 - WARNING - 1882542 32 29208058 microseconds
10-09-2025 20:46 - WARNING - No packet loss: /data/dsp/GBD_TRANSIENT_BUFFER/J1921+2153/10_09_2025/PDR_GULP_data002.pcap_10_09_2025_20_37_1757516820.PCAP_PDR
10-09-2025 20:46 - WARNING - first_pkt_count, first_gps_count, first_pkt_Tstamp
10-09-2025 20:46 - WARNING - 886589986 16127 2025-09-10T15:06:28.577671
10-09-2025 20:46 - WARNING - last_pkt_count, last_gps_count, last_pkt_Tstamp
10-09-2025 20:46 - WARNING - 888472527 16161 2025-09-10T15:06:57.785598
10-09-2025 20:46 - WARNING - diff_pkt_count  , diff_gps_count ,  diff_pkt_timstamp
10-09-2025 20:46 - WARNING - 1882541 34 29207927 microseconds
10-09-2025 20:46 - WARNING - No packet loss: /data/dsp/GBD_TRANSIENT_BUFFER/J1921+2153/10_09_2025/PDR_GULP_data000.pcap_10_09_2025_20_37_1757516849.PCAP_PDR
10-09-2025 20:46 - WARNING - first_pkt_count, first_gps_count, first_pkt_Tstamp
10-09-2025 20:46 - WARNING - 888472528 16161 2025-09-10T15:06:57.785598
10-09-2025 20:46 - WARNING - last_pkt_count, last_gps_count, last_pkt_Tstamp
10-09-2025 20:46 - WARNING - 890355069 16194 2025-09-10T15:07:26.993651
10-09-2025 20:46 - WARNING - diff_pkt_count  , diff_gps_count ,  diff_pkt_timstamp
10-09-2025 20:46 - WARNING - 1882541 33 29208053 microseconds
10-09-2025 20:46 - WARNING - No packet loss: /data/dsp/GBD_TRANSIENT_BUFFER/J1921+2153/10_09_2025/PDR_GULP_data001.pcap_10_09_2025_20_37_1757516879.PCAP_PDR
10-09-2025 20:46 - WARNING - first_pkt_count, first_gps_count, first_pkt_Tstamp
10-09-2025 20:46 - WARNING - 890355070 16194 2025-09-10T15:07:26.993651
10-09-2025 20:46 - WARNING - last_pkt_count, last_gps_count, last_pkt_Tstamp
10-09-2025 20:46 - WARNING - 892237611 16229 2025-09-10T15:07:56.201570
10-09-2025 20:46 - WARNING - diff_pkt_count  , diff_gps_count ,  diff_pkt_timstamp
10-09-2025 20:46 - WARNING - 1882541 35 29207919 microseconds
10-09-2025 20:46 - WARNING - No packet loss: /data/dsp/GBD_TRANSIENT_BUFFER/J1921+2153/10_09_2025/PDR_GULP_data002.pcap_10_09_2025_20_38_1757516908.PCAP_PDR
10-09-2025 20:46 - WARNING - first_pkt_count, first_gps_count, first_pkt_Tstamp
10-09-2025 20:46 - WARNING - 892237612 16229 2025-09-10T15:07:56.201650
10-09-2025 20:46 - WARNING - last_pkt_count, last_gps_count, last_pkt_Tstamp
10-09-2025 20:46 - WARNING - 894120153 16262 2025-09-10T15:08:25.409583
10-09-2025 20:46 - WARNING - diff_pkt_count  , diff_gps_count ,  diff_pkt_timstamp
10-09-2025 20:46 - WARNING - 1882541 33 29207933 microseconds
10-09-2025 20:46 - WARNING - No packet loss: /data/dsp/GBD_TRANSIENT_BUFFER/J1921+2153/10_09_2025/PDR_GULP_data000.pcap_10_09_2025_20_38_1757516937.PCAP_PDR
10-09-2025 20:46 - WARNING - first_pkt_count, first_gps_count, first_pkt_Tstamp
10-09-2025 20:46 - WARNING - 894120154 16262 2025-09-10T15:08:25.409583
10-09-2025 20:46 - WARNING - last_pkt_count, last_gps_count, last_pkt_Tstamp
10-09-2025 20:46 - WARNING - 896002695 16296 2025-09-10T15:08:54.617533
10-09-2025 20:46 - WARNING - diff_pkt_count  , diff_gps_count ,  diff_pkt_timstamp
10-09-2025 20:46 - WARNING - 1882541 34 29207950 microseconds
10-09-2025 20:46 - WARNING - No packet loss: /data/dsp/GBD_TRANSIENT_BUFFER/J1921+2153/10_09_2025/PDR_GULP_data001.pcap_10_09_2025_20_39_1757516966.PCAP_PDR
10-09-2025 20:46 - WARNING - first_pkt_count, first_gps_count, first_pkt_Tstamp
10-09-2025 20:46 - WARNING - 896002696 16296 2025-09-10T15:08:54.617533
10-09-2025 20:46 - WARNING - last_pkt_count, last_gps_count, last_pkt_Tstamp
10-09-2025 20:46 - WARNING - 897885238 16327 2025-09-10T15:09:23.825540
10-09-2025 20:46 - WARNING - diff_pkt_count  , diff_gps_count ,  diff_pkt_timstamp
10-09-2025 20:46 - WARNING - 1882542 31 29208007 microseconds
10-09-2025 20:46 - WARNING - No packet loss: /data/dsp/GBD_TRANSIENT_BUFFER/J1921+2153/10_09_2025/PDR_GULP_data002.pcap_10_09_2025_20_39_1757516996.PCAP_PDR
10-09-2025 20:46 - WARNING - first_pkt_count, first_gps_count, first_pkt_Tstamp
10-09-2025 20:46 - WARNING - 897885239 16327 2025-09-10T15:09:23.825541
10-09-2025 20:46 - WARNING - last_pkt_count, last_gps_count, last_pkt_Tstamp
10-09-2025 20:46 - WARNING - 899767780 16362 2025-09-10T15:09:53.033507
10-09-2025 20:46 - WARNING - diff_pkt_count  , diff_gps_count ,  diff_pkt_timstamp
10-09-2025 20:46 - WARNING - 1882541 35 29207966 microseconds
10-09-2025 20:46 - WARNING - No packet loss: /data/dsp/GBD_TRANSIENT_BUFFER/J1921+2153/10_09_2025/PDR_GULP_data000.pcap_10_09_2025_20_40_1757517025.PCAP_PDR
10-09-2025 20:46 - WARNING - first_pkt_count, first_gps_count, first_pkt_Tstamp
10-09-2025 20:46 - WARNING - 899767781 16362 2025-09-10T15:09:53.033507
10-09-2025 20:46 - WARNING - last_pkt_count, last_gps_count, last_pkt_Tstamp
10-09-2025 20:46 - WARNING - 901650322 16394 2025-09-10T15:10:22.241464
10-09-2025 20:46 - WARNING - diff_pkt_count  , diff_gps_count ,  diff_pkt_timstamp
10-09-2025 20:46 - WARNING - 1882541 32 29207957 microseconds
10-09-2025 20:46 - WARNING - No packet loss: /data/dsp/GBD_TRANSIENT_BUFFER/J1921+2153/10_09_2025/PDR_GULP_data001.pcap_10_09_2025_20_40_1757517054.PCAP_PDR
10-09-2025 20:46 - WARNING - first_pkt_count, first_gps_count, first_pkt_Tstamp
10-09-2025 20:46 - WARNING - 901650323 16394 2025-09-10T15:10:22.241464
10-09-2025 20:46 - WARNING - last_pkt_count, last_gps_count, last_pkt_Tstamp
10-09-2025 20:46 - WARNING - 903532864 16430 2025-09-10T15:10:51.449438
10-09-2025 20:46 - WARNING - diff_pkt_count  , diff_gps_count ,  diff_pkt_timstamp
10-09-2025 20:46 - WARNING - 1882541 36 29207974 microseconds
10-09-2025 20:46 - WARNING - No packet loss: /data/dsp/GBD_TRANSIENT_BUFFER/J1921+2153/10_09_2025/PDR_GULP_data002.pcap_10_09_2025_20_41_1757517083.PCAP_PDR
10-09-2025 20:46 - WARNING - first_pkt_count, first_gps_count, first_pkt_Tstamp
10-09-2025 20:46 - WARNING - 903532865 16430 2025-09-10T15:10:51.449439
10-09-2025 20:46 - WARNING - last_pkt_count, last_gps_count, last_pkt_Tstamp
10-09-2025 20:46 - WARNING - 905415406 16467 2025-09-10T15:11:20.657421
10-09-2025 20:46 - WARNING - diff_pkt_count  , diff_gps_count ,  diff_pkt_timstamp
10-09-2025 20:46 - WARNING - 1882541 37 29207982 microseconds
10-09-2025 20:46 - WARNING - No packet loss: /data/dsp/GBD_TRANSIENT_BUFFER/J1921+2153/10_09_2025/PDR_GULP_data000.pcap_10_09_2025_20_41_1757517112.PCAP_PDR
10-09-2025 20:46 - WARNING - first_pkt_count, first_gps_count, first_pkt_Tstamp
10-09-2025 20:46 - WARNING - 905415407 16467 2025-09-10T15:11:20.657421
10-09-2025 20:46 - WARNING - last_pkt_count, last_gps_count, last_pkt_Tstamp
10-09-2025 20:46 - WARNING - 907297948 16503 2025-09-10T15:11:49.865364
10-09-2025 20:46 - WARNING - diff_pkt_count  , diff_gps_count ,  diff_pkt_timstamp
10-09-2025 20:46 - WARNING - 1882541 36 29207943 microseconds
10-09-2025 20:46 - WARNING - No packet loss: /data/dsp/GBD_TRANSIENT_BUFFER/J1921+2153/10_09_2025/PDR_GULP_data001.pcap_10_09_2025_20_42_1757517142.PCAP_PDR
10-09-2025 20:46 - WARNING - first_pkt_count, first_gps_count, first_pkt_Tstamp
10-09-2025 20:46 - WARNING - 907297949 16503 2025-09-10T15:11:49.865365
10-09-2025 20:46 - WARNING - last_pkt_count, last_gps_count, last_pkt_Tstamp
10-09-2025 20:46 - WARNING - 909180491 16539 2025-09-10T15:12:19.073335
10-09-2025 20:46 - WARNING - diff_pkt_count  , diff_gps_count ,  diff_pkt_timstamp
10-09-2025 20:46 - WARNING - 1882542 36 29207970 microseconds
10-09-2025 20:46 - WARNING - No packet loss: /data/dsp/GBD_TRANSIENT_BUFFER/J1921+2153/10_09_2025/PDR_GULP_data002.pcap_10_09_2025_20_42_1757517171.PCAP_PDR
10-09-2025 20:46 - WARNING - first_pkt_count, first_gps_count, first_pkt_Tstamp
10-09-2025 20:46 - WARNING - 909180492 16539 2025-09-10T15:12:19.073335
10-09-2025 20:46 - WARNING - last_pkt_count, last_gps_count, last_pkt_Tstamp
10-09-2025 20:46 - WARNING - 911063033 16574 2025-09-10T15:12:48.281275
10-09-2025 20:46 - WARNING - diff_pkt_count  , diff_gps_count ,  diff_pkt_timstamp
10-09-2025 20:46 - WARNING - 1882541 35 29207940 microseconds
10-09-2025 20:46 - WARNING - No packet loss: /data/dsp/GBD_TRANSIENT_BUFFER/J1921+2153/10_09_2025/PDR_GULP_data000.pcap_10_09_2025_20_43_1757517200.PCAP_PDR
10-09-2025 20:46 - WARNING - first_pkt_count, first_gps_count, first_pkt_Tstamp
10-09-2025 20:46 - WARNING - 911063034 16574 2025-09-10T15:12:48.281345
10-09-2025 20:46 - WARNING - last_pkt_count, last_gps_count, last_pkt_Tstamp
10-09-2025 20:46 - WARNING - 912945575 16610 2025-09-10T15:13:17.489270
10-09-2025 20:46 - WARNING - diff_pkt_count  , diff_gps_count ,  diff_pkt_timstamp
10-09-2025 20:46 - WARNING - 1882541 36 29207925 microseconds
10-09-2025 20:46 - WARNING - No packet loss: /data/dsp/GBD_TRANSIENT_BUFFER/J1921+2153/10_09_2025/PDR_GULP_data001.pcap_10_09_2025_20_43_1757517229.PCAP_PDR
10-09-2025 20:46 - WARNING - first_pkt_count, first_gps_count, first_pkt_Tstamp
10-09-2025 20:46 - WARNING - 912945576 16610 2025-09-10T15:13:17.489270
10-09-2025 20:46 - WARNING - last_pkt_count, last_gps_count, last_pkt_Tstamp
10-09-2025 20:46 - WARNING - 914828117 16644 2025-09-10T15:13:46.697275
10-09-2025 20:46 - WARNING - diff_pkt_count  , diff_gps_count ,  diff_pkt_timstamp
10-09-2025 20:46 - WARNING - 1882541 34 29208005 microseconds
10-09-2025 20:46 - WARNING - No packet loss: /data/dsp/GBD_TRANSIENT_BUFFER/J1921+2153/10_09_2025/PDR_GULP_data002.pcap_10_09_2025_20_44_1757517258.PCAP_PDR
10-09-2025 20:46 - WARNING - first_pkt_count, first_gps_count, first_pkt_Tstamp
10-09-2025 20:46 - WARNING - 914828118 16644 2025-09-10T15:13:46.697275
10-09-2025 20:46 - WARNING - last_pkt_count, last_gps_count, last_pkt_Tstamp
10-09-2025 20:46 - WARNING - 916710659 16678 2025-09-10T15:14:15.905216
10-09-2025 20:46 - WARNING - diff_pkt_count  , diff_gps_count ,  diff_pkt_timstamp
10-09-2025 20:46 - WARNING - 1882541 34 29207941 microseconds
10-09-2025 20:46 - WARNING - No packet loss: /data/dsp/GBD_TRANSIENT_BUFFER/J1921+2153/10_09_2025/PDR_GULP_data000.pcap_10_09_2025_20_44_1757517288.PCAP_PDR
10-09-2025 20:46 - WARNING - first_pkt_count, first_gps_count, first_pkt_Tstamp
10-09-2025 20:46 - WARNING - 916710660 16678 2025-09-10T15:14:15.905216
10-09-2025 20:46 - WARNING - last_pkt_count, last_gps_count, last_pkt_Tstamp
10-09-2025 20:46 - WARNING - 918593201 16717 2025-09-10T15:14:45.113170
10-09-2025 20:46 - WARNING - diff_pkt_count  , diff_gps_count ,  diff_pkt_timstamp
10-09-2025 20:46 - WARNING - 1882541 39 29207954 microseconds
10-09-2025 20:46 - WARNING - No packet loss: /data/dsp/GBD_TRANSIENT_BUFFER/J1921+2153/10_09_2025/PDR_GULP_data001.pcap_10_09_2025_20_45_1757517317.PCAP_PDR
10-09-2025 20:46 - WARNING - first_pkt_count, first_gps_count, first_pkt_Tstamp
10-09-2025 20:46 - WARNING - 918593202 16717 2025-09-10T15:14:45.113170
10-09-2025 20:46 - WARNING - last_pkt_count, last_gps_count, last_pkt_Tstamp
10-09-2025 20:46 - WARNING - 920475744 16746 2025-09-10T15:15:14.321102
10-09-2025 20:46 - WARNING - diff_pkt_count  , diff_gps_count ,  diff_pkt_timstamp
10-09-2025 20:46 - WARNING - 1882542 29 29207932 microseconds
10-09-2025 20:46 - WARNING - No packet loss: /data/dsp/GBD_TRANSIENT_BUFFER/J1921+2153/10_09_2025/PDR_GULP_data002.pcap_10_09_2025_20_45_1757517346.PCAP_PDR
10-09-2025 20:46 - WARNING - first_pkt_count, first_gps_count, first_pkt_Tstamp
10-09-2025 20:46 - WARNING - 920475745 16746 2025-09-10T15:15:14.321102
10-09-2025 20:46 - WARNING - last_pkt_count, last_gps_count, last_pkt_Tstamp
10-09-2025 20:46 - WARNING - 922358286 16791 2025-09-10T15:15:43.529090
10-09-2025 20:46 - WARNING - diff_pkt_count  , diff_gps_count ,  diff_pkt_timstamp
10-09-2025 20:46 - WARNING - 1882541 45 29207988 microseconds
10-09-2025 20:46 - WARNING - No packet loss: /data/dsp/GBD_TRANSIENT_BUFFER/J1921+2153/10_09_2025/PDR_GULP_data000.pcap_10_09_2025_20_46_1757517375.PCAP_PDR
10-09-2025 20:46 - WARNING - first_pkt_count, first_gps_count, first_pkt_Tstamp
10-09-2025 20:46 - WARNING - 922358287 16791 2025-09-10T15:15:43.529090
10-09-2025 20:46 - WARNING - last_pkt_count, last_gps_count, last_pkt_Tstamp
10-09-2025 20:46 - WARNING - 924240828 16824 2025-09-10T15:16:12.737029
10-09-2025 20:46 - WARNING - diff_pkt_count  , diff_gps_count ,  diff_pkt_timstamp
10-09-2025 20:46 - WARNING - 1882541 33 29207939 microseconds
10-09-2025 20:46 SLIP check Finished...
10-09-2025 20:46 Pulsar data reduction pipeline started ...
10-09-2025 20:46 - WARNING - Data Directory: /data/dsp/GBD_TRANSIENT_BUFFER/J1921+2153/10_09_2025
10-09-2025 20:46 - WARNING - Pulsar: J1921+2153
10-09-2025 20:46 - WARNING - CH selelction: 0
10-09-2025 20:46 - WARNING - Phase file: /home/dsp/PDR_acquire_setup/dada_scripts/phase/rf_path_phase.dat
10-09-2025 20:46 - WARNING - Obs. logfile: /home/dsp/PDR_acquire_setup/master_obs_log/J1921+2153_10_09_2025_observation.log
10-09-2025 20:46 - WARNING - Observation start time: 2025_09_10_20_07_45
10-09-2025 20:46 - WARNING - parfile: /home/dsp/parfiles/J1921+2153.par
10-09-2025 20:46 - WARNING - DM: 12.44399
10-09-2025 20:46 - WARNING - Period: 1.3373021601894548
10-09-2025 20:46 - WARNING - RA_DEC: 19:21:44.815+21:53:02.25
10-09-2025 20:46 - WARNING - out_dada_file: J1921+2153_2025_09_10_20_07_45_type_0.dada
10-09-2025 20:46 - WARNING - Number of files to process: 80
10-09-2025 20:46 - WARNING - Files per batch:  17
10-09-2025 21:09 - WARNING - Time taken for PDR2DADA convertion: 0:22:32.304511
10-09-2025 21:09 - WARNING - Center_freq: 175
10-09-2025 21:09 - WARNING - int_time: 3.0
10-09-2025 21:09 - WARNING - nbins: 256
10-09-2025 21:09 - WARNING - fil_chan: 256:1024
10-09-2025 21:09 - WARNING - cpu: ,2,3,4,5,6,7,8,9,10,11,12,13,14,15,16
10-09-2025 21:09 - WARNING - thread: 32
10-09-2025 21:09 - WARNING - nbit: 8
10-09-2025 21:09 - WARNING - time_avg: 0.000256
10-09-2025 21:09 - WARNING - MJD_START: 60928.60955213964
10-09-2025 21:09 - WARNING - output: J1921+2153_60928.61_175MHz_type_0_GBD_DART
10-09-2025 21:09 - WARNING - singularity_container: singularity exec /home/dsp/singularity_imag/pschive_py3.sif  
10-09-2025 21:09 - WARNING - ------ DIGIFITS ------
10-09-2025 21:09 - WARNING - ---- Search Mode FITS -------
10-09-2025 21:09 - WARNING - digifits_ful_stokes_cmd: singularity exec /home/dsp/singularity_imag/pschive_py3.sif  digifits  -F 256:1024 -b 8 -p 4 -t 0.000256 J1921+2153_2025_09_10_20_07_45_type_0.dada -o J1921+2153_2025_09_10_20_07_45_type_0.dada_stokes.fits
10-09-2025 21:36 - WARNING - ------ Total intensity FITS -------
10-09-2025 21:36 - WARNING - digifits_total_intensity_cmd: singularity exec /home/dsp/singularity_imag/pschive_py3.sif  digifits  -F 256:1024 -b 8 -p 1 -t 0.000256 J1921+2153_2025_09_10_20_07_45_type_0.dada -o J1921+2153_2025_09_10_20_07_45_type_0.dada_intensity.fits
10-09-2025 22:02 - WARNING - Nchan: 256:1024
10-09-2025 22:02 - WARNING - Nbin: 256
10-09-2025 22:02 - WARNING - Tavg: 0.000256
10-09-2025 22:02 - WARNING - Time taken for DIGIFITS run: 0:53:33.612211
10-09-2025 22:02 - WARNING - ------ DSPSR ------
10-09-2025 22:02 - WARNING - ------- Coherent Dedispersion Folded archive -------
10-09-2025 22:02 - WARNING - dspsr_cmd: singularity exec /home/dsp/singularity_imag/pschive_py3.sif  dspsr J1921+2153_2025_09_10_20_07_45_type_0.dada -cpu ,2,3,4,5,6,7,8,9,10,11,12,13,14,15,16 -t 32 -E /home/dsp/parfiles/J1921+2153.par -L 3.0 -b 256 -F 256:1024 -N J1921+2153 -a PSRFITS -A -e .fits -O J1921+2153_60928.61_175MHz_type_0_GBD_DART
10-09-2025 22:11 - WARNING - ------- Incoherent Dedispersion Folded archive -------
10-09-2025 22:11 - WARNING - Incoherent_DD_dspsr_cmd: singularity exec /home/dsp/singularity_imag/pschive_py3.sif  dspsr J1921+2153_2025_09_10_20_07_45_type_0.dada_stokes.fits -cpu ,2,3,4,5,6,7,8,9,10,11,12,13,14,15,16 -t 32 -E /home/dsp/parfiles/J1921+2153.par -L 3.0 -b 256 -N J1921+2153 -A -e .fits -O J1921+2153_60928.61_175MHz_type_0_GBD_DART_stokes_Incoherent_DD
10-09-2025 22:12 - WARNING - Time taken for DSPSR run: 0:09:42.923556
10-09-2025 22:12 - WARNING - ------ PSREDIT ------
10-09-2025 22:12 - WARNING - psredit_cmd: singularity exec /home/dsp/singularity_imag/pschive_py3.sif  psredit -c name=J1921+2153,be:name=GSB,coord=19:21:44.815+21:53:02.25 -m *_GBD_DART*fits
10-09-2025 22:12 - WARNING - Time taken for PSREDIT run: 0:00:08.799675
10-09-2025 22:12 - WARNING - ------ Iterative RFI Cleaner ------
10-09-2025 22:12 - WARNING - Iterative_cleaner_cmd: singularity exec /home/dsp/singularity_imag/pschive_py3.sif   python3 /home/dsp/PDR_acquire_setup/iterative_cleaner.py -s 3 -c 3 -m 10 *_GBD_DART*fits
10-09-2025 22:18 - WARNING - Time taken for Iterative_cleaner run: 0:05:29.928195
10-09-2025 22:18 - WARNING - ------ PDMP ------
10-09-2025 22:18 - WARNING - pdmp_cmd1: singularity exec /home/dsp/singularity_imag/pschive_py3.sif  pdmp -dr 2 -ds 0.05 -g J1921+2153_60928.61_175MHz_type_0_GBD_DART.fits_cleaned.ar.ps/cps J1921+2153_60928.61_175MHz_type_0_GBD_DART.fits_cleaned.ar
10-09-2025 22:23 - WARNING - pdmp_cmd2: singularity exec /home/dsp/singularity_imag/pschive_py3.sif  pdmp -dr 2 -ds 0.05 -g J1921+2153_60928.61_175MHz_type_0_GBD_DART_stokes_Incoherent_DD.fits_cleaned.ar.ps/cps J1921+2153_60928.61_175MHz_type_0_GBD_DART_stokes_Incoherent_DD.fits_cleaned.ar
10-09-2025 22:28 - WARNING - Time taken for PDMP run: 0:10:15.768020
10-09-2025 22:28 - WARNING - ------ PS2PDF ------
10-09-2025 22:28 - WARNING - ps2pdf_cmd1: singularity exec /home/dsp/singularity_imag/pschive_py3.sif  ps2pdf J1921+2153_60928.61_175MHz_type_0_GBD_DART.fits_cleaned.ar.ps J1921+2153_60928.61_175MHz_type_0_GBD_DART.fits_cleaned.ar.ps.pdf
10-09-2025 22:28 - WARNING - ps2pdf_cmd2: singularity exec /home/dsp/singularity_imag/pschive_py3.sif  ps2pdf J1921+2153_60928.61_175MHz_type_0_GBD_DART_stokes_Incoherent_DD.fits_cleaned.ar.ps J1921+2153_60928.61_175MHz_type_0_GBD_DART_stokes_Incoherent_DD.fits_cleaned.ar.ps.pdf
10-09-2025 22:28 - WARNING - Time taken for PDMP run: 0:00:01.235746
10-09-2025 22:28 - WARNING - Overall time taken for data reduction: 1:41:45.090008
10-09-2025 22:28 - WARNING - J1921+2153_2025_09_10_20_07_45_type_0.dada... file removed
10-09-2025 22:28 - WARNING - All done!
10-09-2025 22:28 --- PRESTO ---
10-09-2025 22:28 singularity_container: singularity exec /home/dsp/singularity_imag/pschive_py3.sif  
10-09-2025 22:28 Filterbank to Process for PULSAR: J1921+2153 with DM:12.44399 : J1921+2153_2025_09_10_20_07_45_type_0.dada_intensity.fits
10-09-2025 22:28 --- RFIFIND ---
10-09-2025 22:28 RFIFIND: singularity exec /home/dsp/singularity_imag/pschive_py3.sif   rfifind -time 2.0 -o J1921+2153 J1921+2153_2025_09_10_20_07_45_type_0.dada_intensity.fits
10-09-2025 22:29 --- PREPDATA ---
10-09-2025 22:29 PREPDATA: singularity exec /home/dsp/singularity_imag/pschive_py3.sif   prepdata -nobary -o J1921+2153_2025_09_10_20_07_45_type_0.dada_intensity.fits -dm 12.44399 -mask J1921+2153_rfifind.mask J1921+2153_2025_09_10_20_07_45_type_0.dada_intensity.fits
10-09-2025 22:29 --- REALFFT ---
10-09-2025 22:29 REALFFT: singularity exec /home/dsp/singularity_imag/pschive_py3.sif   realfft  J1921+2153_2025_09_10_20_07_45_type_0.dada_intensity.fits.dat
10-09-2025 22:29 --- ACCELSEARCH ---
10-09-2025 22:29 ACCELSEARCH: singularity exec /home/dsp/singularity_imag/pschive_py3.sif   accelsearch -numharm 8 -zmax 8  J1921+2153_2025_09_10_20_07_45_type_0.dada_intensity.fits.fft
10-09-2025 22:29 Observation Over.
